#
# There is insufficient memory for the Java Runtime Environment to continue.
# Native memory allocation (malloc) failed to allocate 207376 bytes for Chunk::new
# Possible reasons:
#   The system is out of physical RAM or swap space
#   In 32 bit mode, the process size limit was hit
# Possible solutions:
#   Reduce memory load on the system
#   Increase physical memory or swap space
#   Check if swap backing store is full
#   Use 64 bit Java on a 64 bit OS
#   Decrease Java heap size (-Xmx/-Xms)
#   Decrease number of Java threads
#   Decrease Java thread stack sizes (-Xss)
#   Set larger code cache with -XX:ReservedCodeCacheSize=
# This output file may be truncated or incomplete.
#
#  Out of Memory Error (allocation.cpp:390), pid=9260, tid=0x000000000000203c
#
# JRE version: OpenJDK Runtime Environment (8.0_76-b03) (build 1.8.0_76-release-b03)
# Java VM: OpenJDK 64-Bit Server VM (25.76-b03 mixed mode windows-amd64 compressed oops)
# Failed to write core dump. Minidumps are not enabled by default on client versions of Windows
#

---------------  T H R E A D  ---------------

Current thread (0x00000000155e6800):  JavaThread "C2 CompilerThread0" daemon [_thread_in_native, id=8252, stack(0x0000000016b80000,0x0000000016c80000)]

Stack: [0x0000000016b80000,0x0000000016c80000]
[error occurred during error reporting (printing stack bounds), id 0xc0000005]

Native frames: (J=compiled Java code, j=interpreted, Vv=VM code, C=native code)


Current CompileTask:
C2:   1902 1257       4       com.android.dx.rop.code.RopMethod::labelToPredecessors (54 bytes)


---------------  P R O C E S S  ---------------

Java Threads: ( => current thread )
  0x00000000170f4000 JavaThread "pool-2-thread-4" [_thread_blocked, id=8584, stack(0x0000000017880000,0x0000000017980000)]
  0x0000000017187000 JavaThread "pool-2-thread-3" [_thread_blocked, id=4644, stack(0x0000000017780000,0x0000000017880000)]
  0x0000000017186800 JavaThread "pool-2-thread-2" [_thread_blocked, id=4528, stack(0x0000000017680000,0x0000000017780000)]
  0x00000000170f1000 JavaThread "pool-3-thread-1" [_thread_blocked, id=9056, stack(0x0000000017580000,0x0000000017680000)]
  0x00000000170be800 JavaThread "pool-2-thread-1" [_thread_blocked, id=5536, stack(0x0000000017480000,0x0000000017580000)]
  0x0000000016e80800 JavaThread "Service Thread" daemon [_thread_blocked, id=8100, stack(0x0000000017280000,0x0000000017380000)]
  0x0000000015637800 JavaThread "C1 CompilerThread2" daemon [_thread_in_vm, id=9608, stack(0x0000000016d80000,0x0000000016e80000)]
  0x00000000155e9800 JavaThread "C2 CompilerThread1" daemon [_thread_in_native, id=9212, stack(0x0000000016c80000,0x0000000016d80000)]
=>0x00000000155e6800 JavaThread "C2 CompilerThread0" daemon [_thread_in_native, id=8252, stack(0x0000000016b80000,0x0000000016c80000)]
  0x00000000155e5000 JavaThread "Attach Listener" daemon [_thread_blocked, id=508, stack(0x0000000016a80000,0x0000000016b80000)]
  0x00000000155e4000 JavaThread "Signal Dispatcher" daemon [_thread_blocked, id=11996, stack(0x0000000016980000,0x0000000016a80000)]
  0x00000000155c8800 JavaThread "Finalizer" daemon [_thread_blocked, id=10372, stack(0x0000000016880000,0x0000000016980000)]
  0x0000000002f00000 JavaThread "Reference Handler" daemon [_thread_blocked, id=2636, stack(0x0000000016780000,0x0000000016880000)]
  0x0000000002e11000 JavaThread "main" [_thread_blocked, id=12068, stack(0x0000000002a20000,0x0000000002b20000)]

Other Threads:
  0x00000000155a5800 VMThread [stack: 0x0000000016680000,0x0000000016780000] [id=8828]
  0x0000000016e82800 WatcherThread [stack: 0x0000000017380000,0x0000000017480000] [id=6072]

VM state:not at safepoint (normal execution)

VM Mutex/Monitor currently owned by a thread: None

Heap:
 PSYoungGen      total 38400K, used 10728K [0x00000000eab00000, 0x00000000ed580000, 0x0000000100000000)
  eden space 33280K, 16% used [0x00000000eab00000,0x00000000eb07c678,0x00000000ecb80000)
  from space 5120K, 99% used [0x00000000ecb80000,0x00000000ed07dc78,0x00000000ed080000)
  to   space 5120K, 0% used [0x00000000ed080000,0x00000000ed080000,0x00000000ed580000)
 ParOldGen       total 87552K, used 1510K [0x00000000c0000000, 0x00000000c5580000, 0x00000000eab00000)
  object space 87552K, 1% used [0x00000000c0000000,0x00000000c01799b8,0x00000000c5580000)
 Metaspace       used 5981K, capacity 6960K, committed 7040K, reserved 1056768K
  class space    used 572K, capacity 616K, committed 640K, reserved 1048576K

Card table byte_map: [0x00000000122d0000,0x00000000124e0000] byte_map_base: 0x0000000011cd0000

Marking Bits: (ParMarkBitMap*) 0x000000006ab99d00
 Begin Bits: [0x0000000012a40000, 0x0000000013a40000)
 End Bits:   [0x0000000013a40000, 0x0000000014a40000)

Polling page: 0x0000000002b20000

CodeCache: size=245760Kb used=5017Kb max_used=5017Kb free=240743Kb
 bounds [0x0000000002f10000, 0x0000000003400000, 0x0000000011f10000]
 total_blobs=1532 nmethods=1266 adapters=180
 compilation: enabled

Compilation events (10 events):
Event: 1.894 Thread 0x0000000015637800 nmethod 1268 0x00000000033e5450 code [0x00000000033e55c0, 0x00000000033e5748]
Event: 1.894 Thread 0x0000000015637800 1269       3       com.android.dx.cf.code.BytecodeArray::<init> (43 bytes)
Event: 1.895 Thread 0x0000000015637800 nmethod 1269 0x00000000033e4d90 code [0x00000000033e4f20, 0x00000000033e52d8]
Event: 1.895 Thread 0x0000000015637800 1270   !   3       com.android.dx.cf.attrib.AttLineNumberTable::<init> (43 bytes)
Event: 1.895 Thread 0x0000000015637800 nmethod 1270 0x00000000033ebe50 code [0x00000000033ec000, 0x00000000033ec4f8]
Event: 1.895 Thread 0x0000000015637800 1271   !   3       com.android.dx.cf.attrib.AttCode::<init> (144 bytes)
Event: 1.896 Thread 0x0000000015637800 nmethod 1271 0x00000000033ec790 code [0x00000000033ec9c0, 0x00000000033ed468]
Event: 1.896 Thread 0x0000000015637800 1275       3       com.android.dx.cf.iface.StdAttributeList::byteLength (35 bytes)
Event: 1.896 Thread 0x0000000015637800 nmethod 1275 0x00000000033edad0 code [0x00000000033edc80, 0x00000000033ee2f8]
Event: 1.897 Thread 0x0000000015637800 1276   !   3       com.android.dx.cf.direct.StdAttributeFactory::parseLocalVariables (274 bytes)

GC Heap History (2 events):
Event: 1.780 GC heap before
{Heap before GC invocations=1 (full 0):
 PSYoungGen      total 38400K, used 33280K [0x00000000eab00000, 0x00000000ed580000, 0x0000000100000000)
  eden space 33280K, 100% used [0x00000000eab00000,0x00000000ecb80000,0x00000000ecb80000)
  from space 5120K, 0% used [0x00000000ed080000,0x00000000ed080000,0x00000000ed580000)
  to   space 5120K, 0% used [0x00000000ecb80000,0x00000000ecb80000,0x00000000ed080000)
 ParOldGen       total 87552K, used 0K [0x00000000c0000000, 0x00000000c5580000, 0x00000000eab00000)
  object space 87552K, 0% used [0x00000000c0000000,0x00000000c0000000,0x00000000c5580000)
 Metaspace       used 5916K, capacity 6896K, committed 7040K, reserved 1056768K
  class space    used 572K, capacity 616K, committed 640K, reserved 1048576K
Event: 1.790 GC heap after
Heap after GC invocations=1 (full 0):
 PSYoungGen      total 38400K, used 5111K [0x00000000eab00000, 0x00000000ed580000, 0x0000000100000000)
  eden space 33280K, 0% used [0x00000000eab00000,0x00000000eab00000,0x00000000ecb80000)
  from space 5120K, 99% used [0x00000000ecb80000,0x00000000ed07dc78,0x00000000ed080000)
  to   space 5120K, 0% used [0x00000000ed080000,0x00000000ed080000,0x00000000ed580000)
 ParOldGen       total 87552K, used 1510K [0x00000000c0000000, 0x00000000c5580000, 0x00000000eab00000)
  object space 87552K, 1% used [0x00000000c0000000,0x00000000c01799b8,0x00000000c5580000)
 Metaspace       used 5916K, capacity 6896K, committed 7040K, reserved 1056768K
  class space    used 572K, capacity 616K, committed 640K, reserved 1048576K
}

Deoptimization events (6 events):
Event: 0.536 Thread 0x0000000002e11000 Uncommon trap: reason=unstable_if action=reinterpret pc=0x00000000030787d8 method=java.lang.String.indexOf(II)I @ 49
Event: 1.043 Thread 0x0000000017186800 Uncommon trap: reason=unstable_if action=reinterpret pc=0x00000000031262f8 method=java.util.HashMap.getNode(ILjava/lang/Object;)Ljava/util/HashMap$Node; @ 62
Event: 1.339 Thread 0x0000000017187000 Uncommon trap: reason=unstable_if action=reinterpret pc=0x0000000003139430 method=java.util.BitSet.nextSetBit(I)I @ 87
Event: 1.552 Thread 0x0000000017186800 Uncommon trap: reason=unstable_if action=reinterpret pc=0x00000000032d226c method=com.android.dx.rop.code.RegisterSpecSet.put(Lcom/android/dx/rop/code/RegisterSpec;)V @ 77
Event: 1.552 Thread 0x0000000017186800 Uncommon trap: reason=unstable_if action=reinterpret pc=0x00000000032ed02c method=com.android.dx.rop.code.RegisterSpecSet.put(Lcom/android/dx/rop/code/RegisterSpec;)V @ 77
Event: 1.584 Thread 0x00000000170be800 Uncommon trap: reason=unstable_if action=reinterpret pc=0x00000000033138bc method=com.android.dx.util.IntList.binarysearch(I)I @ 105

Internal exceptions (2 events):
Event: 0.133 Thread 0x0000000002e11000 Exception <a 'java/lang/NoSuchMethodError': Method sun.misc.Unsafe.defineClass(Ljava/lang/String;[BII)Ljava/lang/Class; name or signature does not match> (0x00000000eab07cc0) thrown at [C:\src\android\AOSP-openjdk\external\jetbrains\jdk\hotspot\src\share\vn¹¯¡8Á?
Event: 0.133 Thread 0x0000000002e11000 Exception <a 'java/lang/NoSuchMethodError': Method sun.misc.Unsafe.prefetchRead(Ljava/lang/Object;J)V name or signature does not match> (0x00000000eab07fa8) thrown at [C:\src\android\AOSP-openjdk\external\jetbrains\jdk\hotspot\src\share\vm\prims\jni.cpp, l

Events (10 events):
Event: 1.579 loading class com/android/dx/cf/code/Ropper$ExceptionHandlerSetup done
Event: 1.580 loading class java/util/HashMap$Values
Event: 1.580 loading class java/util/HashMap$Values done
Event: 1.580 loading class java/util/HashMap$ValueIterator
Event: 1.580 loading class java/util/HashMap$ValueIterator done
Event: 1.584 Thread 0x00000000170be800 Uncommon trap: trap_request=0xffffff65 fr.pc=0x00000000033138bc
Event: 1.584 Thread 0x00000000170be800 DEOPT PACKING pc=0x00000000033138bc sp=0x000000001757e900
Event: 1.584 Thread 0x00000000170be800 DEOPT UNPACKING pc=0x0000000002f5556a sp=0x000000001757e878 mode 2
Event: 1.618 Executing VM operation: ParallelGCFailedAllocation
Event: 1.790 Executing VM operation: ParallelGCFailedAllocation done


Dynamic libraries:
0x00007ff746610000 - 0x00007ff746641000 	C:\Program Files\Android\Android Studio\jre\bin\java.exe
0x00007ffea37f0000 - 0x00007ffea39b1000 	C:\WINDOWS\SYSTEM32\ntdll.dll
0x00007ffea2a40000 - 0x00007ffea2aed000 	C:\WINDOWS\system32\KERNEL32.DLL
0x00007ffea07e0000 - 0x00007ffea09c8000 	C:\WINDOWS\system32\KERNELBASE.dll
0x00007ffe9e600000 - 0x00007ffe9e679000 	C:\WINDOWS\system32\apphelp.dll
0x00007ffea2af0000 - 0x00007ffea2b97000 	C:\WINDOWS\system32\ADVAPI32.dll
0x00007ffea0bf0000 - 0x00007ffea0c8d000 	C:\WINDOWS\system32\msvcrt.dll
0x00007ffea0da0000 - 0x00007ffea0dfb000 	C:\WINDOWS\system32\sechost.dll
0x00007ffea2d00000 - 0x00007ffea2e1c000 	C:\WINDOWS\system32\RPCRT4.dll
0x00007ffea2ba0000 - 0x00007ffea2cf6000 	C:\WINDOWS\system32\USER32.dll
0x00007ffea3660000 - 0x00007ffea37e6000 	C:\WINDOWS\system32\GDI32.dll
0x00007ffe97940000 - 0x00007ffe97bb4000 	C:\WINDOWS\WinSxS\amd64_microsoft.windows.common-controls_6595b64144ccf1df_6.0.10586.589_none_a2ddb3caa539acce\COMCTL32.dll
0x00007ffea0f90000 - 0x00007ffea120d000 	C:\WINDOWS\system32\combase.dll
0x00007ffea0ac0000 - 0x00007ffea0b2a000 	C:\WINDOWS\system32\bcryptPrimitives.dll
0x00007ffea2940000 - 0x00007ffea297b000 	C:\WINDOWS\system32\IMM32.DLL
0x000000006a220000 - 0x000000006a2f2000 	C:\Program Files\Android\Android Studio\jre\jre\bin\msvcr100.dll
0x000000006a3e0000 - 0x000000006ac14000 	C:\Program Files\Android\Android Studio\jre\jre\bin\server\jvm.dll
0x00007ffea3210000 - 0x00007ffea3218000 	C:\WINDOWS\system32\PSAPI.DLL
0x00007ffe94a10000 - 0x00007ffe94a19000 	C:\WINDOWS\SYSTEM32\WSOCK32.dll
0x00007ffea0e60000 - 0x00007ffea0ecb000 	C:\WINDOWS\system32\WS2_32.dll
0x00007ffe9e380000 - 0x00007ffe9e3a3000 	C:\WINDOWS\SYSTEM32\WINMM.dll
0x00007ffe93e30000 - 0x00007ffe93e3a000 	C:\WINDOWS\SYSTEM32\VERSION.dll
0x00007ffe9e350000 - 0x00007ffe9e37c000 	C:\WINDOWS\SYSTEM32\WINMMBASE.dll
0x00007ffe9ff50000 - 0x00007ffe9ff93000 	C:\WINDOWS\system32\cfgmgr32.dll
0x00007ffe98290000 - 0x00007ffe9829f000 	C:\Program Files\Android\Android Studio\jre\jre\bin\verify.dll
0x00007ffe946f0000 - 0x00007ffe94719000 	C:\Program Files\Android\Android Studio\jre\jre\bin\java.dll
0x00007ffe98210000 - 0x00007ffe98226000 	C:\Program Files\Android\Android Studio\jre\jre\bin\zip.dll
0x00007ffea1370000 - 0x00007ffea28cc000 	C:\WINDOWS\system32\SHELL32.dll
0x00007ffe9ffa0000 - 0x00007ffea05e5000 	C:\WINDOWS\system32\windows.storage.dll
0x00007ffea0e00000 - 0x00007ffea0e52000 	C:\WINDOWS\system32\shlwapi.dll
0x00007ffe9fe90000 - 0x00007ffe9fe9f000 	C:\WINDOWS\system32\kernel.appcore.dll
0x00007ffea0b30000 - 0x00007ffea0be5000 	C:\WINDOWS\system32\shcore.dll
0x00007ffe9fe10000 - 0x00007ffe9fe5b000 	C:\WINDOWS\system32\powrprof.dll
0x00007ffe9fe70000 - 0x00007ffe9fe84000 	C:\WINDOWS\system32\profapi.dll

VM Arguments:
jvm_args: -Djava.awt.headless=true -Xmx1024M -Dfile.encoding=windows-1252 -Duser.country=US -Duser.language=en -Duser.variant 
java_command: com.android.dx.command.Main --dex --force-jumbo --num-threads=4 --multi-dex --output C:\Users\Mohamed-A.Radwan\AndroidStudioProjects\MyApplication\app\build\intermediates\transforms\dex\debug\folders\1000\10\httpclient-4.3.6_480efa455ebf084cd22b65b349ec102f73561db3 C:\Users\Mohamed-A.Radwan\.gradle\caches\modules-2\files-2.1\cz.msebera.android\httpclient\4.3.6\526a9f794eab830eae4f23a62c572878b3f491ab\httpclient-4.3.6.jar
java_class_path (initial): C:\Android\sdk\build-tools\23.0.3\lib\dx.jar
Launcher Type: SUN_STANDARD

Environment Variables:
PATH=C:\WINDOWS\system32;C:\WINDOWS;C:\WINDOWS\System32\Wbem;C:\WINDOWS\System32\WindowsPowerShell\v1.0\;C:\Program Files (x86)\AMD\ATI.ACE\Core-Static;C:\Program Files (x86)\Brackets\command;C:\Program Files (x86)\NVIDIA Corporation\PhysX\Common;C:\Program Files (x86)\Windows Kits\10\Windows Performance Toolkit\
USERNAME=Mohamed-A.Radwan
OS=Windows_NT
PROCESSOR_IDENTIFIER=Intel64 Family 6 Model 69 Stepping 1, GenuineIntel



---------------  S Y S T E M  ---------------

OS: Windows 10.0 , 64 bit Build 10586 (10.0.10586.589)

CPU:total 4 (2 cores per cpu, 2 threads per core) family 6 model 69 stepping 1, cmov, cx8, fxsr, mmx, sse, sse2, sse3, ssse3, sse4.1, sse4.2, popcnt, avx, avx2, aes, clmul, erms, lzcnt, ht, tsc, tscinvbit, bmi1, bmi2

Memory: 4k page, physical 8274284k(1010928k free), swap 13989228k(3632k free)

vm_info: OpenJDK 64-Bit Server VM (25.76-b03) for windows-amd64 JRE (1.8.0_76-release-b03), built on Jun 29 2016 19:09:20 by "ralucas" with MS VC++ 10.0 (VS2010)

time: Wed Sep 21 01:22:21 2016
elapsed time: 1 seconds (0d 0h 0m 1s)

