#
# There is insufficient memory for the Java Runtime Environment to continue.
# Native memory allocation (malloc) failed to allocate 915936 bytes for Chunk::new
# Possible reasons:
#   The system is out of physical RAM or swap space
#   In 32 bit mode, the process size limit was hit
# Possible solutions:
#   Reduce memory load on the system
#   Increase physical memory or swap space
#   Check if swap backing store is full
#   Use 64 bit Java on a 64 bit OS
#   Decrease Java heap size (-Xmx/-Xms)
#   Decrease number of Java threads
#   Decrease Java thread stack sizes (-Xss)
#   Set larger code cache with -XX:ReservedCodeCacheSize=
# This output file may be truncated or incomplete.
#
#  Out of Memory Error (allocation.cpp:390), pid=5172, tid=0x0000000000001804
#
# JRE version: OpenJDK Runtime Environment (8.0_76-b03) (build 1.8.0_76-release-b03)
# Java VM: OpenJDK 64-Bit Server VM (25.76-b03 mixed mode windows-amd64 compressed oops)
# Failed to write core dump. Minidumps are not enabled by default on client versions of Windows
#

---------------  T H R E A D  ---------------

Current thread (0x0000000015559800):  JavaThread "C2 CompilerThread1" daemon [_thread_in_native, id=6148, stack(0x0000000016c80000,0x0000000016d80000)]

Stack: [0x0000000016c80000,0x0000000016d80000]
[error occurred during error reporting (printing stack bounds), id 0xc0000005]

Native frames: (J=compiled Java code, j=interpreted, Vv=VM code, C=native code)


Current CompileTask:
C2:   5553 1550   !   4       com.android.dx.cf.cst.ConstantPoolParser::parse0 (731 bytes)


---------------  P R O C E S S  ---------------

Java Threads: ( => current thread )
  0x00000000170e3800 JavaThread "pool-2-thread-4" [_thread_in_Java, id=6768, stack(0x0000000017880000,0x0000000017980000)]
  0x00000000170d0800 JavaThread "pool-2-thread-3" [_thread_in_Java, id=2872, stack(0x0000000017780000,0x0000000017880000)]
  0x00000000170cf800 JavaThread "pool-2-thread-2" [_thread_in_Java, id=7808, stack(0x0000000017680000,0x0000000017780000)]
  0x00000000170cb000 JavaThread "pool-3-thread-1" [_thread_blocked, id=8100, stack(0x0000000017580000,0x0000000017680000)]
  0x00000000170c3800 JavaThread "pool-2-thread-1" [_thread_in_Java, id=2636, stack(0x0000000017480000,0x0000000017580000)]
  0x0000000016e93800 JavaThread "Service Thread" daemon [_thread_blocked, id=1512, stack(0x0000000017280000,0x0000000017380000)]
  0x000000001554d800 JavaThread "C1 CompilerThread2" daemon [_thread_blocked, id=9448, stack(0x0000000016d80000,0x0000000016e80000)]
=>0x0000000015559800 JavaThread "C2 CompilerThread1" daemon [_thread_in_native, id=6148, stack(0x0000000016c80000,0x0000000016d80000)]
  0x0000000015556800 JavaThread "C2 CompilerThread0" daemon [_thread_blocked, id=11880, stack(0x0000000016b80000,0x0000000016c80000)]
  0x0000000015555000 JavaThread "Attach Listener" daemon [_thread_blocked, id=11684, stack(0x0000000016a80000,0x0000000016b80000)]
  0x0000000015554000 JavaThread "Signal Dispatcher" daemon [_thread_blocked, id=7952, stack(0x0000000016980000,0x0000000016a80000)]
  0x0000000015538800 JavaThread "Finalizer" daemon [_thread_blocked, id=7592, stack(0x00000000167a0000,0x00000000168a0000)]
  0x0000000002e70000 JavaThread "Reference Handler" daemon [_thread_blocked, id=5528, stack(0x00000000166a0000,0x00000000167a0000)]
  0x0000000002d81000 JavaThread "main" [_thread_blocked, id=10636, stack(0x0000000002c80000,0x0000000002d80000)]

Other Threads:
  0x0000000015515800 VMThread [stack: 0x00000000165a0000,0x00000000166a0000] [id=8156]
  0x0000000016e94800 WatcherThread [stack: 0x0000000017380000,0x0000000017480000] [id=276]

VM state:not at safepoint (normal execution)

VM Mutex/Monitor currently owned by a thread: None

Heap:
 PSYoungGen      total 38400K, used 28986K [0x00000000eab00000, 0x00000000ed580000, 0x0000000100000000)
  eden space 33280K, 71% used [0x00000000eab00000,0x00000000ec24f398,0x00000000ecb80000)
  from space 5120K, 99% used [0x00000000ecb80000,0x00000000ed07f7f0,0x00000000ed080000)
  to   space 5120K, 0% used [0x00000000ed080000,0x00000000ed080000,0x00000000ed580000)
 ParOldGen       total 87552K, used 1335K [0x00000000c0000000, 0x00000000c5580000, 0x00000000eab00000)
  object space 87552K, 1% used [0x00000000c0000000,0x00000000c014deb8,0x00000000c5580000)
 Metaspace       used 6093K, capacity 7088K, committed 7296K, reserved 1056768K
  class space    used 573K, capacity 616K, committed 640K, reserved 1048576K

Card table byte_map: [0x0000000012240000,0x0000000012450000] byte_map_base: 0x0000000011c40000

Marking Bits: (ParMarkBitMap*) 0x000000006ab99d00
 Begin Bits: [0x00000000129b0000, 0x00000000139b0000)
 End Bits:   [0x00000000139b0000, 0x00000000149b0000)

Polling page: 0x0000000001380000

CodeCache: size=245760Kb used=6480Kb max_used=6492Kb free=239279Kb
 bounds [0x0000000002e80000, 0x00000000034e0000, 0x0000000011e80000]
 total_blobs=1814 nmethods=1547 adapters=180
 compilation: enabled

Compilation events (10 events):
Event: 5.428 Thread 0x0000000015559800 1550   !   4       com.android.dx.cf.cst.ConstantPoolParser::parse0 (731 bytes)
Event: 5.471 Thread 0x0000000015556800 nmethod 1493 0x00000000034d77d0 code [0x00000000034d7a40, 0x00000000034d9ac8]
Event: 5.472 Thread 0x0000000015556800 1519       4       com.android.dx.rop.code.ThrowingCstInsn::accept (8 bytes)
Event: 5.472 Thread 0x0000000015556800 nmethod 1519 0x000000000331dc90 code [0x000000000331ddc0, 0x000000000331de38]
Event: 5.472 Thread 0x0000000015556800 1496       4       com.android.dx.ssa.back.FirstFitLocalCombiningAllocator::getParameterIndexForReg (55 bytes)
Event: 5.477 Thread 0x0000000015556800 nmethod 1496 0x00000000034d7010 code [0x00000000034d7180, 0x00000000034d7468]
Event: 5.477 Thread 0x0000000015556800 1528       4       com.android.dx.rop.code.ThrowingCstInsn::withNewRegisters (25 bytes)
Event: 5.480 Thread 0x0000000015556800 nmethod 1528 0x00000000034d2ed0 code [0x00000000034d3020, 0x00000000034d3258]
Event: 5.480 Thread 0x0000000015556800 1499       4       com.android.dx.cf.code.BaseMachine::getLocalTarget (151 bytes)
Event: 5.489 Thread 0x0000000015556800 nmethod 1499 0x00000000034d4290 code [0x00000000034d4420, 0x00000000034d4a58]

GC Heap History (2 events):
Event: 4.462 GC heap before
{Heap before GC invocations=1 (full 0):
 PSYoungGen      total 38400K, used 33280K [0x00000000eab00000, 0x00000000ed580000, 0x0000000100000000)
  eden space 33280K, 100% used [0x00000000eab00000,0x00000000ecb80000,0x00000000ecb80000)
  from space 5120K, 0% used [0x00000000ed080000,0x00000000ed080000,0x00000000ed580000)
  to   space 5120K, 0% used [0x00000000ecb80000,0x00000000ecb80000,0x00000000ed080000)
 ParOldGen       total 87552K, used 0K [0x00000000c0000000, 0x00000000c5580000, 0x00000000eab00000)
  object space 87552K, 0% used [0x00000000c0000000,0x00000000c0000000,0x00000000c5580000)
 Metaspace       used 5930K, capacity 6960K, committed 7040K, reserved 1056768K
  class space    used 570K, capacity 616K, committed 640K, reserved 1048576K
Event: 4.585 GC heap after
Heap after GC invocations=1 (full 0):
 PSYoungGen      total 38400K, used 5117K [0x00000000eab00000, 0x00000000ed580000, 0x0000000100000000)
  eden space 33280K, 0% used [0x00000000eab00000,0x00000000eab00000,0x00000000ecb80000)
  from space 5120K, 99% used [0x00000000ecb80000,0x00000000ed07f7f0,0x00000000ed080000)
  to   space 5120K, 0% used [0x00000000ed080000,0x00000000ed080000,0x00000000ed580000)
 ParOldGen       total 87552K, used 1335K [0x00000000c0000000, 0x00000000c5580000, 0x00000000eab00000)
  object space 87552K, 1% used [0x00000000c0000000,0x00000000c014deb8,0x00000000c5580000)
 Metaspace       used 5930K, capacity 6960K, committed 7040K, reserved 1056768K
  class space    used 570K, capacity 616K, committed 640K, reserved 1048576K
}

Deoptimization events (10 events):
Event: 4.605 Thread 0x0000000002d81000 Uncommon trap: reason=bimorphic action=maybe_recompile pc=0x000000000329e9e4 method=java.util.HashMap.getNode(ILjava/lang/Object;)Ljava/util/HashMap$Node; @ 126
Event: 4.605 Thread 0x0000000002d81000 Uncommon trap: reason=class_check action=maybe_recompile pc=0x00000000033083bc method=java.util.HashMap.putVal(ILjava/lang/Object;Ljava/lang/Object;ZZ)Ljava/lang/Object; @ 203
Event: 4.605 Thread 0x0000000002d81000 Uncommon trap: reason=bimorphic action=maybe_recompile pc=0x000000000329e9e4 method=java.util.HashMap.getNode(ILjava/lang/Object;)Ljava/util/HashMap$Node; @ 126
Event: 4.605 Thread 0x0000000002d81000 Uncommon trap: reason=class_check action=maybe_recompile pc=0x00000000033083bc method=java.util.HashMap.putVal(ILjava/lang/Object;Ljava/lang/Object;ZZ)Ljava/lang/Object; @ 203
Event: 4.649 Thread 0x00000000170e3800 Uncommon trap: reason=bimorphic action=maybe_recompile pc=0x0000000003383d7c method=com.android.dx.cf.code.BytecodeArray.parseInstruction(ILcom/android/dx/cf/code/BytecodeArray$Visitor;)I @ 1161
Event: 4.649 Thread 0x00000000170e3800 Uncommon trap: reason=bimorphic action=maybe_recompile pc=0x0000000003383d7c method=com.android.dx.cf.code.BytecodeArray.parseInstruction(ILcom/android/dx/cf/code/BytecodeArray$Visitor;)I @ 1161
Event: 5.311 Thread 0x00000000170cf800 Uncommon trap: reason=unstable_if action=reinterpret pc=0x0000000003471af4 method=com.android.dx.ssa.LiteralOpUpgrader$1.visitNonMoveInsn(Lcom/android/dx/ssa/NormalSsaInsn;)V @ 55
Event: 5.313 Thread 0x00000000170cf800 Uncommon trap: reason=unstable_if action=reinterpret pc=0x000000000327ce5c method=com.android.dx.ssa.SsaMethod.updateOneDefinition(Lcom/android/dx/ssa/SsaInsn;Lcom/android/dx/rop/code/RegisterSpec;)V @ 4
Event: 5.391 Thread 0x00000000170e3800 Uncommon trap: reason=class_check action=maybe_recompile pc=0x00000000033083bc method=java.util.HashMap.putVal(ILjava/lang/Object;Ljava/lang/Object;ZZ)Ljava/lang/Object; @ 203
Event: 5.403 Thread 0x00000000170c3800 Uncommon trap: reason=unstable_if action=reinterpret pc=0x0000000003311604 method=com.android.dx.ssa.SCCP.simulateStmt(Lcom/android/dx/ssa/SsaInsn;)V @ 435

Internal exceptions (3 events):
Event: 0.211 Thread 0x0000000002d81000 Exception <a 'java/lang/NoSuchMethodError': Method sun.misc.Unsafe.defineClass(Ljava/lang/String;[BII)Ljava/lang/Class; name or signature does not match> (0x00000000eab07cc0) thrown at [C:\src\android\AOSP-openjdk\external\jetbrains\jdk\hotspot\src\share\vƒÁü}æ
Event: 0.211 Thread 0x0000000002d81000 Exception <a 'java/lang/NoSuchMethodError': Method sun.misc.Unsafe.prefetchRead(Ljava/lang/Object;J)V name or signature does not match> (0x00000000eab07fa8) thrown at [C:\src\android\AOSP-openjdk\external\jetbrains\jdk\hotspot\src\share\vm\prims\jni.cpp, lØBø0@
Event: 3.503 Thread 0x00000000170cf800 Implicit null exception at 0x0000000003208674 to 0x0000000003209eb1

Events (10 events):
Event: 5.391 Thread 0x00000000170e3800 Uncommon trap: trap_request=0xffffffde fr.pc=0x00000000033083bc
Event: 5.391 Thread 0x00000000170e3800 DEOPT PACKING pc=0x00000000033083bc sp=0x000000001797e690
Event: 5.391 Thread 0x00000000170e3800 DEOPT UNPACKING pc=0x0000000002ec556a sp=0x000000001797e608 mode 2
Event: 5.403 Thread 0x00000000170c3800 Uncommon trap: trap_request=0xffffff65 fr.pc=0x0000000003311604
Event: 5.403 Thread 0x00000000170c3800 DEOPT PACKING pc=0x0000000003311604 sp=0x000000001757e740
Event: 5.403 Thread 0x00000000170c3800 DEOPT UNPACKING pc=0x0000000002ec556a sp=0x000000001757e708 mode 2
Event: 5.420 loading class java/util/HashMap$KeySet
Event: 5.420 loading class java/util/HashMap$KeySet done
Event: 5.420 loading class java/util/HashMap$KeyIterator
Event: 5.420 loading class java/util/HashMap$KeyIterator done


Dynamic libraries:
0x00007ff746610000 - 0x00007ff746641000 	C:\Program Files\Android\Android Studio\jre\bin\java.exe
0x00007ffea37f0000 - 0x00007ffea39b1000 	C:\WINDOWS\SYSTEM32\ntdll.dll
0x00007ffea2a40000 - 0x00007ffea2aed000 	C:\WINDOWS\system32\KERNEL32.DLL
0x00007ffea07e0000 - 0x00007ffea09c8000 	C:\WINDOWS\system32\KERNELBASE.dll
0x00007ffe9e600000 - 0x00007ffe9e679000 	C:\WINDOWS\system32\apphelp.dll
0x00007ffea2af0000 - 0x00007ffea2b97000 	C:\WINDOWS\system32\ADVAPI32.dll
0x00007ffea0bf0000 - 0x00007ffea0c8d000 	C:\WINDOWS\system32\msvcrt.dll
0x00007ffea0da0000 - 0x00007ffea0dfb000 	C:\WINDOWS\system32\sechost.dll
0x00007ffea2d00000 - 0x00007ffea2e1c000 	C:\WINDOWS\system32\RPCRT4.dll
0x00007ffea2ba0000 - 0x00007ffea2cf6000 	C:\WINDOWS\system32\USER32.dll
0x00007ffea3660000 - 0x00007ffea37e6000 	C:\WINDOWS\system32\GDI32.dll
0x00007ffe97940000 - 0x00007ffe97bb4000 	C:\WINDOWS\WinSxS\amd64_microsoft.windows.common-controls_6595b64144ccf1df_6.0.10586.589_none_a2ddb3caa539acce\COMCTL32.dll
0x00007ffea0f90000 - 0x00007ffea120d000 	C:\WINDOWS\system32\combase.dll
0x00007ffea0ac0000 - 0x00007ffea0b2a000 	C:\WINDOWS\system32\bcryptPrimitives.dll
0x00007ffea2940000 - 0x00007ffea297b000 	C:\WINDOWS\system32\IMM32.DLL
0x000000006a220000 - 0x000000006a2f2000 	C:\Program Files\Android\Android Studio\jre\jre\bin\msvcr100.dll
0x000000006a3e0000 - 0x000000006ac14000 	C:\Program Files\Android\Android Studio\jre\jre\bin\server\jvm.dll
0x00007ffea3210000 - 0x00007ffea3218000 	C:\WINDOWS\system32\PSAPI.DLL
0x00007ffe94a10000 - 0x00007ffe94a19000 	C:\WINDOWS\SYSTEM32\WSOCK32.dll
0x00007ffe9e380000 - 0x00007ffe9e3a3000 	C:\WINDOWS\SYSTEM32\WINMM.dll
0x00007ffe9e350000 - 0x00007ffe9e37c000 	C:\WINDOWS\SYSTEM32\WINMMBASE.dll
0x00007ffea0e60000 - 0x00007ffea0ecb000 	C:\WINDOWS\system32\WS2_32.dll
0x00007ffe9ff50000 - 0x00007ffe9ff93000 	C:\WINDOWS\system32\cfgmgr32.dll
0x00007ffe93e30000 - 0x00007ffe93e3a000 	C:\WINDOWS\SYSTEM32\VERSION.dll
0x00007ffe98290000 - 0x00007ffe9829f000 	C:\Program Files\Android\Android Studio\jre\jre\bin\verify.dll
0x00007ffe946f0000 - 0x00007ffe94719000 	C:\Program Files\Android\Android Studio\jre\jre\bin\java.dll
0x00007ffe98210000 - 0x00007ffe98226000 	C:\Program Files\Android\Android Studio\jre\jre\bin\zip.dll
0x00007ffea1370000 - 0x00007ffea28cc000 	C:\WINDOWS\system32\SHELL32.dll
0x00007ffe9ffa0000 - 0x00007ffea05e5000 	C:\WINDOWS\system32\windows.storage.dll
0x00007ffea0e00000 - 0x00007ffea0e52000 	C:\WINDOWS\system32\shlwapi.dll
0x00007ffe9fe90000 - 0x00007ffe9fe9f000 	C:\WINDOWS\system32\kernel.appcore.dll
0x00007ffea0b30000 - 0x00007ffea0be5000 	C:\WINDOWS\system32\shcore.dll
0x00007ffe9fe10000 - 0x00007ffe9fe5b000 	C:\WINDOWS\system32\powrprof.dll
0x00007ffe9fe70000 - 0x00007ffe9fe84000 	C:\WINDOWS\system32\profapi.dll

VM Arguments:
jvm_args: -Djava.awt.headless=true -Xmx1024M -Dfile.encoding=windows-1252 -Duser.country=US -Duser.language=en -Duser.variant 
java_command: com.android.dx.command.Main --dex --force-jumbo --num-threads=4 --multi-dex --output C:\Users\Mohamed-A.Radwan\AndroidStudioProjects\MyApplication\app\build\intermediates\transforms\dex\debug\folders\1000\10\android-async-http-1.4.9_c658ad9436e4aa16e2262f8ae50b65e8c0baf598 C:\Users\Mohamed-A.Radwan\.gradle\caches\modules-2\files-2.1\com.loopj.android\android-async-http\1.4.9\386a4339ffe52d5d63e80f9bed8d2b1d1a418249\android-async-http-1.4.9.jar
java_class_path (initial): C:\Android\sdk\build-tools\23.0.3\lib\dx.jar
Launcher Type: SUN_STANDARD

Environment Variables:
PATH=C:\WINDOWS\system32;C:\WINDOWS;C:\WINDOWS\System32\Wbem;C:\WINDOWS\System32\WindowsPowerShell\v1.0\;C:\Program Files (x86)\AMD\ATI.ACE\Core-Static;C:\Program Files (x86)\Brackets\command;C:\Program Files (x86)\NVIDIA Corporation\PhysX\Common;C:\Program Files (x86)\Windows Kits\10\Windows Performance Toolkit\
USERNAME=Mohamed-A.Radwan
OS=Windows_NT
PROCESSOR_IDENTIFIER=Intel64 Family 6 Model 69 Stepping 1, GenuineIntel



---------------  S Y S T E M  ---------------

OS: Windows 10.0 , 64 bit Build 10586 (10.0.10586.589)

CPU:total 4 (2 cores per cpu, 2 threads per core) family 6 model 69 stepping 1, cmov, cx8, fxsr, mmx, sse, sse2, sse3, ssse3, sse4.1, sse4.2, popcnt, avx, avx2, aes, clmul, erms, lzcnt, ht, tsc, tscinvbit, bmi1, bmi2

Memory: 4k page, physical 8274284k(1263748k free), swap 13989228k(6960k free)

vm_info: OpenJDK 64-Bit Server VM (25.76-b03) for windows-amd64 JRE (1.8.0_76-release-b03), built on Jun 29 2016 19:09:20 by "ralucas" with MS VC++ 10.0 (VS2010)

time: Wed Sep 21 01:25:25 2016
elapsed time: 5 seconds (0d 0h 0m 5s)

