#
# There is insufficient memory for the Java Runtime Environment to continue.
# Native memory allocation (malloc) failed to allocate 39760 bytes for Chunk::new
# Possible reasons:
#   The system is out of physical RAM or swap space
#   In 32 bit mode, the process size limit was hit
# Possible solutions:
#   Reduce memory load on the system
#   Increase physical memory or swap space
#   Check if swap backing store is full
#   Use 64 bit Java on a 64 bit OS
#   Decrease Java heap size (-Xmx/-Xms)
#   Decrease number of Java threads
#   Decrease Java thread stack sizes (-Xss)
#   Set larger code cache with -XX:ReservedCodeCacheSize=
# This output file may be truncated or incomplete.
#
#  Out of Memory Error (allocation.cpp:390), pid=6756, tid=0x0000000000001788
#
# JRE version: OpenJDK Runtime Environment (8.0_76-b03) (build 1.8.0_76-release-b03)
# Java VM: OpenJDK 64-Bit Server VM (25.76-b03 mixed mode windows-amd64 compressed oops)
# Failed to write core dump. Minidumps are not enabled by default on client versions of Windows
#

---------------  T H R E A D  ---------------

Current thread (0x0000000015357800):  JavaThread "C2 CompilerThread1" daemon [_thread_in_native, id=6024, stack(0x0000000016aa0000,0x0000000016ba0000)]

Stack: [0x0000000016aa0000,0x0000000016ba0000]
[error occurred during error reporting (printing stack bounds), id 0xc0000005]

Native frames: (J=compiled Java code, j=interpreted, Vv=VM code, C=native code)


Current CompileTask:
C2:   3716 1189       4       java.util.HashMap::put (13 bytes)


---------------  P R O C E S S  ---------------

Java Threads: ( => current thread )
  0x0000000016f8c000 JavaThread "pool-2-thread-4" [_thread_in_Java, id=11748, stack(0x00000000176a0000,0x00000000177a0000)]
  0x0000000016f8b000 JavaThread "pool-2-thread-3" [_thread_in_Java, id=9516, stack(0x00000000175a0000,0x00000000176a0000)]
  0x0000000016f89000 JavaThread "pool-2-thread-2" [_thread_blocked, id=3528, stack(0x00000000174a0000,0x00000000175a0000)]
  0x0000000016f17000 JavaThread "pool-3-thread-1" [_thread_blocked, id=10564, stack(0x00000000173a0000,0x00000000174a0000)]
  0x0000000016f16800 JavaThread "pool-2-thread-1" [_thread_blocked, id=540, stack(0x00000000172a0000,0x00000000173a0000)]
  0x0000000016cbd800 JavaThread "Service Thread" daemon [_thread_blocked, id=9140, stack(0x00000000170a0000,0x00000000171a0000)]
  0x00000000153b0800 JavaThread "C1 CompilerThread2" daemon [_thread_in_native, id=11292, stack(0x0000000016ba0000,0x0000000016ca0000)]
=>0x0000000015357800 JavaThread "C2 CompilerThread1" daemon [_thread_in_native, id=6024, stack(0x0000000016aa0000,0x0000000016ba0000)]
  0x0000000015368000 JavaThread "C2 CompilerThread0" daemon [_thread_in_native, id=7240, stack(0x00000000169a0000,0x0000000016aa0000)]
  0x0000000015367000 JavaThread "Attach Listener" daemon [_thread_blocked, id=4104, stack(0x00000000168a0000,0x00000000169a0000)]
  0x0000000015364000 JavaThread "Signal Dispatcher" daemon [_thread_blocked, id=4752, stack(0x00000000167a0000,0x00000000168a0000)]
  0x0000000015348800 JavaThread "Finalizer" daemon [_thread_blocked, id=10168, stack(0x00000000165c0000,0x00000000166c0000)]
  0x0000000002c80000 JavaThread "Reference Handler" daemon [_thread_blocked, id=3960, stack(0x00000000164c0000,0x00000000165c0000)]
  0x0000000002b91000 JavaThread "main" [_thread_blocked, id=5412, stack(0x00000000029d0000,0x0000000002ad0000)]

Other Threads:
  0x0000000015325800 VMThread [stack: 0x00000000163c0000,0x00000000164c0000] [id=3536]
  0x0000000016cbe800 WatcherThread [stack: 0x00000000171a0000,0x00000000172a0000] [id=10780]

VM state:not at safepoint (normal execution)

VM Mutex/Monitor currently owned by a thread:  ([mutex/lock_event])
[0x0000000002b8dd70] MethodCompileQueue_lock - owner thread: 0x0000000000000000

Heap:
 PSYoungGen      total 38400K, used 12207K [0x00000000eab00000, 0x00000000ed580000, 0x0000000100000000)
  eden space 33280K, 21% used [0x00000000eab00000,0x00000000eb1f1860,0x00000000ecb80000)
  from space 5120K, 99% used [0x00000000ecb80000,0x00000000ed07a400,0x00000000ed080000)
  to   space 5120K, 0% used [0x00000000ed080000,0x00000000ed080000,0x00000000ed580000)
 ParOldGen       total 87552K, used 1013K [0x00000000c0000000, 0x00000000c5580000, 0x00000000eab00000)
  object space 87552K, 1% used [0x00000000c0000000,0x00000000c00fd490,0x00000000c5580000)
 Metaspace       used 5967K, capacity 6960K, committed 7040K, reserved 1056768K
  class space    used 575K, capacity 616K, committed 640K, reserved 1048576K

Card table byte_map: [0x0000000012050000,0x0000000012260000] byte_map_base: 0x0000000011a50000

Marking Bits: (ParMarkBitMap*) 0x000000006ab99d00
 Begin Bits: [0x00000000127c0000, 0x00000000137c0000)
 End Bits:   [0x00000000137c0000, 0x00000000147c0000)

Polling page: 0x0000000001260000

CodeCache: size=245760Kb used=4675Kb max_used=4675Kb free=241084Kb
 bounds [0x0000000002c90000, 0x0000000003130000, 0x0000000011c90000]
 total_blobs=1449 nmethods=1183 adapters=180
 compilation: enabled

Compilation events (10 events):
Event: 3.710 Thread 0x00000000153b0800 nmethod 1201 0x00000000031224d0 code [0x00000000031226c0, 0x0000000003122fb8]
Event: 3.710 Thread 0x00000000153b0800 1198       1       com.android.dx.rop.annotation.NameValuePair::getName (5 bytes)
Event: 3.710 Thread 0x00000000153b0800 nmethod 1198 0x0000000003118290 code [0x00000000031183e0, 0x00000000031184f0]
Event: 3.710 Thread 0x00000000153b0800 1203       3       com.android.dx.cf.attrib.AttLineNumberTable::byteLength (13 bytes)
Event: 3.710 Thread 0x00000000153b0800 nmethod 1203 0x000000000311f750 code [0x000000000311f8c0, 0x000000000311fb10]
Event: 3.710 Thread 0x00000000153b0800 1204       3       com.android.dx.cf.attrib.BaseLocalVariables::byteLength (14 bytes)
Event: 3.710 Thread 0x00000000153b0800 nmethod 1204 0x00000000031236d0 code [0x0000000003123840, 0x0000000003123a90]
Event: 3.710 Thread 0x00000000153b0800 1197       3       com.android.dx.rop.cst.CstType::equals (29 bytes)
Event: 3.710 Thread 0x00000000153b0800 nmethod 1197 0x0000000003123b90 code [0x0000000003123d00, 0x00000000031240f0]
Event: 3.710 Thread 0x00000000153b0800 1134       3       com.android.dx.cf.code.Simulator$SimVisitor::visitNoArgs (2108 bytes)

GC Heap History (2 events):
Event: 3.514 GC heap before
{Heap before GC invocations=1 (full 0):
 PSYoungGen      total 38400K, used 33280K [0x00000000eab00000, 0x00000000ed580000, 0x0000000100000000)
  eden space 33280K, 100% used [0x00000000eab00000,0x00000000ecb80000,0x00000000ecb80000)
  from space 5120K, 0% used [0x00000000ed080000,0x00000000ed080000,0x00000000ed580000)
  to   space 5120K, 0% used [0x00000000ecb80000,0x00000000ecb80000,0x00000000ed080000)
 ParOldGen       total 87552K, used 0K [0x00000000c0000000, 0x00000000c5580000, 0x00000000eab00000)
  object space 87552K, 0% used [0x00000000c0000000,0x00000000c0000000,0x00000000c5580000)
 Metaspace       used 5899K, capacity 6896K, committed 7040K, reserved 1056768K
  class space    used 575K, capacity 616K, committed 640K, reserved 1048576K
Event: 3.646 GC heap after
Heap after GC invocations=1 (full 0):
 PSYoungGen      total 38400K, used 5097K [0x00000000eab00000, 0x00000000ed580000, 0x0000000100000000)
  eden space 33280K, 0% used [0x00000000eab00000,0x00000000eab00000,0x00000000ecb80000)
  from space 5120K, 99% used [0x00000000ecb80000,0x00000000ed07a400,0x00000000ed080000)
  to   space 5120K, 0% used [0x00000000ed080000,0x00000000ed080000,0x00000000ed580000)
 ParOldGen       total 87552K, used 1013K [0x00000000c0000000, 0x00000000c5580000, 0x00000000eab00000)
  object space 87552K, 1% used [0x00000000c0000000,0x00000000c00fd490,0x00000000c5580000)
 Metaspace       used 5899K, capacity 6896K, committed 7040K, reserved 1056768K
  class space    used 575K, capacity 616K, committed 640K, reserved 1048576K
}

Deoptimization events (7 events):
Event: 0.455 Thread 0x0000000002b91000 Uncommon trap: reason=unstable_if action=reinterpret pc=0x0000000002de3554 method=java.lang.String.compareTo(Ljava/lang/String;)I @ 38
Event: 0.554 Thread 0x0000000002b91000 Uncommon trap: reason=unstable_if action=reinterpret pc=0x0000000002ddf7d8 method=java.lang.String.indexOf(II)I @ 49
Event: 1.998 Thread 0x0000000016f89000 Uncommon trap: reason=unstable_if action=reinterpret pc=0x0000000002ed6c70 method=java.util.BitSet.nextSetBit(I)I @ 87
Event: 2.542 Thread 0x0000000016f89000 Uncommon trap: reason=null_check action=make_not_entrant pc=0x0000000002f46ce0 method=com.android.dx.ssa.SsaRenamer.getLocalForNewReg(I)Lcom/android/dx/rop/code/LocalItem; @ 19
Event: 2.549 Thread 0x0000000016f89000 Uncommon trap: reason=unstable_if action=reinterpret pc=0x0000000002f6fd2c method=com.android.dx.rop.code.RegisterSpecSet.put(Lcom/android/dx/rop/code/RegisterSpec;)V @ 77
Event: 2.549 Thread 0x0000000016f89000 Uncommon trap: reason=unstable_if action=reinterpret pc=0x0000000002f7a3e8 method=com.android.dx.rop.code.RegisterSpecSet.put(Lcom/android/dx/rop/code/RegisterSpec;)V @ 77
Event: 3.660 Thread 0x0000000016f8c000 Uncommon trap: reason=unstable_if action=reinterpret pc=0x0000000002f3d584 method=com.android.dx.rop.code.RegisterSpec.equals(ILcom/android/dx/rop/type/TypeBearer;Lcom/android/dx/rop/code/LocalItem;)Z @ 42

Internal exceptions (3 events):
Event: 0.050 Thread 0x0000000002b91000 Exception <a 'java/lang/NoSuchMethodError': Method sun.misc.Unsafe.defineClass(Ljava/lang/String;[BII)Ljava/lang/Class; name or signature does not match> (0x00000000eab07cc0) thrown at [C:\src\android\AOSP-openjdk\external\jetbrains\jdk\hotspot\src\share\vH~N«Þ©?
Event: 0.051 Thread 0x0000000002b91000 Exception <a 'java/lang/NoSuchMethodError': Method sun.misc.Unsafe.prefetchRead(Ljava/lang/Object;J)V name or signature does not match> (0x00000000eab07fa8) thrown at [C:\src\android\AOSP-openjdk\external\jetbrains\jdk\hotspot\src\share\vm\prims\jni.cpp, lõ‰I"U@
Event: 2.542 Thread 0x0000000016f89000 Implicit null exception at 0x0000000002f43c9c to 0x0000000002f46c9d

Events (10 events):
Event: 3.083 Executing VM operation: ForceSafepoint done
Event: 3.116 loading class com/android/dx/dex/file/FieldAnnotationStruct
Event: 3.116 loading class com/android/dx/dex/file/FieldAnnotationStruct done
Event: 3.152 loading class java/util/DualPivotQuicksort
Event: 3.153 loading class java/util/DualPivotQuicksort done
Event: 3.246 Executing VM operation: ParallelGCFailedAllocation
Event: 3.646 Executing VM operation: ParallelGCFailedAllocation done
Event: 3.660 Thread 0x0000000016f8c000 Uncommon trap: trap_request=0xffffff65 fr.pc=0x0000000002f3d584
Event: 3.660 Thread 0x0000000016f8c000 DEOPT PACKING pc=0x0000000002f3d584 sp=0x000000001779ea10
Event: 3.660 Thread 0x0000000016f8c000 DEOPT UNPACKING pc=0x0000000002cd556a sp=0x000000001779e998 mode 2


Dynamic libraries:
0x00007ff746610000 - 0x00007ff746641000 	C:\Program Files\Android\Android Studio\jre\bin\java.exe
0x00007ffea37f0000 - 0x00007ffea39b1000 	C:\WINDOWS\SYSTEM32\ntdll.dll
0x00007ffea2a40000 - 0x00007ffea2aed000 	C:\WINDOWS\system32\KERNEL32.DLL
0x00007ffea07e0000 - 0x00007ffea09c8000 	C:\WINDOWS\system32\KERNELBASE.dll
0x00007ffe9e600000 - 0x00007ffe9e679000 	C:\WINDOWS\system32\apphelp.dll
0x00007ffea2af0000 - 0x00007ffea2b97000 	C:\WINDOWS\system32\ADVAPI32.dll
0x00007ffea0bf0000 - 0x00007ffea0c8d000 	C:\WINDOWS\system32\msvcrt.dll
0x00007ffea0da0000 - 0x00007ffea0dfb000 	C:\WINDOWS\system32\sechost.dll
0x00007ffea2d00000 - 0x00007ffea2e1c000 	C:\WINDOWS\system32\RPCRT4.dll
0x00007ffea2ba0000 - 0x00007ffea2cf6000 	C:\WINDOWS\system32\USER32.dll
0x00007ffea3660000 - 0x00007ffea37e6000 	C:\WINDOWS\system32\GDI32.dll
0x00007ffe97940000 - 0x00007ffe97bb4000 	C:\WINDOWS\WinSxS\amd64_microsoft.windows.common-controls_6595b64144ccf1df_6.0.10586.589_none_a2ddb3caa539acce\COMCTL32.dll
0x00007ffea0f90000 - 0x00007ffea120d000 	C:\WINDOWS\system32\combase.dll
0x00007ffea0ac0000 - 0x00007ffea0b2a000 	C:\WINDOWS\system32\bcryptPrimitives.dll
0x00007ffea2940000 - 0x00007ffea297b000 	C:\WINDOWS\system32\IMM32.DLL
0x000000006a220000 - 0x000000006a2f2000 	C:\Program Files\Android\Android Studio\jre\jre\bin\msvcr100.dll
0x000000006a3e0000 - 0x000000006ac14000 	C:\Program Files\Android\Android Studio\jre\jre\bin\server\jvm.dll
0x00007ffea3210000 - 0x00007ffea3218000 	C:\WINDOWS\system32\PSAPI.DLL
0x00007ffe94a10000 - 0x00007ffe94a19000 	C:\WINDOWS\SYSTEM32\WSOCK32.dll
0x00007ffea0e60000 - 0x00007ffea0ecb000 	C:\WINDOWS\system32\WS2_32.dll
0x00007ffe9e380000 - 0x00007ffe9e3a3000 	C:\WINDOWS\SYSTEM32\WINMM.dll
0x00007ffe93e30000 - 0x00007ffe93e3a000 	C:\WINDOWS\SYSTEM32\VERSION.dll
0x00007ffe9e350000 - 0x00007ffe9e37c000 	C:\WINDOWS\SYSTEM32\WINMMBASE.dll
0x00007ffe9ff50000 - 0x00007ffe9ff93000 	C:\WINDOWS\system32\cfgmgr32.dll
0x00007ffe98290000 - 0x00007ffe9829f000 	C:\Program Files\Android\Android Studio\jre\jre\bin\verify.dll
0x00007ffe946f0000 - 0x00007ffe94719000 	C:\Program Files\Android\Android Studio\jre\jre\bin\java.dll
0x00007ffe98210000 - 0x00007ffe98226000 	C:\Program Files\Android\Android Studio\jre\jre\bin\zip.dll
0x00007ffea1370000 - 0x00007ffea28cc000 	C:\WINDOWS\system32\SHELL32.dll
0x00007ffe9ffa0000 - 0x00007ffea05e5000 	C:\WINDOWS\system32\windows.storage.dll
0x00007ffea0e00000 - 0x00007ffea0e52000 	C:\WINDOWS\system32\shlwapi.dll
0x00007ffe9fe90000 - 0x00007ffe9fe9f000 	C:\WINDOWS\system32\kernel.appcore.dll
0x00007ffea0b30000 - 0x00007ffea0be5000 	C:\WINDOWS\system32\shcore.dll
0x00007ffe9fe10000 - 0x00007ffe9fe5b000 	C:\WINDOWS\system32\powrprof.dll
0x00007ffe9fe70000 - 0x00007ffe9fe84000 	C:\WINDOWS\system32\profapi.dll

VM Arguments:
jvm_args: -Djava.awt.headless=true -Xmx1024M -Dfile.encoding=windows-1252 -Duser.country=US -Duser.language=en -Duser.variant 
java_command: com.android.dx.command.Main --dex --force-jumbo --num-threads=4 --multi-dex --output C:\Users\Mohamed-A.Radwan\AndroidStudioProjects\MyApplication\app\build\intermediates\transforms\dex\debug\folders\1000\10\com.android.support-appcompat-v7-23.3.0_ff57d72034f2ddc0e6ebc439a83aef50321181f1 C:\Users\Mohamed-A.Radwan\AndroidStudioProjects\MyApplication\app\build\intermediates\exploded-aar\com.android.support\appcompat-v7\23.3.0\jars\classes.jar
java_class_path (initial): C:\Android\sdk\build-tools\23.0.3\lib\dx.jar
Launcher Type: SUN_STANDARD

Environment Variables:
PATH=C:\WINDOWS\system32;C:\WINDOWS;C:\WINDOWS\System32\Wbem;C:\WINDOWS\System32\WindowsPowerShell\v1.0\;C:\Program Files (x86)\AMD\ATI.ACE\Core-Static;C:\Program Files (x86)\Brackets\command;C:\Program Files (x86)\NVIDIA Corporation\PhysX\Common;C:\Program Files (x86)\Windows Kits\10\Windows Performance Toolkit\
USERNAME=Mohamed-A.Radwan
OS=Windows_NT
PROCESSOR_IDENTIFIER=Intel64 Family 6 Model 69 Stepping 1, GenuineIntel



---------------  S Y S T E M  ---------------

OS: Windows 10.0 , 64 bit Build 10586 (10.0.10586.589)

CPU:total 4 (2 cores per cpu, 2 threads per core) family 6 model 69 stepping 1, cmov, cx8, fxsr, mmx, sse, sse2, sse3, ssse3, sse4.1, sse4.2, popcnt, avx, avx2, aes, clmul, erms, lzcnt, ht, tsc, tscinvbit, bmi1, bmi2

Memory: 4k page, physical 8274284k(1211952k free), swap 13989228k(5148k free)

vm_info: OpenJDK 64-Bit Server VM (25.76-b03) for windows-amd64 JRE (1.8.0_76-release-b03), built on Jun 29 2016 19:09:20 by "ralucas" with MS VC++ 10.0 (VS2010)

time: Wed Sep 21 01:25:01 2016
elapsed time: 3 seconds (0d 0h 0m 3s)

