#
# There is insufficient memory for the Java Runtime Environment to continue.
# Native memory allocation (malloc) failed to allocate 93056 bytes for Chunk::new
# Possible reasons:
#   The system is out of physical RAM or swap space
#   In 32 bit mode, the process size limit was hit
# Possible solutions:
#   Reduce memory load on the system
#   Increase physical memory or swap space
#   Check if swap backing store is full
#   Use 64 bit Java on a 64 bit OS
#   Decrease Java heap size (-Xmx/-Xms)
#   Decrease number of Java threads
#   Decrease Java thread stack sizes (-Xss)
#   Set larger code cache with -XX:ReservedCodeCacheSize=
# This output file may be truncated or incomplete.
#
#  Out of Memory Error (allocation.cpp:390), pid=6516, tid=0x0000000000002488
#
# JRE version: OpenJDK Runtime Environment (8.0_76-b03) (build 1.8.0_76-release-b03)
# Java VM: OpenJDK 64-Bit Server VM (25.76-b03 mixed mode windows-amd64 compressed oops)
# Failed to write core dump. Minidumps are not enabled by default on client versions of Windows
#

---------------  T H R E A D  ---------------

Current thread (0x0000000014eb6800):  JavaThread "C2 CompilerThread0" daemon [_thread_in_native, id=9352, stack(0x00000000164e0000,0x00000000165e0000)]

Stack: [0x00000000164e0000,0x00000000165e0000]
[error occurred during error reporting (printing stack bounds), id 0xc0000005]

Native frames: (J=compiled Java code, j=interpreted, Vv=VM code, C=native code)


Current CompileTask:
C2:   2122 1041       4       com.android.dx.util.LabeledList::set (45 bytes)


---------------  P R O C E S S  ---------------

Java Threads: ( => current thread )
  0x0000000016a36000 JavaThread "pool-2-thread-4" [_thread_in_Java, id=4160, stack(0x00000000171e0000,0x00000000172e0000)]
  0x0000000016a35800 JavaThread "pool-2-thread-3" [_thread_blocked, id=332, stack(0x00000000170e0000,0x00000000171e0000)]
  0x0000000016a7e800 JavaThread "pool-2-thread-2" [_thread_in_Java, id=4336, stack(0x0000000016fe0000,0x00000000170e0000)]
  0x0000000016a7d800 JavaThread "pool-3-thread-1" [_thread_blocked, id=11340, stack(0x0000000016ee0000,0x0000000016fe0000)]
  0x0000000016a7d000 JavaThread "pool-2-thread-1" [_thread_in_Java, id=5700, stack(0x0000000016de0000,0x0000000016ee0000)]
  0x00000000167f2800 JavaThread "Service Thread" daemon [_thread_blocked, id=7732, stack(0x0000000016be0000,0x0000000016ce0000)]
  0x0000000014ead800 JavaThread "C1 CompilerThread2" daemon [_thread_blocked, id=5868, stack(0x00000000166e0000,0x00000000167e0000)]
  0x0000000014eb9800 JavaThread "C2 CompilerThread1" daemon [_thread_blocked, id=8352, stack(0x00000000165e0000,0x00000000166e0000)]
=>0x0000000014eb6800 JavaThread "C2 CompilerThread0" daemon [_thread_in_native, id=9352, stack(0x00000000164e0000,0x00000000165e0000)]
  0x0000000014eb5000 JavaThread "Attach Listener" daemon [_thread_blocked, id=7104, stack(0x00000000163e0000,0x00000000164e0000)]
  0x0000000014eb4000 JavaThread "Signal Dispatcher" daemon [_thread_blocked, id=11748, stack(0x00000000162e0000,0x00000000163e0000)]
  0x0000000014e97800 JavaThread "Finalizer" daemon [_thread_blocked, id=4240, stack(0x0000000016100000,0x0000000016200000)]
  0x00000000027d1000 JavaThread "Reference Handler" daemon [_thread_blocked, id=9516, stack(0x0000000016000000,0x0000000016100000)]
  0x00000000026e1000 JavaThread "main" [_thread_blocked, id=10044, stack(0x00000000025a0000,0x00000000026a0000)]

Other Threads:
  0x0000000014e74800 VMThread [stack: 0x0000000015f00000,0x0000000016000000] [id=8632]
  0x00000000167f5000 WatcherThread [stack: 0x0000000016ce0000,0x0000000016de0000] [id=12200]

VM state:not at safepoint (normal execution)

VM Mutex/Monitor currently owned by a thread: None

Heap:
 PSYoungGen      total 38400K, used 28901K [0x00000000eab00000, 0x00000000ed580000, 0x0000000100000000)
  eden space 33280K, 86% used [0x00000000eab00000,0x00000000ec739568,0x00000000ecb80000)
  from space 5120K, 0% used [0x00000000ed080000,0x00000000ed080000,0x00000000ed580000)
  to   space 5120K, 0% used [0x00000000ecb80000,0x00000000ecb80000,0x00000000ed080000)
 ParOldGen       total 87552K, used 0K [0x00000000c0000000, 0x00000000c5580000, 0x00000000eab00000)
  object space 87552K, 0% used [0x00000000c0000000,0x00000000c0000000,0x00000000c5580000)
 Metaspace       used 5819K, capacity 6832K, committed 7040K, reserved 1056768K
  class space    used 573K, capacity 616K, committed 640K, reserved 1048576K

Card table byte_map: [0x0000000011ba0000,0x0000000011db0000] byte_map_base: 0x00000000115a0000

Marking Bits: (ParMarkBitMap*) 0x000000006ab99d00
 Begin Bits: [0x0000000012310000, 0x0000000013310000)
 End Bits:   [0x0000000013310000, 0x0000000014310000)

Polling page: 0x00000000009f0000

CodeCache: size=245760Kb used=4255Kb max_used=4267Kb free=241504Kb
 bounds [0x00000000027e0000, 0x0000000002c10000, 0x00000000117e0000]
 total_blobs=1346 nmethods=1078 adapters=180
 compilation: disabled (not enough contiguous free space left)

Compilation events (10 events):
Event: 2.077 Thread 0x0000000014eb9800 1043       4       com.android.dx.rop.cst.Constant::compareTo (9 bytes)
Event: 2.077 Thread 0x0000000014ead800 nmethod 1022 0x0000000002bde350 code [0x0000000002bde5a0, 0x0000000002bdf3d8]
Event: 2.077 Thread 0x0000000014ead800 1030       3       java.util.TreeMap$Entry::<init> (25 bytes)
Event: 2.078 Thread 0x0000000014ead800 nmethod 1030 0x0000000002bd1750 code [0x0000000002bd18a0, 0x0000000002bd1a90]
Event: 2.078 Thread 0x0000000014ead800 1045       3       com.android.dx.dex.file.Item::<init> (5 bytes)
Event: 2.078 Thread 0x0000000014ead800 nmethod 1045 0x0000000002bce810 code [0x0000000002bce960, 0x0000000002bceb10]
Event: 2.078 Thread 0x0000000014ead800 1044       3       com.android.dx.dex.file.Section::throwIfPrepared (18 bytes)
Event: 2.078 Thread 0x0000000014eb9800 nmethod 1043 0x0000000002be3450 code [0x0000000002be35a0, 0x0000000002be3698]
Event: 2.078 Thread 0x0000000014ead800 nmethod 1044 0x0000000002bd9290 code [0x0000000002bd9400, 0x0000000002bd9648]
Event: 2.078 Thread 0x0000000014ead800 1035       3       com.android.dx.ssa.back.InterferenceGraph::mergeInterferenceSet (29 bytes)

GC Heap History (0 events):
No events

Deoptimization events (9 events):
Event: 0.366 Thread 0x00000000026e1000 Uncommon trap: reason=unstable_if action=reinterpret pc=0x0000000002934958 method=java.lang.String.indexOf(II)I @ 49
Event: 1.020 Thread 0x00000000026e1000 Uncommon trap: reason=unstable_if action=reinterpret pc=0x0000000002a07ba4 method=java.util.HashMap.getNode(ILjava/lang/Object;)Ljava/util/HashMap$Node; @ 129
Event: 1.020 Thread 0x00000000026e1000 Uncommon trap: reason=unstable_if action=reinterpret pc=0x0000000002a27a70 method=java.util.BitSet.nextSetBit(I)I @ 87
Event: 1.042 Thread 0x00000000026e1000 Uncommon trap: reason=unstable_if action=reinterpret pc=0x000000000298a410 method=java.lang.String.<init>([CII)V @ 18
Event: 1.230 Thread 0x0000000016a7d000 Uncommon trap: reason=class_check action=maybe_recompile pc=0x0000000002a54b30 method=com.android.dx.ssa.NormalSsaInsn.accept(Lcom/android/dx/ssa/SsaInsn$Visitor;)V @ 9
Event: 1.713 Thread 0x0000000016a35800 Uncommon trap: reason=class_check action=maybe_recompile pc=0x0000000002a54b30 method=com.android.dx.ssa.NormalSsaInsn.accept(Lcom/android/dx/ssa/SsaInsn$Visitor;)V @ 9
Event: 1.713 Thread 0x0000000016a35800 Uncommon trap: reason=class_check action=maybe_recompile pc=0x0000000002a54b30 method=com.android.dx.ssa.NormalSsaInsn.accept(Lcom/android/dx/ssa/SsaInsn$Visitor;)V @ 9
Event: 1.715 Thread 0x0000000016a35800 Uncommon trap: reason=class_check action=maybe_recompile pc=0x0000000002a54b30 method=com.android.dx.ssa.NormalSsaInsn.accept(Lcom/android/dx/ssa/SsaInsn$Visitor;)V @ 9
Event: 1.759 Thread 0x0000000016a35800 Uncommon trap: reason=class_check action=maybe_recompile pc=0x0000000002aef398 method=com.android.dx.ssa.NormalSsaInsn.accept(Lcom/android/dx/ssa/SsaInsn$Visitor;)V @ 9

Internal exceptions (2 events):
Event: 0.101 Thread 0x00000000026e1000 Exception <a 'java/lang/NoSuchMethodError': Method sun.misc.Unsafe.defineClass(Ljava/lang/String;[BII)Ljava/lang/Class; name or signature does not match> (0x00000000eab07cc0) thrown at [C:\src\android\AOSP-openjdk\external\jetbrains\jdk\hotspot\src\share\v©Ö‹åî¹?
Event: 0.101 Thread 0x00000000026e1000 Exception <a 'java/lang/NoSuchMethodError': Method sun.misc.Unsafe.prefetchRead(Ljava/lang/Object;J)V name or signature does not match> (0x00000000eab07fa8) thrown at [C:\src\android\AOSP-openjdk\external\jetbrains\jdk\hotspot\src\share\vm\prims\jni.cpp, l

Events (10 events):
Event: 1.713 Thread 0x0000000016a35800 DEOPT PACKING pc=0x0000000002a54b30 sp=0x00000000171dea90
Event: 1.713 Thread 0x0000000016a35800 DEOPT UNPACKING pc=0x000000000282556a sp=0x00000000171dea20 mode 2
Event: 1.715 Thread 0x0000000016a35800 Uncommon trap: trap_request=0xffffffde fr.pc=0x0000000002a54b30
Event: 1.715 Thread 0x0000000016a35800 DEOPT PACKING pc=0x0000000002a54b30 sp=0x00000000171dea90
Event: 1.715 Thread 0x0000000016a35800 DEOPT UNPACKING pc=0x000000000282556a sp=0x00000000171dea20 mode 2
Event: 1.732 loading class java/util/DualPivotQuicksort
Event: 1.732 loading class java/util/DualPivotQuicksort done
Event: 1.759 Thread 0x0000000016a35800 Uncommon trap: trap_request=0xffffffde fr.pc=0x0000000002aef398
Event: 1.759 Thread 0x0000000016a35800 DEOPT PACKING pc=0x0000000002aef398 sp=0x00000000171dea60
Event: 1.759 Thread 0x0000000016a35800 DEOPT UNPACKING pc=0x000000000282556a sp=0x00000000171dea60 mode 2


Dynamic libraries:
0x00007ff746610000 - 0x00007ff746641000 	C:\Program Files\Android\Android Studio\jre\bin\java.exe
0x00007ffea37f0000 - 0x00007ffea39b1000 	C:\WINDOWS\SYSTEM32\ntdll.dll
0x00007ffea2a40000 - 0x00007ffea2aed000 	C:\WINDOWS\system32\KERNEL32.DLL
0x00007ffea07e0000 - 0x00007ffea09c8000 	C:\WINDOWS\system32\KERNELBASE.dll
0x00007ffe9e600000 - 0x00007ffe9e679000 	C:\WINDOWS\system32\apphelp.dll
0x00007ffea2af0000 - 0x00007ffea2b97000 	C:\WINDOWS\system32\ADVAPI32.dll
0x00007ffea0bf0000 - 0x00007ffea0c8d000 	C:\WINDOWS\system32\msvcrt.dll
0x00007ffea0da0000 - 0x00007ffea0dfb000 	C:\WINDOWS\system32\sechost.dll
0x00007ffea2d00000 - 0x00007ffea2e1c000 	C:\WINDOWS\system32\RPCRT4.dll
0x00007ffea2ba0000 - 0x00007ffea2cf6000 	C:\WINDOWS\system32\USER32.dll
0x00007ffea3660000 - 0x00007ffea37e6000 	C:\WINDOWS\system32\GDI32.dll
0x00007ffe97940000 - 0x00007ffe97bb4000 	C:\WINDOWS\WinSxS\amd64_microsoft.windows.common-controls_6595b64144ccf1df_6.0.10586.589_none_a2ddb3caa539acce\COMCTL32.dll
0x00007ffea0f90000 - 0x00007ffea120d000 	C:\WINDOWS\system32\combase.dll
0x00007ffea0ac0000 - 0x00007ffea0b2a000 	C:\WINDOWS\system32\bcryptPrimitives.dll
0x00007ffea2940000 - 0x00007ffea297b000 	C:\WINDOWS\system32\IMM32.DLL
0x000000006a220000 - 0x000000006a2f2000 	C:\Program Files\Android\Android Studio\jre\jre\bin\msvcr100.dll
0x000000006a3e0000 - 0x000000006ac14000 	C:\Program Files\Android\Android Studio\jre\jre\bin\server\jvm.dll
0x00007ffea3210000 - 0x00007ffea3218000 	C:\WINDOWS\system32\PSAPI.DLL
0x00007ffe94a10000 - 0x00007ffe94a19000 	C:\WINDOWS\SYSTEM32\WSOCK32.dll
0x00007ffe9e380000 - 0x00007ffe9e3a3000 	C:\WINDOWS\SYSTEM32\WINMM.dll
0x00007ffe93e30000 - 0x00007ffe93e3a000 	C:\WINDOWS\SYSTEM32\VERSION.dll
0x00007ffea0e60000 - 0x00007ffea0ecb000 	C:\WINDOWS\system32\WS2_32.dll
0x00007ffe9e350000 - 0x00007ffe9e37c000 	C:\WINDOWS\SYSTEM32\winmmbase.dll
0x00007ffe9ff50000 - 0x00007ffe9ff93000 	C:\WINDOWS\system32\cfgmgr32.dll
0x00007ffe98290000 - 0x00007ffe9829f000 	C:\Program Files\Android\Android Studio\jre\jre\bin\verify.dll
0x00007ffe946f0000 - 0x00007ffe94719000 	C:\Program Files\Android\Android Studio\jre\jre\bin\java.dll
0x00007ffe98210000 - 0x00007ffe98226000 	C:\Program Files\Android\Android Studio\jre\jre\bin\zip.dll
0x00007ffea1370000 - 0x00007ffea28cc000 	C:\WINDOWS\system32\SHELL32.dll
0x00007ffe9ffa0000 - 0x00007ffea05e5000 	C:\WINDOWS\system32\windows.storage.dll
0x00007ffea0e00000 - 0x00007ffea0e52000 	C:\WINDOWS\system32\shlwapi.dll
0x00007ffe9fe90000 - 0x00007ffe9fe9f000 	C:\WINDOWS\system32\kernel.appcore.dll
0x00007ffea0b30000 - 0x00007ffea0be5000 	C:\WINDOWS\system32\shcore.dll
0x00007ffe9fe10000 - 0x00007ffe9fe5b000 	C:\WINDOWS\system32\powrprof.dll
0x00007ffe9fe70000 - 0x00007ffe9fe84000 	C:\WINDOWS\system32\profapi.dll

VM Arguments:
jvm_args: -Djava.awt.headless=true -Xmx1024M -Dfile.encoding=windows-1252 -Duser.country=US -Duser.language=en -Duser.variant 
java_command: com.android.dx.command.Main --dex --force-jumbo --num-threads=4 --multi-dex --output C:\Users\Mohamed-A.Radwan\AndroidStudioProjects\MyApplication\app\build\intermediates\transforms\dex\debug\folders\1000\10\com.facebook.android-facebook-android-sdk-4.2.0_7483d124f72d4af47e53ce1c3837e1517a9677b6 C:\Users\Mohamed-A.Radwan\AndroidStudioProjects\MyApplication\app\build\intermediates\exploded-aar\com.facebook.android\facebook-android-sdk\4.2.0\jars\classes.jar
java_class_path (initial): C:\Android\sdk\build-tools\23.0.3\lib\dx.jar
Launcher Type: SUN_STANDARD

Environment Variables:
PATH=C:\WINDOWS\system32;C:\WINDOWS;C:\WINDOWS\System32\Wbem;C:\WINDOWS\System32\WindowsPowerShell\v1.0\;C:\Program Files (x86)\AMD\ATI.ACE\Core-Static;C:\Program Files (x86)\Brackets\command;C:\Program Files (x86)\NVIDIA Corporation\PhysX\Common;C:\Program Files (x86)\Windows Kits\10\Windows Performance Toolkit\
USERNAME=Mohamed-A.Radwan
OS=Windows_NT
PROCESSOR_IDENTIFIER=Intel64 Family 6 Model 69 Stepping 1, GenuineIntel



---------------  S Y S T E M  ---------------

OS: Windows 10.0 , 64 bit Build 10586 (10.0.10586.589)

CPU:total 4 (2 cores per cpu, 2 threads per core) family 6 model 69 stepping 1, cmov, cx8, fxsr, mmx, sse, sse2, sse3, ssse3, sse4.1, sse4.2, popcnt, avx, avx2, aes, clmul, erms, lzcnt, ht, tsc, tscinvbit, bmi1, bmi2

Memory: 4k page, physical 8274284k(964356k free), swap 13989228k(2532k free)

vm_info: OpenJDK 64-Bit Server VM (25.76-b03) for windows-amd64 JRE (1.8.0_76-release-b03), built on Jun 29 2016 19:09:20 by "ralucas" with MS VC++ 10.0 (VS2010)

time: Wed Sep 21 01:22:19 2016
elapsed time: 2 seconds (0d 0h 0m 2s)

