#
# There is insufficient memory for the Java Runtime Environment to continue.
# Native memory allocation (malloc) failed to allocate 354496 bytes for Chunk::new
# Possible reasons:
#   The system is out of physical RAM or swap space
#   In 32 bit mode, the process size limit was hit
# Possible solutions:
#   Reduce memory load on the system
#   Increase physical memory or swap space
#   Check if swap backing store is full
#   Use 64 bit Java on a 64 bit OS
#   Decrease Java heap size (-Xmx/-Xms)
#   Decrease number of Java threads
#   Decrease Java thread stack sizes (-Xss)
#   Set larger code cache with -XX:ReservedCodeCacheSize=
# This output file may be truncated or incomplete.
#
#  Out of Memory Error (allocation.cpp:390), pid=3732, tid=0x0000000000002c88
#
# JRE version: OpenJDK Runtime Environment (8.0_76-b03) (build 1.8.0_76-release-b03)
# Java VM: OpenJDK 64-Bit Server VM (25.76-b03 mixed mode windows-amd64 compressed oops)
# Failed to write core dump. Minidumps are not enabled by default on client versions of Windows
#

---------------  T H R E A D  ---------------

Current thread (0x000000001532f800):  JavaThread "C2 CompilerThread1" daemon [_thread_in_native, id=11400, stack(0x0000000016a50000,0x0000000016b50000)]

Stack: [0x0000000016a50000,0x0000000016b50000]
[error occurred during error reporting (printing stack bounds), id 0xc0000005]

Native frames: (J=compiled Java code, j=interpreted, Vv=VM code, C=native code)


Current CompileTask:
C2:   5911 1246       4       com.android.dx.ssa.SCCP::simulateStmt (481 bytes)


---------------  P R O C E S S  ---------------

Java Threads: ( => current thread )
  0x0000000016ddf000 JavaThread "pool-2-thread-4" [_thread_blocked, id=6308, stack(0x0000000017650000,0x0000000017750000)]
  0x0000000016dd1800 JavaThread "pool-2-thread-3" [_thread_blocked, id=8068, stack(0x0000000017550000,0x0000000017650000)]
  0x0000000016dc0800 JavaThread "pool-2-thread-2" [_thread_in_Java, id=11348, stack(0x0000000017450000,0x0000000017550000)]
  0x0000000016dbf800 JavaThread "pool-3-thread-1" [_thread_blocked, id=11108, stack(0x0000000017350000,0x0000000017450000)]
  0x0000000016dbb800 JavaThread "pool-2-thread-1" [_thread_in_Java, id=11976, stack(0x0000000017250000,0x0000000017350000)]
  0x0000000016b61000 JavaThread "Service Thread" daemon [_thread_blocked, id=7316, stack(0x0000000017050000,0x0000000017150000)]
  0x0000000016b60800 JavaThread "C1 CompilerThread2" daemon [_thread_blocked, id=6004, stack(0x0000000016f50000,0x0000000017050000)]
=>0x000000001532f800 JavaThread "C2 CompilerThread1" daemon [_thread_in_native, id=11400, stack(0x0000000016a50000,0x0000000016b50000)]
  0x000000001532c000 JavaThread "C2 CompilerThread0" daemon [_thread_in_native, id=4420, stack(0x0000000016950000,0x0000000016a50000)]
  0x000000001532a800 JavaThread "Attach Listener" daemon [_thread_blocked, id=11040, stack(0x0000000016850000,0x0000000016950000)]
  0x0000000015329800 JavaThread "Signal Dispatcher" daemon [_thread_blocked, id=6288, stack(0x0000000016750000,0x0000000016850000)]
  0x0000000015308800 JavaThread "Finalizer" daemon [_thread_blocked, id=5080, stack(0x0000000016570000,0x0000000016670000)]
  0x0000000002c40000 JavaThread "Reference Handler" daemon [_thread_blocked, id=10060, stack(0x0000000016470000,0x0000000016570000)]
  0x0000000002b51000 JavaThread "main" [_thread_blocked, id=4240, stack(0x0000000002a50000,0x0000000002b50000)]

Other Threads:
  0x00000000152e5800 VMThread [stack: 0x0000000016370000,0x0000000016470000] [id=11536]
  0x0000000016b62000 WatcherThread [stack: 0x0000000017150000,0x0000000017250000] [id=10608]

VM state:not at safepoint (normal execution)

VM Mutex/Monitor currently owned by a thread: None

Heap:
 PSYoungGen      total 38400K, used 6636K [0x00000000eab00000, 0x00000000ed580000, 0x0000000100000000)
  eden space 33280K, 4% used [0x00000000eab00000,0x00000000eac81648,0x00000000ecb80000)
  from space 5120K, 99% used [0x00000000ecb80000,0x00000000ed079c88,0x00000000ed080000)
  to   space 5120K, 0% used [0x00000000ed080000,0x00000000ed080000,0x00000000ed580000)
 ParOldGen       total 87552K, used 1602K [0x00000000c0000000, 0x00000000c5580000, 0x00000000eab00000)
  object space 87552K, 1% used [0x00000000c0000000,0x00000000c0190910,0x00000000c5580000)
 Metaspace       used 6036K, capacity 6960K, committed 7040K, reserved 1056768K
  class space    used 572K, capacity 616K, committed 640K, reserved 1048576K

Card table byte_map: [0x0000000012010000,0x0000000012220000] byte_map_base: 0x0000000011a10000

Marking Bits: (ParMarkBitMap*) 0x000000006ab99d00
 Begin Bits: [0x0000000012780000, 0x0000000013780000)
 End Bits:   [0x0000000013780000, 0x0000000014780000)

Polling page: 0x0000000000de0000

CodeCache: size=245760Kb used=5400Kb max_used=5411Kb free=240359Kb
 bounds [0x0000000002c50000, 0x00000000031a0000, 0x0000000011c50000]
 total_blobs=1607 nmethods=1342 adapters=179
 compilation: enabled

Compilation events (10 events):
Event: 5.896 Thread 0x0000000016b60800 1338       3       java.util.zip.ZipFile$ZipFileInflaterInputStream::finalize (5 bytes)
Event: 5.896 Thread 0x0000000016b60800 nmethod 1338 0x0000000003192d10 code [0x0000000003192e80, 0x0000000003193028]
Event: 5.899 Thread 0x0000000016b60800 1339       3       com.android.dx.ssa.PhiTypeResolver::resolveResultType (308 bytes)
Event: 5.902 Thread 0x0000000016b60800 nmethod 1339 0x00000000031930d0 code [0x0000000003193540, 0x0000000003196938]
Event: 5.903 Thread 0x000000001532c000 1340       4       com.android.dx.rop.code.ThrowingCstInsn::<init> (51 bytes)
Event: 5.905 Thread 0x000000001532c000 nmethod 1340 0x000000000319b090 code [0x000000000319b1e0, 0x000000000319b398]
Event: 5.906 Thread 0x0000000016b60800 1341       3       com.android.dx.ssa.back.SsaToRop::verifyValidExitPredecessor (53 bytes)
Event: 5.906 Thread 0x0000000016b60800 nmethod 1341 0x000000000319a1d0 code [0x000000000319a3c0, 0x000000000319abd8]
Event: 5.907 Thread 0x000000001532c000 1342       4       com.android.dx.rop.code.Insn::getLocalAssignment (48 bytes)
Event: 5.908 Thread 0x000000001532c000 nmethod 1342 0x0000000003198a10 code [0x0000000003198b40, 0x0000000003198bf8]

GC Heap History (2 events):
Event: 5.715 GC heap before
{Heap before GC invocations=1 (full 0):
 PSYoungGen      total 38400K, used 33280K [0x00000000eab00000, 0x00000000ed580000, 0x0000000100000000)
  eden space 33280K, 100% used [0x00000000eab00000,0x00000000ecb80000,0x00000000ecb80000)
  from space 5120K, 0% used [0x00000000ed080000,0x00000000ed080000,0x00000000ed580000)
  to   space 5120K, 0% used [0x00000000ecb80000,0x00000000ecb80000,0x00000000ed080000)
 ParOldGen       total 87552K, used 0K [0x00000000c0000000, 0x00000000c5580000, 0x00000000eab00000)
  object space 87552K, 0% used [0x00000000c0000000,0x00000000c0000000,0x00000000c5580000)
 Metaspace       used 6025K, capacity 6960K, committed 7040K, reserved 1056768K
  class space    used 572K, capacity 616K, committed 640K, reserved 1048576K
Event: 5.865 GC heap after
Heap after GC invocations=1 (full 0):
 PSYoungGen      total 38400K, used 5095K [0x00000000eab00000, 0x00000000ed580000, 0x0000000100000000)
  eden space 33280K, 0% used [0x00000000eab00000,0x00000000eab00000,0x00000000ecb80000)
  from space 5120K, 99% used [0x00000000ecb80000,0x00000000ed079c88,0x00000000ed080000)
  to   space 5120K, 0% used [0x00000000ed080000,0x00000000ed080000,0x00000000ed580000)
 ParOldGen       total 87552K, used 1602K [0x00000000c0000000, 0x00000000c5580000, 0x00000000eab00000)
  object space 87552K, 1% used [0x00000000c0000000,0x00000000c0190910,0x00000000c5580000)
 Metaspace       used 6025K, capacity 6960K, committed 7040K, reserved 1056768K
  class space    used 572K, capacity 616K, committed 640K, reserved 1048576K
}

Deoptimization events (8 events):
Event: 2.274 Thread 0x0000000002b51000 Uncommon trap: reason=unstable_if action=reinterpret pc=0x0000000002d956d0 method=java.lang.String.indexOf(II)I @ 49
Event: 4.104 Thread 0x0000000016dd1800 Uncommon trap: reason=unstable_if action=reinterpret pc=0x0000000002e592a8 method=java.util.HashMap.getNode(ILjava/lang/Object;)Ljava/util/HashMap$Node; @ 62
Event: 5.099 Thread 0x0000000016dbb800 Uncommon trap: reason=unstable_if action=reinterpret pc=0x0000000002f72b90 method=com.android.dx.rop.code.RegisterSpec.equals(ILcom/android/dx/rop/type/TypeBearer;Lcom/android/dx/rop/code/LocalItem;)Z @ 16
Event: 5.099 Thread 0x0000000016dbb800 Uncommon trap: reason=unstable_if action=reinterpret pc=0x0000000002f3cae4 method=com.android.dx.rop.code.RegisterSpec.equals(ILcom/android/dx/rop/type/TypeBearer;Lcom/android/dx/rop/code/LocalItem;)Z @ 16
Event: 5.099 Thread 0x0000000016dbb800 Uncommon trap: reason=unstable_if action=reinterpret pc=0x0000000002ec2ef0 method=java.util.HashMap.getNode(ILjava/lang/Object;)Ljava/util/HashMap$Node; @ 62
Event: 5.662 Thread 0x0000000002b51000 Uncommon trap: reason=unstable_if action=reinterpret pc=0x0000000002f83d08 method=java.lang.String.<init>([CII)V @ 18
Event: 5.698 Thread 0x0000000016dc0800 Uncommon trap: reason=bimorphic action=maybe_recompile pc=0x00000000030c3ed4 method=java.util.HashMap.getNode(ILjava/lang/Object;)Ljava/util/HashMap$Node; @ 126
Event: 5.700 Thread 0x0000000016dd1800 Uncommon trap: reason=bimorphic action=maybe_recompile pc=0x00000000030c3ed4 method=java.util.HashMap.getNode(ILjava/lang/Object;)Ljava/util/HashMap$Node; @ 126

Internal exceptions (2 events):
Event: 0.120 Thread 0x0000000002b51000 Exception <a 'java/lang/NoSuchMethodError': Method sun.misc.Unsafe.defineClass(Ljava/lang/String;[BII)Ljava/lang/Class; name or signature does not match> (0x00000000eab07cc0) thrown at [C:\src\android\AOSP-openjdk\external\jetbrains\jdk\hotspot\src\share\vÚ‘!7w√æ?
Event: 0.120 Thread 0x0000000002b51000 Exception <a 'java/lang/NoSuchMethodError': Method sun.misc.Unsafe.prefetchRead(Ljava/lang/Object;J)V name or signature does not match> (0x00000000eab07fa8) thrown at [C:\src\android\AOSP-openjdk\external\jetbrains\jdk\hotspot\src\share\vm\prims\jni.cpp, l

Events (10 events):
Event: 5.662 Thread 0x0000000002b51000 DEOPT PACKING pc=0x0000000002f83d08 sp=0x0000000002b4e7b0
Event: 5.662 Thread 0x0000000002b51000 DEOPT UNPACKING pc=0x0000000002c9556a sp=0x0000000002b4e6e0 mode 2
Event: 5.698 Thread 0x0000000016dc0800 Uncommon trap: trap_request=0xffffffc6 fr.pc=0x00000000030c3ed4
Event: 5.698 Thread 0x0000000016dc0800 DEOPT PACKING pc=0x00000000030c3ed4 sp=0x000000001754e590
Event: 5.698 Thread 0x0000000016dc0800 DEOPT UNPACKING pc=0x0000000002c9556a sp=0x000000001754e4a8 mode 2
Event: 5.700 Thread 0x0000000016dd1800 Uncommon trap: trap_request=0xffffffc6 fr.pc=0x00000000030c3ed4
Event: 5.700 Thread 0x0000000016dd1800 DEOPT PACKING pc=0x00000000030c3ed4 sp=0x000000001764e950
Event: 5.700 Thread 0x0000000016dd1800 DEOPT UNPACKING pc=0x0000000002c9556a sp=0x000000001764e868 mode 2
Event: 5.715 Executing VM operation: ParallelGCFailedAllocation
Event: 5.865 Executing VM operation: ParallelGCFailedAllocation done


Dynamic libraries:
0x00007ff746610000 - 0x00007ff746641000 	C:\Program Files\Android\Android Studio\jre\bin\java.exe
0x00007ffea37f0000 - 0x00007ffea39b1000 	C:\WINDOWS\SYSTEM32\ntdll.dll
0x00007ffea2a40000 - 0x00007ffea2aed000 	C:\WINDOWS\system32\KERNEL32.DLL
0x00007ffea07e0000 - 0x00007ffea09c8000 	C:\WINDOWS\system32\KERNELBASE.dll
0x00007ffe9e600000 - 0x00007ffe9e679000 	C:\WINDOWS\system32\apphelp.dll
0x00007ffea2af0000 - 0x00007ffea2b97000 	C:\WINDOWS\system32\ADVAPI32.dll
0x00007ffea0bf0000 - 0x00007ffea0c8d000 	C:\WINDOWS\system32\msvcrt.dll
0x00007ffea0da0000 - 0x00007ffea0dfb000 	C:\WINDOWS\system32\sechost.dll
0x00007ffea2d00000 - 0x00007ffea2e1c000 	C:\WINDOWS\system32\RPCRT4.dll
0x00007ffea2ba0000 - 0x00007ffea2cf6000 	C:\WINDOWS\system32\USER32.dll
0x00007ffea3660000 - 0x00007ffea37e6000 	C:\WINDOWS\system32\GDI32.dll
0x00007ffe97940000 - 0x00007ffe97bb4000 	C:\WINDOWS\WinSxS\amd64_microsoft.windows.common-controls_6595b64144ccf1df_6.0.10586.589_none_a2ddb3caa539acce\COMCTL32.dll
0x00007ffea0f90000 - 0x00007ffea120d000 	C:\WINDOWS\system32\combase.dll
0x00007ffea0ac0000 - 0x00007ffea0b2a000 	C:\WINDOWS\system32\bcryptPrimitives.dll
0x00007ffea2940000 - 0x00007ffea297b000 	C:\WINDOWS\system32\IMM32.DLL
0x000000006a220000 - 0x000000006a2f2000 	C:\Program Files\Android\Android Studio\jre\jre\bin\msvcr100.dll
0x000000006a3e0000 - 0x000000006ac14000 	C:\Program Files\Android\Android Studio\jre\jre\bin\server\jvm.dll
0x00007ffea3210000 - 0x00007ffea3218000 	C:\WINDOWS\system32\PSAPI.DLL
0x00007ffe94a10000 - 0x00007ffe94a19000 	C:\WINDOWS\SYSTEM32\WSOCK32.dll
0x00007ffe9e380000 - 0x00007ffe9e3a3000 	C:\WINDOWS\SYSTEM32\WINMM.dll
0x00007ffea0e60000 - 0x00007ffea0ecb000 	C:\WINDOWS\system32\WS2_32.dll
0x00007ffe9e350000 - 0x00007ffe9e37c000 	C:\WINDOWS\SYSTEM32\WINMMBASE.dll
0x00007ffe9ff50000 - 0x00007ffe9ff93000 	C:\WINDOWS\system32\cfgmgr32.dll
0x00007ffe93e30000 - 0x00007ffe93e3a000 	C:\WINDOWS\SYSTEM32\VERSION.dll
0x00007ffe98290000 - 0x00007ffe9829f000 	C:\Program Files\Android\Android Studio\jre\jre\bin\verify.dll
0x00007ffe946f0000 - 0x00007ffe94719000 	C:\Program Files\Android\Android Studio\jre\jre\bin\java.dll
0x00007ffe98210000 - 0x00007ffe98226000 	C:\Program Files\Android\Android Studio\jre\jre\bin\zip.dll
0x00007ffea1370000 - 0x00007ffea28cc000 	C:\WINDOWS\system32\SHELL32.dll
0x00007ffe9ffa0000 - 0x00007ffea05e5000 	C:\WINDOWS\system32\windows.storage.dll
0x00007ffea0e00000 - 0x00007ffea0e52000 	C:\WINDOWS\system32\shlwapi.dll
0x00007ffe9fe90000 - 0x00007ffe9fe9f000 	C:\WINDOWS\system32\kernel.appcore.dll
0x00007ffea0b30000 - 0x00007ffea0be5000 	C:\WINDOWS\system32\shcore.dll
0x00007ffe9fe10000 - 0x00007ffe9fe5b000 	C:\WINDOWS\system32\powrprof.dll
0x00007ffe9fe70000 - 0x00007ffe9fe84000 	C:\WINDOWS\system32\profapi.dll

VM Arguments:
jvm_args: -Djava.awt.headless=true -Xmx1024M -Dfile.encoding=windows-1252 -Duser.country=US -Duser.language=en -Duser.variant 
java_command: com.android.dx.command.Main --dex --force-jumbo --num-threads=4 --multi-dex --output C:\Users\Mohamed-A.Radwan\AndroidStudioProjects\MyApplication\app\build\intermediates\transforms\dex\debug\folders\1000\10\com.google.android.gms-play-services-auth-9.2.1_f0a6970e2bb411018515009a642deff3745d75bd C:\Users\Mohamed-A.Radwan\AndroidStudioProjects\MyApplication\app\build\intermediates\exploded-aar\com.google.android.gms\play-services-auth\9.2.1\jars\classes.jar
java_class_path (initial): C:\Android\sdk\build-tools\23.0.3\lib\dx.jar
Launcher Type: SUN_STANDARD

Environment Variables:
PATH=C:\WINDOWS\system32;C:\WINDOWS;C:\WINDOWS\System32\Wbem;C:\WINDOWS\System32\WindowsPowerShell\v1.0\;C:\Program Files (x86)\AMD\ATI.ACE\Core-Static;C:\Program Files (x86)\Brackets\command;C:\Program Files (x86)\NVIDIA Corporation\PhysX\Common;C:\Program Files (x86)\Windows Kits\10\Windows Performance Toolkit\
USERNAME=Mohamed-A.Radwan
OS=Windows_NT
PROCESSOR_IDENTIFIER=Intel64 Family 6 Model 69 Stepping 1, GenuineIntel



---------------  S Y S T E M  ---------------

OS: Windows 10.0 , 64 bit Build 10586 (10.0.10586.589)

CPU:total 4 (2 cores per cpu, 2 threads per core) family 6 model 69 stepping 1, cmov, cx8, fxsr, mmx, sse, sse2, sse3, ssse3, sse4.1, sse4.2, popcnt, avx, avx2, aes, clmul, erms, lzcnt, ht, tsc, tscinvbit, bmi1, bmi2

Memory: 4k page, physical 8274284k(1336092k free), swap 13989228k(4164k free)

vm_info: OpenJDK 64-Bit Server VM (25.76-b03) for windows-amd64 JRE (1.8.0_76-release-b03), built on Jun 29 2016 19:09:20 by "ralucas" with MS VC++ 10.0 (VS2010)

time: Wed Sep 21 01:30:22 2016
elapsed time: 5 seconds (0d 0h 0m 5s)

