#
# There is insufficient memory for the Java Runtime Environment to continue.
# Native memory allocation (malloc) failed to allocate 253136 bytes for Chunk::new
# Possible reasons:
#   The system is out of physical RAM or swap space
#   In 32 bit mode, the process size limit was hit
# Possible solutions:
#   Reduce memory load on the system
#   Increase physical memory or swap space
#   Check if swap backing store is full
#   Use 64 bit Java on a 64 bit OS
#   Decrease Java heap size (-Xmx/-Xms)
#   Decrease number of Java threads
#   Decrease Java thread stack sizes (-Xss)
#   Set larger code cache with -XX:ReservedCodeCacheSize=
# This output file may be truncated or incomplete.
#
#  Out of Memory Error (allocation.cpp:390), pid=8004, tid=0x00000000000024f0
#
# JRE version: OpenJDK Runtime Environment (8.0_76-b03) (build 1.8.0_76-release-b03)
# Java VM: OpenJDK 64-Bit Server VM (25.76-b03 mixed mode windows-amd64 compressed oops)
# Failed to write core dump. Minidumps are not enabled by default on client versions of Windows
#

---------------  T H R E A D  ---------------

Current thread (0x0000000014fd6800):  JavaThread "C2 CompilerThread0" daemon [_thread_in_native, id=9456, stack(0x0000000016630000,0x0000000016730000)]

Stack: [0x0000000016630000,0x0000000016730000]
[error occurred during error reporting (printing stack bounds), id 0xc0000005]

Native frames: (J=compiled Java code, j=interpreted, Vv=VM code, C=native code)


Current CompileTask:
C2:  11702 1248   !   4       com.android.dx.cf.code.BytecodeArray::parseInstruction (2764 bytes)


---------------  P R O C E S S  ---------------

Java Threads: ( => current thread )
  0x0000000016c03000 JavaThread "pool-2-thread-4" [_thread_in_Java, id=3932, stack(0x0000000017330000,0x0000000017430000)]
  0x0000000016c02800 JavaThread "pool-2-thread-3" [_thread_blocked, id=9372, stack(0x0000000017230000,0x0000000017330000)]
  0x0000000016bae000 JavaThread "pool-2-thread-2" [_thread_blocked, id=9940, stack(0x0000000017130000,0x0000000017230000)]
  0x0000000016bad800 JavaThread "pool-3-thread-1" [_thread_blocked, id=10324, stack(0x0000000017030000,0x0000000017130000)]
  0x0000000016ba8800 JavaThread "pool-2-thread-1" [_thread_blocked, id=8448, stack(0x0000000016f30000,0x0000000017030000)]
  0x000000001502e800 JavaThread "Service Thread" daemon [_thread_blocked, id=11524, stack(0x0000000016d30000,0x0000000016e30000)]
  0x0000000015022800 JavaThread "C1 CompilerThread2" daemon [_thread_blocked, id=11368, stack(0x0000000016830000,0x0000000016930000)]
  0x0000000014fd9800 JavaThread "C2 CompilerThread1" daemon [_thread_in_native, id=12024, stack(0x0000000016730000,0x0000000016830000)]
=>0x0000000014fd6800 JavaThread "C2 CompilerThread0" daemon [_thread_in_native, id=9456, stack(0x0000000016630000,0x0000000016730000)]
  0x0000000014fd5000 JavaThread "Attach Listener" daemon [_thread_blocked, id=9744, stack(0x0000000016530000,0x0000000016630000)]
  0x0000000014fd4000 JavaThread "Signal Dispatcher" daemon [_thread_blocked, id=7064, stack(0x0000000016430000,0x0000000016530000)]
  0x0000000014fb8800 JavaThread "Finalizer" daemon [_thread_blocked, id=4404, stack(0x0000000016250000,0x0000000016350000)]
  0x00000000028f0000 JavaThread "Reference Handler" daemon [_thread_blocked, id=3248, stack(0x0000000016150000,0x0000000016250000)]
  0x0000000002801000 JavaThread "main" [_thread_blocked, id=9056, stack(0x0000000002570000,0x0000000002670000)]

Other Threads:
  0x0000000014f95800 VMThread [stack: 0x0000000016050000,0x0000000016150000] [id=9708]
  0x000000001693c800 WatcherThread [stack: 0x0000000016e30000,0x0000000016f30000] [id=4572]

VM state:not at safepoint (normal execution)

VM Mutex/Monitor currently owned by a thread:  ([mutex/lock_event])
[0x0000000000d9bed0] Heap_lock - owner thread: 0x0000000002801000

Heap:
 PSYoungGen      total 38400K, used 5501K [0x00000000eab00000, 0x00000000ed580000, 0x0000000100000000)
  eden space 33280K, 1% used [0x00000000eab00000,0x00000000eab622f8,0x00000000ecb80000)
  from space 5120K, 99% used [0x00000000ecb80000,0x00000000ed07d2b8,0x00000000ed080000)
  to   space 5120K, 0% used [0x00000000ed080000,0x00000000ed080000,0x00000000ed580000)
 ParOldGen       total 87552K, used 1136K [0x00000000c0000000, 0x00000000c5580000, 0x00000000eab00000)
  object space 87552K, 1% used [0x00000000c0000000,0x00000000c011c058,0x00000000c5580000)
 Metaspace       used 5977K, capacity 6960K, committed 7040K, reserved 1056768K
  class space    used 572K, capacity 616K, committed 640K, reserved 1048576K

Card table byte_map: [0x0000000011cc0000,0x0000000011ed0000] byte_map_base: 0x00000000116c0000

Marking Bits: (ParMarkBitMap*) 0x000000006ab99d00
 Begin Bits: [0x0000000012430000, 0x0000000013430000)
 End Bits:   [0x0000000013430000, 0x0000000014430000)

Polling page: 0x0000000000d30000

CodeCache: size=245760Kb used=5097Kb max_used=5112Kb free=240662Kb
 bounds [0x0000000002900000, 0x0000000002e10000, 0x0000000011900000]
 total_blobs=1532 nmethods=1266 adapters=180
 compilation: enabled

Compilation events (10 events):
Event: 11.387 Thread 0x0000000015022800 nmethod 1270 0x0000000002df2910 code [0x0000000002df2aa0, 0x0000000002df2f50]
Event: 11.387 Thread 0x0000000015022800 1273       3       com.android.dx.util.LabeledList::set (45 bytes)
Event: 11.388 Thread 0x0000000015022800 nmethod 1273 0x0000000002df3210 code [0x0000000002df3440, 0x0000000002df41a8]
Event: 11.388 Thread 0x0000000015022800 1267       3       com.android.dx.ssa.DomFront::run (264 bytes)
Event: 11.393 Thread 0x0000000015022800 nmethod 1267 0x0000000002df4990 code [0x0000000002df4f00, 0x0000000002df8568]
Event: 11.393 Thread 0x0000000015022800 1268       3       com.android.dx.ssa.ConstCollector::getConstsSortedByCountUse (386 bytes)
Event: 11.631 Thread 0x0000000014fd9800 nmethod 1244 0x0000000002dfe410 code [0x0000000002dfe600, 0x0000000002dff998]
Event: 11.631 Thread 0x0000000014fd9800 1265       4       com.android.dx.ssa.SsaRenamer$BlockRenamer::addMapping (143 bytes)
Event: 11.657 Thread 0x0000000014fd9800 nmethod 1265 0x0000000002e00dd0 code [0x0000000002e00f60, 0x0000000002e01cb8]
Event: 11.658 Thread 0x0000000014fd9800 1276       4       com.android.dx.ssa.SsaMethod::computeReachability (131 bytes)

GC Heap History (2 events):
Event: 11.399 GC heap before
{Heap before GC invocations=1 (full 0):
 PSYoungGen      total 38400K, used 33280K [0x00000000eab00000, 0x00000000ed580000, 0x0000000100000000)
  eden space 33280K, 100% used [0x00000000eab00000,0x00000000ecb80000,0x00000000ecb80000)
  from space 5120K, 0% used [0x00000000ed080000,0x00000000ed080000,0x00000000ed580000)
  to   space 5120K, 0% used [0x00000000ecb80000,0x00000000ecb80000,0x00000000ed080000)
 ParOldGen       total 87552K, used 0K [0x00000000c0000000, 0x00000000c5580000, 0x00000000eab00000)
  object space 87552K, 0% used [0x00000000c0000000,0x00000000c0000000,0x00000000c5580000)
 Metaspace       used 5977K, capacity 6960K, committed 7040K, reserved 1056768K
  class space    used 572K, capacity 616K, committed 640K, reserved 1048576K
Event: 11.629 GC heap after
Heap after GC invocations=1 (full 0):
 PSYoungGen      total 38400K, used 5108K [0x00000000eab00000, 0x00000000ed580000, 0x0000000100000000)
  eden space 33280K, 0% used [0x00000000eab00000,0x00000000eab00000,0x00000000ecb80000)
  from space 5120K, 99% used [0x00000000ecb80000,0x00000000ed07d2b8,0x00000000ed080000)
  to   space 5120K, 0% used [0x00000000ed080000,0x00000000ed080000,0x00000000ed580000)
 ParOldGen       total 87552K, used 1136K [0x00000000c0000000, 0x00000000c5580000, 0x00000000eab00000)
  object space 87552K, 1% used [0x00000000c0000000,0x00000000c011c058,0x00000000c5580000)
 Metaspace       used 5977K, capacity 6960K, committed 7040K, reserved 1056768K
  class space    used 572K, capacity 616K, committed 640K, reserved 1048576K
}

Deoptimization events (8 events):
Event: 10.587 Thread 0x0000000016bae000 Uncommon trap: reason=unstable_if action=reinterpret pc=0x0000000002b22e38 method=java.util.HashMap.getNode(ILjava/lang/Object;)Ljava/util/HashMap$Node; @ 62
Event: 10.619 Thread 0x0000000016c03000 Uncommon trap: reason=class_check action=maybe_recompile pc=0x0000000002b7a170 method=com.android.dx.ssa.NormalSsaInsn.accept(Lcom/android/dx/ssa/SsaInsn$Visitor;)V @ 9
Event: 11.045 Thread 0x0000000016ba8800 Uncommon trap: reason=unstable_if action=reinterpret pc=0x0000000002b3ef70 method=java.util.BitSet.nextSetBit(I)I @ 87
Event: 11.317 Thread 0x0000000016ba8800 Uncommon trap: reason=unstable_if action=reinterpret pc=0x0000000002cc852c method=com.android.dx.rop.code.RegisterSpecSet.put(Lcom/android/dx/rop/code/RegisterSpec;)V @ 77
Event: 11.317 Thread 0x0000000016ba8800 Uncommon trap: reason=unstable_if action=reinterpret pc=0x0000000002d5136c method=com.android.dx.rop.code.RegisterSpecSet.put(Lcom/android/dx/rop/code/RegisterSpec;)V @ 77
Event: 11.371 Thread 0x0000000016c02800 Uncommon trap: reason=unstable_if action=reinterpret pc=0x0000000002dcdf78 method=com.android.dx.cf.code.Ropper.labelToResultIndex(I)I @ 34
Event: 11.374 Thread 0x0000000016bae000 Uncommon trap: reason=unstable_if action=reinterpret pc=0x0000000002d67e3c method=com.android.dx.util.IntList.binarysearch(I)I @ 105
Event: 11.384 Thread 0x0000000016c02800 Uncommon trap: reason=unstable_if action=reinterpret pc=0x0000000002d93f20 method=com.android.dx.util.LabeledList.set(ILcom/android/dx/util/LabeledItem;)V @ 16

Internal exceptions (2 events):
Event: 2.405 Thread 0x0000000002801000 Exception <a 'java/lang/NoSuchMethodError': Method sun.misc.Unsafe.defineClass(Ljava/lang/String;[BII)Ljava/lang/Class; name or signature does not match> (0x00000000eab07cc0) thrown at [C:\src\android\AOSP-openjdk\external\jetbrains\jdk\hotspot\src\share\vêÓ§OŸ>@
Event: 2.406 Thread 0x0000000002801000 Exception <a 'java/lang/NoSuchMethodError': Method sun.misc.Unsafe.prefetchRead(Ljava/lang/Object;J)V name or signature does not match> (0x00000000eab07fa8) thrown at [C:\src\android\AOSP-openjdk\external\jetbrains\jdk\hotspot\src\share\vm\prims\jni.cpp, l

Events (10 events):
Event: 11.371 Thread 0x0000000016c02800 DEOPT PACKING pc=0x0000000002dcdf78 sp=0x000000001732e960
Event: 11.371 Thread 0x0000000016c02800 DEOPT UNPACKING pc=0x000000000294556a sp=0x000000001732e908 mode 2
Event: 11.374 Thread 0x0000000016bae000 Uncommon trap: trap_request=0xffffff65 fr.pc=0x0000000002d67e3c
Event: 11.374 Thread 0x0000000016bae000 DEOPT PACKING pc=0x0000000002d67e3c sp=0x000000001722ec30
Event: 11.374 Thread 0x0000000016bae000 DEOPT UNPACKING pc=0x000000000294556a sp=0x000000001722eba8 mode 2
Event: 11.384 Thread 0x0000000016c02800 Uncommon trap: trap_request=0xffffff65 fr.pc=0x0000000002d93f20
Event: 11.384 Thread 0x0000000016c02800 DEOPT PACKING pc=0x0000000002d93f20 sp=0x000000001732e7c0
Event: 11.384 Thread 0x0000000016c02800 DEOPT UNPACKING pc=0x000000000294556a sp=0x000000001732e7a8 mode 2
Event: 11.399 Executing VM operation: ParallelGCFailedAllocation
Event: 11.629 Executing VM operation: ParallelGCFailedAllocation done


Dynamic libraries:
0x00007ff746610000 - 0x00007ff746641000 	C:\Program Files\Android\Android Studio\jre\bin\java.exe
0x00007ffea37f0000 - 0x00007ffea39b1000 	C:\WINDOWS\SYSTEM32\ntdll.dll
0x00007ffea2a40000 - 0x00007ffea2aed000 	C:\WINDOWS\system32\KERNEL32.DLL
0x00007ffea07e0000 - 0x00007ffea09c8000 	C:\WINDOWS\system32\KERNELBASE.dll
0x00007ffe9e600000 - 0x00007ffe9e679000 	C:\WINDOWS\system32\apphelp.dll
0x00007ffea2af0000 - 0x00007ffea2b97000 	C:\WINDOWS\system32\ADVAPI32.dll
0x00007ffea0bf0000 - 0x00007ffea0c8d000 	C:\WINDOWS\system32\msvcrt.dll
0x00007ffea0da0000 - 0x00007ffea0dfb000 	C:\WINDOWS\system32\sechost.dll
0x00007ffea2d00000 - 0x00007ffea2e1c000 	C:\WINDOWS\system32\RPCRT4.dll
0x00007ffea2ba0000 - 0x00007ffea2cf6000 	C:\WINDOWS\system32\USER32.dll
0x00007ffea3660000 - 0x00007ffea37e6000 	C:\WINDOWS\system32\GDI32.dll
0x00007ffe97940000 - 0x00007ffe97bb4000 	C:\WINDOWS\WinSxS\amd64_microsoft.windows.common-controls_6595b64144ccf1df_6.0.10586.589_none_a2ddb3caa539acce\COMCTL32.dll
0x00007ffea0f90000 - 0x00007ffea120d000 	C:\WINDOWS\system32\combase.dll
0x00007ffea0ac0000 - 0x00007ffea0b2a000 	C:\WINDOWS\system32\bcryptPrimitives.dll
0x00007ffea2940000 - 0x00007ffea297b000 	C:\WINDOWS\system32\IMM32.DLL
0x000000006a220000 - 0x000000006a2f2000 	C:\Program Files\Android\Android Studio\jre\jre\bin\msvcr100.dll
0x000000006a3e0000 - 0x000000006ac14000 	C:\Program Files\Android\Android Studio\jre\jre\bin\server\jvm.dll
0x00007ffea3210000 - 0x00007ffea3218000 	C:\WINDOWS\system32\PSAPI.DLL
0x00007ffe94a10000 - 0x00007ffe94a19000 	C:\WINDOWS\SYSTEM32\WSOCK32.dll
0x00007ffea0e60000 - 0x00007ffea0ecb000 	C:\WINDOWS\system32\WS2_32.dll
0x00007ffe9e380000 - 0x00007ffe9e3a3000 	C:\WINDOWS\SYSTEM32\WINMM.dll
0x00007ffe93e30000 - 0x00007ffe93e3a000 	C:\WINDOWS\SYSTEM32\VERSION.dll
0x00007ffe9e350000 - 0x00007ffe9e37c000 	C:\WINDOWS\SYSTEM32\WINMMBASE.dll
0x00007ffe9ff50000 - 0x00007ffe9ff93000 	C:\WINDOWS\system32\cfgmgr32.dll
0x00007ffe98290000 - 0x00007ffe9829f000 	C:\Program Files\Android\Android Studio\jre\jre\bin\verify.dll
0x00007ffe946f0000 - 0x00007ffe94719000 	C:\Program Files\Android\Android Studio\jre\jre\bin\java.dll
0x00007ffe98210000 - 0x00007ffe98226000 	C:\Program Files\Android\Android Studio\jre\jre\bin\zip.dll
0x00007ffea1370000 - 0x00007ffea28cc000 	C:\WINDOWS\system32\SHELL32.dll
0x00007ffe9ffa0000 - 0x00007ffea05e5000 	C:\WINDOWS\system32\windows.storage.dll
0x00007ffea0e00000 - 0x00007ffea0e52000 	C:\WINDOWS\system32\shlwapi.dll
0x00007ffe9fe90000 - 0x00007ffe9fe9f000 	C:\WINDOWS\system32\kernel.appcore.dll
0x00007ffea0b30000 - 0x00007ffea0be5000 	C:\WINDOWS\system32\shcore.dll
0x00007ffe9fe10000 - 0x00007ffe9fe5b000 	C:\WINDOWS\system32\powrprof.dll
0x00007ffe9fe70000 - 0x00007ffe9fe84000 	C:\WINDOWS\system32\profapi.dll

VM Arguments:
jvm_args: -Djava.awt.headless=true -Xmx1024M -Dfile.encoding=windows-1252 -Duser.country=US -Duser.language=en -Duser.variant 
java_command: com.android.dx.command.Main --dex --force-jumbo --num-threads=4 --multi-dex --output C:\Users\Mohamed-A.Radwan\AndroidStudioProjects\MyApplication\app\build\intermediates\transforms\dex\debug\folders\1000\10\httpclient-4.3.6_480efa455ebf084cd22b65b349ec102f73561db3 C:\Users\Mohamed-A.Radwan\.gradle\caches\modules-2\files-2.1\cz.msebera.android\httpclient\4.3.6\526a9f794eab830eae4f23a62c572878b3f491ab\httpclient-4.3.6.jar
java_class_path (initial): C:\Android\sdk\build-tools\23.0.3\lib\dx.jar
Launcher Type: SUN_STANDARD

Environment Variables:
PATH=C:\WINDOWS\system32;C:\WINDOWS;C:\WINDOWS\System32\Wbem;C:\WINDOWS\System32\WindowsPowerShell\v1.0\;C:\Program Files (x86)\AMD\ATI.ACE\Core-Static;C:\Program Files (x86)\Brackets\command;C:\Program Files (x86)\NVIDIA Corporation\PhysX\Common;C:\Program Files (x86)\Windows Kits\10\Windows Performance Toolkit\
USERNAME=Mohamed-A.Radwan
OS=Windows_NT
PROCESSOR_IDENTIFIER=Intel64 Family 6 Model 69 Stepping 1, GenuineIntel



---------------  S Y S T E M  ---------------

OS: Windows 10.0 , 64 bit Build 10586 (10.0.10586.589)

CPU:total 4 (2 cores per cpu, 2 threads per core) family 6 model 69 stepping 1, cmov, cx8, fxsr, mmx, sse, sse2, sse3, ssse3, sse4.1, sse4.2, popcnt, avx, avx2, aes, clmul, erms, lzcnt, ht, tsc, tscinvbit, bmi1, bmi2

Memory: 4k page, physical 8274284k(1326056k free), swap 13989228k(4712k free)

vm_info: OpenJDK 64-Bit Server VM (25.76-b03) for windows-amd64 JRE (1.8.0_76-release-b03), built on Jun 29 2016 19:09:20 by "ralucas" with MS VC++ 10.0 (VS2010)

time: Wed Sep 21 01:25:18 2016
elapsed time: 11 seconds (0d 0h 0m 11s)

