#
# There is insufficient memory for the Java Runtime Environment to continue.
# Native memory allocation (malloc) failed to allocate 337216 bytes for Chunk::new
# Possible reasons:
#   The system is out of physical RAM or swap space
#   In 32 bit mode, the process size limit was hit
# Possible solutions:
#   Reduce memory load on the system
#   Increase physical memory or swap space
#   Check if swap backing store is full
#   Use 64 bit Java on a 64 bit OS
#   Decrease Java heap size (-Xmx/-Xms)
#   Decrease number of Java threads
#   Decrease Java thread stack sizes (-Xss)
#   Set larger code cache with -XX:ReservedCodeCacheSize=
# This output file may be truncated or incomplete.
#
#  Out of Memory Error (allocation.cpp:390), pid=3292, tid=0x0000000000002d64
#
# JRE version: OpenJDK Runtime Environment (8.0_76-b03) (build 1.8.0_76-release-b03)
# Java VM: OpenJDK 64-Bit Server VM (25.76-b03 mixed mode windows-amd64 compressed oops)
# Failed to write core dump. Minidumps are not enabled by default on client versions of Windows
#

---------------  T H R E A D  ---------------

Current thread (0x0000000014fff800):  JavaThread "C2 CompilerThread1" daemon [_thread_in_native, id=11620, stack(0x00000000166e0000,0x00000000167e0000)]

Stack: [0x00000000166e0000,0x00000000167e0000]
[error occurred during error reporting (printing stack bounds), id 0xc0000005]

Native frames: (J=compiled Java code, j=interpreted, Vv=VM code, C=native code)


Current CompileTask:
C2:   2011 1146       4       com.android.dx.ssa.SCCP::simulateStmt (481 bytes)


---------------  P R O C E S S  ---------------

Java Threads: ( => current thread )
  0x0000000016b5f800 JavaThread "pool-2-thread-4" [_thread_in_Java, id=992, stack(0x00000000172e0000,0x00000000173e0000)]
  0x0000000016b5f000 JavaThread "pool-2-thread-3" [_thread_blocked, id=8564, stack(0x00000000171e0000,0x00000000172e0000)]
  0x0000000016b5b800 JavaThread "pool-2-thread-2" [_thread_blocked, id=6192, stack(0x00000000170e0000,0x00000000171e0000)]
  0x0000000016b58800 JavaThread "pool-3-thread-1" [_thread_blocked, id=10772, stack(0x0000000016fe0000,0x00000000170e0000)]
  0x0000000016b58000 JavaThread "pool-2-thread-1" [_thread_blocked, id=3388, stack(0x0000000016ee0000,0x0000000016fe0000)]
  0x00000000168e3800 JavaThread "Service Thread" daemon [_thread_blocked, id=5904, stack(0x0000000016ce0000,0x0000000016de0000)]
  0x000000001500a800 JavaThread "C1 CompilerThread2" daemon [_thread_in_native, id=11640, stack(0x00000000167e0000,0x00000000168e0000)]
=>0x0000000014fff800 JavaThread "C2 CompilerThread1" daemon [_thread_in_native, id=11620, stack(0x00000000166e0000,0x00000000167e0000)]
  0x0000000014fb6800 JavaThread "C2 CompilerThread0" daemon [_thread_blocked, id=1964, stack(0x00000000165e0000,0x00000000166e0000)]
  0x0000000014fb5000 JavaThread "Attach Listener" daemon [_thread_blocked, id=1112, stack(0x00000000164e0000,0x00000000165e0000)]
  0x0000000014fb4000 JavaThread "Signal Dispatcher" daemon [_thread_blocked, id=8368, stack(0x00000000163e0000,0x00000000164e0000)]
  0x0000000014f97800 JavaThread "Finalizer" daemon [_thread_blocked, id=4340, stack(0x0000000016200000,0x0000000016300000)]
  0x00000000028d1000 JavaThread "Reference Handler" daemon [_thread_blocked, id=10576, stack(0x0000000016100000,0x0000000016200000)]
  0x00000000027e1000 JavaThread "main" [_thread_blocked, id=6364, stack(0x00000000026e0000,0x00000000027e0000)]

Other Threads:
  0x0000000014f74800 VMThread [stack: 0x0000000016000000,0x0000000016100000] [id=1512]
  0x00000000168e4800 WatcherThread [stack: 0x0000000016de0000,0x0000000016ee0000] [id=3268]

VM state:not at safepoint (normal execution)

VM Mutex/Monitor currently owned by a thread: None

Heap:
 PSYoungGen      total 38400K, used 32645K [0x00000000eab00000, 0x00000000ed580000, 0x0000000100000000)
  eden space 33280K, 98% used [0x00000000eab00000,0x00000000ecae1760,0x00000000ecb80000)
  from space 5120K, 0% used [0x00000000ed080000,0x00000000ed080000,0x00000000ed580000)
  to   space 5120K, 0% used [0x00000000ecb80000,0x00000000ecb80000,0x00000000ed080000)
 ParOldGen       total 87552K, used 0K [0x00000000c0000000, 0x00000000c5580000, 0x00000000eab00000)
  object space 87552K, 0% used [0x00000000c0000000,0x00000000c0000000,0x00000000c5580000)
 Metaspace       used 5892K, capacity 6896K, committed 7040K, reserved 1056768K
  class space    used 571K, capacity 616K, committed 640K, reserved 1048576K

Card table byte_map: [0x0000000011ca0000,0x0000000011eb0000] byte_map_base: 0x00000000116a0000

Marking Bits: (ParMarkBitMap*) 0x000000006ab99d00
 Begin Bits: [0x0000000012410000, 0x0000000013410000)
 End Bits:   [0x0000000013410000, 0x0000000014410000)

Polling page: 0x00000000025e0000

CodeCache: size=245760Kb used=4698Kb max_used=4703Kb free=241061Kb
 bounds [0x00000000028e0000, 0x0000000002d80000, 0x00000000118e0000]
 total_blobs=1448 nmethods=1182 adapters=179
 compilation: enabled

Compilation events (10 events):
Event: 2.008 Thread 0x000000001500a800 nmethod 1174 0x0000000002d72490 code [0x0000000002d726a0, 0x0000000002d73168]
Event: 2.008 Thread 0x000000001500a800 1175       3       com.android.dx.ssa.back.LivenessAnalyzer::constructInterferenceGraph (47 bytes)
Event: 2.008 Thread 0x000000001500a800 nmethod 1175 0x0000000002d67650 code [0x0000000002d67800, 0x0000000002d67c38]
Event: 2.008 Thread 0x000000001500a800 1176       3       com.android.dx.ssa.back.FirstFitLocalCombiningAllocator::handleUnassociatedParameters (60 bytes)
Event: 2.009 Thread 0x000000001500a800 nmethod 1176 0x0000000002d66b50 code [0x0000000002d66d00, 0x0000000002d673b8]
Event: 2.009 Thread 0x000000001500a800 1177       3       com.android.dx.rop.cst.CstBaseMethodRef::isInstanceInit (8 bytes)
Event: 2.009 Thread 0x000000001500a800 nmethod 1177 0x0000000002d75890 code [0x0000000002d75a00, 0x0000000002d75e28]
Event: 2.009 Thread 0x000000001500a800 1178       3       com.android.dx.rop.cst.CstMethodRef::<init> (7 bytes)
Event: 2.009 Thread 0x000000001500a800 nmethod 1178 0x0000000002d75f90 code [0x0000000002d76120, 0x0000000002d76538]
Event: 2.009 Thread 0x000000001500a800 1179       3       com.android.dx.dex.code.RopTranslator$TranslationVisitor::getNextMoveResultPseudo (55 bytes)

GC Heap History (0 events):
No events

Deoptimization events (4 events):
Event: 1.107 Thread 0x0000000016b5b800 Uncommon trap: reason=unstable_if action=reinterpret pc=0x0000000002b07390 method=java.util.HashMap.getNode(ILjava/lang/Object;)Ljava/util/HashMap$Node; @ 129
Event: 1.232 Thread 0x0000000016b5f000 Uncommon trap: reason=unstable_if action=reinterpret pc=0x0000000002b100b0 method=java.util.BitSet.nextSetBit(I)I @ 87
Event: 1.278 Thread 0x0000000016b58000 Uncommon trap: reason=unstable_if action=reinterpret pc=0x0000000002b682f4 method=java.util.BitSet.ensureCapacity(I)V @ 6
Event: 1.972 Thread 0x00000000027e1000 Uncommon trap: reason=null_check action=make_not_entrant pc=0x0000000002c608a8 method=com.android.dx.rop.type.Type.equals(Ljava/lang/Object;)Z @ 8

Internal exceptions (3 events):
Event: 0.076 Thread 0x00000000027e1000 Exception <a 'java/lang/NoSuchMethodError': Method sun.misc.Unsafe.defineClass(Ljava/lang/String;[BII)Ljava/lang/Class; name or signature does not match> (0x00000000eab07cc0) thrown at [C:\src\android\AOSP-openjdk\external\jetbrains\jdk\hotspot\src\share\v{äSiê≥?
Event: 0.076 Thread 0x00000000027e1000 Exception <a 'java/lang/NoSuchMethodError': Method sun.misc.Unsafe.prefetchRead(Ljava/lang/Object;J)V name or signature does not match> (0x00000000eab07fa8) thrown at [C:\src\android\AOSP-openjdk\external\jetbrains\jdk\hotspot\src\share\vm\prims\jni.cpp, lñ8h˚éˇ?
Event: 1.972 Thread 0x00000000027e1000 Implicit null exception at 0x0000000002c607a2 to 0x0000000002c6089a

Events (10 events):
Event: 1.335 loading class com/android/dx/rop/code/LocalItem done
Event: 1.362 Executing VM operation: ForceSafepoint
Event: 1.463 Executing VM operation: ForceSafepoint done
Event: 1.525 loading class java/util/DualPivotQuicksort
Event: 1.526 loading class java/util/DualPivotQuicksort done
Event: 1.972 Thread 0x00000000027e1000 Uncommon trap: trap_request=0xfffffff4 fr.pc=0x0000000002c608a8
Event: 1.972 Thread 0x00000000027e1000 DEOPT PACKING pc=0x0000000002c608a8 sp=0x00000000027ddd80
Event: 1.972 Thread 0x00000000027e1000 DEOPT UNPACKING pc=0x000000000292556a sp=0x00000000027ddd08 mode 2
Event: 2.001 Executing VM operation: ForceSafepoint
Event: 2.001 Executing VM operation: ForceSafepoint done


Dynamic libraries:
0x00007ff746610000 - 0x00007ff746641000 	C:\Program Files\Android\Android Studio\jre\bin\java.exe
0x00007ffea37f0000 - 0x00007ffea39b1000 	C:\WINDOWS\SYSTEM32\ntdll.dll
0x00007ffea2a40000 - 0x00007ffea2aed000 	C:\WINDOWS\system32\KERNEL32.DLL
0x00007ffea07e0000 - 0x00007ffea09c8000 	C:\WINDOWS\system32\KERNELBASE.dll
0x00007ffe9e600000 - 0x00007ffe9e679000 	C:\WINDOWS\system32\apphelp.dll
0x00007ffea2af0000 - 0x00007ffea2b97000 	C:\WINDOWS\system32\ADVAPI32.dll
0x00007ffea0bf0000 - 0x00007ffea0c8d000 	C:\WINDOWS\system32\msvcrt.dll
0x00007ffea0da0000 - 0x00007ffea0dfb000 	C:\WINDOWS\system32\sechost.dll
0x00007ffea2d00000 - 0x00007ffea2e1c000 	C:\WINDOWS\system32\RPCRT4.dll
0x00007ffea2ba0000 - 0x00007ffea2cf6000 	C:\WINDOWS\system32\USER32.dll
0x00007ffea3660000 - 0x00007ffea37e6000 	C:\WINDOWS\system32\GDI32.dll
0x00007ffe97940000 - 0x00007ffe97bb4000 	C:\WINDOWS\WinSxS\amd64_microsoft.windows.common-controls_6595b64144ccf1df_6.0.10586.589_none_a2ddb3caa539acce\COMCTL32.dll
0x00007ffea0f90000 - 0x00007ffea120d000 	C:\WINDOWS\system32\combase.dll
0x00007ffea0ac0000 - 0x00007ffea0b2a000 	C:\WINDOWS\system32\bcryptPrimitives.dll
0x00007ffea2940000 - 0x00007ffea297b000 	C:\WINDOWS\system32\IMM32.DLL
0x000000006a220000 - 0x000000006a2f2000 	C:\Program Files\Android\Android Studio\jre\jre\bin\msvcr100.dll
0x000000006a3e0000 - 0x000000006ac14000 	C:\Program Files\Android\Android Studio\jre\jre\bin\server\jvm.dll
0x00007ffea3210000 - 0x00007ffea3218000 	C:\WINDOWS\system32\PSAPI.DLL
0x00007ffe94a10000 - 0x00007ffe94a19000 	C:\WINDOWS\SYSTEM32\WSOCK32.dll
0x00007ffea0e60000 - 0x00007ffea0ecb000 	C:\WINDOWS\system32\WS2_32.dll
0x00007ffe9e380000 - 0x00007ffe9e3a3000 	C:\WINDOWS\SYSTEM32\WINMM.dll
0x00007ffe93e30000 - 0x00007ffe93e3a000 	C:\WINDOWS\SYSTEM32\VERSION.dll
0x00007ffe9e350000 - 0x00007ffe9e37c000 	C:\WINDOWS\SYSTEM32\WINMMBASE.dll
0x00007ffe9ff50000 - 0x00007ffe9ff93000 	C:\WINDOWS\system32\cfgmgr32.dll
0x00007ffe98290000 - 0x00007ffe9829f000 	C:\Program Files\Android\Android Studio\jre\jre\bin\verify.dll
0x00007ffe946f0000 - 0x00007ffe94719000 	C:\Program Files\Android\Android Studio\jre\jre\bin\java.dll
0x00007ffe98210000 - 0x00007ffe98226000 	C:\Program Files\Android\Android Studio\jre\jre\bin\zip.dll
0x00007ffea1370000 - 0x00007ffea28cc000 	C:\WINDOWS\system32\SHELL32.dll
0x00007ffe9ffa0000 - 0x00007ffea05e5000 	C:\WINDOWS\system32\windows.storage.dll
0x00007ffea0e00000 - 0x00007ffea0e52000 	C:\WINDOWS\system32\shlwapi.dll
0x00007ffe9fe90000 - 0x00007ffe9fe9f000 	C:\WINDOWS\system32\kernel.appcore.dll
0x00007ffea0b30000 - 0x00007ffea0be5000 	C:\WINDOWS\system32\shcore.dll
0x00007ffe9fe10000 - 0x00007ffe9fe5b000 	C:\WINDOWS\system32\powrprof.dll
0x00007ffe9fe70000 - 0x00007ffe9fe84000 	C:\WINDOWS\system32\profapi.dll

VM Arguments:
jvm_args: -Djava.awt.headless=true -Xmx1024M -Dfile.encoding=windows-1252 -Duser.country=US -Duser.language=en -Duser.variant 
java_command: com.android.dx.command.Main --dex --force-jumbo --num-threads=4 --multi-dex --output C:\Users\Mohamed-A.Radwan\AndroidStudioProjects\MyApplication\app\build\intermediates\transforms\dex\debug\folders\1000\10\com.google.android.gms-play-services-basement-9.2.1_d10d989427f8074270290177b1ad20f78eee844c C:\Users\Mohamed-A.Radwan\AndroidStudioProjects\MyApplication\app\build\intermediates\exploded-aar\com.google.android.gms\play-services-basement\9.2.1\jars\classes.jar
java_class_path (initial): C:\Android\sdk\build-tools\23.0.3\lib\dx.jar
Launcher Type: SUN_STANDARD

Environment Variables:
PATH=C:\WINDOWS\system32;C:\WINDOWS;C:\WINDOWS\System32\Wbem;C:\WINDOWS\System32\WindowsPowerShell\v1.0\;C:\Program Files (x86)\AMD\ATI.ACE\Core-Static;C:\Program Files (x86)\Brackets\command;C:\Program Files (x86)\NVIDIA Corporation\PhysX\Common;C:\Program Files (x86)\Windows Kits\10\Windows Performance Toolkit\
USERNAME=Mohamed-A.Radwan
OS=Windows_NT
PROCESSOR_IDENTIFIER=Intel64 Family 6 Model 69 Stepping 1, GenuineIntel



---------------  S Y S T E M  ---------------

OS: Windows 10.0 , 64 bit Build 10586 (10.0.10586.589)

CPU:total 4 (2 cores per cpu, 2 threads per core) family 6 model 69 stepping 1, cmov, cx8, fxsr, mmx, sse, sse2, sse3, ssse3, sse4.1, sse4.2, popcnt, avx, avx2, aes, clmul, erms, lzcnt, ht, tsc, tscinvbit, bmi1, bmi2

Memory: 4k page, physical 8274284k(1218952k free), swap 13989228k(4932k free)

vm_info: OpenJDK 64-Bit Server VM (25.76-b03) for windows-amd64 JRE (1.8.0_76-release-b03), built on Jun 29 2016 19:09:20 by "ralucas" with MS VC++ 10.0 (VS2010)

time: Wed Sep 21 01:30:38 2016
elapsed time: 2 seconds (0d 0h 0m 2s)

