#
# There is insufficient memory for the Java Runtime Environment to continue.
# Native memory allocation (malloc) failed to allocate 32744 bytes for ChunkPool::allocate
# Possible reasons:
#   The system is out of physical RAM or swap space
#   In 32 bit mode, the process size limit was hit
# Possible solutions:
#   Reduce memory load on the system
#   Increase physical memory or swap space
#   Check if swap backing store is full
#   Use 64 bit Java on a 64 bit OS
#   Decrease Java heap size (-Xmx/-Xms)
#   Decrease number of Java threads
#   Decrease Java thread stack sizes (-Xss)
#   Set larger code cache with -XX:ReservedCodeCacheSize=
# This output file may be truncated or incomplete.
#
#  Out of Memory Error (allocation.cpp:273), pid=60948, tid=0x000000000000ef44
#
# JRE version: OpenJDK Runtime Environment (8.0_112-b06) (build 1.8.0_112-release-b06)
# Java VM: OpenJDK 64-Bit Server VM (25.112-b06 mixed mode windows-amd64 compressed oops)
# Failed to write core dump. Minidumps are not enabled by default on client versions of Windows
#

---------------  T H R E A D  ---------------

Current thread (0x0000000014f8d000):  JavaThread "C1 CompilerThread2" daemon [_thread_in_native, id=61252, stack(0x0000000016b70000,0x0000000016c70000)]

Stack: [0x0000000016b70000,0x0000000016c70000]
[error occurred during error reporting (printing stack bounds), id 0xc0000005]

Native frames: (J=compiled Java code, j=interpreted, Vv=VM code, C=native code)


Current CompileTask:
C1:   4868 1897       2       com.android.dx.cf.direct.DirectClassFile::parse0 (920 bytes)


---------------  P R O C E S S  ---------------

Java Threads: ( => current thread )
  0x0000000016a22000 JavaThread "pool-2-thread-4" [_thread_in_Java, id=61360, stack(0x0000000017270000,0x0000000017370000)]
  0x0000000016a21800 JavaThread "pool-2-thread-3" [_thread_blocked, id=61356, stack(0x0000000017170000,0x0000000017270000)]
  0x0000000016a20800 JavaThread "pool-2-thread-2" [_thread_blocked, id=61352, stack(0x0000000017070000,0x0000000017170000)]
  0x0000000016a1c000 JavaThread "pool-3-thread-1" [_thread_blocked, id=61348, stack(0x0000000016f70000,0x0000000017070000)]
  0x0000000016a1b000 JavaThread "pool-2-thread-1" [_thread_blocked, id=61344, stack(0x0000000016e70000,0x0000000016f70000)]
  0x0000000016785800 JavaThread "Service Thread" daemon [_thread_blocked, id=61276, stack(0x0000000016c70000,0x0000000016d70000)]
=>0x0000000014f8d000 JavaThread "C1 CompilerThread2" daemon [_thread_in_native, id=61252, stack(0x0000000016b70000,0x0000000016c70000)]
  0x0000000014f2f000 JavaThread "C2 CompilerThread1" daemon [_thread_in_native, id=61236, stack(0x0000000016670000,0x0000000016770000)]
  0x0000000014f2d000 JavaThread "C2 CompilerThread0" daemon [_thread_in_native, id=61232, stack(0x0000000016570000,0x0000000016670000)]
  0x0000000014f2a800 JavaThread "Attach Listener" daemon [_thread_blocked, id=61228, stack(0x0000000016470000,0x0000000016570000)]
  0x0000000014f29000 JavaThread "Signal Dispatcher" daemon [_thread_blocked, id=61224, stack(0x0000000016370000,0x0000000016470000)]
  0x0000000002856000 JavaThread "Finalizer" daemon [_thread_blocked, id=61200, stack(0x0000000016180000,0x0000000016280000)]
  0x0000000002850800 JavaThread "Reference Handler" daemon [_thread_blocked, id=61196, stack(0x0000000016080000,0x0000000016180000)]
  0x0000000000e4e000 JavaThread "main" [_thread_in_vm, id=61112, stack(0x0000000002660000,0x0000000002760000)]

Other Threads:
  0x0000000014ef5000 VMThread [stack: 0x0000000015f80000,0x0000000016080000] [id=61176]
  0x0000000016786800 WatcherThread [stack: 0x0000000016d70000,0x0000000016e70000] [id=61280]

VM state:not at safepoint (normal execution)

VM Mutex/Monitor currently owned by a thread: None

Heap:
 PSYoungGen      total 71680K, used 65174K [0x00000000eab00000, 0x00000000f3700000, 0x0000000100000000)
  eden space 66560K, 90% used [0x00000000eab00000,0x00000000ee5a9a00,0x00000000eec00000)
  from space 5120K, 99% used [0x00000000eec00000,0x00000000ef0fc038,0x00000000ef100000)
  to   space 5120K, 0% used [0x00000000f3200000,0x00000000f3200000,0x00000000f3700000)
 ParOldGen       total 87552K, used 13443K [0x00000000c0000000, 0x00000000c5580000, 0x00000000eab00000)
  object space 87552K, 15% used [0x00000000c0000000,0x00000000c0d20d80,0x00000000c5580000)
 Metaspace       used 6272K, capacity 7152K, committed 7296K, reserved 1056768K
  class space    used 573K, capacity 616K, committed 640K, reserved 1048576K

Card table byte_map: [0x0000000011c20000,0x0000000011e30000] byte_map_base: 0x0000000011620000

Marking Bits: (ParMarkBitMap*) 0x000000006fa418f0
 Begin Bits: [0x0000000012390000, 0x0000000013390000)
 End Bits:   [0x0000000013390000, 0x0000000014390000)

Polling page: 0x0000000000aa0000

CodeCache: size=245760Kb used=7774Kb max_used=7774Kb free=237985Kb
 bounds [0x0000000002860000, 0x0000000003000000, 0x0000000011860000]
 total_blobs=2117 nmethods=1851 adapters=179
 compilation: enabled

Compilation events (10 events):
Event: 4.839 Thread 0x0000000014f8d000 nmethod 1892 0x0000000002ffb390 code [0x0000000002ffb540, 0x0000000002ffb7c8]
Event: 4.839 Thread 0x0000000014f8d000 1893   !   2       com.android.dx.command.dexer.Main::processClass (61 bytes)
Event: 4.840 Thread 0x0000000014f8d000 nmethod 1893 0x0000000002ffba10 code [0x0000000002ffbba0, 0x0000000002ffbf78]
Event: 4.840 Thread 0x0000000014f8d000 1894       2       com.android.dx.cf.direct.DirectClassFile::<init> (15 bytes)
Event: 4.840 Thread 0x0000000014f8d000 nmethod 1894 0x0000000002ffc210 code [0x0000000002ffc380, 0x0000000002ffc598]
Event: 4.840 Thread 0x0000000014f8d000 1895       2       com.android.dx.cf.direct.DirectClassFile::setAttributeFactory (20 bytes)
Event: 4.841 Thread 0x0000000014f8d000 nmethod 1895 0x0000000002ffc6d0 code [0x0000000002ffc840, 0x0000000002ffca48]
Event: 4.841 Thread 0x0000000014f8d000 1896       2       com.android.dx.cf.direct.DirectClassFile::getMagic (9 bytes)
Event: 4.841 Thread 0x0000000014f8d000 nmethod 1896 0x0000000002ffcb10 code [0x0000000002ffcc80, 0x0000000002ffce38]
Event: 4.841 Thread 0x0000000014f8d000 1897       2       com.android.dx.cf.direct.DirectClassFile::parse0 (920 bytes)

GC Heap History (6 events):
Event: 1.774 GC heap before
{Heap before GC invocations=1 (full 0):
 PSYoungGen      total 38400K, used 33280K [0x00000000eab00000, 0x00000000ed580000, 0x0000000100000000)
  eden space 33280K, 100% used [0x00000000eab00000,0x00000000ecb80000,0x00000000ecb80000)
  from space 5120K, 0% used [0x00000000ed080000,0x00000000ed080000,0x00000000ed580000)
  to   space 5120K, 0% used [0x00000000ecb80000,0x00000000ecb80000,0x00000000ed080000)
 ParOldGen       total 87552K, used 0K [0x00000000c0000000, 0x00000000c5580000, 0x00000000eab00000)
  object space 87552K, 0% used [0x00000000c0000000,0x00000000c0000000,0x00000000c5580000)
 Metaspace       used 5855K, capacity 6832K, committed 7040K, reserved 1056768K
  class space    used 571K, capacity 616K, committed 640K, reserved 1048576K
Event: 1.855 GC heap after
Heap after GC invocations=1 (full 0):
 PSYoungGen      total 38400K, used 5089K [0x00000000eab00000, 0x00000000ef600000, 0x0000000100000000)
  eden space 33280K, 0% used [0x00000000eab00000,0x00000000eab00000,0x00000000ecb80000)
  from space 5120K, 99% used [0x00000000ecb80000,0x00000000ed078470,0x00000000ed080000)
  to   space 5120K, 0% used [0x00000000ef100000,0x00000000ef100000,0x00000000ef600000)
 ParOldGen       total 87552K, used 653K [0x00000000c0000000, 0x00000000c5580000, 0x00000000eab00000)
  object space 87552K, 0% used [0x00000000c0000000,0x00000000c00a37d8,0x00000000c5580000)
 Metaspace       used 5855K, capacity 6832K, committed 7040K, reserved 1056768K
  class space    used 571K, capacity 616K, committed 640K, reserved 1048576K
}
Event: 3.245 GC heap before
{Heap before GC invocations=2 (full 0):
 PSYoungGen      total 38400K, used 38369K [0x00000000eab00000, 0x00000000ef600000, 0x0000000100000000)
  eden space 33280K, 100% used [0x00000000eab00000,0x00000000ecb80000,0x00000000ecb80000)
  from space 5120K, 99% used [0x00000000ecb80000,0x00000000ed078470,0x00000000ed080000)
  to   space 5120K, 0% used [0x00000000ef100000,0x00000000ef100000,0x00000000ef600000)
 ParOldGen       total 87552K, used 653K [0x00000000c0000000, 0x00000000c5580000, 0x00000000eab00000)
  object space 87552K, 0% used [0x00000000c0000000,0x00000000c00a37d8,0x00000000c5580000)
 Metaspace       used 6083K, capacity 7024K, committed 7296K, reserved 1056768K
  class space    used 571K, capacity 616K, committed 640K, reserved 1048576K
Event: 3.259 GC heap after
Heap after GC invocations=2 (full 0):
 PSYoungGen      total 71680K, used 5098K [0x00000000eab00000, 0x00000000ef600000, 0x0000000100000000)
  eden space 66560K, 0% used [0x00000000eab00000,0x00000000eab00000,0x00000000eec00000)
  from space 5120K, 99% used [0x00000000ef100000,0x00000000ef5fa980,0x00000000ef600000)
  to   space 5120K, 0% used [0x00000000eec00000,0x00000000eec00000,0x00000000ef100000)
 ParOldGen       total 87552K, used 4911K [0x00000000c0000000, 0x00000000c5580000, 0x00000000eab00000)
  object space 87552K, 5% used [0x00000000c0000000,0x00000000c04cbd30,0x00000000c5580000)
 Metaspace       used 6083K, capacity 7024K, committed 7296K, reserved 1056768K
  class space    used 571K, capacity 616K, committed 640K, reserved 1048576K
}
Event: 4.618 GC heap before
{Heap before GC invocations=3 (full 0):
 PSYoungGen      total 71680K, used 71658K [0x00000000eab00000, 0x00000000ef600000, 0x0000000100000000)
  eden space 66560K, 100% used [0x00000000eab00000,0x00000000eec00000,0x00000000eec00000)
  from space 5120K, 99% used [0x00000000ef100000,0x00000000ef5fa980,0x00000000ef600000)
  to   space 5120K, 0% used [0x00000000eec00000,0x00000000eec00000,0x00000000ef100000)
 ParOldGen       total 87552K, used 4911K [0x00000000c0000000, 0x00000000c5580000, 0x00000000eab00000)
  object space 87552K, 5% used [0x00000000c0000000,0x00000000c04cbd30,0x00000000c5580000)
 Metaspace       used 6189K, capacity 7088K, committed 7296K, reserved 1056768K
  class space    used 572K, capacity 616K, committed 640K, reserved 1048576K
Event: 4.637 GC heap after
Heap after GC invocations=3 (full 0):
 PSYoungGen      total 71680K, used 5104K [0x00000000eab00000, 0x00000000f3700000, 0x0000000100000000)
  eden space 66560K, 0% used [0x00000000eab00000,0x00000000eab00000,0x00000000eec00000)
  from space 5120K, 99% used [0x00000000eec00000,0x00000000ef0fc038,0x00000000ef100000)
  to   space 5120K, 0% used [0x00000000f3200000,0x00000000f3200000,0x00000000f3700000)
 ParOldGen       total 87552K, used 13443K [0x00000000c0000000, 0x00000000c5580000, 0x00000000eab00000)
  object space 87552K, 15% used [0x00000000c0000000,0x00000000c0d20d80,0x00000000c5580000)
 Metaspace       used 6189K, capacity 7088K, committed 7296K, reserved 1056768K
  class space    used 572K, capacity 616K, committed 640K, reserved 1048576K
}

Deoptimization events (10 events):
Event: 4.046 Thread 0x0000000016a22000 Uncommon trap: reason=class_check action=maybe_recompile pc=0x0000000002ef96e4 method=java.util.HashMap.putVal(ILjava/lang/Object;Ljava/lang/Object;ZZ)Ljava/lang/Object; @ 203
Event: 4.046 Thread 0x0000000016a22000 Uncommon trap: reason=class_check action=maybe_recompile pc=0x0000000002ef96e4 method=java.util.HashMap.putVal(ILjava/lang/Object;Ljava/lang/Object;ZZ)Ljava/lang/Object; @ 203
Event: 4.404 Thread 0x0000000016a20800 Uncommon trap: reason=bimorphic action=maybe_recompile pc=0x0000000002e618f0 method=com.android.dx.ssa.SCCP.setLatticeValueTo(IILcom/android/dx/rop/cst/Constant;)Z @ 43
Event: 4.404 Thread 0x0000000016a20800 Uncommon trap: reason=bimorphic action=maybe_recompile pc=0x0000000002e618f0 method=com.android.dx.ssa.SCCP.setLatticeValueTo(IILcom/android/dx/rop/cst/Constant;)Z @ 43
Event: 4.404 Thread 0x0000000016a20800 Uncommon trap: reason=bimorphic action=maybe_recompile pc=0x0000000002e618f0 method=com.android.dx.ssa.SCCP.setLatticeValueTo(IILcom/android/dx/rop/cst/Constant;)Z @ 43
Event: 4.404 Thread 0x0000000016a20800 Uncommon trap: reason=bimorphic action=maybe_recompile pc=0x0000000002e618f0 method=com.android.dx.ssa.SCCP.setLatticeValueTo(IILcom/android/dx/rop/cst/Constant;)Z @ 43
Event: 4.438 Thread 0x0000000016a22000 Uncommon trap: reason=unstable_if action=reinterpret pc=0x0000000002f50b3c method=com.android.dx.cf.code.Ropper.isSynchronized()Z @ 12
Event: 4.455 Thread 0x0000000016a22000 Uncommon trap: reason=bimorphic action=maybe_recompile pc=0x0000000002edaacc method=com.android.dx.ssa.LiteralOpUpgrader.tryReplacingWithConstant(Lcom/android/dx/ssa/NormalSsaInsn;)Z @ 62
Event: 4.652 Thread 0x0000000016a1b000 Uncommon trap: reason=unstable_if action=reinterpret pc=0x0000000002d6390c method=com.android.dx.ssa.MoveParamCombiner$1.visitNonMoveInsn(Lcom/android/dx/ssa/NormalSsaInsn;)V @ 27
Event: 4.715 Thread 0x0000000016a22000 Uncommon trap: reason=unstable_if action=reinterpret pc=0x0000000002f5b644 method=com.android.dx.dex.code.RopTranslator.pickOrder()V @ 130

Internal exceptions (3 events):
Event: 0.398 Thread 0x0000000000e4e000 Exception <a 'java/lang/NoSuchMethodError': Method sun.misc.Unsafe.defineClass(Ljava/lang/String;[BII)Ljava/lang/Class; name or signature does not match> (0x00000000eab07c78) thrown at [C:\src\android\AOSP-openjdk\external\jetbrains\jdk\hotspot\src\share\vé/ùı2ÇŸ?
Event: 0.399 Thread 0x0000000000e4e000 Exception <a 'java/lang/NoSuchMethodError': Method sun.misc.Unsafe.prefetchRead(Ljava/lang/Object;J)V name or signature does not match> (0x00000000eab07f60) thrown at [C:\src\android\AOSP-openjdk\external\jetbrains\jdk\hotspot\src\share\vm\prims\jni.cpp, l d#ùg˙?
Event: 1.650 Thread 0x0000000016a1b000 Implicit null exception at 0x0000000002aefda2 to 0x0000000002aefe9a

Events (10 events):
Event: 4.610 Executing VM operation: ParallelGCFailedAllocation
Event: 4.637 Executing VM operation: ParallelGCFailedAllocation done
Event: 4.652 Thread 0x0000000016a1b000 Uncommon trap: trap_request=0xffffff65 fr.pc=0x0000000002d6390c
Event: 4.652 Thread 0x0000000016a1b000 DEOPT PACKING pc=0x0000000002d6390c sp=0x0000000016f6eb80
Event: 4.652 Thread 0x0000000016a1b000 DEOPT UNPACKING pc=0x00000000028a556a sp=0x0000000016f6ead8 mode 2
Event: 4.670 Thread 0x0000000016a20800 DEOPT PACKING pc=0x0000000002f077ab sp=0x000000001716e560
Event: 4.670 Thread 0x0000000016a20800 DEOPT UNPACKING pc=0x00000000028a75bf sp=0x000000001716e310 mode 0
Event: 4.715 Thread 0x0000000016a22000 Uncommon trap: trap_request=0xffffff65 fr.pc=0x0000000002f5b644
Event: 4.715 Thread 0x0000000016a22000 DEOPT PACKING pc=0x0000000002f5b644 sp=0x000000001736e8f0
Event: 4.715 Thread 0x0000000016a22000 DEOPT UNPACKING pc=0x00000000028a556a sp=0x000000001736e870 mode 2


Dynamic libraries:
0x00007ff7dddb0000 - 0x00007ff7ddde1000 	C:\Program Files\Android\Android Studio\jre\bin\java.exe
0x00007ff920f70000 - 0x00007ff921141000 	C:\WINDOWS\SYSTEM32\ntdll.dll
0x00007ff920e00000 - 0x00007ff920eab000 	C:\WINDOWS\System32\KERNEL32.DLL
0x00007ff91e290000 - 0x00007ff91e4ad000 	C:\WINDOWS\System32\KERNELBASE.dll
0x00007ff91b970000 - 0x00007ff91b9ea000 	C:\WINDOWS\system32\apphelp.dll
0x00007ff91ee90000 - 0x00007ff91ef32000 	C:\WINDOWS\System32\ADVAPI32.dll
0x00007ff920d50000 - 0x00007ff920dee000 	C:\WINDOWS\System32\msvcrt.dll
0x00007ff920eb0000 - 0x00007ff920f09000 	C:\WINDOWS\System32\sechost.dll
0x00007ff920930000 - 0x00007ff920a51000 	C:\WINDOWS\System32\RPCRT4.dll
0x00007ff91ed20000 - 0x00007ff91ee85000 	C:\WINDOWS\System32\USER32.dll
0x00007ff91d4d0000 - 0x00007ff91d4ee000 	C:\WINDOWS\System32\win32u.dll
0x00007ff91e9b0000 - 0x00007ff91e9e4000 	C:\WINDOWS\System32\GDI32.dll
0x00007ff91dde0000 - 0x00007ff91df62000 	C:\WINDOWS\System32\gdi32full.dll
0x00007ff917a60000 - 0x00007ff917cda000 	C:\WINDOWS\WinSxS\amd64_microsoft.windows.common-controls_6595b64144ccf1df_6.0.14393.953_none_42151e83c686086b\COMCTL32.dll
0x00007ff91ea50000 - 0x00007ff91ed18000 	C:\WINDOWS\System32\combase.dll
0x00007ff91dc30000 - 0x00007ff91dd25000 	C:\WINDOWS\System32\ucrtbase.dll
0x00007ff91d460000 - 0x00007ff91d4ca000 	C:\WINDOWS\System32\bcryptPrimitives.dll
0x00007ff920ba0000 - 0x00007ff920bce000 	C:\WINDOWS\System32\IMM32.DLL
0x000000006f1a0000 - 0x000000006f272000 	C:\Program Files\Android\Android Studio\jre\jre\bin\msvcr100.dll
0x000000006f280000 - 0x000000006fabc000 	C:\Program Files\Android\Android Studio\jre\jre\bin\server\jvm.dll
0x00007ff920df0000 - 0x00007ff920df8000 	C:\WINDOWS\System32\PSAPI.DLL
0x00007ff90ac80000 - 0x00007ff90ac89000 	C:\WINDOWS\SYSTEM32\WSOCK32.dll
0x00007ff920a60000 - 0x00007ff920aca000 	C:\WINDOWS\System32\WS2_32.dll
0x00007ff91b100000 - 0x00007ff91b123000 	C:\WINDOWS\SYSTEM32\WINMM.dll
0x00007ff9169d0000 - 0x00007ff9169da000 	C:\WINDOWS\SYSTEM32\VERSION.dll
0x00007ff91b0a0000 - 0x00007ff91b0cb000 	C:\WINDOWS\SYSTEM32\WINMMBASE.dll
0x00007ff91e4b0000 - 0x00007ff91e4f2000 	C:\WINDOWS\System32\cfgmgr32.dll
0x00007ff918490000 - 0x00007ff91849f000 	C:\Program Files\Android\Android Studio\jre\jre\bin\verify.dll
0x00007ff917de0000 - 0x00007ff917e09000 	C:\Program Files\Android\Android Studio\jre\jre\bin\java.dll
0x00007ff912230000 - 0x00007ff912246000 	C:\Program Files\Android\Android Studio\jre\jre\bin\zip.dll
0x00007ff91ef40000 - 0x00007ff920448000 	C:\WINDOWS\System32\SHELL32.dll
0x00007ff91d550000 - 0x00007ff91dc2a000 	C:\WINDOWS\System32\windows.storage.dll
0x00007ff91d400000 - 0x00007ff91d44c000 	C:\WINDOWS\System32\powrprof.dll
0x00007ff91e950000 - 0x00007ff91e9a2000 	C:\WINDOWS\System32\shlwapi.dll
0x00007ff91d3f0000 - 0x00007ff91d3ff000 	C:\WINDOWS\System32\kernel.appcore.dll
0x00007ff91dd30000 - 0x00007ff91ddd9000 	C:\WINDOWS\System32\shcore.dll
0x00007ff91d3d0000 - 0x00007ff91d3e4000 	C:\WINDOWS\System32\profapi.dll

VM Arguments:
jvm_args: -Djava.awt.headless=true -Xmx1024M -Dfile.encoding=windows-1252 -Duser.country=US -Duser.language=en -Duser.variant 
java_command: com.android.dx.command.Main --dex --force-jumbo --num-threads=4 --multi-dex --output C:\Users\Mohamed-A.Radwan\OneDrive - Helwan(Faculty of Computers&Information)\MyApplication\app\build\intermediates\transforms\dex\debug\folders\1000\10\classes_62500c7b48d7cc20c0cfd8a110235b375cf3a081 C:\Users\Mohamed-A.Radwan\.android\build-cache\8ac17bfca90586d254cb1527c662a98a069c66d5\output\jars\classes.jar
java_class_path (initial): C:\Android\sdk\build-tools\25.0.0\lib\dx.jar
Launcher Type: SUN_STANDARD

Environment Variables:
PATH=C:\oraclexe\app\oracle\product\11.2.0\server\bin;C:\ProgramData\Oracle\Java\javapath;C:\WINDOWS\system32;C:\WINDOWS;C:\WINDOWS\System32\Wbem;C:\WINDOWS\System32\WindowsPowerShell\v1.0\;C:\Program Files (x86)\AMD\ATI.ACE\Core-Static;C:\Program Files (x86)\NVIDIA Corporation\PhysX\Common;C:\Program Files (x86)\Windows Kits\10\Windows Performance Toolkit\;C:\Program Files\Git\cmd;C:\WINDOWS\system32;C:\WINDOWS;C:\WINDOWS\System32\Wbem;C:\Program Files\Java\jre1.8.0_101\bin;C:\Python27\;C:\Python27\Scripts;C:\Program Files\Intel\WiFi\bin\;C:\Program Files\Common Files\Intel\WirelessCommon\;C:\Program Files (x86)\Microsoft SDKs\TypeScript\1.0\;C:\Program Files (x86)\Calibre2\;C:\Program Files\nodejs\;C:\Program Files (x86)\Brackets\command;C:\Program Files (x86)\Microsoft SQL Server\100\Tools\Binn\;C:\Program Files\Microsoft SQL Server\100\Tools\Binn\;C:\Program Files\Microsoft SQL Server\100\DTS\Binn\;C:\Users\Mohamed-A.Radwan\AppData\Local\Google\Cloud SDK;C:\Users\Mohamed-A.Radwan\AppData\Local\Microsoft\WindowsApps;C:\Users\Mohamed-A.Radwan\AppData\Roaming\npm;C:\Users\Mohamed-A.Radwan\AppData\Local\Google\Cloud SDK\google-cloud-sdk\bin;C:\Program Files (x86)\Google\google_appengine\
USERNAME=Mohamed-A.Radwan
OS=Windows_NT
PROCESSOR_IDENTIFIER=Intel64 Family 6 Model 69 Stepping 1, GenuineIntel



---------------  S Y S T E M  ---------------

OS: Windows 10.0 , 64 bit Build 14393 (10.0.14393.0)

CPU:total 4 (2 cores per cpu, 2 threads per core) family 6 model 69 stepping 1, cmov, cx8, fxsr, mmx, sse, sse2, sse3, ssse3, sse4.1, sse4.2, popcnt, avx, avx2, aes, clmul, erms, lzcnt, ht, tsc, tscinvbit, bmi1, bmi2

Memory: 4k page, physical 8274284k(1321612k free), swap 13989228k(32872k free)

vm_info: OpenJDK 64-Bit Server VM (25.112-b06) for windows-amd64 JRE (1.8.0_112-release-b06), built on Dec  8 2016 00:54:26 by "builder" with MS VC++ 10.0 (VS2010)

time: Sat Apr 15 22:50:25 2017
elapsed time: 4 seconds (0d 0h 0m 4s)

