#
# There is insufficient memory for the Java Runtime Environment to continue.
# Native memory allocation (malloc) failed to allocate 32744 bytes for ChunkPool::allocate
# Possible reasons:
#   The system is out of physical RAM or swap space
#   In 32 bit mode, the process size limit was hit
# Possible solutions:
#   Reduce memory load on the system
#   Increase physical memory or swap space
#   Check if swap backing store is full
#   Use 64 bit Java on a 64 bit OS
#   Decrease Java heap size (-Xmx/-Xms)
#   Decrease number of Java threads
#   Decrease Java thread stack sizes (-Xss)
#   Set larger code cache with -XX:ReservedCodeCacheSize=
# This output file may be truncated or incomplete.
#
#  Out of Memory Error (allocation.cpp:273), pid=35860, tid=0x000000000000ecec
#
# JRE version: OpenJDK Runtime Environment (8.0_112-b06) (build 1.8.0_112-release-b06)
# Java VM: OpenJDK 64-Bit Server VM (25.112-b06 mixed mode windows-amd64 compressed oops)
# Failed to write core dump. Minidumps are not enabled by default on client versions of Windows
#

---------------  T H R E A D  ---------------

Current thread (0x00000000157a9800):  JavaThread "C2 CompilerThread0" daemon [_thread_in_native, id=60652, stack(0x0000000016ee0000,0x0000000016fe0000)]

Stack: [0x0000000016ee0000,0x0000000016fe0000]
[error occurred during error reporting (printing stack bounds), id 0xc0000005]

Native frames: (J=compiled Java code, j=interpreted, Vv=VM code, C=native code)


Current CompileTask:
C2:   6124  351       4       java.lang.String::equals (81 bytes)


---------------  P R O C E S S  ---------------

Java Threads: ( => current thread )
  0x0000000017263800 JavaThread "pool-2-thread-3" [_thread_blocked, id=60900, stack(0x0000000017ae0000,0x0000000017be0000)]
  0x000000001722e000 JavaThread "pool-3-thread-1" [_thread_blocked, id=60588, stack(0x00000000178e0000,0x00000000179e0000)]
  0x000000001722b000 JavaThread "pool-2-thread-1" [_thread_in_vm, id=6788, stack(0x00000000177e0000,0x00000000178e0000)]
  0x00000000170ed800 JavaThread "Service Thread" daemon [_thread_blocked, id=60292, stack(0x00000000175e0000,0x00000000176e0000)]
  0x00000000170e8800 JavaThread "C1 CompilerThread2" daemon [_thread_blocked, id=61404, stack(0x00000000174e0000,0x00000000175e0000)]
  0x0000000015798800 JavaThread "C2 CompilerThread1" daemon [_thread_blocked, id=39416, stack(0x0000000016fe0000,0x00000000170e0000)]
=>0x00000000157a9800 JavaThread "C2 CompilerThread0" daemon [_thread_in_native, id=60652, stack(0x0000000016ee0000,0x0000000016fe0000)]
  0x00000000157a7800 JavaThread "Attach Listener" daemon [_thread_blocked, id=61412, stack(0x0000000016de0000,0x0000000016ee0000)]
  0x00000000157a6000 JavaThread "Signal Dispatcher" daemon [_thread_blocked, id=61436, stack(0x0000000016ce0000,0x0000000016de0000)]
  0x0000000015788800 JavaThread "Finalizer" daemon [_thread_blocked, id=61064, stack(0x00000000169f0000,0x0000000016af0000)]
  0x00000000030c1800 JavaThread "Reference Handler" daemon [_thread_blocked, id=61260, stack(0x00000000168f0000,0x00000000169f0000)]
  0x0000000002ece000 JavaThread "main" [_thread_blocked, id=60712, stack(0x0000000002ed0000,0x0000000002fd0000)]

Other Threads:
  0x0000000015765000 VMThread [stack: 0x00000000167f0000,0x00000000168f0000] [id=61060]
  0x00000000170ee800 WatcherThread [stack: 0x00000000176e0000,0x00000000177e0000] [id=59932]

VM state:not at safepoint (normal execution)

VM Mutex/Monitor currently owned by a thread: None

Heap:
 PSYoungGen      total 38400K, used 9350K [0x00000000eab00000, 0x00000000ed580000, 0x0000000100000000)
  eden space 33280K, 28% used [0x00000000eab00000,0x00000000eb421808,0x00000000ecb80000)
  from space 5120K, 0% used [0x00000000ed080000,0x00000000ed080000,0x00000000ed580000)
  to   space 5120K, 0% used [0x00000000ecb80000,0x00000000ecb80000,0x00000000ed080000)
 ParOldGen       total 87552K, used 0K [0x00000000c0000000, 0x00000000c5580000, 0x00000000eab00000)
  object space 87552K, 0% used [0x00000000c0000000,0x00000000c0000000,0x00000000c5580000)
 Metaspace       used 4981K, capacity 6224K, committed 6528K, reserved 1056768K
  class space    used 534K, capacity 584K, committed 640K, reserved 1048576K

Card table byte_map: [0x0000000012490000,0x00000000126a0000] byte_map_base: 0x0000000011e90000

Marking Bits: (ParMarkBitMap*) 0x000000006fa418f0
 Begin Bits: [0x0000000012c00000, 0x0000000013c00000)
 End Bits:   [0x0000000013c00000, 0x0000000014c00000)

Polling page: 0x0000000000fd0000

CodeCache: size=245760Kb used=1754Kb max_used=1765Kb free=244005Kb
 bounds [0x00000000030d0000, 0x0000000003340000, 0x00000000120d0000]
 total_blobs=609 nmethods=350 adapters=173
 compilation: enabled

Compilation events (10 events):
Event: 5.879 Thread 0x00000000170e8800 nmethod 346 0x0000000003286410 code [0x0000000003286560, 0x0000000003286670]
Event: 5.884 Thread 0x00000000170e8800  347       3       com.android.dx.util.FixedSizeList::getOrNull0 (7 bytes)
Event: 5.884 Thread 0x00000000170e8800 nmethod 347 0x00000000032866d0 code [0x0000000003286820, 0x0000000003286990]
Event: 5.886 Thread 0x0000000015798800  348       4       java.util.concurrent.ConcurrentHashMap::casTabAt (20 bytes)
Event: 5.886 Thread 0x00000000157a9800  349       4       java.util.concurrent.ConcurrentHashMap::tabAt (21 bytes)
Event: 5.887 Thread 0x00000000157a9800 nmethod 349 0x00000000032898d0 code [0x0000000003289a00, 0x0000000003289a58]
Event: 5.887 Thread 0x0000000015798800 nmethod 348 0x00000000032881d0 code [0x0000000003288300, 0x0000000003288378]
Event: 6.119 Thread 0x00000000170e8800  350       1       com.android.dx.rop.code.BasicBlock::getPrimarySuccessor (5 bytes)
Event: 6.119 Thread 0x00000000170e8800 nmethod 350 0x0000000003289610 code [0x0000000003289760, 0x0000000003289870]
Event: 6.120 Thread 0x00000000157a9800  351       4       java.lang.String::equals (81 bytes)

GC Heap History (0 events):
No events

Deoptimization events (0 events):
No events

Internal exceptions (2 events):
Event: 0.174 Thread 0x0000000002ece000 Exception <a 'java/lang/NoSuchMethodError': Method sun.misc.Unsafe.defineClass(Ljava/lang/String;[BII)Ljava/lang/Class; name or signature does not match> (0x00000000eab07c78) thrown at [C:\src\android\AOSP-openjdk\external\jetbrains\jdk\hotspot\src\share\vcAé‡jUÆ?
Event: 0.174 Thread 0x0000000002ece000 Exception <a 'java/lang/NoSuchMethodError': Method sun.misc.Unsafe.prefetchRead(Ljava/lang/Object;J)V name or signature does not match> (0x00000000eab07f60) thrown at [C:\src\android\AOSP-openjdk\external\jetbrains\jdk\hotspot\src\share\vm\prims\jni.cpp, l

Events (10 events):
Event: 5.894 loading class com/android/dx/dex/code/SwitchData
Event: 5.894 loading class com/android/dx/dex/code/SwitchData done
Event: 6.118 loading class com/android/dx/dex/code/ArrayData
Event: 6.118 loading class com/android/dx/dex/code/ArrayData done
Event: 6.118 loading class com/android/dx/dex/code/CstInsn
Event: 6.118 loading class com/android/dx/dex/code/CstInsn done
Event: 6.119 loading class com/android/dx/dex/code/LocalStart
Event: 6.119 loading class com/android/dx/dex/code/LocalStart done
Event: 6.120 loading class com/android/dx/dex/code/RopToDop
Event: 6.120 loading class com/android/dx/dex/code/RopToDop done


Dynamic libraries:
0x00007ff7dddb0000 - 0x00007ff7ddde1000 	C:\Program Files\Android\Android Studio\jre\bin\java.exe
0x00007ff920f70000 - 0x00007ff921141000 	C:\WINDOWS\SYSTEM32\ntdll.dll
0x00007ff920e00000 - 0x00007ff920eab000 	C:\WINDOWS\System32\KERNEL32.DLL
0x00007ff91e290000 - 0x00007ff91e4ad000 	C:\WINDOWS\System32\KERNELBASE.dll
0x00007ff91b970000 - 0x00007ff91b9ea000 	C:\WINDOWS\system32\apphelp.dll
0x00007ff91ee90000 - 0x00007ff91ef32000 	C:\WINDOWS\System32\ADVAPI32.dll
0x00007ff920d50000 - 0x00007ff920dee000 	C:\WINDOWS\System32\msvcrt.dll
0x00007ff920eb0000 - 0x00007ff920f09000 	C:\WINDOWS\System32\sechost.dll
0x00007ff920930000 - 0x00007ff920a51000 	C:\WINDOWS\System32\RPCRT4.dll
0x00007ff91ed20000 - 0x00007ff91ee85000 	C:\WINDOWS\System32\USER32.dll
0x00007ff91d4d0000 - 0x00007ff91d4ee000 	C:\WINDOWS\System32\win32u.dll
0x00007ff91e9b0000 - 0x00007ff91e9e4000 	C:\WINDOWS\System32\GDI32.dll
0x00007ff91dde0000 - 0x00007ff91df62000 	C:\WINDOWS\System32\gdi32full.dll
0x00007ff917a60000 - 0x00007ff917cda000 	C:\WINDOWS\WinSxS\amd64_microsoft.windows.common-controls_6595b64144ccf1df_6.0.14393.953_none_42151e83c686086b\COMCTL32.dll
0x00007ff91ea50000 - 0x00007ff91ed18000 	C:\WINDOWS\System32\combase.dll
0x00007ff91dc30000 - 0x00007ff91dd25000 	C:\WINDOWS\System32\ucrtbase.dll
0x00007ff91d460000 - 0x00007ff91d4ca000 	C:\WINDOWS\System32\bcryptPrimitives.dll
0x00007ff920ba0000 - 0x00007ff920bce000 	C:\WINDOWS\System32\IMM32.DLL
0x000000006f1a0000 - 0x000000006f272000 	C:\Program Files\Android\Android Studio\jre\jre\bin\msvcr100.dll
0x000000006f280000 - 0x000000006fabc000 	C:\Program Files\Android\Android Studio\jre\jre\bin\server\jvm.dll
0x00007ff920df0000 - 0x00007ff920df8000 	C:\WINDOWS\System32\PSAPI.DLL
0x00007ff90ac80000 - 0x00007ff90ac89000 	C:\WINDOWS\SYSTEM32\WSOCK32.dll
0x00007ff920a60000 - 0x00007ff920aca000 	C:\WINDOWS\System32\WS2_32.dll
0x00007ff91b100000 - 0x00007ff91b123000 	C:\WINDOWS\SYSTEM32\WINMM.dll
0x00007ff9169d0000 - 0x00007ff9169da000 	C:\WINDOWS\SYSTEM32\VERSION.dll
0x00007ff91b0a0000 - 0x00007ff91b0cb000 	C:\WINDOWS\SYSTEM32\WINMMBASE.dll
0x00007ff91e4b0000 - 0x00007ff91e4f2000 	C:\WINDOWS\System32\cfgmgr32.dll
0x00007ff918490000 - 0x00007ff91849f000 	C:\Program Files\Android\Android Studio\jre\jre\bin\verify.dll
0x00007ff917de0000 - 0x00007ff917e09000 	C:\Program Files\Android\Android Studio\jre\jre\bin\java.dll
0x00007ff912230000 - 0x00007ff912246000 	C:\Program Files\Android\Android Studio\jre\jre\bin\zip.dll
0x00007ff91ef40000 - 0x00007ff920448000 	C:\WINDOWS\System32\SHELL32.dll
0x00007ff91d550000 - 0x00007ff91dc2a000 	C:\WINDOWS\System32\windows.storage.dll
0x00007ff91d400000 - 0x00007ff91d44c000 	C:\WINDOWS\System32\powrprof.dll
0x00007ff91e950000 - 0x00007ff91e9a2000 	C:\WINDOWS\System32\shlwapi.dll
0x00007ff91d3f0000 - 0x00007ff91d3ff000 	C:\WINDOWS\System32\kernel.appcore.dll
0x00007ff91dd30000 - 0x00007ff91ddd9000 	C:\WINDOWS\System32\shcore.dll
0x00007ff91d3d0000 - 0x00007ff91d3e4000 	C:\WINDOWS\System32\profapi.dll

VM Arguments:
jvm_args: -Djava.awt.headless=true -Xmx1024M -Dfile.encoding=windows-1252 -Duser.country=US -Duser.language=en -Duser.variant 
java_command: com.android.dx.command.Main --dex --force-jumbo --num-threads=4 --multi-dex --output C:\Users\Mohamed-A.Radwan\OneDrive - Helwan(Faculty of Computers&Information)\MyApplication\app\build\intermediates\transforms\dex\debug\folders\1000\5\slice_8 C:\Users\Mohamed-A.Radwan\OneDrive - Helwan(Faculty of Computers&Information)\MyApplication\app\build\intermediates\transforms\instantRunSlicer\debug\folders\1\5\slice_8
java_class_path (initial): C:\Android\sdk\build-tools\25.0.0\lib\dx.jar
Launcher Type: SUN_STANDARD

Environment Variables:
PATH=C:\oraclexe\app\oracle\product\11.2.0\server\bin;C:\ProgramData\Oracle\Java\javapath;C:\WINDOWS\system32;C:\WINDOWS;C:\WINDOWS\System32\Wbem;C:\WINDOWS\System32\WindowsPowerShell\v1.0\;C:\Program Files (x86)\AMD\ATI.ACE\Core-Static;C:\Program Files (x86)\NVIDIA Corporation\PhysX\Common;C:\Program Files (x86)\Windows Kits\10\Windows Performance Toolkit\;C:\Program Files\Git\cmd;C:\WINDOWS\system32;C:\WINDOWS;C:\WINDOWS\System32\Wbem;C:\Program Files\Java\jre1.8.0_101\bin;C:\Python27\;C:\Python27\Scripts;C:\Program Files\Intel\WiFi\bin\;C:\Program Files\Common Files\Intel\WirelessCommon\;C:\Program Files (x86)\Microsoft SDKs\TypeScript\1.0\;C:\Program Files (x86)\Calibre2\;C:\Program Files\nodejs\;C:\Program Files (x86)\Brackets\command;C:\Program Files (x86)\Microsoft SQL Server\100\Tools\Binn\;C:\Program Files\Microsoft SQL Server\100\Tools\Binn\;C:\Program Files\Microsoft SQL Server\100\DTS\Binn\;C:\Users\Mohamed-A.Radwan\AppData\Local\Google\Cloud SDK;C:\Users\Mohamed-A.Radwan\AppData\Local\Microsoft\WindowsApps;C:\Users\Mohamed-A.Radwan\AppData\Roaming\npm;C:\Users\Mohamed-A.Radwan\AppData\Local\Google\Cloud SDK\google-cloud-sdk\bin;C:\Program Files (x86)\Google\google_appengine\
USERNAME=Mohamed-A.Radwan
OS=Windows_NT
PROCESSOR_IDENTIFIER=Intel64 Family 6 Model 69 Stepping 1, GenuineIntel



---------------  S Y S T E M  ---------------

OS: Windows 10.0 , 64 bit Build 14393 (10.0.14393.0)

CPU:total 4 (2 cores per cpu, 2 threads per core) family 6 model 69 stepping 1, cmov, cx8, fxsr, mmx, sse, sse2, sse3, ssse3, sse4.1, sse4.2, popcnt, avx, avx2, aes, clmul, erms, lzcnt, ht, tsc, tscinvbit, bmi1, bmi2

Memory: 4k page, physical 8274284k(2199868k free), swap 13989228k(3248k free)

vm_info: OpenJDK 64-Bit Server VM (25.112-b06) for windows-amd64 JRE (1.8.0_112-release-b06), built on Dec  8 2016 00:54:26 by "builder" with MS VC++ 10.0 (VS2010)

time: Sat Apr 15 22:51:44 2017
elapsed time: 6 seconds (0d 0h 0m 6s)

