#
# There is insufficient memory for the Java Runtime Environment to continue.
# Native memory allocation (malloc) failed to allocate 695248 bytes for Chunk::new
# Possible reasons:
#   The system is out of physical RAM or swap space
#   In 32 bit mode, the process size limit was hit
# Possible solutions:
#   Reduce memory load on the system
#   Increase physical memory or swap space
#   Check if swap backing store is full
#   Use 64 bit Java on a 64 bit OS
#   Decrease Java heap size (-Xmx/-Xms)
#   Decrease number of Java threads
#   Decrease Java thread stack sizes (-Xss)
#   Set larger code cache with -XX:ReservedCodeCacheSize=
# This output file may be truncated or incomplete.
#
#  Out of Memory Error (allocation.cpp:390), pid=12068, tid=0x0000000000000b28
#
# JRE version: OpenJDK Runtime Environment (8.0_76-b03) (build 1.8.0_76-release-b03)
# Java VM: OpenJDK 64-Bit Server VM (25.76-b03 mixed mode windows-amd64 compressed oops)
# Failed to write core dump. Minidumps are not enabled by default on client versions of Windows
#

---------------  T H R E A D  ---------------

Current thread (0x0000000015439800):  JavaThread "C2 CompilerThread1" daemon [_thread_in_native, id=2856, stack(0x0000000016a80000,0x0000000016b80000)]

Stack: [0x0000000016a80000,0x0000000016b80000]
[error occurred during error reporting (printing stack bounds), id 0xc0000005]

Native frames: (J=compiled Java code, j=interpreted, Vv=VM code, C=native code)


Current CompileTask:
C2:   5637 1347   !   4       com.android.dx.cf.cst.ConstantPoolParser::parse0 (731 bytes)


---------------  P R O C E S S  ---------------

Java Threads: ( => current thread )
  0x0000000016e6c000 JavaThread "pool-2-thread-4" [_thread_blocked, id=7044, stack(0x0000000017680000,0x0000000017780000)]
  0x0000000016e6a000 JavaThread "pool-2-thread-3" [_thread_blocked, id=11596, stack(0x0000000017580000,0x0000000017680000)]
  0x0000000016e6b000 JavaThread "pool-2-thread-2" [_thread_blocked, id=7416, stack(0x0000000017480000,0x0000000017580000)]
  0x0000000016e67800 JavaThread "pool-3-thread-1" [_thread_blocked, id=11536, stack(0x0000000017380000,0x0000000017480000)]
  0x0000000016e66800 JavaThread "pool-2-thread-1" [_thread_blocked, id=2336, stack(0x0000000017280000,0x0000000017380000)]
  0x0000000016c9c000 JavaThread "Service Thread" daemon [_thread_blocked, id=6360, stack(0x0000000017080000,0x0000000017180000)]
  0x000000001542d000 JavaThread "C1 CompilerThread2" daemon [_thread_blocked, id=2700, stack(0x0000000016b80000,0x0000000016c80000)]
=>0x0000000015439800 JavaThread "C2 CompilerThread1" daemon [_thread_in_native, id=2856, stack(0x0000000016a80000,0x0000000016b80000)]
  0x0000000015436800 JavaThread "C2 CompilerThread0" daemon [_thread_in_native, id=6168, stack(0x0000000016980000,0x0000000016a80000)]
  0x0000000015435000 JavaThread "Attach Listener" daemon [_thread_blocked, id=8632, stack(0x0000000016880000,0x0000000016980000)]
  0x0000000015434000 JavaThread "Signal Dispatcher" daemon [_thread_blocked, id=2368, stack(0x0000000016780000,0x0000000016880000)]
  0x0000000015418800 JavaThread "Finalizer" daemon [_thread_blocked, id=11340, stack(0x0000000016680000,0x0000000016780000)]
  0x00000000153f7000 JavaThread "Reference Handler" daemon [_thread_blocked, id=10236, stack(0x0000000016580000,0x0000000016680000)]
  0x0000000002c61000 JavaThread "main" [_thread_in_Java, id=9556, stack(0x0000000002b60000,0x0000000002c60000)]

Other Threads:
  0x00000000153f4800 VMThread [stack: 0x0000000016480000,0x0000000016580000] [id=6948]
  0x0000000016c92800 WatcherThread [stack: 0x0000000017180000,0x0000000017280000] [id=8352]

VM state:not at safepoint (normal execution)

VM Mutex/Monitor currently owned by a thread: None

Heap:
 PSYoungGen      total 38400K, used 35198K [0x00000000eab00000, 0x00000000ed580000, 0x0000000100000000)
  eden space 33280K, 90% used [0x00000000eab00000,0x00000000ec864fa8,0x00000000ecb80000)
  from space 5120K, 99% used [0x00000000ecb80000,0x00000000ed07aaa8,0x00000000ed080000)
  to   space 5120K, 0% used [0x00000000ed080000,0x00000000ed080000,0x00000000ed580000)
 ParOldGen       total 87552K, used 1761K [0x00000000c0000000, 0x00000000c5580000, 0x00000000eab00000)
  object space 87552K, 2% used [0x00000000c0000000,0x00000000c01b8578,0x00000000c5580000)
 Metaspace       used 6003K, capacity 6960K, committed 7040K, reserved 1056768K
  class space    used 568K, capacity 616K, committed 640K, reserved 1048576K

Card table byte_map: [0x0000000012120000,0x0000000012330000] byte_map_base: 0x0000000011b20000

Marking Bits: (ParMarkBitMap*) 0x000000006ab99d00
 Begin Bits: [0x0000000012890000, 0x0000000013890000)
 End Bits:   [0x0000000013890000, 0x0000000014890000)

Polling page: 0x0000000000e10000

CodeCache: size=245760Kb used=5822Kb max_used=5822Kb free=239938Kb
 bounds [0x0000000002d60000, 0x0000000003320000, 0x0000000011d60000]
 total_blobs=1701 nmethods=1436 adapters=179
 compilation: enabled

Compilation events (10 events):
Event: 5.616 Thread 0x000000001542d000 1450       2       java.util.concurrent.locks.ReentrantLock$Sync::tryRelease (45 bytes)
Event: 5.616 Thread 0x000000001542d000 nmethod 1450 0x0000000003313c10 code [0x0000000003313d80, 0x0000000003313fc8]
Event: 5.616 Thread 0x000000001542d000 1452       2       java.util.concurrent.locks.AbstractQueuedSynchronizer::setState (6 bytes)
Event: 5.617 Thread 0x000000001542d000 nmethod 1452 0x0000000003314090 code [0x00000000033141e0, 0x0000000003314330]
Event: 5.617 Thread 0x000000001542d000 1453       2       java.util.concurrent.locks.AbstractQueuedSynchronizer::release (33 bytes)
Event: 5.617 Thread 0x000000001542d000 nmethod 1453 0x0000000003314390 code [0x0000000003314500, 0x00000000033146d8]
Event: 5.617 Thread 0x000000001542d000 1451       2       com.android.dx.command.dexer.Main::access$1400 (4 bytes)
Event: 5.617 Thread 0x000000001542d000 nmethod 1451 0x00000000033147d0 code [0x0000000003314920, 0x0000000003314a50]
Event: 5.617 Thread 0x000000001542d000 1454       2       java.util.concurrent.ThreadPoolExecutor::workerCountOf (5 bytes)
Event: 5.617 Thread 0x000000001542d000 nmethod 1454 0x0000000003314ad0 code [0x0000000003314c20, 0x0000000003314d50]

GC Heap History (2 events):
Event: 4.142 GC heap before
{Heap before GC invocations=1 (full 0):
 PSYoungGen      total 38400K, used 33280K [0x00000000eab00000, 0x00000000ed580000, 0x0000000100000000)
  eden space 33280K, 100% used [0x00000000eab00000,0x00000000ecb80000,0x00000000ecb80000)
  from space 5120K, 0% used [0x00000000ed080000,0x00000000ed080000,0x00000000ed580000)
  to   space 5120K, 0% used [0x00000000ecb80000,0x00000000ecb80000,0x00000000ed080000)
 ParOldGen       total 87552K, used 0K [0x00000000c0000000, 0x00000000c5580000, 0x00000000eab00000)
  object space 87552K, 0% used [0x00000000c0000000,0x00000000c0000000,0x00000000c5580000)
 Metaspace       used 5886K, capacity 6896K, committed 7040K, reserved 1056768K
  class space    used 568K, capacity 616K, committed 640K, reserved 1048576K
Event: 4.461 GC heap after
Heap after GC invocations=1 (full 0):
 PSYoungGen      total 38400K, used 5098K [0x00000000eab00000, 0x00000000ed580000, 0x0000000100000000)
  eden space 33280K, 0% used [0x00000000eab00000,0x00000000eab00000,0x00000000ecb80000)
  from space 5120K, 99% used [0x00000000ecb80000,0x00000000ed07aaa8,0x00000000ed080000)
  to   space 5120K, 0% used [0x00000000ed080000,0x00000000ed080000,0x00000000ed580000)
 ParOldGen       total 87552K, used 1761K [0x00000000c0000000, 0x00000000c5580000, 0x00000000eab00000)
  object space 87552K, 2% used [0x00000000c0000000,0x00000000c01b8578,0x00000000c5580000)
 Metaspace       used 5886K, capacity 6896K, committed 7040K, reserved 1056768K
  class space    used 568K, capacity 616K, committed 640K, reserved 1048576K
}

Deoptimization events (10 events):
Event: 3.043 Thread 0x0000000016e6c000 Uncommon trap: reason=class_check action=maybe_recompile pc=0x0000000002fb17f0 method=com.android.dx.ssa.NormalSsaInsn.accept(Lcom/android/dx/ssa/SsaInsn$Visitor;)V @ 9
Event: 3.043 Thread 0x0000000016e6c000 Uncommon trap: reason=class_check action=maybe_recompile pc=0x0000000002fb17f0 method=com.android.dx.ssa.NormalSsaInsn.accept(Lcom/android/dx/ssa/SsaInsn$Visitor;)V @ 9
Event: 3.047 Thread 0x0000000016e6c000 Uncommon trap: reason=class_check action=maybe_recompile pc=0x0000000002fea700 method=com.android.dx.ssa.NormalSsaInsn.accept(Lcom/android/dx/ssa/SsaInsn$Visitor;)V @ 9
Event: 3.055 Thread 0x0000000002c61000 Uncommon trap: reason=unstable_if action=reinterpret pc=0x0000000002f740f0 method=java.util.BitSet.nextSetBit(I)I @ 87
Event: 3.065 Thread 0x0000000002c61000 Uncommon trap: reason=unstable_if action=reinterpret pc=0x0000000002f6eeec method=java.util.HashMap.getNode(ILjava/lang/Object;)Ljava/util/HashMap$Node; @ 62
Event: 3.098 Thread 0x0000000002c61000 Uncommon trap: reason=unstable_if action=reinterpret pc=0x0000000002fc9cd8 method=java.lang.String.<init>([CII)V @ 18
Event: 3.150 Thread 0x0000000002c61000 Uncommon trap: reason=unstable_if action=reinterpret pc=0x00000000030826c8 method=java.util.HashMap.getNode(ILjava/lang/Object;)Ljava/util/HashMap$Node; @ 129
Event: 3.150 Thread 0x0000000002c61000 Uncommon trap: reason=unstable_if action=reinterpret pc=0x0000000002faa718 method=java.util.HashMap.getNode(ILjava/lang/Object;)Ljava/util/HashMap$Node; @ 129
Event: 3.150 Thread 0x0000000016e6a000 Uncommon trap: reason=unstable_if action=reinterpret pc=0x000000000302b720 method=com.android.dx.rop.code.RegisterSpec.equals(ILcom/android/dx/rop/type/TypeBearer;Lcom/android/dx/rop/code/LocalItem;)Z @ 16
Event: 5.529 Thread 0x0000000016e6c000 Uncommon trap: reason=unstable_if action=reinterpret pc=0x00000000031457dc method=com.android.dx.ssa.SsaMethod.updateOneDefinition(Lcom/android/dx/ssa/SsaInsn;Lcom/android/dx/rop/code/RegisterSpec;)V @ 4

Internal exceptions (2 events):
Event: 0.210 Thread 0x0000000002c61000 Exception <a 'java/lang/NoSuchMethodError': Method sun.misc.Unsafe.defineClass(Ljava/lang/String;[BII)Ljava/lang/Class; name or signature does not match> (0x00000000eab07cc0) thrown at [C:\src\android\AOSP-openjdk\external\jetbrains\jdk\hotspot\src\share\vl=Nsﬂ ?
Event: 0.210 Thread 0x0000000002c61000 Exception <a 'java/lang/NoSuchMethodError': Method sun.misc.Unsafe.prefetchRead(Ljava/lang/Object;J)V name or signature does not match> (0x00000000eab07fa8) thrown at [C:\src\android\AOSP-openjdk\external\jetbrains\jdk\hotspot\src\share\vm\prims\jni.cpp, l

Events (10 events):
Event: 3.652 Executing VM operation: ForceSafepoint done
Event: 3.762 Executing VM operation: ParallelGCFailedAllocation
Event: 4.461 Executing VM operation: ParallelGCFailedAllocation done
Event: 5.296 Executing VM operation: EnableBiasedLocking
Event: 5.425 Executing VM operation: EnableBiasedLocking done
Event: 5.529 loading class com/android/dx/rop/code/RegOps
Event: 5.529 loading class com/android/dx/rop/code/RegOps done
Event: 5.529 Thread 0x0000000016e6c000 Uncommon trap: trap_request=0xffffff65 fr.pc=0x00000000031457dc
Event: 5.529 Thread 0x0000000016e6c000 DEOPT PACKING pc=0x00000000031457dc sp=0x000000001777e2b0
Event: 5.529 Thread 0x0000000016e6c000 DEOPT UNPACKING pc=0x0000000002da556a sp=0x000000001777e258 mode 2


Dynamic libraries:
0x00007ff746610000 - 0x00007ff746641000 	C:\Program Files\Android\Android Studio\jre\bin\java.exe
0x00007ffea37f0000 - 0x00007ffea39b1000 	C:\WINDOWS\SYSTEM32\ntdll.dll
0x00007ffea2a40000 - 0x00007ffea2aed000 	C:\WINDOWS\system32\KERNEL32.DLL
0x00007ffea07e0000 - 0x00007ffea09c8000 	C:\WINDOWS\system32\KERNELBASE.dll
0x00007ffe9e600000 - 0x00007ffe9e679000 	C:\WINDOWS\system32\apphelp.dll
0x00007ffea2af0000 - 0x00007ffea2b97000 	C:\WINDOWS\system32\ADVAPI32.dll
0x00007ffea0bf0000 - 0x00007ffea0c8d000 	C:\WINDOWS\system32\msvcrt.dll
0x00007ffea0da0000 - 0x00007ffea0dfb000 	C:\WINDOWS\system32\sechost.dll
0x00007ffea2d00000 - 0x00007ffea2e1c000 	C:\WINDOWS\system32\RPCRT4.dll
0x00007ffea2ba0000 - 0x00007ffea2cf6000 	C:\WINDOWS\system32\USER32.dll
0x00007ffea3660000 - 0x00007ffea37e6000 	C:\WINDOWS\system32\GDI32.dll
0x00007ffe97940000 - 0x00007ffe97bb4000 	C:\WINDOWS\WinSxS\amd64_microsoft.windows.common-controls_6595b64144ccf1df_6.0.10586.589_none_a2ddb3caa539acce\COMCTL32.dll
0x00007ffea0f90000 - 0x00007ffea120d000 	C:\WINDOWS\system32\combase.dll
0x00007ffea0ac0000 - 0x00007ffea0b2a000 	C:\WINDOWS\system32\bcryptPrimitives.dll
0x00007ffea2940000 - 0x00007ffea297b000 	C:\WINDOWS\system32\IMM32.DLL
0x000000006a220000 - 0x000000006a2f2000 	C:\Program Files\Android\Android Studio\jre\jre\bin\msvcr100.dll
0x000000006a3e0000 - 0x000000006ac14000 	C:\Program Files\Android\Android Studio\jre\jre\bin\server\jvm.dll
0x00007ffea3210000 - 0x00007ffea3218000 	C:\WINDOWS\system32\PSAPI.DLL
0x00007ffe94a10000 - 0x00007ffe94a19000 	C:\WINDOWS\SYSTEM32\WSOCK32.dll
0x00007ffea0e60000 - 0x00007ffea0ecb000 	C:\WINDOWS\system32\WS2_32.dll
0x00007ffe93e30000 - 0x00007ffe93e3a000 	C:\WINDOWS\SYSTEM32\VERSION.dll
0x00007ffe9e380000 - 0x00007ffe9e3a3000 	C:\WINDOWS\SYSTEM32\WINMM.dll
0x0000000000dc0000 - 0x0000000000dec000 	C:\WINDOWS\SYSTEM32\WINMMBASE.dll
0x00007ffe9ff50000 - 0x00007ffe9ff93000 	C:\WINDOWS\system32\cfgmgr32.dll
0x00007ffe98290000 - 0x00007ffe9829f000 	C:\Program Files\Android\Android Studio\jre\jre\bin\verify.dll
0x00007ffe946f0000 - 0x00007ffe94719000 	C:\Program Files\Android\Android Studio\jre\jre\bin\java.dll
0x00007ffe98210000 - 0x00007ffe98226000 	C:\Program Files\Android\Android Studio\jre\jre\bin\zip.dll
0x00007ffea1370000 - 0x00007ffea28cc000 	C:\WINDOWS\system32\SHELL32.dll
0x00007ffe9ffa0000 - 0x00007ffea05e5000 	C:\WINDOWS\system32\windows.storage.dll
0x00007ffea0e00000 - 0x00007ffea0e52000 	C:\WINDOWS\system32\shlwapi.dll
0x00007ffe9fe90000 - 0x00007ffe9fe9f000 	C:\WINDOWS\system32\kernel.appcore.dll
0x00007ffea0b30000 - 0x00007ffea0be5000 	C:\WINDOWS\system32\shcore.dll
0x00007ffe9fe10000 - 0x00007ffe9fe5b000 	C:\WINDOWS\system32\powrprof.dll
0x00007ffe9fe70000 - 0x00007ffe9fe84000 	C:\WINDOWS\system32\profapi.dll

VM Arguments:
jvm_args: -Djava.awt.headless=true -Xmx1024M -Dfile.encoding=windows-1252 -Duser.country=US -Duser.language=en -Duser.variant 
java_command: com.android.dx.command.Main --dex --force-jumbo --num-threads=4 --multi-dex --output C:\Users\Mohamed-A.Radwan\AndroidStudioProjects\MyApplication\app\build\intermediates\transforms\dex\debug\folders\1000\10\com.google.android.gms-play-services-plus-9.2.1_d8c65b6d1daa122bba67c4a9c305ec18f89b4f15 C:\Users\Mohamed-A.Radwan\AndroidStudioProjects\MyApplication\app\build\intermediates\exploded-aar\com.google.android.gms\play-services-plus\9.2.1\jars\classes.jar
java_class_path (initial): C:\Android\sdk\build-tools\23.0.3\lib\dx.jar
Launcher Type: SUN_STANDARD

Environment Variables:
PATH=C:\WINDOWS\system32;C:\WINDOWS;C:\WINDOWS\System32\Wbem;C:\WINDOWS\System32\WindowsPowerShell\v1.0\;C:\Program Files (x86)\AMD\ATI.ACE\Core-Static;C:\Program Files (x86)\Brackets\command;C:\Program Files (x86)\NVIDIA Corporation\PhysX\Common;C:\Program Files (x86)\Windows Kits\10\Windows Performance Toolkit\
USERNAME=Mohamed-A.Radwan
OS=Windows_NT
PROCESSOR_IDENTIFIER=Intel64 Family 6 Model 69 Stepping 1, GenuineIntel



---------------  S Y S T E M  ---------------

OS: Windows 10.0 , 64 bit Build 10586 (10.0.10586.589)

CPU:total 4 (2 cores per cpu, 2 threads per core) family 6 model 69 stepping 1, cmov, cx8, fxsr, mmx, sse, sse2, sse3, ssse3, sse4.1, sse4.2, popcnt, avx, avx2, aes, clmul, erms, lzcnt, ht, tsc, tscinvbit, bmi1, bmi2

Memory: 4k page, physical 8274284k(1259696k free), swap 13989228k(4560k free)

vm_info: OpenJDK 64-Bit Server VM (25.76-b03) for windows-amd64 JRE (1.8.0_76-release-b03), built on Jun 29 2016 19:09:20 by "ralucas" with MS VC++ 10.0 (VS2010)

time: Wed Sep 21 01:25:26 2016
elapsed time: 5 seconds (0d 0h 0m 5s)

