#
# There is insufficient memory for the Java Runtime Environment to continue.
# Native memory allocation (malloc) failed to allocate 65552 bytes for Chunk::new
# Possible reasons:
#   The system is out of physical RAM or swap space
#   In 32 bit mode, the process size limit was hit
# Possible solutions:
#   Reduce memory load on the system
#   Increase physical memory or swap space
#   Check if swap backing store is full
#   Use 64 bit Java on a 64 bit OS
#   Decrease Java heap size (-Xmx/-Xms)
#   Decrease number of Java threads
#   Decrease Java thread stack sizes (-Xss)
#   Set larger code cache with -XX:ReservedCodeCacheSize=
# This output file may be truncated or incomplete.
#
#  Out of Memory Error (allocation.cpp:390), pid=4384, tid=0x000000000000164c
#
# JRE version: OpenJDK Runtime Environment (8.0_76-b03) (build 1.8.0_76-release-b03)
# Java VM: OpenJDK 64-Bit Server VM (25.76-b03 mixed mode windows-amd64 compressed oops)
# Failed to write core dump. Minidumps are not enabled by default on client versions of Windows
#

---------------  T H R E A D  ---------------

Current thread (0x0000000014f57800):  JavaThread "C2 CompilerThread1" daemon [_thread_in_native, id=5708, stack(0x00000000166a0000,0x00000000167a0000)]

Stack: [0x00000000166a0000,0x00000000167a0000]
[error occurred during error reporting (printing stack bounds), id 0xc0000005]

Native frames: (J=compiled Java code, j=interpreted, Vv=VM code, C=native code)


Current CompileTask:
C2:   4698 1420       4       com.android.dx.ssa.SCCP::simulateBranch (666 bytes)


---------------  P R O C E S S  ---------------

Java Threads: ( => current thread )
  0x0000000016b5a000 JavaThread "pool-2-thread-4" [_thread_in_Java, id=7336, stack(0x00000000172a0000,0x00000000173a0000)]
  0x0000000016b59800 JavaThread "pool-2-thread-3" [_thread_in_Java, id=7928, stack(0x00000000171a0000,0x00000000172a0000)]
  0x0000000016b55000 JavaThread "pool-2-thread-2" [_thread_in_Java, id=6308, stack(0x00000000170a0000,0x00000000171a0000)]
  0x0000000016aff000 JavaThread "pool-3-thread-1" [_thread_blocked, id=5444, stack(0x0000000016fa0000,0x00000000170a0000)]
  0x0000000016afe800 JavaThread "pool-2-thread-1" [_thread_in_Java, id=9332, stack(0x0000000016ea0000,0x0000000016fa0000)]
  0x0000000014f62000 JavaThread "Service Thread" daemon [_thread_blocked, id=5416, stack(0x0000000016ca0000,0x0000000016da0000)]
  0x0000000014f5a800 JavaThread "C1 CompilerThread2" daemon [_thread_blocked, id=5848, stack(0x00000000167a0000,0x00000000168a0000)]
=>0x0000000014f57800 JavaThread "C2 CompilerThread1" daemon [_thread_in_native, id=5708, stack(0x00000000166a0000,0x00000000167a0000)]
  0x0000000014f68000 JavaThread "C2 CompilerThread0" daemon [_thread_in_native, id=10160, stack(0x00000000165a0000,0x00000000166a0000)]
  0x0000000014f67000 JavaThread "Attach Listener" daemon [_thread_blocked, id=3744, stack(0x00000000164a0000,0x00000000165a0000)]
  0x0000000014f64000 JavaThread "Signal Dispatcher" daemon [_thread_blocked, id=7128, stack(0x00000000163a0000,0x00000000164a0000)]
  0x0000000014f48800 JavaThread "Finalizer" daemon [_thread_blocked, id=332, stack(0x00000000161c0000,0x00000000162c0000)]
  0x0000000002880000 JavaThread "Reference Handler" daemon [_thread_blocked, id=11328, stack(0x00000000160c0000,0x00000000161c0000)]
  0x0000000002791000 JavaThread "main" [_thread_in_Java, id=2236, stack(0x0000000002690000,0x0000000002790000)]

Other Threads:
  0x0000000014f25800 VMThread [stack: 0x0000000015fc0000,0x00000000160c0000] [id=3736]
  0x00000000168c5000 WatcherThread [stack: 0x0000000016da0000,0x0000000016ea0000] [id=488]

VM state:not at safepoint (normal execution)

VM Mutex/Monitor currently owned by a thread: None

Heap:
 PSYoungGen      total 38400K, used 21902K [0x00000000eab00000, 0x00000000ef600000, 0x0000000100000000)
  eden space 33280K, 50% used [0x00000000eab00000,0x00000000ebb66278,0x00000000ecb80000)
  from space 5120K, 99% used [0x00000000ecb80000,0x00000000ed07d700,0x00000000ed080000)
  to   space 5120K, 0% used [0x00000000ef100000,0x00000000ef100000,0x00000000ef600000)
 ParOldGen       total 87552K, used 805K [0x00000000c0000000, 0x00000000c5580000, 0x00000000eab00000)
  object space 87552K, 0% used [0x00000000c0000000,0x00000000c00c9478,0x00000000c5580000)
 Metaspace       used 6060K, capacity 7024K, committed 7296K, reserved 1056768K
  class space    used 574K, capacity 616K, committed 640K, reserved 1048576K

Card table byte_map: [0x0000000011c50000,0x0000000011e60000] byte_map_base: 0x0000000011650000

Marking Bits: (ParMarkBitMap*) 0x000000006ab99d00
 Begin Bits: [0x00000000123c0000, 0x00000000133c0000)
 End Bits:   [0x00000000133c0000, 0x00000000143c0000)

Polling page: 0x0000000000ac0000

CodeCache: size=245760Kb used=5771Kb max_used=5784Kb free=239988Kb
 bounds [0x0000000002890000, 0x0000000002e40000, 0x0000000011890000]
 total_blobs=1683 nmethods=1417 adapters=180
 compilation: enabled

Compilation events (10 events):
Event: 4.606 Thread 0x0000000014f57800 nmethod 1417 0x0000000002e26e90 code [0x0000000002e26fe0, 0x0000000002e27048]
Event: 4.606 Thread 0x0000000014f57800 1278       4       com.android.dx.rop.cst.CstMemberRef::compareTo0 (49 bytes)
Event: 4.609 Thread 0x0000000014f5a800 1421       3       com.android.dx.dex.cf.AttributeTranslator::getParameterAnnotations (69 bytes)
Event: 4.609 Thread 0x0000000014f5a800 nmethod 1421 0x0000000002e2c990 code [0x0000000002e2cb80, 0x0000000002e2d478]
Event: 4.609 Thread 0x0000000014f57800 nmethod 1278 0x0000000002e2c090 code [0x0000000002e2c1e0, 0x0000000002e2c598]
Event: 4.609 Thread 0x0000000014f57800 1420       4       com.android.dx.ssa.SCCP::simulateBranch (666 bytes)
Event: 4.661 Thread 0x0000000014f68000 nmethod 1208 0x0000000002e34650 code [0x0000000002e34bc0, 0x0000000002e38190]
Event: 4.661 Thread 0x0000000014f68000 1267       4       com.android.dx.ssa.SCCP::addBlockToWorklist (47 bytes)
Event: 4.676 Thread 0x0000000014f68000 nmethod 1267 0x0000000002e30010 code [0x0000000002e301a0, 0x0000000002e30a08]
Event: 4.676 Thread 0x0000000014f68000 1422   !   4       com.android.dx.cf.code.BytecodeArray::parseInstruction (2764 bytes)

GC Heap History (2 events):
Event: 4.289 GC heap before
{Heap before GC invocations=1 (full 0):
 PSYoungGen      total 38400K, used 33280K [0x00000000eab00000, 0x00000000ed580000, 0x0000000100000000)
  eden space 33280K, 100% used [0x00000000eab00000,0x00000000ecb80000,0x00000000ecb80000)
  from space 5120K, 0% used [0x00000000ed080000,0x00000000ed080000,0x00000000ed580000)
  to   space 5120K, 0% used [0x00000000ecb80000,0x00000000ecb80000,0x00000000ed080000)
 ParOldGen       total 87552K, used 0K [0x00000000c0000000, 0x00000000c5580000, 0x00000000eab00000)
  object space 87552K, 0% used [0x00000000c0000000,0x00000000c0000000,0x00000000c5580000)
 Metaspace       used 5883K, capacity 6896K, committed 7040K, reserved 1056768K
  class space    used 569K, capacity 616K, committed 640K, reserved 1048576K
Event: 4.432 GC heap after
Heap after GC invocations=1 (full 0):
 PSYoungGen      total 38400K, used 5109K [0x00000000eab00000, 0x00000000ef600000, 0x0000000100000000)
  eden space 33280K, 0% used [0x00000000eab00000,0x00000000eab00000,0x00000000ecb80000)
  from space 5120K, 99% used [0x00000000ecb80000,0x00000000ed07d700,0x00000000ed080000)
  to   space 5120K, 0% used [0x00000000ef100000,0x00000000ef100000,0x00000000ef600000)
 ParOldGen       total 87552K, used 805K [0x00000000c0000000, 0x00000000c5580000, 0x00000000eab00000)
  object space 87552K, 0% used [0x00000000c0000000,0x00000000c00c9478,0x00000000c5580000)
 Metaspace       used 5883K, capacity 6896K, committed 7040K, reserved 1056768K
  class space    used 569K, capacity 616K, committed 640K, reserved 1048576K
}

Deoptimization events (10 events):
Event: 3.485 Thread 0x0000000016b55000 Uncommon trap: reason=unstable_if action=reinterpret pc=0x0000000002a90c24 method=java.util.HashMap.getNode(ILjava/lang/Object;)Ljava/util/HashMap$Node; @ 129
Event: 3.662 Thread 0x0000000016b59800 Uncommon trap: reason=class_check action=maybe_recompile pc=0x0000000002b0b954 method=com.android.dx.ssa.NormalSsaInsn.accept(Lcom/android/dx/ssa/SsaInsn$Visitor;)V @ 9
Event: 3.662 Thread 0x0000000016b59800 Uncommon trap: reason=class_check action=maybe_recompile pc=0x0000000002b0b954 method=com.android.dx.ssa.NormalSsaInsn.accept(Lcom/android/dx/ssa/SsaInsn$Visitor;)V @ 9
Event: 3.662 Thread 0x0000000016b59800 Uncommon trap: reason=class_check action=maybe_recompile pc=0x0000000002b0b954 method=com.android.dx.ssa.NormalSsaInsn.accept(Lcom/android/dx/ssa/SsaInsn$Visitor;)V @ 9
Event: 3.662 Thread 0x0000000016b59800 Uncommon trap: reason=class_check action=maybe_recompile pc=0x0000000002b0b954 method=com.android.dx.ssa.NormalSsaInsn.accept(Lcom/android/dx/ssa/SsaInsn$Visitor;)V @ 9
Event: 3.662 Thread 0x0000000016b59800 Uncommon trap: reason=class_check action=maybe_recompile pc=0x0000000002ac4030 method=com.android.dx.ssa.NormalSsaInsn.accept(Lcom/android/dx/ssa/SsaInsn$Visitor;)V @ 9
Event: 3.673 Thread 0x0000000016b59800 Uncommon trap: reason=unstable_if action=reinterpret pc=0x0000000002b8805c method=com.android.dx.rop.code.LocalItem.hashCode()I @ 25
Event: 3.808 Thread 0x0000000016afe800 Uncommon trap: reason=unstable_if action=reinterpret pc=0x0000000002bebd5c method=com.android.dx.rop.cst.Constant.compareTo(Lcom/android/dx/rop/cst/Constant;)I @ 12
Event: 3.823 Thread 0x0000000016b55000 Uncommon trap: reason=unstable_if action=reinterpret pc=0x0000000002bd93e4 method=com.android.dx.rop.code.LocalItem.hashCode()I @ 25
Event: 3.823 Thread 0x0000000016b55000 Uncommon trap: reason=unstable_if action=reinterpret pc=0x0000000002c03384 method=com.android.dx.rop.code.LocalItem.hashCode()I @ 25

Internal exceptions (2 events):
Event: 0.640 Thread 0x0000000002791000 Exception <a 'java/lang/NoSuchMethodError': Method sun.misc.Unsafe.defineClass(Ljava/lang/String;[BII)Ljava/lang/Class; name or signature does not match> (0x00000000eab07cc0) thrown at [C:\src\android\AOSP-openjdk\external\jetbrains\jdk\hotspot\src\share\v´´ÄlÉyä?
Event: 0.640 Thread 0x0000000002791000 Exception <a 'java/lang/NoSuchMethodError': Method sun.misc.Unsafe.prefetchRead(Ljava/lang/Object;J)V name or signature does not match> (0x00000000eab07fa8) thrown at [C:\src\android\AOSP-openjdk\external\jetbrains\jdk\hotspot\src\share\vm\prims\jni.cpp, l

Events (10 events):
Event: 4.571 loading class com/android/dx/dex/file/UniformListItem
Event: 4.571 loading class com/android/dx/dex/file/UniformListItem done
Event: 4.571 loading class com/android/dx/dex/file/AnnotationSetRefItem
Event: 4.571 loading class com/android/dx/dex/file/AnnotationSetRefItem done
Event: 4.575 loading class com/android/dx/cf/attrib/AttExceptions
Event: 4.575 loading class com/android/dx/cf/attrib/AttExceptions done
Event: 4.598 loading class com/android/dx/cf/attrib/AttRuntimeInvisibleAnnotations
Event: 4.598 loading class com/android/dx/cf/attrib/AttRuntimeInvisibleAnnotations done
Event: 4.598 loading class com/android/dx/cf/attrib/BaseAnnotations
Event: 4.598 loading class com/android/dx/cf/attrib/BaseAnnotations done


Dynamic libraries:
0x00007ff746610000 - 0x00007ff746641000 	C:\Program Files\Android\Android Studio\jre\bin\java.exe
0x00007ffea37f0000 - 0x00007ffea39b1000 	C:\WINDOWS\SYSTEM32\ntdll.dll
0x00007ffea2a40000 - 0x00007ffea2aed000 	C:\WINDOWS\system32\KERNEL32.DLL
0x00007ffea07e0000 - 0x00007ffea09c8000 	C:\WINDOWS\system32\KERNELBASE.dll
0x00007ffe9e600000 - 0x00007ffe9e679000 	C:\WINDOWS\system32\apphelp.dll
0x00007ffea2af0000 - 0x00007ffea2b97000 	C:\WINDOWS\system32\ADVAPI32.dll
0x00007ffea0bf0000 - 0x00007ffea0c8d000 	C:\WINDOWS\system32\msvcrt.dll
0x00007ffea0da0000 - 0x00007ffea0dfb000 	C:\WINDOWS\system32\sechost.dll
0x00007ffea2d00000 - 0x00007ffea2e1c000 	C:\WINDOWS\system32\RPCRT4.dll
0x00007ffea2ba0000 - 0x00007ffea2cf6000 	C:\WINDOWS\system32\USER32.dll
0x00007ffea3660000 - 0x00007ffea37e6000 	C:\WINDOWS\system32\GDI32.dll
0x00007ffe97940000 - 0x00007ffe97bb4000 	C:\WINDOWS\WinSxS\amd64_microsoft.windows.common-controls_6595b64144ccf1df_6.0.10586.589_none_a2ddb3caa539acce\COMCTL32.dll
0x00007ffea0f90000 - 0x00007ffea120d000 	C:\WINDOWS\system32\combase.dll
0x00007ffea0ac0000 - 0x00007ffea0b2a000 	C:\WINDOWS\system32\bcryptPrimitives.dll
0x00007ffea2940000 - 0x00007ffea297b000 	C:\WINDOWS\system32\IMM32.DLL
0x000000006a220000 - 0x000000006a2f2000 	C:\Program Files\Android\Android Studio\jre\jre\bin\msvcr100.dll
0x000000006a3e0000 - 0x000000006ac14000 	C:\Program Files\Android\Android Studio\jre\jre\bin\server\jvm.dll
0x00007ffea3210000 - 0x00007ffea3218000 	C:\WINDOWS\system32\PSAPI.DLL
0x00007ffe94a10000 - 0x00007ffe94a19000 	C:\WINDOWS\SYSTEM32\WSOCK32.dll
0x00007ffea0e60000 - 0x00007ffea0ecb000 	C:\WINDOWS\system32\WS2_32.dll
0x00007ffe9e380000 - 0x00007ffe9e3a3000 	C:\WINDOWS\SYSTEM32\WINMM.dll
0x00007ffe93e30000 - 0x00007ffe93e3a000 	C:\WINDOWS\SYSTEM32\VERSION.dll
0x00007ffe9e350000 - 0x00007ffe9e37c000 	C:\WINDOWS\SYSTEM32\WINMMBASE.dll
0x00007ffe9ff50000 - 0x00007ffe9ff93000 	C:\WINDOWS\system32\cfgmgr32.dll
0x00007ffe98290000 - 0x00007ffe9829f000 	C:\Program Files\Android\Android Studio\jre\jre\bin\verify.dll
0x00007ffe946f0000 - 0x00007ffe94719000 	C:\Program Files\Android\Android Studio\jre\jre\bin\java.dll
0x00007ffe98210000 - 0x00007ffe98226000 	C:\Program Files\Android\Android Studio\jre\jre\bin\zip.dll
0x00007ffea1370000 - 0x00007ffea28cc000 	C:\WINDOWS\system32\SHELL32.dll
0x00007ffe9ffa0000 - 0x00007ffea05e5000 	C:\WINDOWS\system32\windows.storage.dll
0x00007ffea0e00000 - 0x00007ffea0e52000 	C:\WINDOWS\system32\shlwapi.dll
0x00007ffe9fe90000 - 0x00007ffe9fe9f000 	C:\WINDOWS\system32\kernel.appcore.dll
0x00007ffea0b30000 - 0x00007ffea0be5000 	C:\WINDOWS\system32\shcore.dll
0x00007ffe9fe10000 - 0x00007ffe9fe5b000 	C:\WINDOWS\system32\powrprof.dll
0x00007ffe9fe70000 - 0x00007ffe9fe84000 	C:\WINDOWS\system32\profapi.dll

VM Arguments:
jvm_args: -Djava.awt.headless=true -Xmx1024M -Dfile.encoding=windows-1252 -Duser.country=US -Duser.language=en -Duser.variant 
java_command: com.android.dx.command.Main --dex --force-jumbo --num-threads=4 --multi-dex --output C:\Users\Mohamed-A.Radwan\AndroidStudioProjects\MyApplication\app\build\intermediates\transforms\dex\debug\folders\1000\10\internal_impl-23.3.0_c3a39b481c9287e046eec11ccabb08933855caa9 C:\Users\Mohamed-A.Radwan\AndroidStudioProjects\MyApplication\app\build\intermediates\exploded-aar\com.android.support\support-v4\23.3.0\jars\libs\internal_impl-23.3.0.jar
java_class_path (initial): C:\Android\sdk\build-tools\23.0.3\lib\dx.jar
Launcher Type: SUN_STANDARD

Environment Variables:
PATH=C:\WINDOWS\system32;C:\WINDOWS;C:\WINDOWS\System32\Wbem;C:\WINDOWS\System32\WindowsPowerShell\v1.0\;C:\Program Files (x86)\AMD\ATI.ACE\Core-Static;C:\Program Files (x86)\Brackets\command;C:\Program Files (x86)\NVIDIA Corporation\PhysX\Common;C:\Program Files (x86)\Windows Kits\10\Windows Performance Toolkit\
USERNAME=Mohamed-A.Radwan
OS=Windows_NT
PROCESSOR_IDENTIFIER=Intel64 Family 6 Model 69 Stepping 1, GenuineIntel



---------------  S Y S T E M  ---------------

OS: Windows 10.0 , 64 bit Build 10586 (10.0.10586.589)

CPU:total 4 (2 cores per cpu, 2 threads per core) family 6 model 69 stepping 1, cmov, cx8, fxsr, mmx, sse, sse2, sse3, ssse3, sse4.1, sse4.2, popcnt, avx, avx2, aes, clmul, erms, lzcnt, ht, tsc, tscinvbit, bmi1, bmi2

Memory: 4k page, physical 8274284k(1326540k free), swap 13989228k(4712k free)

vm_info: OpenJDK 64-Bit Server VM (25.76-b03) for windows-amd64 JRE (1.8.0_76-release-b03), built on Jun 29 2016 19:09:20 by "ralucas" with MS VC++ 10.0 (VS2010)

time: Wed Sep 21 01:25:18 2016
elapsed time: 4 seconds (0d 0h 0m 4s)

