#
# There is insufficient memory for the Java Runtime Environment to continue.
# Native memory allocation (malloc) failed to allocate 292560 bytes for Chunk::new
# Possible reasons:
#   The system is out of physical RAM or swap space
#   In 32 bit mode, the process size limit was hit
# Possible solutions:
#   Reduce memory load on the system
#   Increase physical memory or swap space
#   Check if swap backing store is full
#   Use 64 bit Java on a 64 bit OS
#   Decrease Java heap size (-Xmx/-Xms)
#   Decrease number of Java threads
#   Decrease Java thread stack sizes (-Xss)
#   Set larger code cache with -XX:ReservedCodeCacheSize=
# This output file may be truncated or incomplete.
#
#  Out of Memory Error (allocation.cpp:390), pid=249116, tid=0x000000000003d108
#
# JRE version: OpenJDK Runtime Environment (8.0_112-b06) (build 1.8.0_112-release-b06)
# Java VM: OpenJDK 64-Bit Server VM (25.112-b06 mixed mode windows-amd64 compressed oops)
# Failed to write core dump. Minidumps are not enabled by default on client versions of Windows
#

---------------  T H R E A D  ---------------

Current thread (0x0000000014a09000):  JavaThread "C2 CompilerThread1" daemon [_thread_in_native, id=250120, stack(0x0000000016170000,0x0000000016270000)]

Stack: [0x0000000016170000,0x0000000016270000]
[error occurred during error reporting (printing stack bounds), id 0xc0000005]

Native frames: (J=compiled Java code, j=interpreted, Vv=VM code, C=native code)


Current CompileTask:
C2:   4920 1403       4       com.android.dx.dex.code.OutputFinisher::addConstants (93 bytes)


---------------  P R O C E S S  ---------------

Java Threads: ( => current thread )
  0x0000000016276000 JavaThread "Service Thread" daemon [_thread_blocked, id=250280, stack(0x0000000016770000,0x0000000016870000)]
  0x0000000016270800 JavaThread "C1 CompilerThread2" daemon [_thread_blocked, id=250088, stack(0x0000000016670000,0x0000000016770000)]
=>0x0000000014a09000 JavaThread "C2 CompilerThread1" daemon [_thread_in_native, id=250120, stack(0x0000000016170000,0x0000000016270000)]
  0x0000000014a1a000 JavaThread "C2 CompilerThread0" daemon [_thread_blocked, id=250148, stack(0x0000000016070000,0x0000000016170000)]
  0x0000000014a17800 JavaThread "Attach Listener" daemon [_thread_blocked, id=250220, stack(0x0000000015f70000,0x0000000016070000)]
  0x0000000014a16800 JavaThread "Signal Dispatcher" daemon [_thread_blocked, id=250216, stack(0x0000000015e70000,0x0000000015f70000)]
  0x00000000149f8800 JavaThread "Finalizer" daemon [_thread_blocked, id=250196, stack(0x0000000015c80000,0x0000000015d80000)]
  0x0000000002332000 JavaThread "Reference Handler" daemon [_thread_blocked, id=250240, stack(0x0000000015b80000,0x0000000015c80000)]
  0x000000000222e000 JavaThread "main" [_thread_in_vm, id=242476, stack(0x0000000002100000,0x0000000002200000)]

Other Threads:
  0x00000000149d5000 VMThread [stack: 0x0000000015a80000,0x0000000015b80000] [id=250228]
  0x0000000016277000 WatcherThread [stack: 0x0000000016870000,0x0000000016970000] [id=250376]

VM state:not at safepoint (normal execution)

VM Mutex/Monitor currently owned by a thread: None

Heap:
 PSYoungGen      total 38400K, used 8544K [0x00000000eab00000, 0x00000000ef600000, 0x0000000100000000)
  eden space 33280K, 10% used [0x00000000eab00000,0x00000000eae5df50,0x00000000ecb80000)
  from space 5120K, 99% used [0x00000000ecb80000,0x00000000ed07a308,0x00000000ed080000)
  to   space 5120K, 0% used [0x00000000ef100000,0x00000000ef100000,0x00000000ef600000)
 ParOldGen       total 87552K, used 1368K [0x00000000c0000000, 0x00000000c5580000, 0x00000000eab00000)
  object space 87552K, 1% used [0x00000000c0000000,0x00000000c01563f8,0x00000000c5580000)
 Metaspace       used 6117K, capacity 7024K, committed 7296K, reserved 1056768K
  class space    used 582K, capacity 616K, committed 640K, reserved 1048576K

Card table byte_map: [0x0000000011700000,0x0000000011910000] byte_map_base: 0x0000000011100000

Marking Bits: (ParMarkBitMap*) 0x00000000554018f0
 Begin Bits: [0x0000000011e70000, 0x0000000012e70000)
 End Bits:   [0x0000000012e70000, 0x0000000013e70000)

Polling page: 0x0000000000980000

CodeCache: size=245760Kb used=5725Kb max_used=5739Kb free=240034Kb
 bounds [0x0000000002340000, 0x00000000028f0000, 0x0000000011340000]
 total_blobs=1711 nmethods=1442 adapters=183
 compilation: enabled

Compilation events (10 events):
Event: 4.563 Thread 0x0000000016270800 nmethod 1443 0x00000000028d6190 code [0x00000000028d62e0, 0x00000000028d6430]
Event: 4.613 Thread 0x0000000014a1a000 nmethod 1409 0x00000000028db710 code [0x00000000028dba60, 0x00000000028de000]
Event: 4.613 Thread 0x0000000014a1a000 1412       4       java.util.HashMap::putVal (300 bytes)
Event: 4.626 Thread 0x0000000014a1a000 nmethod 1412 0x00000000028d7390 code [0x00000000028d7540, 0x00000000028d7d18]
Event: 4.627 Thread 0x0000000014a1a000 1411       4       java.util.HashMap::getNode (148 bytes)
Event: 4.630 Thread 0x0000000014a1a000 nmethod 1411 0x00000000028d8310 code [0x00000000028d8460, 0x00000000028d8678]
Event: 4.630 Thread 0x0000000014a1a000 1422       4       com.android.dx.dex.file.Section::throwIfPrepared (18 bytes)
Event: 4.631 Thread 0x0000000014a1a000 nmethod 1422 0x00000000028bdf10 code [0x00000000028be040, 0x00000000028be0b8]
Event: 4.631 Thread 0x0000000014a1a000 1438       4       java.util.TreeMap$PrivateEntryIterator::hasNext (13 bytes)
Event: 4.631 Thread 0x0000000014a1a000 nmethod 1438 0x00000000027c5fd0 code [0x00000000027c6100, 0x00000000027c6178]

GC Heap History (2 events):
Event: 4.227 GC heap before
{Heap before GC invocations=1 (full 0):
 PSYoungGen      total 38400K, used 33280K [0x00000000eab00000, 0x00000000ed580000, 0x0000000100000000)
  eden space 33280K, 100% used [0x00000000eab00000,0x00000000ecb80000,0x00000000ecb80000)
  from space 5120K, 0% used [0x00000000ed080000,0x00000000ed080000,0x00000000ed580000)
  to   space 5120K, 0% used [0x00000000ecb80000,0x00000000ecb80000,0x00000000ed080000)
 ParOldGen       total 87552K, used 0K [0x00000000c0000000, 0x00000000c5580000, 0x00000000eab00000)
  object space 87552K, 0% used [0x00000000c0000000,0x00000000c0000000,0x00000000c5580000)
 Metaspace       used 6003K, capacity 6960K, committed 7040K, reserved 1056768K
  class space    used 574K, capacity 616K, committed 640K, reserved 1048576K
Event: 4.384 GC heap after
Heap after GC invocations=1 (full 0):
 PSYoungGen      total 38400K, used 5096K [0x00000000eab00000, 0x00000000ef600000, 0x0000000100000000)
  eden space 33280K, 0% used [0x00000000eab00000,0x00000000eab00000,0x00000000ecb80000)
  from space 5120K, 99% used [0x00000000ecb80000,0x00000000ed07a308,0x00000000ed080000)
  to   space 5120K, 0% used [0x00000000ef100000,0x00000000ef100000,0x00000000ef600000)
 ParOldGen       total 87552K, used 1368K [0x00000000c0000000, 0x00000000c5580000, 0x00000000eab00000)
  object space 87552K, 1% used [0x00000000c0000000,0x00000000c01563f8,0x00000000c5580000)
 Metaspace       used 6003K, capacity 6960K, committed 7040K, reserved 1056768K
  class space    used 574K, capacity 616K, committed 640K, reserved 1048576K
}

Deoptimization events (10 events):
Event: 4.511 Thread 0x000000000222e000 Uncommon trap: reason=bimorphic action=maybe_recompile pc=0x0000000002565e64 method=java.util.HashMap.getNode(ILjava/lang/Object;)Ljava/util/HashMap$Node; @ 126
Event: 4.511 Thread 0x000000000222e000 Uncommon trap: reason=bimorphic action=maybe_recompile pc=0x0000000002810de0 method=java.util.HashMap.getNode(ILjava/lang/Object;)Ljava/util/HashMap$Node; @ 126
Event: 4.514 Thread 0x000000000222e000 Uncommon trap: reason=class_check action=maybe_recompile pc=0x000000000274db4c method=java.util.HashMap.putVal(ILjava/lang/Object;Ljava/lang/Object;ZZ)Ljava/lang/Object; @ 203
Event: 4.514 Thread 0x000000000222e000 Uncommon trap: reason=class_check action=maybe_recompile pc=0x000000000274db4c method=java.util.HashMap.putVal(ILjava/lang/Object;Ljava/lang/Object;ZZ)Ljava/lang/Object; @ 203
Event: 4.514 Thread 0x000000000222e000 Uncommon trap: reason=class_check action=maybe_recompile pc=0x000000000274db4c method=java.util.HashMap.putVal(ILjava/lang/Object;Ljava/lang/Object;ZZ)Ljava/lang/Object; @ 203
Event: 4.514 Thread 0x000000000222e000 Uncommon trap: reason=class_check action=maybe_recompile pc=0x000000000274db4c method=java.util.HashMap.putVal(ILjava/lang/Object;Ljava/lang/Object;ZZ)Ljava/lang/Object; @ 203
Event: 4.531 Thread 0x000000000222e000 Uncommon trap: reason=bimorphic action=maybe_recompile pc=0x00000000028c3024 method=java.util.HashMap.putVal(ILjava/lang/Object;Ljava/lang/Object;ZZ)Ljava/lang/Object; @ 203
Event: 4.531 Thread 0x000000000222e000 Uncommon trap: reason=bimorphic action=maybe_recompile pc=0x00000000028c3024 method=java.util.HashMap.putVal(ILjava/lang/Object;Ljava/lang/Object;ZZ)Ljava/lang/Object; @ 203
Event: 4.531 Thread 0x000000000222e000 Uncommon trap: reason=bimorphic action=maybe_recompile pc=0x00000000028c3024 method=java.util.HashMap.putVal(ILjava/lang/Object;Ljava/lang/Object;ZZ)Ljava/lang/Object; @ 203
Event: 4.531 Thread 0x000000000222e000 Uncommon trap: reason=bimorphic action=maybe_recompile pc=0x00000000028c3024 method=java.util.HashMap.putVal(ILjava/lang/Object;Ljava/lang/Object;ZZ)Ljava/lang/Object; @ 203

Internal exceptions (4 events):
Event: 0.047 Thread 0x000000000222e000 Exception <a 'java/lang/NoSuchMethodError': Method sun.misc.Unsafe.defineClass(Ljava/lang/String;[BII)Ljava/lang/Class; name or signature does not match> (0x00000000eab07c78) thrown at [C:\src\android\AOSP-openjdk\external\jetbrains\jdk\hotspot\src\share\v`]ç*≤L®?
Event: 0.047 Thread 0x000000000222e000 Exception <a 'java/lang/NoSuchMethodError': Method sun.misc.Unsafe.prefetchRead(Ljava/lang/Object;J)V name or signature does not match> (0x00000000eab07f60) thrown at [C:\src\android\AOSP-openjdk\external\jetbrains\jdk\hotspot\src\share\vm\prims\jni.cpp, l/t±õDo@
Event: 2.804 Thread 0x00000000163ff800 Implicit null exception at 0x000000000262a3e2 to 0x000000000262a4da
Event: 3.208 Thread 0x000000000222e000 Implicit null exception at 0x0000000002614868 to 0x000000000261789d

Events (10 events):
Event: 4.545 loading class com/android/dx/dex/file/ProtoIdItem
Event: 4.545 loading class com/android/dx/dex/file/ProtoIdItem done
Event: 4.558 loading class com/android/dex/Leb128
Event: 4.558 loading class com/android/dex/Leb128 done
Event: 4.560 loading class java/util/Collections$1
Event: 4.560 loading class java/util/Collections$1 done
Event: 4.561 loading class com/android/dx/dex/file/MixedItemSection$2
Event: 4.561 loading class com/android/dx/dex/file/MixedItemSection$2 done
Event: 4.563 loading class com/android/dx/dex/file/CodeItem$1
Event: 4.563 loading class com/android/dx/dex/file/CodeItem$1 done


Dynamic libraries:
0x00007ff7243a0000 - 0x00007ff7243d1000 	C:\Program Files\Android\Android Studio\jre\bin\java.exe
0x00007ffdd0860000 - 0x00007ffdd0a31000 	C:\WINDOWS\SYSTEM32\ntdll.dll
0x00007ffdcdf00000 - 0x00007ffdcdfab000 	C:\WINDOWS\System32\KERNEL32.DLL
0x00007ffdcdbd0000 - 0x00007ffdcdded000 	C:\WINDOWS\System32\KERNELBASE.dll
0x00007ffdcb260000 - 0x00007ffdcb2da000 	C:\WINDOWS\system32\apphelp.dll
0x00007ffdce740000 - 0x00007ffdce7e2000 	C:\WINDOWS\System32\ADVAPI32.dll
0x00007ffdcddf0000 - 0x00007ffdcde8e000 	C:\WINDOWS\System32\msvcrt.dll
0x00007ffdcdea0000 - 0x00007ffdcdef9000 	C:\WINDOWS\System32\sechost.dll
0x00007ffdce1a0000 - 0x00007ffdce2c1000 	C:\WINDOWS\System32\RPCRT4.dll
0x00007ffdce7f0000 - 0x00007ffdce955000 	C:\WINDOWS\System32\USER32.dll
0x00007ffdcd120000 - 0x00007ffdcd13e000 	C:\WINDOWS\System32\win32u.dll
0x00007ffdce6a0000 - 0x00007ffdce6d4000 	C:\WINDOWS\System32\GDI32.dll
0x00007ffdccdc0000 - 0x00007ffdccf42000 	C:\WINDOWS\System32\gdi32full.dll
0x00007ffdc5a80000 - 0x00007ffdc5cfa000 	C:\WINDOWS\WinSxS\amd64_microsoft.windows.common-controls_6595b64144ccf1df_6.0.14393.953_none_42151e83c686086b\COMCTL32.dll
0x00007ffdce2d0000 - 0x00007ffdce598000 	C:\WINDOWS\System32\combase.dll
0x00007ffdcd300000 - 0x00007ffdcd3f5000 	C:\WINDOWS\System32\ucrtbase.dll
0x00007ffdccd50000 - 0x00007ffdccdba000 	C:\WINDOWS\System32\bcryptPrimitives.dll
0x00007ffdce9d0000 - 0x00007ffdce9fe000 	C:\WINDOWS\System32\IMM32.DLL
0x0000000054b60000 - 0x0000000054c32000 	C:\Program Files\Android\Android Studio\jre\jre\bin\msvcr100.dll
0x0000000054c40000 - 0x000000005547c000 	C:\Program Files\Android\Android Studio\jre\jre\bin\server\jvm.dll
0x00007ffdce190000 - 0x00007ffdce198000 	C:\WINDOWS\System32\PSAPI.DLL
0x00007ffdbd830000 - 0x00007ffdbd839000 	C:\WINDOWS\SYSTEM32\WSOCK32.dll
0x00007ffdce960000 - 0x00007ffdce9ca000 	C:\WINDOWS\System32\WS2_32.dll
0x00007ffdcaf50000 - 0x00007ffdcaf73000 	C:\WINDOWS\SYSTEM32\WINMM.dll
0x00007ffdc4d50000 - 0x00007ffdc4d5a000 	C:\WINDOWS\SYSTEM32\VERSION.dll
0x00007ffdcadb0000 - 0x00007ffdcaddb000 	C:\WINDOWS\SYSTEM32\WINMMBASE.dll
0x00007ffdcdae0000 - 0x00007ffdcdb22000 	C:\WINDOWS\System32\cfgmgr32.dll
0x00007ffdc59c0000 - 0x00007ffdc59cf000 	C:\Program Files\Android\Android Studio\jre\jre\bin\verify.dll
0x00007ffdbf740000 - 0x00007ffdbf769000 	C:\Program Files\Android\Android Studio\jre\jre\bin\java.dll
0x00007ffdbf5f0000 - 0x00007ffdbf606000 	C:\Program Files\Android\Android Studio\jre\jre\bin\zip.dll
0x00007ffdcef20000 - 0x00007ffdd0428000 	C:\WINDOWS\System32\SHELL32.dll
0x00007ffdcd400000 - 0x00007ffdcdada000 	C:\WINDOWS\System32\windows.storage.dll
0x00007ffdccd00000 - 0x00007ffdccd4c000 	C:\WINDOWS\System32\powrprof.dll
0x00007ffdceae0000 - 0x00007ffdceb32000 	C:\WINDOWS\System32\shlwapi.dll
0x00007ffdcccd0000 - 0x00007ffdcccdf000 	C:\WINDOWS\System32\kernel.appcore.dll
0x00007ffdcd140000 - 0x00007ffdcd1e9000 	C:\WINDOWS\System32\shcore.dll
0x00007ffdccce0000 - 0x00007ffdcccf4000 	C:\WINDOWS\System32\profapi.dll

VM Arguments:
jvm_args: -Djava.awt.headless=true -Xmx1024M -Dfile.encoding=windows-1252 -Duser.country=US -Duser.language=en -Duser.variant 
java_command: com.android.dx.command.Main --dex --num-threads=4 --output C:\Users\Mohamed-A.Radwan\OneDrive - Helwan(Faculty of Computers&Information)\MyApplication\app\build\intermediates\pre-dexed\debug\bolts-android-1.2.0_28b00b5fcb532975f5d0d2bf99e974ae1f294af9.jar C:\Users\Mohamed-A.Radwan\.gradle\caches\modules-2\files-2.1\com.parse.bolts\bolts-android\1.2.0\6ee2953ccf51ce72b6d548c30c4633b99eb4f9dd\bolts-android-1.2.0.jar
java_class_path (initial): C:\Android\sdk\build-tools\25.0.0\lib\dx.jar
Launcher Type: SUN_STANDARD

Environment Variables:
PATH=C:\oraclexe\app\oracle\product\11.2.0\server\bin;C:\ProgramData\Oracle\Java\javapath;C:\WINDOWS\system32;C:\WINDOWS;C:\WINDOWS\System32\Wbem;C:\WINDOWS\System32\WindowsPowerShell\v1.0\;C:\Program Files (x86)\AMD\ATI.ACE\Core-Static;C:\Program Files (x86)\NVIDIA Corporation\PhysX\Common;C:\Program Files (x86)\Windows Kits\10\Windows Performance Toolkit\;C:\Program Files\Git\cmd;C:\WINDOWS\system32;C:\WINDOWS;C:\WINDOWS\System32\Wbem;C:\Program Files\Java\jre1.8.0_101\bin;C:\Python27\;C:\Python27\Scripts;C:\Program Files\Intel\WiFi\bin\;C:\Program Files\Common Files\Intel\WirelessCommon\;C:\Program Files (x86)\Microsoft SDKs\TypeScript\1.0\;C:\Program Files (x86)\Calibre2\;C:\Program Files\nodejs\;C:\Program Files (x86)\Brackets\command;C:\Program Files (x86)\Microsoft SQL Server\100\Tools\Binn\;C:\Program Files\Microsoft SQL Server\100\Tools\Binn\;C:\Program Files\Microsoft SQL Server\100\DTS\Binn\;C:\Users\Mohamed-A.Radwan\AppData\Local\Google\Cloud SDK;G:\MATLAB\runtime\win64;G:\MATLAB\bin;G:\MATLAB\polyspace\bin;C:\Users\Mohamed-A.Radwan\AppData\Local\Microsoft\WindowsApps;C:\Users\Mohamed-A.Radwan\AppData\Roaming\npm;C:\Users\Mohamed-A.Radwan\AppData\Local\Google\Cloud SDK\google-cloud-sdk\bin;C:\Program Files (x86)\Google\google_appengine\
USERNAME=Mohamed-A.Radwan
OS=Windows_NT
PROCESSOR_IDENTIFIER=Intel64 Family 6 Model 69 Stepping 1, GenuineIntel



---------------  S Y S T E M  ---------------

OS: Windows 10.0 , 64 bit Build 14393 (10.0.14393.0)

CPU:total 4 (2 cores per cpu, 2 threads per core) family 6 model 69 stepping 1, cmov, cx8, fxsr, mmx, sse, sse2, sse3, ssse3, sse4.1, sse4.2, popcnt, avx, avx2, aes, clmul, erms, lzcnt, ht, tsc, tscinvbit, bmi1, bmi2

Memory: 4k page, physical 8274284k(977852k free), swap 13989228k(4192k free)

vm_info: OpenJDK 64-Bit Server VM (25.112-b06) for windows-amd64 JRE (1.8.0_112-release-b06), built on Dec  8 2016 00:54:26 by "builder" with MS VC++ 10.0 (VS2010)

time: Fri Apr 28 22:32:08 2017
elapsed time: 5 seconds (0d 0h 0m 5s)

