#
# There is insufficient memory for the Java Runtime Environment to continue.
# Native memory allocation (malloc) failed to allocate 187168 bytes for Chunk::new
# Possible reasons:
#   The system is out of physical RAM or swap space
#   In 32 bit mode, the process size limit was hit
# Possible solutions:
#   Reduce memory load on the system
#   Increase physical memory or swap space
#   Check if swap backing store is full
#   Use 64 bit Java on a 64 bit OS
#   Decrease Java heap size (-Xmx/-Xms)
#   Decrease number of Java threads
#   Decrease Java thread stack sizes (-Xss)
#   Set larger code cache with -XX:ReservedCodeCacheSize=
# This output file may be truncated or incomplete.
#
#  Out of Memory Error (allocation.cpp:390), pid=249056, tid=0x000000000003d140
#
# JRE version: OpenJDK Runtime Environment (8.0_112-b06) (build 1.8.0_112-release-b06)
# Java VM: OpenJDK 64-Bit Server VM (25.112-b06 mixed mode windows-amd64 compressed oops)
# Failed to write core dump. Minidumps are not enabled by default on client versions of Windows
#

---------------  T H R E A D  ---------------

Current thread (0x0000000014f29800):  JavaThread "C2 CompilerThread1" daemon [_thread_in_native, id=250176, stack(0x0000000016680000,0x0000000016780000)]

Stack: [0x0000000016680000,0x0000000016780000]
[error occurred during error reporting (printing stack bounds), id 0xc0000005]

Native frames: (J=compiled Java code, j=interpreted, Vv=VM code, C=native code)


Current CompileTask:
C2:   4943 1798       4       com.android.dx.ssa.SCCP::simulateBranch (666 bytes)


---------------  P R O C E S S  ---------------

Java Threads: ( => current thread )
  0x0000000016a21000 JavaThread "pool-1-thread-4" [_thread_in_Java, id=228804, stack(0x0000000017280000,0x0000000017380000)]
  0x0000000016a20800 JavaThread "pool-1-thread-3" [_thread_in_Java, id=250400, stack(0x0000000017180000,0x0000000017280000)]
  0x0000000016a15800 JavaThread "pool-1-thread-2" [_thread_in_Java, id=249184, stack(0x0000000017080000,0x0000000017180000)]
  0x0000000016a13000 JavaThread "pool-2-thread-1" [_thread_blocked, id=79608, stack(0x0000000016f80000,0x0000000017080000)]
  0x0000000016a12000 JavaThread "pool-1-thread-1" [_thread_in_Java, id=248404, stack(0x0000000016e80000,0x0000000016f80000)]
  0x0000000016782800 JavaThread "Service Thread" daemon [_thread_blocked, id=250208, stack(0x0000000016c80000,0x0000000016d80000)]
  0x0000000016780800 JavaThread "C1 CompilerThread2" daemon [_thread_blocked, id=250200, stack(0x0000000016b80000,0x0000000016c80000)]
=>0x0000000014f29800 JavaThread "C2 CompilerThread1" daemon [_thread_in_native, id=250176, stack(0x0000000016680000,0x0000000016780000)]
  0x0000000014f39800 JavaThread "C2 CompilerThread0" daemon [_thread_in_native, id=250156, stack(0x0000000016580000,0x0000000016680000)]
  0x0000000014f37800 JavaThread "Attach Listener" daemon [_thread_blocked, id=250192, stack(0x0000000016480000,0x0000000016580000)]
  0x0000000014f36000 JavaThread "Signal Dispatcher" daemon [_thread_blocked, id=250096, stack(0x0000000016380000,0x0000000016480000)]
  0x000000000285b800 JavaThread "Finalizer" daemon [_thread_blocked, id=250224, stack(0x0000000016190000,0x0000000016290000)]
  0x0000000002850800 JavaThread "Reference Handler" daemon [_thread_blocked, id=248844, stack(0x0000000016090000,0x0000000016190000)]
  0x000000000263e000 JavaThread "main" [_thread_in_Java, id=249868, stack(0x0000000002640000,0x0000000002740000)]

Other Threads:
  0x0000000014ef5000 VMThread [stack: 0x0000000015f90000,0x0000000016090000] [id=29492]
  0x0000000016785000 WatcherThread [stack: 0x0000000016d80000,0x0000000016e80000] [id=250212]

VM state:not at safepoint (normal execution)

VM Mutex/Monitor currently owned by a thread: None

Heap:
 PSYoungGen      total 71680K, used 35839K [0x00000000eab00000, 0x00000000f3700000, 0x0000000100000000)
  eden space 66560K, 46% used [0x00000000eab00000,0x00000000ec907f48,0x00000000eec00000)
  from space 5120K, 99% used [0x00000000eec00000,0x00000000ef0f8010,0x00000000ef100000)
  to   space 5120K, 0% used [0x00000000f3200000,0x00000000f3200000,0x00000000f3700000)
 ParOldGen       total 87552K, used 14090K [0x00000000c0000000, 0x00000000c5580000, 0x00000000eab00000)
  object space 87552K, 16% used [0x00000000c0000000,0x00000000c0dc2830,0x00000000c5580000)
 Metaspace       used 6258K, capacity 7152K, committed 7296K, reserved 1056768K
  class space    used 572K, capacity 616K, committed 640K, reserved 1048576K

Card table byte_map: [0x0000000011c20000,0x0000000011e30000] byte_map_base: 0x0000000011620000

Marking Bits: (ParMarkBitMap*) 0x00000000554018f0
 Begin Bits: [0x0000000012390000, 0x0000000013390000)
 End Bits:   [0x0000000013390000, 0x0000000014390000)

Polling page: 0x0000000000a60000

CodeCache: size=245760Kb used=7488Kb max_used=7488Kb free=238271Kb
 bounds [0x0000000002860000, 0x0000000002fc0000, 0x0000000011860000]
 total_blobs=2067 nmethods=1801 adapters=179
 compilation: enabled

Compilation events (10 events):
Event: 4.854 Thread 0x0000000016780800 1836       2       com.android.dx.command.dexer.Main$FileBytesConsumer::processFileBytes (8 bytes)
Event: 4.854 Thread 0x0000000016780800 nmethod 1836 0x0000000002fb2b50 code [0x0000000002fb2cc0, 0x0000000002fb2e48]
Event: 4.854 Thread 0x0000000016780800 1837       2       com.android.dx.command.dexer.Main::fixPath (56 bytes)
Event: 4.855 Thread 0x0000000016780800 nmethod 1837 0x0000000002fb2f10 code [0x0000000002fb30c0, 0x0000000002fb3348]
Event: 4.857 Thread 0x0000000016780800 1838   !   2       com.android.dx.cf.direct.DirectClassFile$DcfTypeList::<init> (137 bytes)
Event: 4.859 Thread 0x0000000016780800 nmethod 1838 0x0000000002fb3590 code [0x0000000002fb3860, 0x0000000002fb4698]
Event: 4.863 Thread 0x0000000016780800 1839       2       com.android.dx.cf.attrib.InnerClassList$Item::<init> (40 bytes)
Event: 4.863 Thread 0x0000000016780800 nmethod 1839 0x0000000002fb5bd0 code [0x0000000002fb5d40, 0x0000000002fb5f88]
Event: 4.865 Thread 0x0000000016780800 1840       2       com.android.dx.cf.attrib.AttSignature::<init> (26 bytes)
Event: 4.865 Thread 0x0000000016780800 nmethod 1840 0x0000000002fb6090 code [0x0000000002fb6200, 0x0000000002fb6448]

GC Heap History (6 events):
Event: 1.433 GC heap before
{Heap before GC invocations=1 (full 0):
 PSYoungGen      total 38400K, used 33280K [0x00000000eab00000, 0x00000000ed580000, 0x0000000100000000)
  eden space 33280K, 100% used [0x00000000eab00000,0x00000000ecb80000,0x00000000ecb80000)
  from space 5120K, 0% used [0x00000000ed080000,0x00000000ed080000,0x00000000ed580000)
  to   space 5120K, 0% used [0x00000000ecb80000,0x00000000ecb80000,0x00000000ed080000)
 ParOldGen       total 87552K, used 0K [0x00000000c0000000, 0x00000000c5580000, 0x00000000eab00000)
  object space 87552K, 0% used [0x00000000c0000000,0x00000000c0000000,0x00000000c5580000)
 Metaspace       used 5896K, capacity 6896K, committed 7040K, reserved 1056768K
  class space    used 571K, capacity 616K, committed 640K, reserved 1048576K
Event: 1.535 GC heap after
Heap after GC invocations=1 (full 0):
 PSYoungGen      total 38400K, used 5092K [0x00000000eab00000, 0x00000000ef600000, 0x0000000100000000)
  eden space 33280K, 0% used [0x00000000eab00000,0x00000000eab00000,0x00000000ecb80000)
  from space 5120K, 99% used [0x00000000ecb80000,0x00000000ed079108,0x00000000ed080000)
  to   space 5120K, 0% used [0x00000000ef100000,0x00000000ef100000,0x00000000ef600000)
 ParOldGen       total 87552K, used 360K [0x00000000c0000000, 0x00000000c5580000, 0x00000000eab00000)
  object space 87552K, 0% used [0x00000000c0000000,0x00000000c005a348,0x00000000c5580000)
 Metaspace       used 5896K, capacity 6896K, committed 7040K, reserved 1056768K
  class space    used 571K, capacity 616K, committed 640K, reserved 1048576K
}
Event: 2.625 GC heap before
{Heap before GC invocations=2 (full 0):
 PSYoungGen      total 38400K, used 38372K [0x00000000eab00000, 0x00000000ef600000, 0x0000000100000000)
  eden space 33280K, 100% used [0x00000000eab00000,0x00000000ecb80000,0x00000000ecb80000)
  from space 5120K, 99% used [0x00000000ecb80000,0x00000000ed079108,0x00000000ed080000)
  to   space 5120K, 0% used [0x00000000ef100000,0x00000000ef100000,0x00000000ef600000)
 ParOldGen       total 87552K, used 360K [0x00000000c0000000, 0x00000000c5580000, 0x00000000eab00000)
  object space 87552K, 0% used [0x00000000c0000000,0x00000000c005a348,0x00000000c5580000)
 Metaspace       used 6073K, capacity 7024K, committed 7296K, reserved 1056768K
  class space    used 572K, capacity 616K, committed 640K, reserved 1048576K
Event: 2.745 GC heap after
Heap after GC invocations=2 (full 0):
 PSYoungGen      total 71680K, used 5107K [0x00000000eab00000, 0x00000000ef600000, 0x0000000100000000)
  eden space 66560K, 0% used [0x00000000eab00000,0x00000000eab00000,0x00000000eec00000)
  from space 5120K, 99% used [0x00000000ef100000,0x00000000ef5fcd20,0x00000000ef600000)
  to   space 5120K, 0% used [0x00000000eec00000,0x00000000eec00000,0x00000000ef100000)
 ParOldGen       total 87552K, used 4679K [0x00000000c0000000, 0x00000000c5580000, 0x00000000eab00000)
  object space 87552K, 5% used [0x00000000c0000000,0x00000000c0491d10,0x00000000c5580000)
 Metaspace       used 6073K, capacity 7024K, committed 7296K, reserved 1056768K
  class space    used 572K, capacity 616K, committed 640K, reserved 1048576K
}
Event: 4.375 GC heap before
{Heap before GC invocations=3 (full 0):
 PSYoungGen      total 71680K, used 71667K [0x00000000eab00000, 0x00000000ef600000, 0x0000000100000000)
  eden space 66560K, 100% used [0x00000000eab00000,0x00000000eec00000,0x00000000eec00000)
  from space 5120K, 99% used [0x00000000ef100000,0x00000000ef5fcd20,0x00000000ef600000)
  to   space 5120K, 0% used [0x00000000eec00000,0x00000000eec00000,0x00000000ef100000)
 ParOldGen       total 87552K, used 4679K [0x00000000c0000000, 0x00000000c5580000, 0x00000000eab00000)
  object space 87552K, 5% used [0x00000000c0000000,0x00000000c0491d10,0x00000000c5580000)
 Metaspace       used 6216K, capacity 7088K, committed 7296K, reserved 1056768K
  class space    used 572K, capacity 616K, committed 640K, reserved 1048576K
Event: 4.633 GC heap after
Heap after GC invocations=3 (full 0):
 PSYoungGen      total 71680K, used 5088K [0x00000000eab00000, 0x00000000f3700000, 0x0000000100000000)
  eden space 66560K, 0% used [0x00000000eab00000,0x00000000eab00000,0x00000000eec00000)
  from space 5120K, 99% used [0x00000000eec00000,0x00000000ef0f8010,0x00000000ef100000)
  to   space 5120K, 0% used [0x00000000f3200000,0x00000000f3200000,0x00000000f3700000)
 ParOldGen       total 87552K, used 14090K [0x00000000c0000000, 0x00000000c5580000, 0x00000000eab00000)
  object space 87552K, 16% used [0x00000000c0000000,0x00000000c0dc2830,0x00000000c5580000)
 Metaspace       used 6216K, capacity 7088K, committed 7296K, reserved 1056768K
  class space    used 572K, capacity 616K, committed 640K, reserved 1048576K
}

Deoptimization events (10 events):
Event: 3.467 Thread 0x000000000263e000 Uncommon trap: reason=unstable_if action=reinterpret pc=0x0000000002ecc6f0 method=com.android.dx.ssa.LiteralOpUpgrader$1.visitNonMoveInsn(Lcom/android/dx/ssa/NormalSsaInsn;)V @ 24
Event: 3.556 Thread 0x0000000016a15800 Uncommon trap: reason=bimorphic action=maybe_recompile pc=0x0000000002ebe144 method=com.android.dx.ssa.SCCP.setLatticeValueTo(IILcom/android/dx/rop/cst/Constant;)Z @ 43
Event: 3.556 Thread 0x0000000016a15800 Uncommon trap: reason=bimorphic action=maybe_recompile pc=0x0000000002ebe144 method=com.android.dx.ssa.SCCP.setLatticeValueTo(IILcom/android/dx/rop/cst/Constant;)Z @ 43
Event: 3.556 Thread 0x0000000016a15800 Uncommon trap: reason=bimorphic action=maybe_recompile pc=0x0000000002ebe144 method=com.android.dx.ssa.SCCP.setLatticeValueTo(IILcom/android/dx/rop/cst/Constant;)Z @ 43
Event: 3.556 Thread 0x0000000016a15800 Uncommon trap: reason=bimorphic action=maybe_recompile pc=0x0000000002ebe144 method=com.android.dx.ssa.SCCP.setLatticeValueTo(IILcom/android/dx/rop/cst/Constant;)Z @ 43
Event: 4.041 Thread 0x0000000016a12000 Uncommon trap: reason=unstable_if action=reinterpret pc=0x0000000002e7e9b0 method=com.android.dx.ssa.DeadCodeRemover.pruneDeadInstructions()V @ 49
Event: 4.041 Thread 0x0000000016a12000 Uncommon trap: reason=unstable_if action=reinterpret pc=0x0000000002c4fd44 method=com.android.dx.ssa.SsaMethod.deleteInsns(Ljava/util/Set;)V @ 130
Event: 4.103 Thread 0x0000000016a21000 Uncommon trap: reason=bimorphic action=maybe_recompile pc=0x0000000002da5a90 method=com.android.dx.ssa.LiteralOpUpgrader.tryReplacingWithConstant(Lcom/android/dx/ssa/NormalSsaInsn;)Z @ 52
Event: 4.104 Thread 0x0000000016a21000 Uncommon trap: reason=bimorphic action=maybe_recompile pc=0x0000000002da5a90 method=com.android.dx.ssa.LiteralOpUpgrader.tryReplacingWithConstant(Lcom/android/dx/ssa/NormalSsaInsn;)Z @ 52
Event: 4.702 Thread 0x0000000016a21000 Uncommon trap: reason=unstable_if action=reinterpret pc=0x0000000002d88a4c method=com.android.dx.ssa.MoveParamCombiner$1.visitNonMoveInsn(Lcom/android/dx/ssa/NormalSsaInsn;)V @ 27

Internal exceptions (3 events):
Event: 0.046 Thread 0x000000000263e000 Exception <a 'java/lang/NoSuchMethodError': Method sun.misc.Unsafe.defineClass(Ljava/lang/String;[BII)Ljava/lang/Class; name or signature does not match> (0x00000000eab07c78) thrown at [C:\src\android\AOSP-openjdk\external\jetbrains\jdk\hotspot\src\share\vã"]|èîß?
Event: 0.046 Thread 0x000000000263e000 Exception <a 'java/lang/NoSuchMethodError': Method sun.misc.Unsafe.prefetchRead(Ljava/lang/Object;J)V name or signature does not match> (0x00000000eab07f60) thrown at [C:\src\android\AOSP-openjdk\external\jetbrains\jdk\hotspot\src\share\vm\prims\jni.cpp, lYLmNˆ?
Event: 1.394 Thread 0x000000000263e000 Implicit null exception at 0x0000000002b7cce2 to 0x0000000002b7cdda

Events (10 events):
Event: 4.104 Thread 0x0000000016a21000 DEOPT UNPACKING pc=0x00000000028a556a sp=0x000000001737e810 mode 2
Event: 4.179 Executing VM operation: EnableBiasedLocking
Event: 4.179 Executing VM operation: EnableBiasedLocking done
Event: 4.354 Thread 0x0000000016a12000 DEOPT PACKING pc=0x0000000002f436ab sp=0x0000000016f7e820
Event: 4.354 Thread 0x0000000016a12000 DEOPT UNPACKING pc=0x00000000028a75bf sp=0x0000000016f7e5d0 mode 0
Event: 4.375 Executing VM operation: ParallelGCFailedAllocation
Event: 4.633 Executing VM operation: ParallelGCFailedAllocation done
Event: 4.702 Thread 0x0000000016a21000 Uncommon trap: trap_request=0xffffff65 fr.pc=0x0000000002d88a4c
Event: 4.702 Thread 0x0000000016a21000 DEOPT PACKING pc=0x0000000002d88a4c sp=0x000000001737e960
Event: 4.703 Thread 0x0000000016a21000 DEOPT UNPACKING pc=0x00000000028a556a sp=0x000000001737e8b8 mode 2


Dynamic libraries:
0x00007ff7243a0000 - 0x00007ff7243d1000 	C:\Program Files\Android\Android Studio\jre\bin\java.exe
0x00007ffdd0860000 - 0x00007ffdd0a31000 	C:\WINDOWS\SYSTEM32\ntdll.dll
0x00007ffdcdf00000 - 0x00007ffdcdfab000 	C:\WINDOWS\System32\KERNEL32.DLL
0x00007ffdcdbd0000 - 0x00007ffdcdded000 	C:\WINDOWS\System32\KERNELBASE.dll
0x00007ffdcb260000 - 0x00007ffdcb2da000 	C:\WINDOWS\system32\apphelp.dll
0x00007ffdce740000 - 0x00007ffdce7e2000 	C:\WINDOWS\System32\ADVAPI32.dll
0x00007ffdcddf0000 - 0x00007ffdcde8e000 	C:\WINDOWS\System32\msvcrt.dll
0x00007ffdcdea0000 - 0x00007ffdcdef9000 	C:\WINDOWS\System32\sechost.dll
0x00007ffdce1a0000 - 0x00007ffdce2c1000 	C:\WINDOWS\System32\RPCRT4.dll
0x00007ffdce7f0000 - 0x00007ffdce955000 	C:\WINDOWS\System32\USER32.dll
0x00007ffdcd120000 - 0x00007ffdcd13e000 	C:\WINDOWS\System32\win32u.dll
0x00007ffdce6a0000 - 0x00007ffdce6d4000 	C:\WINDOWS\System32\GDI32.dll
0x00007ffdccdc0000 - 0x00007ffdccf42000 	C:\WINDOWS\System32\gdi32full.dll
0x00007ffdc5a80000 - 0x00007ffdc5cfa000 	C:\WINDOWS\WinSxS\amd64_microsoft.windows.common-controls_6595b64144ccf1df_6.0.14393.953_none_42151e83c686086b\COMCTL32.dll
0x00007ffdce2d0000 - 0x00007ffdce598000 	C:\WINDOWS\System32\combase.dll
0x00007ffdcd300000 - 0x00007ffdcd3f5000 	C:\WINDOWS\System32\ucrtbase.dll
0x00007ffdccd50000 - 0x00007ffdccdba000 	C:\WINDOWS\System32\bcryptPrimitives.dll
0x00007ffdce9d0000 - 0x00007ffdce9fe000 	C:\WINDOWS\System32\IMM32.DLL
0x0000000054b60000 - 0x0000000054c32000 	C:\Program Files\Android\Android Studio\jre\jre\bin\msvcr100.dll
0x0000000054c40000 - 0x000000005547c000 	C:\Program Files\Android\Android Studio\jre\jre\bin\server\jvm.dll
0x00007ffdce190000 - 0x00007ffdce198000 	C:\WINDOWS\System32\PSAPI.DLL
0x00007ffdbd830000 - 0x00007ffdbd839000 	C:\WINDOWS\SYSTEM32\WSOCK32.dll
0x00007ffdce960000 - 0x00007ffdce9ca000 	C:\WINDOWS\System32\WS2_32.dll
0x00007ffdcaf50000 - 0x00007ffdcaf73000 	C:\WINDOWS\SYSTEM32\WINMM.dll
0x00007ffdc4d50000 - 0x00007ffdc4d5a000 	C:\WINDOWS\SYSTEM32\VERSION.dll
0x00007ffdcadb0000 - 0x00007ffdcaddb000 	C:\WINDOWS\SYSTEM32\WINMMBASE.dll
0x00007ffdcdae0000 - 0x00007ffdcdb22000 	C:\WINDOWS\System32\cfgmgr32.dll
0x00007ffdc59c0000 - 0x00007ffdc59cf000 	C:\Program Files\Android\Android Studio\jre\jre\bin\verify.dll
0x00007ffdbf740000 - 0x00007ffdbf769000 	C:\Program Files\Android\Android Studio\jre\jre\bin\java.dll
0x00007ffdbf5f0000 - 0x00007ffdbf606000 	C:\Program Files\Android\Android Studio\jre\jre\bin\zip.dll
0x00007ffdcef20000 - 0x00007ffdd0428000 	C:\WINDOWS\System32\SHELL32.dll
0x00007ffdcd400000 - 0x00007ffdcdada000 	C:\WINDOWS\System32\windows.storage.dll
0x00007ffdccd00000 - 0x00007ffdccd4c000 	C:\WINDOWS\System32\powrprof.dll
0x00007ffdceae0000 - 0x00007ffdceb32000 	C:\WINDOWS\System32\shlwapi.dll
0x00007ffdcccd0000 - 0x00007ffdcccdf000 	C:\WINDOWS\System32\kernel.appcore.dll
0x00007ffdcd140000 - 0x00007ffdcd1e9000 	C:\WINDOWS\System32\shcore.dll
0x00007ffdccce0000 - 0x00007ffdcccf4000 	C:\WINDOWS\System32\profapi.dll

VM Arguments:
jvm_args: -Djava.awt.headless=true -Xmx1024M -Dfile.encoding=windows-1252 -Duser.country=US -Duser.language=en -Duser.variant 
java_command: com.android.dx.command.Main --dex --num-threads=4 --output C:\Users\Mohamed-A.Radwan\OneDrive - Helwan(Faculty of Computers&Information)\MyApplication\app\build\intermediates\pre-dexed\debug\classes_62500c7b48d7cc20c0cfd8a110235b375cf3a081.jar C:\Users\Mohamed-A.Radwan\.android\build-cache\8ac17bfca90586d254cb1527c662a98a069c66d5\output\jars\classes.jar
java_class_path (initial): C:\Android\sdk\build-tools\25.0.0\lib\dx.jar
Launcher Type: SUN_STANDARD

Environment Variables:
PATH=C:\oraclexe\app\oracle\product\11.2.0\server\bin;C:\ProgramData\Oracle\Java\javapath;C:\WINDOWS\system32;C:\WINDOWS;C:\WINDOWS\System32\Wbem;C:\WINDOWS\System32\WindowsPowerShell\v1.0\;C:\Program Files (x86)\AMD\ATI.ACE\Core-Static;C:\Program Files (x86)\NVIDIA Corporation\PhysX\Common;C:\Program Files (x86)\Windows Kits\10\Windows Performance Toolkit\;C:\Program Files\Git\cmd;C:\WINDOWS\system32;C:\WINDOWS;C:\WINDOWS\System32\Wbem;C:\Program Files\Java\jre1.8.0_101\bin;C:\Python27\;C:\Python27\Scripts;C:\Program Files\Intel\WiFi\bin\;C:\Program Files\Common Files\Intel\WirelessCommon\;C:\Program Files (x86)\Microsoft SDKs\TypeScript\1.0\;C:\Program Files (x86)\Calibre2\;C:\Program Files\nodejs\;C:\Program Files (x86)\Brackets\command;C:\Program Files (x86)\Microsoft SQL Server\100\Tools\Binn\;C:\Program Files\Microsoft SQL Server\100\Tools\Binn\;C:\Program Files\Microsoft SQL Server\100\DTS\Binn\;C:\Users\Mohamed-A.Radwan\AppData\Local\Google\Cloud SDK;G:\MATLAB\runtime\win64;G:\MATLAB\bin;G:\MATLAB\polyspace\bin;C:\Users\Mohamed-A.Radwan\AppData\Local\Microsoft\WindowsApps;C:\Users\Mohamed-A.Radwan\AppData\Roaming\npm;C:\Users\Mohamed-A.Radwan\AppData\Local\Google\Cloud SDK\google-cloud-sdk\bin;C:\Program Files (x86)\Google\google_appengine\
USERNAME=Mohamed-A.Radwan
OS=Windows_NT
PROCESSOR_IDENTIFIER=Intel64 Family 6 Model 69 Stepping 1, GenuineIntel



---------------  S Y S T E M  ---------------

OS: Windows 10.0 , 64 bit Build 14393 (10.0.14393.0)

CPU:total 4 (2 cores per cpu, 2 threads per core) family 6 model 69 stepping 1, cmov, cx8, fxsr, mmx, sse, sse2, sse3, ssse3, sse4.1, sse4.2, popcnt, avx, avx2, aes, clmul, erms, lzcnt, ht, tsc, tscinvbit, bmi1, bmi2

Memory: 4k page, physical 8274284k(977576k free), swap 13989228k(4192k free)

vm_info: OpenJDK 64-Bit Server VM (25.112-b06) for windows-amd64 JRE (1.8.0_112-release-b06), built on Dec  8 2016 00:54:26 by "builder" with MS VC++ 10.0 (VS2010)

time: Fri Apr 28 22:32:08 2017
elapsed time: 5 seconds (0d 0h 0m 5s)

