#
# There is insufficient memory for the Java Runtime Environment to continue.
# Native memory allocation (malloc) failed to allocate 1176256 bytes for Chunk::new
# Possible reasons:
#   The system is out of physical RAM or swap space
#   In 32 bit mode, the process size limit was hit
# Possible solutions:
#   Reduce memory load on the system
#   Increase physical memory or swap space
#   Check if swap backing store is full
#   Use 64 bit Java on a 64 bit OS
#   Decrease Java heap size (-Xmx/-Xms)
#   Decrease number of Java threads
#   Decrease Java thread stack sizes (-Xss)
#   Set larger code cache with -XX:ReservedCodeCacheSize=
# This output file may be truncated or incomplete.
#
#  Out of Memory Error (allocation.cpp:390), pid=250836, tid=0x000000000003d318
#
# JRE version: OpenJDK Runtime Environment (8.0_112-b06) (build 1.8.0_112-release-b06)
# Java VM: OpenJDK 64-Bit Server VM (25.112-b06 mixed mode windows-amd64 compressed oops)
# Failed to write core dump. Minidumps are not enabled by default on client versions of Windows
#

---------------  T H R E A D  ---------------

Current thread (0x000000001592e800):  JavaThread "C2 CompilerThread1" daemon [_thread_in_native, id=250648, stack(0x0000000017030000,0x0000000017130000)]

Stack: [0x0000000017030000,0x0000000017130000]
[error occurred during error reporting (printing stack bounds), id 0xc0000005]

Native frames: (J=compiled Java code, j=interpreted, Vv=VM code, C=native code)


Current CompileTask:
C2:   5362 1875       4       com.android.dx.dex.code.RopToDop::dopFor (792 bytes)


---------------  P R O C E S S  ---------------

Java Threads: ( => current thread )
  0x0000000017546000 JavaThread "pool-1-thread-4" [_thread_in_Java, id=250588, stack(0x0000000017c30000,0x0000000017d30000)]
  0x0000000017545000 JavaThread "pool-1-thread-3" [_thread_blocked, id=250512, stack(0x0000000017b30000,0x0000000017c30000)]
  0x0000000017544800 JavaThread "pool-1-thread-2" [_thread_in_Java, id=250656, stack(0x0000000017a30000,0x0000000017b30000)]
  0x000000001753a000 JavaThread "pool-2-thread-1" [_thread_blocked, id=250724, stack(0x0000000017930000,0x0000000017a30000)]
  0x0000000017539800 JavaThread "pool-1-thread-1" [_thread_blocked, id=249228, stack(0x0000000017830000,0x0000000017930000)]
  0x0000000017233000 JavaThread "Service Thread" daemon [_thread_blocked, id=250712, stack(0x0000000017630000,0x0000000017730000)]
  0x000000001593c000 JavaThread "C1 CompilerThread2" daemon [_thread_blocked, id=250664, stack(0x0000000017130000,0x0000000017230000)]
=>0x000000001592e800 JavaThread "C2 CompilerThread1" daemon [_thread_in_native, id=250648, stack(0x0000000017030000,0x0000000017130000)]
  0x00000000158e9800 JavaThread "C2 CompilerThread0" daemon [_thread_in_native, id=249884, stack(0x0000000016f30000,0x0000000017030000)]
  0x00000000158e7800 JavaThread "Attach Listener" daemon [_thread_blocked, id=250432, stack(0x0000000016e30000,0x0000000016f30000)]
  0x00000000158e6800 JavaThread "Signal Dispatcher" daemon [_thread_blocked, id=250564, stack(0x0000000016d30000,0x0000000016e30000)]
  0x00000000158c8800 JavaThread "Finalizer" daemon [_thread_blocked, id=250844, stack(0x0000000016b40000,0x0000000016c40000)]
  0x0000000003201800 JavaThread "Reference Handler" daemon [_thread_blocked, id=250848, stack(0x0000000016a40000,0x0000000016b40000)]
  0x000000000141e000 JavaThread "main" [_thread_in_vm, id=250388, stack(0x0000000003010000,0x0000000003110000)]

Other Threads:
  0x00000000158a5000 VMThread [stack: 0x0000000016940000,0x0000000016a40000] [id=250808]
  0x0000000017235000 WatcherThread [stack: 0x0000000017730000,0x0000000017830000] [id=250716]

VM state:not at safepoint (normal execution)

VM Mutex/Monitor currently owned by a thread: None

Heap:
 PSYoungGen      total 71680K, used 48177K [0x00000000eab00000, 0x00000000f3700000, 0x0000000100000000)
  eden space 66560K, 64% used [0x00000000eab00000,0x00000000ed5115c8,0x00000000eec00000)
  from space 5120K, 99% used [0x00000000eec00000,0x00000000ef0faed8,0x00000000ef100000)
  to   space 5120K, 0% used [0x00000000f3200000,0x00000000f3200000,0x00000000f3700000)
 ParOldGen       total 87552K, used 14576K [0x00000000c0000000, 0x00000000c5580000, 0x00000000eab00000)
  object space 87552K, 16% used [0x00000000c0000000,0x00000000c0e3c2e8,0x00000000c5580000)
 Metaspace       used 6329K, capacity 7152K, committed 7296K, reserved 1056768K
  class space    used 593K, capacity 616K, committed 640K, reserved 1048576K

Card table byte_map: [0x00000000125d0000,0x00000000127e0000] byte_map_base: 0x0000000011fd0000

Marking Bits: (ParMarkBitMap*) 0x00000000554018f0
 Begin Bits: [0x0000000012d40000, 0x0000000013d40000)
 End Bits:   [0x0000000013d40000, 0x0000000014d40000)

Polling page: 0x0000000000fe0000

CodeCache: size=245760Kb used=7545Kb max_used=7545Kb free=238214Kb
 bounds [0x0000000003210000, 0x0000000003980000, 0x0000000012210000]
 total_blobs=2066 nmethods=1799 adapters=180
 compilation: enabled

Compilation events (10 events):
Event: 5.344 Thread 0x000000001593c000 1909       2       com.android.dx.dex.cf.OptimizerOptions::loadOptimizeLists (52 bytes)
Event: 5.344 Thread 0x000000001593c000 nmethod 1909 0x0000000003958e50 code [0x0000000003958fe0, 0x0000000003959288]
Event: 5.346 Thread 0x000000001593c000 1910       2       com.android.dx.dex.file.ClassDefItem::<init> (110 bytes)
Event: 5.347 Thread 0x000000001593c000 nmethod 1910 0x0000000003958350 code [0x0000000003958520, 0x0000000003958b48]
Event: 5.347 Thread 0x000000001593c000 1911   !   2       com.android.dx.dex.cf.AttributeTranslator::getClassAnnotations (135 bytes)
Event: 5.349 Thread 0x000000001593c000 nmethod 1911 0x0000000003963a10 code [0x0000000003963cc0, 0x0000000003964a08]
Event: 5.349 Thread 0x000000001593c000 1912   !   2       com.android.dx.dex.cf.CfTranslator::processFields (251 bytes)
Event: 5.351 Thread 0x000000001593c000 nmethod 1912 0x0000000003961190 code [0x00000000039614c0, 0x00000000039621e8]
Event: 5.351 Thread 0x000000001593c000 1913   !   2       com.android.dx.dex.cf.CfTranslator::processMethods (583 bytes)
Event: 5.356 Thread 0x000000001593c000 nmethod 1913 0x0000000003971350 code [0x0000000003971800, 0x0000000003972e88]

GC Heap History (6 events):
Event: 1.802 GC heap before
{Heap before GC invocations=1 (full 0):
 PSYoungGen      total 38400K, used 33280K [0x00000000eab00000, 0x00000000ed580000, 0x0000000100000000)
  eden space 33280K, 100% used [0x00000000eab00000,0x00000000ecb80000,0x00000000ecb80000)
  from space 5120K, 0% used [0x00000000ed080000,0x00000000ed080000,0x00000000ed580000)
  to   space 5120K, 0% used [0x00000000ecb80000,0x00000000ecb80000,0x00000000ed080000)
 ParOldGen       total 87552K, used 0K [0x00000000c0000000, 0x00000000c5580000, 0x00000000eab00000)
  object space 87552K, 0% used [0x00000000c0000000,0x00000000c0000000,0x00000000c5580000)
 Metaspace       used 5972K, capacity 6960K, committed 7040K, reserved 1056768K
  class space    used 574K, capacity 616K, committed 640K, reserved 1048576K
Event: 1.909 GC heap after
Heap after GC invocations=1 (full 0):
 PSYoungGen      total 38400K, used 5088K [0x00000000eab00000, 0x00000000ef600000, 0x0000000100000000)
  eden space 33280K, 0% used [0x00000000eab00000,0x00000000eab00000,0x00000000ecb80000)
  from space 5120K, 99% used [0x00000000ecb80000,0x00000000ed078068,0x00000000ed080000)
  to   space 5120K, 0% used [0x00000000ef100000,0x00000000ef100000,0x00000000ef600000)
 ParOldGen       total 87552K, used 1204K [0x00000000c0000000, 0x00000000c5580000, 0x00000000eab00000)
  object space 87552K, 1% used [0x00000000c0000000,0x00000000c012d240,0x00000000c5580000)
 Metaspace       used 5972K, capacity 6960K, committed 7040K, reserved 1056768K
  class space    used 574K, capacity 616K, committed 640K, reserved 1048576K
}
Event: 2.440 GC heap before
{Heap before GC invocations=2 (full 0):
 PSYoungGen      total 38400K, used 38368K [0x00000000eab00000, 0x00000000ef600000, 0x0000000100000000)
  eden space 33280K, 100% used [0x00000000eab00000,0x00000000ecb80000,0x00000000ecb80000)
  from space 5120K, 99% used [0x00000000ecb80000,0x00000000ed078068,0x00000000ed080000)
  to   space 5120K, 0% used [0x00000000ef100000,0x00000000ef100000,0x00000000ef600000)
 ParOldGen       total 87552K, used 1204K [0x00000000c0000000, 0x00000000c5580000, 0x00000000eab00000)
  object space 87552K, 1% used [0x00000000c0000000,0x00000000c012d240,0x00000000c5580000)
 Metaspace       used 6135K, capacity 7088K, committed 7296K, reserved 1056768K
  class space    used 574K, capacity 616K, committed 640K, reserved 1048576K
Event: 2.506 GC heap after
Heap after GC invocations=2 (full 0):
 PSYoungGen      total 71680K, used 5119K [0x00000000eab00000, 0x00000000ef600000, 0x0000000100000000)
  eden space 66560K, 0% used [0x00000000eab00000,0x00000000eab00000,0x00000000eec00000)
  from space 5120K, 99% used [0x00000000ef100000,0x00000000ef5ffc58,0x00000000ef600000)
  to   space 5120K, 0% used [0x00000000eec00000,0x00000000eec00000,0x00000000ef100000)
 ParOldGen       total 87552K, used 5532K [0x00000000c0000000, 0x00000000c5580000, 0x00000000eab00000)
  object space 87552K, 6% used [0x00000000c0000000,0x00000000c05673b8,0x00000000c5580000)
 Metaspace       used 6135K, capacity 7088K, committed 7296K, reserved 1056768K
  class space    used 574K, capacity 616K, committed 640K, reserved 1048576K
}
Event: 4.469 GC heap before
{Heap before GC invocations=3 (full 0):
 PSYoungGen      total 71680K, used 71679K [0x00000000eab00000, 0x00000000ef600000, 0x0000000100000000)
  eden space 66560K, 100% used [0x00000000eab00000,0x00000000eec00000,0x00000000eec00000)
  from space 5120K, 99% used [0x00000000ef100000,0x00000000ef5ffc58,0x00000000ef600000)
  to   space 5120K, 0% used [0x00000000eec00000,0x00000000eec00000,0x00000000ef100000)
 ParOldGen       total 87552K, used 5532K [0x00000000c0000000, 0x00000000c5580000, 0x00000000eab00000)
  object space 87552K, 6% used [0x00000000c0000000,0x00000000c05673b8,0x00000000c5580000)
 Metaspace       used 6211K, capacity 7152K, committed 7296K, reserved 1056768K
  class space    used 575K, capacity 616K, committed 640K, reserved 1048576K
Event: 4.490 GC heap after
Heap after GC invocations=3 (full 0):
 PSYoungGen      total 71680K, used 5099K [0x00000000eab00000, 0x00000000f3700000, 0x0000000100000000)
  eden space 66560K, 0% used [0x00000000eab00000,0x00000000eab00000,0x00000000eec00000)
  from space 5120K, 99% used [0x00000000eec00000,0x00000000ef0faed8,0x00000000ef100000)
  to   space 5120K, 0% used [0x00000000f3200000,0x00000000f3200000,0x00000000f3700000)
 ParOldGen       total 87552K, used 14576K [0x00000000c0000000, 0x00000000c5580000, 0x00000000eab00000)
  object space 87552K, 16% used [0x00000000c0000000,0x00000000c0e3c2e8,0x00000000c5580000)
 Metaspace       used 6211K, capacity 7152K, committed 7296K, reserved 1056768K
  class space    used 575K, capacity 616K, committed 640K, reserved 1048576K
}

Deoptimization events (10 events):
Event: 3.164 Thread 0x0000000017544800 Uncommon trap: reason=bimorphic action=maybe_recompile pc=0x0000000003496c98 method=java.util.HashMap.getNode(ILjava/lang/Object;)Ljava/util/HashMap$Node; @ 126
Event: 3.166 Thread 0x0000000017545000 Uncommon trap: reason=unstable_if action=reinterpret pc=0x00000000038809b0 method=com.android.dx.cf.code.ByteCatchList.listFor(I)Lcom/android/dx/cf/code/ByteCatchList; @ 47
Event: 3.194 Thread 0x0000000017544800 Uncommon trap: reason=class_check action=maybe_recompile pc=0x0000000003713654 method=java.util.HashMap.putVal(ILjava/lang/Object;Ljava/lang/Object;ZZ)Ljava/lang/Object; @ 203
Event: 3.194 Thread 0x0000000017544800 Uncommon trap: reason=bimorphic action=maybe_recompile pc=0x00000000034479e8 method=java.util.HashMap.getNode(ILjava/lang/Object;)Ljava/util/HashMap$Node; @ 126
Event: 3.587 Thread 0x000000000141e000 Uncommon trap: reason=unstable_if action=reinterpret pc=0x0000000003724300 method=com.android.dx.ssa.SCCP.simulateStmt(Lcom/android/dx/ssa/SsaInsn;)V @ 59
Event: 4.710 Thread 0x0000000017544800 Uncommon trap: reason=unstable_if action=reinterpret pc=0x00000000035cd7fc method=java.util.HashMap.putVal(ILjava/lang/Object;Ljava/lang/Object;ZZ)Ljava/lang/Object; @ 162
Event: 4.717 Thread 0x0000000017544800 Uncommon trap: reason=class_check action=maybe_recompile pc=0x000000000390b728 method=com.android.dx.cf.code.RopperMachine.run(Lcom/android/dx/cf/code/Frame;II)V @ 988
Event: 4.721 Thread 0x0000000017544800 Uncommon trap: reason=unstable_if action=reinterpret pc=0x0000000003496c78 method=java.util.HashMap.getNode(ILjava/lang/Object;)Ljava/util/HashMap$Node; @ 84
Event: 5.235 Thread 0x0000000017546000 Uncommon trap: reason=unstable_if action=reinterpret pc=0x00000000037131b4 method=java.util.HashMap.putVal(ILjava/lang/Object;Ljava/lang/Object;ZZ)Ljava/lang/Object; @ 162
Event: 5.316 Thread 0x000000000141e000 Uncommon trap: reason=bimorphic action=maybe_recompile pc=0x000000000390bed8 method=com.android.dx.cf.code.RopperMachine.run(Lcom/android/dx/cf/code/Frame;II)V @ 310

Internal exceptions (8 events):
Event: 0.044 Thread 0x000000000141e000 Exception <a 'java/lang/NoSuchMethodError': Method sun.misc.Unsafe.defineClass(Ljava/lang/String;[BII)Ljava/lang/Class; name or signature does not match> (0x00000000eab07c78) thrown at [C:\src\android\AOSP-openjdk\external\jetbrains\jdk\hotspot\src\share\vkãzùj¦?
Event: 0.044 Thread 0x000000000141e000 Exception <a 'java/lang/NoSuchMethodError': Method sun.misc.Unsafe.prefetchRead(Ljava/lang/Object;J)V name or signature does not match> (0x00000000eab07f60) thrown at [C:\src\android\AOSP-openjdk\external\jetbrains\jdk\hotspot\src\share\vm\prims\jni.cpp, lW¬§&ø?
Event: 1.502 Thread 0x0000000017546000 Implicit null exception at 0x0000000003548c54 to 0x000000000354b551
Event: 1.502 Thread 0x0000000017546000 Implicit null exception at 0x000000000359d70d to 0x000000000359fc71
Event: 1.608 Thread 0x000000000141e000 Implicit null exception at 0x00000000035c1c62 to 0x00000000035c1d5a
Event: 4.712 Thread 0x0000000017544800 Exception <a 'java/lang/ArrayIndexOutOfBoundsException': 18> (0x00000000ec966720) thrown at [C:\src\android\AOSP-openjdk\external\jetbrains\jdk\hotspot\src\share\vm\interpreter\interpreterRuntime.cpp, line 366]
Event: 4.712 Thread 0x0000000017544800 Exception <a 'java/lang/ArrayIndexOutOfBoundsException': 145> (0x00000000ec9682a0) thrown at [C:\src\android\AOSP-openjdk\external\jetbrains\jdk\hotspot\src\share\vm\interpreter\interpreterRuntime.cpp, line 366]
Event: 4.713 Thread 0x0000000017544800 Exception <a 'java/lang/ArrayIndexOutOfBoundsException'> (0x00000000ec969588) thrown at [C:\src\android\AOSP-openjdk\external\jetbrains\jdk\hotspot\src\share\vm\runtime\sharedRuntime.cpp, line 605]

Events (10 events):
Event: 4.717 Thread 0x0000000017544800 DEOPT UNPACKING pc=0x000000000325556a sp=0x0000000017b2df28 mode 2
Event: 4.721 Thread 0x0000000017544800 Uncommon trap: trap_request=0xffffff65 fr.pc=0x0000000003496c78
Event: 4.722 Thread 0x0000000017544800 DEOPT PACKING pc=0x0000000003496c78 sp=0x0000000017b2e3e0
Event: 4.722 Thread 0x0000000017544800 DEOPT UNPACKING pc=0x000000000325556a sp=0x0000000017b2e358 mode 2
Event: 5.235 Thread 0x0000000017546000 Uncommon trap: trap_request=0xffffff65 fr.pc=0x00000000037131b4
Event: 5.235 Thread 0x0000000017546000 DEOPT PACKING pc=0x00000000037131b4 sp=0x0000000017d2e100
Event: 5.235 Thread 0x0000000017546000 DEOPT UNPACKING pc=0x000000000325556a sp=0x0000000017d2e088 mode 2
Event: 5.316 Thread 0x000000000141e000 Uncommon trap: trap_request=0xffffffc6 fr.pc=0x000000000390bed8
Event: 5.316 Thread 0x000000000141e000 DEOPT PACKING pc=0x000000000390bed8 sp=0x000000000310dd20
Event: 5.316 Thread 0x000000000141e000 DEOPT UNPACKING pc=0x000000000325556a sp=0x000000000310dcd0 mode 2


Dynamic libraries:
0x00007ff7243a0000 - 0x00007ff7243d1000 	C:\Program Files\Android\Android Studio\jre\bin\java.exe
0x00007ffdd0860000 - 0x00007ffdd0a31000 	C:\WINDOWS\SYSTEM32\ntdll.dll
0x00007ffdcdf00000 - 0x00007ffdcdfab000 	C:\WINDOWS\System32\KERNEL32.DLL
0x00007ffdcdbd0000 - 0x00007ffdcdded000 	C:\WINDOWS\System32\KERNELBASE.dll
0x00007ffdcb260000 - 0x00007ffdcb2da000 	C:\WINDOWS\system32\apphelp.dll
0x00007ffdce740000 - 0x00007ffdce7e2000 	C:\WINDOWS\System32\ADVAPI32.dll
0x00007ffdcddf0000 - 0x00007ffdcde8e000 	C:\WINDOWS\System32\msvcrt.dll
0x00007ffdcdea0000 - 0x00007ffdcdef9000 	C:\WINDOWS\System32\sechost.dll
0x00007ffdce1a0000 - 0x00007ffdce2c1000 	C:\WINDOWS\System32\RPCRT4.dll
0x00007ffdce7f0000 - 0x00007ffdce955000 	C:\WINDOWS\System32\USER32.dll
0x00007ffdcd120000 - 0x00007ffdcd13e000 	C:\WINDOWS\System32\win32u.dll
0x00007ffdce6a0000 - 0x00007ffdce6d4000 	C:\WINDOWS\System32\GDI32.dll
0x00007ffdccdc0000 - 0x00007ffdccf42000 	C:\WINDOWS\System32\gdi32full.dll
0x00007ffdc5a80000 - 0x00007ffdc5cfa000 	C:\WINDOWS\WinSxS\amd64_microsoft.windows.common-controls_6595b64144ccf1df_6.0.14393.953_none_42151e83c686086b\COMCTL32.dll
0x00007ffdce2d0000 - 0x00007ffdce598000 	C:\WINDOWS\System32\combase.dll
0x00007ffdcd300000 - 0x00007ffdcd3f5000 	C:\WINDOWS\System32\ucrtbase.dll
0x00007ffdccd50000 - 0x00007ffdccdba000 	C:\WINDOWS\System32\bcryptPrimitives.dll
0x00007ffdce9d0000 - 0x00007ffdce9fe000 	C:\WINDOWS\System32\IMM32.DLL
0x0000000054b60000 - 0x0000000054c32000 	C:\Program Files\Android\Android Studio\jre\jre\bin\msvcr100.dll
0x0000000054c40000 - 0x000000005547c000 	C:\Program Files\Android\Android Studio\jre\jre\bin\server\jvm.dll
0x00007ffdce190000 - 0x00007ffdce198000 	C:\WINDOWS\System32\PSAPI.DLL
0x00007ffdbd830000 - 0x00007ffdbd839000 	C:\WINDOWS\SYSTEM32\WSOCK32.dll
0x00007ffdce960000 - 0x00007ffdce9ca000 	C:\WINDOWS\System32\WS2_32.dll
0x00007ffdcaf50000 - 0x00007ffdcaf73000 	C:\WINDOWS\SYSTEM32\WINMM.dll
0x00007ffdc4d50000 - 0x00007ffdc4d5a000 	C:\WINDOWS\SYSTEM32\VERSION.dll
0x00007ffdcadb0000 - 0x00007ffdcaddb000 	C:\WINDOWS\SYSTEM32\WINMMBASE.dll
0x00007ffdcdae0000 - 0x00007ffdcdb22000 	C:\WINDOWS\System32\cfgmgr32.dll
0x00007ffdc59c0000 - 0x00007ffdc59cf000 	C:\Program Files\Android\Android Studio\jre\jre\bin\verify.dll
0x00007ffdbf740000 - 0x00007ffdbf769000 	C:\Program Files\Android\Android Studio\jre\jre\bin\java.dll
0x00007ffdbf5f0000 - 0x00007ffdbf606000 	C:\Program Files\Android\Android Studio\jre\jre\bin\zip.dll
0x00007ffdcef20000 - 0x00007ffdd0428000 	C:\WINDOWS\System32\SHELL32.dll
0x00007ffdcd400000 - 0x00007ffdcdada000 	C:\WINDOWS\System32\windows.storage.dll
0x00007ffdccd00000 - 0x00007ffdccd4c000 	C:\WINDOWS\System32\powrprof.dll
0x00007ffdceae0000 - 0x00007ffdceb32000 	C:\WINDOWS\System32\shlwapi.dll
0x00007ffdcccd0000 - 0x00007ffdcccdf000 	C:\WINDOWS\System32\kernel.appcore.dll
0x00007ffdcd140000 - 0x00007ffdcd1e9000 	C:\WINDOWS\System32\shcore.dll
0x00007ffdccce0000 - 0x00007ffdcccf4000 	C:\WINDOWS\System32\profapi.dll

VM Arguments:
jvm_args: -Djava.awt.headless=true -Xmx1024M -Dfile.encoding=windows-1252 -Duser.country=US -Duser.language=en -Duser.variant 
java_command: com.android.dx.command.Main --dex --num-threads=4 --output C:\Users\Mohamed-A.Radwan\OneDrive - Helwan(Faculty of Computers&Information)\MyApplication\app\build\intermediates\pre-dexed\debug\classes_dfa071e059ba8b3cc904ed3d8e610a1fd105a9cb.jar C:\Users\Mohamed-A.Radwan\.android\build-cache\fcc8e238575cd59075416cfaf4c6781cdfa628b1\output\jars\classes.jar
java_class_path (initial): C:\Android\sdk\build-tools\25.0.0\lib\dx.jar
Launcher Type: SUN_STANDARD

Environment Variables:
PATH=C:\oraclexe\app\oracle\product\11.2.0\server\bin;C:\ProgramData\Oracle\Java\javapath;C:\WINDOWS\system32;C:\WINDOWS;C:\WINDOWS\System32\Wbem;C:\WINDOWS\System32\WindowsPowerShell\v1.0\;C:\Program Files (x86)\AMD\ATI.ACE\Core-Static;C:\Program Files (x86)\NVIDIA Corporation\PhysX\Common;C:\Program Files (x86)\Windows Kits\10\Windows Performance Toolkit\;C:\Program Files\Git\cmd;C:\WINDOWS\system32;C:\WINDOWS;C:\WINDOWS\System32\Wbem;C:\Program Files\Java\jre1.8.0_101\bin;C:\Python27\;C:\Python27\Scripts;C:\Program Files\Intel\WiFi\bin\;C:\Program Files\Common Files\Intel\WirelessCommon\;C:\Program Files (x86)\Microsoft SDKs\TypeScript\1.0\;C:\Program Files (x86)\Calibre2\;C:\Program Files\nodejs\;C:\Program Files (x86)\Brackets\command;C:\Program Files (x86)\Microsoft SQL Server\100\Tools\Binn\;C:\Program Files\Microsoft SQL Server\100\Tools\Binn\;C:\Program Files\Microsoft SQL Server\100\DTS\Binn\;C:\Users\Mohamed-A.Radwan\AppData\Local\Google\Cloud SDK;G:\MATLAB\runtime\win64;G:\MATLAB\bin;G:\MATLAB\polyspace\bin;C:\Users\Mohamed-A.Radwan\AppData\Local\Microsoft\WindowsApps;C:\Users\Mohamed-A.Radwan\AppData\Roaming\npm;C:\Users\Mohamed-A.Radwan\AppData\Local\Google\Cloud SDK\google-cloud-sdk\bin;C:\Program Files (x86)\Google\google_appengine\
USERNAME=Mohamed-A.Radwan
OS=Windows_NT
PROCESSOR_IDENTIFIER=Intel64 Family 6 Model 69 Stepping 1, GenuineIntel



---------------  S Y S T E M  ---------------

OS: Windows 10.0 , 64 bit Build 14393 (10.0.14393.0)

CPU:total 4 (2 cores per cpu, 2 threads per core) family 6 model 69 stepping 1, cmov, cx8, fxsr, mmx, sse, sse2, sse3, ssse3, sse4.1, sse4.2, popcnt, avx, avx2, aes, clmul, erms, lzcnt, ht, tsc, tscinvbit, bmi1, bmi2

Memory: 4k page, physical 8274284k(815876k free), swap 13989228k(4872k free)

vm_info: OpenJDK 64-Bit Server VM (25.112-b06) for windows-amd64 JRE (1.8.0_112-release-b06), built on Dec  8 2016 00:54:26 by "builder" with MS VC++ 10.0 (VS2010)

time: Fri Apr 28 22:32:15 2017
elapsed time: 5 seconds (0d 0h 0m 5s)

