#
# There is insufficient memory for the Java Runtime Environment to continue.
# Native memory allocation (malloc) failed to allocate 58928 bytes for Chunk::new
# Possible reasons:
#   The system is out of physical RAM or swap space
#   In 32 bit mode, the process size limit was hit
# Possible solutions:
#   Reduce memory load on the system
#   Increase physical memory or swap space
#   Check if swap backing store is full
#   Use 64 bit Java on a 64 bit OS
#   Decrease Java heap size (-Xmx/-Xms)
#   Decrease number of Java threads
#   Decrease Java thread stack sizes (-Xss)
#   Set larger code cache with -XX:ReservedCodeCacheSize=
# This output file may be truncated or incomplete.
#
#  Out of Memory Error (allocation.cpp:390), pid=8076, tid=0x0000000000001e9c
#
# JRE version: OpenJDK Runtime Environment (8.0_76-b03) (build 1.8.0_76-release-b03)
# Java VM: OpenJDK 64-Bit Server VM (25.76-b03 mixed mode windows-amd64 compressed oops)
# Failed to write core dump. Minidumps are not enabled by default on client versions of Windows
#

---------------  T H R E A D  ---------------

Current thread (0x0000000015727800):  JavaThread "C2 CompilerThread1" daemon [_thread_in_native, id=7836, stack(0x0000000016e70000,0x0000000016f70000)]

Stack: [0x0000000016e70000,0x0000000016f70000]
[error occurred during error reporting (printing stack bounds), id 0xc0000005]

Native frames: (J=compiled Java code, j=interpreted, Vv=VM code, C=native code)


Current CompileTask:
C2:   5664 1229       4       com.android.dx.dex.code.OutputFinisher::addConstants (93 bytes)


---------------  P R O C E S S  ---------------

Java Threads: ( => current thread )
  0x00000000171c6000 JavaThread "pool-1-thread-1" [_thread_in_vm, id=11928, stack(0x0000000019340000,0x0000000019440000)]
  0x000000001578a800 JavaThread "Service Thread" daemon [_thread_blocked, id=3312, stack(0x0000000017470000,0x0000000017570000)]
  0x000000001572e800 JavaThread "C1 CompilerThread2" daemon [_thread_in_vm, id=9980, stack(0x0000000016f70000,0x0000000017070000)]
=>0x0000000015727800 JavaThread "C2 CompilerThread1" daemon [_thread_in_native, id=7836, stack(0x0000000016e70000,0x0000000016f70000)]
  0x0000000015737800 JavaThread "C2 CompilerThread0" daemon [_thread_in_native, id=536, stack(0x0000000016d70000,0x0000000016e70000)]
  0x0000000015736000 JavaThread "Attach Listener" daemon [_thread_blocked, id=4068, stack(0x0000000016c70000,0x0000000016d70000)]
  0x0000000015735000 JavaThread "Signal Dispatcher" daemon [_thread_blocked, id=12172, stack(0x0000000016b70000,0x0000000016c70000)]
  0x0000000015718800 JavaThread "Finalizer" daemon [_thread_blocked, id=6304, stack(0x0000000016990000,0x0000000016a90000)]
  0x00000000156f7000 JavaThread "Reference Handler" daemon [_thread_blocked, id=4948, stack(0x0000000016890000,0x0000000016990000)]
  0x0000000002f61000 JavaThread "main" [_thread_blocked, id=10264, stack(0x0000000002db0000,0x0000000002eb0000)]

Other Threads:
  0x00000000156f4800 VMThread [stack: 0x0000000016790000,0x0000000016890000] [id=4760]
  0x000000001578b800 WatcherThread [stack: 0x0000000017570000,0x0000000017670000] [id=11868]

VM state:not at safepoint (normal execution)

VM Mutex/Monitor currently owned by a thread: None

Heap:
 PSYoungGen      total 38400K, used 29337K [0x00000000eab00000, 0x00000000ed580000, 0x0000000100000000)
  eden space 33280K, 88% used [0x00000000eab00000,0x00000000ec7a66b8,0x00000000ecb80000)
  from space 5120K, 0% used [0x00000000ed080000,0x00000000ed080000,0x00000000ed580000)
  to   space 5120K, 0% used [0x00000000ecb80000,0x00000000ecb80000,0x00000000ed080000)
 ParOldGen       total 87552K, used 0K [0x00000000c0000000, 0x00000000c5580000, 0x00000000eab00000)
  object space 87552K, 0% used [0x00000000c0000000,0x00000000c0000000,0x00000000c5580000)
 Metaspace       used 5955K, capacity 6960K, committed 7040K, reserved 1056768K
  class space    used 576K, capacity 616K, committed 640K, reserved 1048576K

Card table byte_map: [0x0000000012420000,0x0000000012630000] byte_map_base: 0x0000000011e20000

Marking Bits: (ParMarkBitMap*) 0x000000006ab99d00
 Begin Bits: [0x0000000012b90000, 0x0000000013b90000)
 End Bits:   [0x0000000013b90000, 0x0000000014b90000)

Polling page: 0x0000000002eb0000

CodeCache: size=245760Kb used=5068Kb max_used=5078Kb free=240692Kb
 bounds [0x0000000003060000, 0x0000000003560000, 0x0000000012060000]
 total_blobs=1513 nmethods=1248 adapters=179
 compilation: enabled

Compilation events (10 events):
Event: 5.658 Thread 0x000000001572e800 nmethod 1244 0x0000000003552f10 code [0x0000000003553080, 0x0000000003553438]
Event: 5.658 Thread 0x000000001572e800 1245       3       com.android.dx.rop.annotation.Annotation::getNameValuePairs (11 bytes)
Event: 5.659 Thread 0x000000001572e800 nmethod 1245 0x00000000035523d0 code [0x0000000003552580, 0x0000000003552ba8]
Event: 5.659 Thread 0x000000001572e800 1246       3       com.android.dx.dex.file.ValueEncoder::addContents (75 bytes)
Event: 5.660 Thread 0x0000000015737800 nmethod 1241 0x0000000003550b10 code [0x0000000003550c40, 0x0000000003550db8]
Event: 5.660 Thread 0x0000000015737800 1238       4       com.android.dx.rop.cst.CstString::compareTo0 (15 bytes)
Event: 5.660 Thread 0x000000001572e800 nmethod 1246 0x0000000003554dd0 code [0x0000000003555080, 0x00000000035566d8]
Event: 5.661 Thread 0x0000000015737800 nmethod 1238 0x0000000003554990 code [0x0000000003554ae0, 0x0000000003554cb8]
Event: 5.661 Thread 0x000000001572e800 1247       3       com.android.dx.dex.file.IndexedItem::setIndex (24 bytes)
Event: 5.661 Thread 0x000000001572e800 nmethod 1247 0x0000000003554510 code [0x0000000003554680, 0x00000000035548c8]

GC Heap History (0 events):
No events

Deoptimization events (10 events):
Event: 5.622 Thread 0x00000000171c6000 Uncommon trap: reason=class_check action=maybe_recompile pc=0x00000000034bb088 method=java.util.Arrays.hashCode([Ljava/lang/Object;)I @ 43
Event: 5.622 Thread 0x00000000171c6000 Uncommon trap: reason=class_check action=maybe_recompile pc=0x00000000034bb088 method=java.util.Arrays.hashCode([Ljava/lang/Object;)I @ 43
Event: 5.622 Thread 0x00000000171c6000 Uncommon trap: reason=class_check action=maybe_recompile pc=0x00000000034bb088 method=java.util.Arrays.hashCode([Ljava/lang/Object;)I @ 43
Event: 5.623 Thread 0x00000000171c6000 Uncommon trap: reason=class_check action=maybe_recompile pc=0x00000000034bb088 method=java.util.Arrays.hashCode([Ljava/lang/Object;)I @ 43
Event: 5.623 Thread 0x00000000171c6000 Uncommon trap: reason=class_check action=maybe_recompile pc=0x0000000003464274 method=java.util.Arrays.hashCode([Ljava/lang/Object;)I @ 43
Event: 5.626 Thread 0x00000000171c6000 Uncommon trap: reason=bimorphic action=maybe_recompile pc=0x0000000003262940 method=java.util.HashMap.getNode(ILjava/lang/Object;)Ljava/util/HashMap$Node; @ 126
Event: 5.627 Thread 0x00000000171c6000 Uncommon trap: reason=bimorphic action=maybe_recompile pc=0x0000000003262940 method=java.util.HashMap.getNode(ILjava/lang/Object;)Ljava/util/HashMap$Node; @ 126
Event: 5.656 Thread 0x00000000171c6000 Uncommon trap: reason=bimorphic action=maybe_recompile pc=0x0000000003262940 method=java.util.HashMap.getNode(ILjava/lang/Object;)Ljava/util/HashMap$Node; @ 126
Event: 5.657 Thread 0x00000000171c6000 Uncommon trap: reason=bimorphic action=maybe_recompile pc=0x0000000003262940 method=java.util.HashMap.getNode(ILjava/lang/Object;)Ljava/util/HashMap$Node; @ 126
Event: 5.657 Thread 0x00000000171c6000 Uncommon trap: reason=bimorphic action=maybe_recompile pc=0x00000000032e0c74 method=java.util.HashMap.getNode(ILjava/lang/Object;)Ljava/util/HashMap$Node; @ 126

Internal exceptions (2 events):
Event: 0.211 Thread 0x0000000002f61000 Exception <a 'java/lang/NoSuchMethodError': Method sun.misc.Unsafe.defineClass(Ljava/lang/String;[BII)Ljava/lang/Class; name or signature does not match> (0x00000000eab07cc0) thrown at [C:\src\android\AOSP-openjdk\external\jetbrains\jdk\hotspot\src\share\v~Aš‘—
Event: 0.211 Thread 0x0000000002f61000 Exception <a 'java/lang/NoSuchMethodError': Method sun.misc.Unsafe.prefetchRead(Ljava/lang/Object;J)V name or signature does not match> (0x00000000eab07fa8) thrown at [C:\src\android\AOSP-openjdk\external\jetbrains\jdk\hotspot\src\share\vm\prims\jni.cpp, l

Events (10 events):
Event: 5.656 Thread 0x00000000171c6000 DEOPT PACKING pc=0x0000000003262940 sp=0x000000001943e8b0
Event: 5.656 Thread 0x00000000171c6000 DEOPT UNPACKING pc=0x00000000030a556a sp=0x000000001943e7d8 mode 2
Event: 5.657 Thread 0x00000000171c6000 Uncommon trap: trap_request=0xffffffc6 fr.pc=0x0000000003262940
Event: 5.657 Thread 0x00000000171c6000 DEOPT PACKING pc=0x0000000003262940 sp=0x000000001943e860
Event: 5.657 Thread 0x00000000171c6000 DEOPT UNPACKING pc=0x00000000030a556a sp=0x000000001943e778 mode 2
Event: 5.657 Thread 0x00000000171c6000 Uncommon trap: trap_request=0xffffffc6 fr.pc=0x00000000032e0c74
Event: 5.657 Thread 0x00000000171c6000 DEOPT PACKING pc=0x00000000032e0c74 sp=0x000000001943e7d0
Event: 5.657 Thread 0x00000000171c6000 DEOPT UNPACKING pc=0x00000000030a556a sp=0x000000001943e768 mode 2
Event: 5.661 loading class com/android/dx/dex/file/ProtoIdItem
Event: 5.661 loading class com/android/dx/dex/file/ProtoIdItem done


Dynamic libraries:
0x00007ff746610000 - 0x00007ff746641000 	C:\Program Files\Android\Android Studio\jre\bin\java.exe
0x00007ffea37f0000 - 0x00007ffea39b1000 	C:\WINDOWS\SYSTEM32\ntdll.dll
0x00007ffea2a40000 - 0x00007ffea2aed000 	C:\WINDOWS\system32\KERNEL32.DLL
0x00007ffea07e0000 - 0x00007ffea09c8000 	C:\WINDOWS\system32\KERNELBASE.dll
0x00007ffe9e600000 - 0x00007ffe9e679000 	C:\WINDOWS\system32\apphelp.dll
0x00007ffea2af0000 - 0x00007ffea2b97000 	C:\WINDOWS\system32\ADVAPI32.dll
0x00007ffea0bf0000 - 0x00007ffea0c8d000 	C:\WINDOWS\system32\msvcrt.dll
0x00007ffea0da0000 - 0x00007ffea0dfb000 	C:\WINDOWS\system32\sechost.dll
0x00007ffea2d00000 - 0x00007ffea2e1c000 	C:\WINDOWS\system32\RPCRT4.dll
0x00007ffea2ba0000 - 0x00007ffea2cf6000 	C:\WINDOWS\system32\USER32.dll
0x00007ffea3660000 - 0x00007ffea37e6000 	C:\WINDOWS\system32\GDI32.dll
0x00007ffe97940000 - 0x00007ffe97bb4000 	C:\WINDOWS\WinSxS\amd64_microsoft.windows.common-controls_6595b64144ccf1df_6.0.10586.589_none_a2ddb3caa539acce\COMCTL32.dll
0x00007ffea0f90000 - 0x00007ffea120d000 	C:\WINDOWS\system32\combase.dll
0x00007ffea0ac0000 - 0x00007ffea0b2a000 	C:\WINDOWS\system32\bcryptPrimitives.dll
0x00007ffea2940000 - 0x00007ffea297b000 	C:\WINDOWS\system32\IMM32.DLL
0x000000006a220000 - 0x000000006a2f2000 	C:\Program Files\Android\Android Studio\jre\jre\bin\msvcr100.dll
0x000000006a3e0000 - 0x000000006ac14000 	C:\Program Files\Android\Android Studio\jre\jre\bin\server\jvm.dll
0x00007ffea3210000 - 0x00007ffea3218000 	C:\WINDOWS\system32\PSAPI.DLL
0x00007ffe9e380000 - 0x00007ffe9e3a3000 	C:\WINDOWS\SYSTEM32\WINMM.dll
0x00007ffe94a10000 - 0x00007ffe94a19000 	C:\WINDOWS\SYSTEM32\WSOCK32.dll
0x00007ffe93e30000 - 0x00007ffe93e3a000 	C:\WINDOWS\SYSTEM32\VERSION.dll
0x00007ffea0e60000 - 0x00007ffea0ecb000 	C:\WINDOWS\system32\WS2_32.dll
0x00007ffe9e350000 - 0x00007ffe9e37c000 	C:\WINDOWS\SYSTEM32\WINMMBASE.dll
0x00007ffe9ff50000 - 0x00007ffe9ff93000 	C:\WINDOWS\system32\cfgmgr32.dll
0x00007ffe98290000 - 0x00007ffe9829f000 	C:\Program Files\Android\Android Studio\jre\jre\bin\verify.dll
0x00007ffe946f0000 - 0x00007ffe94719000 	C:\Program Files\Android\Android Studio\jre\jre\bin\java.dll
0x00007ffe98210000 - 0x00007ffe98226000 	C:\Program Files\Android\Android Studio\jre\jre\bin\zip.dll
0x00007ffea1370000 - 0x00007ffea28cc000 	C:\WINDOWS\system32\SHELL32.dll
0x00007ffe9ffa0000 - 0x00007ffea05e5000 	C:\WINDOWS\system32\windows.storage.dll
0x00007ffea0e00000 - 0x00007ffea0e52000 	C:\WINDOWS\system32\shlwapi.dll
0x00007ffe9fe90000 - 0x00007ffe9fe9f000 	C:\WINDOWS\system32\kernel.appcore.dll
0x00007ffea0b30000 - 0x00007ffea0be5000 	C:\WINDOWS\system32\shcore.dll
0x00007ffe9fe10000 - 0x00007ffe9fe5b000 	C:\WINDOWS\system32\powrprof.dll
0x00007ffe9fe70000 - 0x00007ffe9fe84000 	C:\WINDOWS\system32\profapi.dll

VM Arguments:
jvm_args: -Djava.awt.headless=true -Xmx1024M -Dfile.encoding=windows-1252 -Duser.country=US -Duser.language=en -Duser.variant 
java_command: com.android.dx.command.Main --dex --force-jumbo --num-threads=4 --multi-dex --output C:\Users\Mohamed-A.Radwan\AndroidStudioProjects\MyApplication\app\build\intermediates\transforms\dex\debug\folders\1000\10\com.google.android.gms-play-services-auth-base-9.2.1_c0a56d259169565c6ffaa660f264368f1df3d51c C:\Users\Mohamed-A.Radwan\AndroidStudioProjects\MyApplication\app\build\intermediates\exploded-aar\com.google.android.gms\play-services-auth-base\9.2.1\jars\classes.jar
java_class_path (initial): C:\Android\sdk\build-tools\23.0.3\lib\dx.jar
Launcher Type: SUN_STANDARD

Environment Variables:
PATH=C:\WINDOWS\system32;C:\WINDOWS;C:\WINDOWS\System32\Wbem;C:\WINDOWS\System32\WindowsPowerShell\v1.0\;C:\Program Files (x86)\AMD\ATI.ACE\Core-Static;C:\Program Files (x86)\Brackets\command;C:\Program Files (x86)\NVIDIA Corporation\PhysX\Common;C:\Program Files (x86)\Windows Kits\10\Windows Performance Toolkit\
USERNAME=Mohamed-A.Radwan
OS=Windows_NT
PROCESSOR_IDENTIFIER=Intel64 Family 6 Model 69 Stepping 1, GenuineIntel



---------------  S Y S T E M  ---------------

OS: Windows 10.0 , 64 bit Build 10586 (10.0.10586.589)

CPU:total 4 (2 cores per cpu, 2 threads per core) family 6 model 69 stepping 1, cmov, cx8, fxsr, mmx, sse, sse2, sse3, ssse3, sse4.1, sse4.2, popcnt, avx, avx2, aes, clmul, erms, lzcnt, ht, tsc, tscinvbit, bmi1, bmi2

Memory: 4k page, physical 8274284k(1258268k free), swap 13989228k(3540k free)

vm_info: OpenJDK 64-Bit Server VM (25.76-b03) for windows-amd64 JRE (1.8.0_76-release-b03), built on Jun 29 2016 19:09:20 by "ralucas" with MS VC++ 10.0 (VS2010)

time: Wed Sep 21 01:25:26 2016
elapsed time: 5 seconds (0d 0h 0m 5s)

