#
# There is insufficient memory for the Java Runtime Environment to continue.
# Native memory allocation (malloc) failed to allocate 92976 bytes for Chunk::new
# Possible reasons:
#   The system is out of physical RAM or swap space
#   In 32 bit mode, the process size limit was hit
# Possible solutions:
#   Reduce memory load on the system
#   Increase physical memory or swap space
#   Check if swap backing store is full
#   Use 64 bit Java on a 64 bit OS
#   Decrease Java heap size (-Xmx/-Xms)
#   Decrease number of Java threads
#   Decrease Java thread stack sizes (-Xss)
#   Set larger code cache with -XX:ReservedCodeCacheSize=
# This output file may be truncated or incomplete.
#
#  Out of Memory Error (allocation.cpp:390), pid=5856, tid=0x0000000000002e88
#
# JRE version: OpenJDK Runtime Environment (8.0_76-b03) (build 1.8.0_76-release-b03)
# Java VM: OpenJDK 64-Bit Server VM (25.76-b03 mixed mode windows-amd64 compressed oops)
# Failed to write core dump. Minidumps are not enabled by default on client versions of Windows
#

---------------  T H R E A D  ---------------

Current thread (0x0000000014ae7800):  JavaThread "C2 CompilerThread0" daemon [_thread_in_native, id=11912, stack(0x0000000016040000,0x0000000016140000)]

Stack: [0x0000000016040000,0x0000000016140000]
[error occurred during error reporting (printing stack bounds), id 0xc0000005]

Native frames: (J=compiled Java code, j=interpreted, Vv=VM code, C=native code)


Current CompileTask:
C2:   1840 1003       4       com.android.dx.ssa.back.LivenessAnalyzer::liveOutAtStatement (61 bytes)


---------------  P R O C E S S  ---------------

Java Threads: ( => current thread )
  0x00000000165f0800 JavaThread "pool-2-thread-4" [_thread_blocked, id=5444, stack(0x0000000016d40000,0x0000000016e40000)]
  0x00000000165f0000 JavaThread "pool-2-thread-3" [_thread_blocked, id=2348, stack(0x0000000016c40000,0x0000000016d40000)]
  0x00000000165cc800 JavaThread "pool-2-thread-2" [_thread_in_Java, id=8132, stack(0x0000000016b40000,0x0000000016c40000)]
  0x00000000165c6000 JavaThread "pool-3-thread-1" [_thread_blocked, id=6308, stack(0x0000000016a40000,0x0000000016b40000)]
  0x00000000165c0000 JavaThread "pool-2-thread-1" [_thread_in_Java, id=2892, stack(0x0000000016940000,0x0000000016a40000)]
  0x0000000016344800 JavaThread "Service Thread" daemon [_thread_blocked, id=4752, stack(0x0000000016740000,0x0000000016840000)]
  0x0000000014b3b800 JavaThread "C1 CompilerThread2" daemon [_thread_in_native, id=2368, stack(0x0000000016240000,0x0000000016340000)]
  0x0000000014b30000 JavaThread "C2 CompilerThread1" daemon [_thread_in_native, id=1216, stack(0x0000000016140000,0x0000000016240000)]
=>0x0000000014ae7800 JavaThread "C2 CompilerThread0" daemon [_thread_in_native, id=11912, stack(0x0000000016040000,0x0000000016140000)]
  0x0000000014ae6000 JavaThread "Attach Listener" daemon [_thread_blocked, id=10572, stack(0x0000000015f40000,0x0000000016040000)]
  0x0000000014ae5000 JavaThread "Signal Dispatcher" daemon [_thread_blocked, id=8048, stack(0x0000000015e40000,0x0000000015f40000)]
  0x0000000014ac8800 JavaThread "Finalizer" daemon [_thread_blocked, id=5476, stack(0x0000000015d40000,0x0000000015e40000)]
  0x0000000002401000 JavaThread "Reference Handler" daemon [_thread_blocked, id=3332, stack(0x0000000015c40000,0x0000000015d40000)]
  0x0000000002311000 JavaThread "main" [_thread_in_Java, id=7716, stack(0x0000000002210000,0x0000000002310000)]

Other Threads:
  0x0000000014aa5800 VMThread [stack: 0x0000000015b40000,0x0000000015c40000] [id=4572]
  0x0000000016345800 WatcherThread [stack: 0x0000000016840000,0x0000000016940000] [id=6148]

VM state:not at safepoint (normal execution)

VM Mutex/Monitor currently owned by a thread:  ([mutex/lock_event])
[0x000000000211b790] CodeCache_lock - owner thread: 0x0000000014b3b800
[0x000000000211e9f0] Compile_lock - owner thread: 0x0000000014b3b800

Heap:
 PSYoungGen      total 38400K, used 12373K [0x00000000eab00000, 0x00000000ef600000, 0x0000000100000000)
  eden space 33280K, 21% used [0x00000000eab00000,0x00000000eb21b980,0x00000000ecb80000)
  from space 5120K, 99% used [0x00000000ecb80000,0x00000000ed079d58,0x00000000ed080000)
  to   space 5120K, 0% used [0x00000000ef100000,0x00000000ef100000,0x00000000ef600000)
 ParOldGen       total 87552K, used 188K [0x00000000c0000000, 0x00000000c5580000, 0x00000000eab00000)
  object space 87552K, 0% used [0x00000000c0000000,0x00000000c002f1b8,0x00000000c5580000)
 Metaspace       used 5843K, capacity 6832K, committed 7040K, reserved 1056768K
  class space    used 574K, capacity 616K, committed 640K, reserved 1048576K

Card table byte_map: [0x00000000117d0000,0x00000000119e0000] byte_map_base: 0x00000000111d0000

Marking Bits: (ParMarkBitMap*) 0x000000006ab99d00
 Begin Bits: [0x0000000011f40000, 0x0000000012f40000)
 End Bits:   [0x0000000012f40000, 0x0000000013f40000)

Polling page: 0x0000000002040000

CodeCache: size=245760Kb used=4128Kb max_used=4133Kb free=241631Kb
 bounds [0x0000000002410000, 0x0000000002820000, 0x0000000011410000]
 total_blobs=1338 nmethods=1072 adapters=180
 compilation: enabled

Compilation events (10 events):
Event: 1.835 Thread 0x0000000014b3b800 nmethod 1085 0x0000000002811f10 code [0x00000000028120c0, 0x0000000002812798]
Event: 1.835 Thread 0x0000000014b3b800 1088       3       com.android.dx.cf.code.Simulator$SimVisitor::visitLocal (329 bytes)
Event: 1.837 Thread 0x0000000014b30000 nmethod 979 0x0000000002812a10 code [0x0000000002812c80, 0x0000000002814728]
Event: 1.837 Thread 0x0000000014b30000  983       4       com.android.dx.dex.code.DalvInsn::<init> (67 bytes)
Event: 1.838 Thread 0x0000000014b30000 nmethod 983 0x0000000002810410 code [0x0000000002810540, 0x0000000002810638]
Event: 1.838 Thread 0x0000000014b30000 1096       4       com.android.dx.util.IntList::binarysearch (124 bytes)
Event: 1.838 Thread 0x0000000014b3b800 nmethod 1088 0x00000000028164d0 code [0x0000000002816900, 0x0000000002819558]
Event: 1.838 Thread 0x0000000014b3b800 1091       1       com.android.dx.cf.code.BaseMachine::auxType (6 bytes)
Event: 1.838 Thread 0x0000000014b3b800 nmethod 1091 0x000000000280d290 code [0x000000000280d3e0, 0x000000000280d510]
Event: 1.838 Thread 0x0000000014b3b800 1093       3       java.util.HashMap::resize (359 bytes)

GC Heap History (2 events):
Event: 1.596 GC heap before
{Heap before GC invocations=1 (full 0):
 PSYoungGen      total 38400K, used 33280K [0x00000000eab00000, 0x00000000ed580000, 0x0000000100000000)
  eden space 33280K, 100% used [0x00000000eab00000,0x00000000ecb80000,0x00000000ecb80000)
  from space 5120K, 0% used [0x00000000ed080000,0x00000000ed080000,0x00000000ed580000)
  to   space 5120K, 0% used [0x00000000ecb80000,0x00000000ecb80000,0x00000000ed080000)
 ParOldGen       total 87552K, used 0K [0x00000000c0000000, 0x00000000c5580000, 0x00000000eab00000)
  object space 87552K, 0% used [0x00000000c0000000,0x00000000c0000000,0x00000000c5580000)
 Metaspace       used 5764K, capacity 6768K, committed 7040K, reserved 1056768K
  class space    used 574K, capacity 616K, committed 640K, reserved 1048576K
Event: 1.710 GC heap after
Heap after GC invocations=1 (full 0):
 PSYoungGen      total 38400K, used 5095K [0x00000000eab00000, 0x00000000ef600000, 0x0000000100000000)
  eden space 33280K, 0% used [0x00000000eab00000,0x00000000eab00000,0x00000000ecb80000)
  from space 5120K, 99% used [0x00000000ecb80000,0x00000000ed079d58,0x00000000ed080000)
  to   space 5120K, 0% used [0x00000000ef100000,0x00000000ef100000,0x00000000ef600000)
 ParOldGen       total 87552K, used 188K [0x00000000c0000000, 0x00000000c5580000, 0x00000000eab00000)
  object space 87552K, 0% used [0x00000000c0000000,0x00000000c002f1b8,0x00000000c5580000)
 Metaspace       used 5764K, capacity 6768K, committed 7040K, reserved 1056768K
  class space    used 574K, capacity 616K, committed 640K, reserved 1048576K
}

Deoptimization events (3 events):
Event: 0.482 Thread 0x0000000002311000 Uncommon trap: reason=unstable_if action=reinterpret pc=0x000000000255e394 method=java.lang.String.compareTo(Ljava/lang/String;)I @ 38
Event: 1.169 Thread 0x00000000165f0800 Uncommon trap: reason=unstable_if action=reinterpret pc=0x0000000002641750 method=java.util.HashMap.getNode(ILjava/lang/Object;)Ljava/util/HashMap$Node; @ 62
Event: 1.716 Thread 0x00000000165cc800 Uncommon trap: reason=unstable_if action=reinterpret pc=0x000000000263d7b0 method=java.util.BitSet.nextSetBit(I)I @ 87

Internal exceptions (2 events):
Event: 0.075 Thread 0x0000000002311000 Exception <a 'java/lang/NoSuchMethodError': Method sun.misc.Unsafe.defineClass(Ljava/lang/String;[BII)Ljava/lang/Class; name or signature does not match> (0x00000000eab07cc0) thrown at [C:\src\android\AOSP-openjdk\external\jetbrains\jdk\hotspot\src\share\v©³Ž“‰:³?
Event: 0.075 Thread 0x0000000002311000 Exception <a 'java/lang/NoSuchMethodError': Method sun.misc.Unsafe.prefetchRead(Ljava/lang/Object;J)V name or signature does not match> (0x00000000eab07fa8) thrown at [C:\src\android\AOSP-openjdk\external\jetbrains\jdk\hotspot\src\share\vm\prims\jni.cpp, l

Events (10 events):
Event: 1.194 loading class com/android/dx/cf/code/BytecodeArray$ConstantParserVisitor done
Event: 1.270 Executing VM operation: ForceSafepoint
Event: 1.355 Executing VM operation: ForceSafepoint done
Event: 1.362 loading class com/android/dx/dex/file/FieldAnnotationStruct
Event: 1.362 loading class com/android/dx/dex/file/FieldAnnotationStruct done
Event: 1.415 Executing VM operation: ParallelGCFailedAllocation
Event: 1.710 Executing VM operation: ParallelGCFailedAllocation done
Event: 1.716 Thread 0x00000000165cc800 Uncommon trap: trap_request=0xffffff65 fr.pc=0x000000000263d7b0
Event: 1.716 Thread 0x00000000165cc800 DEOPT PACKING pc=0x000000000263d7b0 sp=0x0000000016c3e9d0
Event: 1.716 Thread 0x00000000165cc800 DEOPT UNPACKING pc=0x000000000245556a sp=0x0000000016c3e968 mode 2


Dynamic libraries:
0x00007ff746610000 - 0x00007ff746641000 	C:\Program Files\Android\Android Studio\jre\bin\java.exe
0x00007ffea37f0000 - 0x00007ffea39b1000 	C:\WINDOWS\SYSTEM32\ntdll.dll
0x00007ffea2a40000 - 0x00007ffea2aed000 	C:\WINDOWS\system32\KERNEL32.DLL
0x00007ffea07e0000 - 0x00007ffea09c8000 	C:\WINDOWS\system32\KERNELBASE.dll
0x00007ffe9e600000 - 0x00007ffe9e679000 	C:\WINDOWS\system32\apphelp.dll
0x00007ffea2af0000 - 0x00007ffea2b97000 	C:\WINDOWS\system32\ADVAPI32.dll
0x00007ffea0bf0000 - 0x00007ffea0c8d000 	C:\WINDOWS\system32\msvcrt.dll
0x00007ffea0da0000 - 0x00007ffea0dfb000 	C:\WINDOWS\system32\sechost.dll
0x00007ffea2d00000 - 0x00007ffea2e1c000 	C:\WINDOWS\system32\RPCRT4.dll
0x00007ffea2ba0000 - 0x00007ffea2cf6000 	C:\WINDOWS\system32\USER32.dll
0x00007ffea3660000 - 0x00007ffea37e6000 	C:\WINDOWS\system32\GDI32.dll
0x00007ffe97940000 - 0x00007ffe97bb4000 	C:\WINDOWS\WinSxS\amd64_microsoft.windows.common-controls_6595b64144ccf1df_6.0.10586.589_none_a2ddb3caa539acce\COMCTL32.dll
0x00007ffea0f90000 - 0x00007ffea120d000 	C:\WINDOWS\system32\combase.dll
0x00007ffea0ac0000 - 0x00007ffea0b2a000 	C:\WINDOWS\system32\bcryptPrimitives.dll
0x00007ffea2940000 - 0x00007ffea297b000 	C:\WINDOWS\system32\IMM32.DLL
0x000000006a220000 - 0x000000006a2f2000 	C:\Program Files\Android\Android Studio\jre\jre\bin\msvcr100.dll
0x000000006a3e0000 - 0x000000006ac14000 	C:\Program Files\Android\Android Studio\jre\jre\bin\server\jvm.dll
0x00007ffea3210000 - 0x00007ffea3218000 	C:\WINDOWS\system32\PSAPI.DLL
0x00007ffe94a10000 - 0x00007ffe94a19000 	C:\WINDOWS\SYSTEM32\WSOCK32.dll
0x00007ffea0e60000 - 0x00007ffea0ecb000 	C:\WINDOWS\system32\WS2_32.dll
0x00007ffe9e380000 - 0x00007ffe9e3a3000 	C:\WINDOWS\SYSTEM32\WINMM.dll
0x00007ffe93e30000 - 0x00007ffe93e3a000 	C:\WINDOWS\SYSTEM32\VERSION.dll
0x00007ffe9e350000 - 0x00007ffe9e37c000 	C:\WINDOWS\SYSTEM32\WINMMBASE.dll
0x00007ffe9ff50000 - 0x00007ffe9ff93000 	C:\WINDOWS\system32\cfgmgr32.dll
0x00007ffe98290000 - 0x00007ffe9829f000 	C:\Program Files\Android\Android Studio\jre\jre\bin\verify.dll
0x00007ffe946f0000 - 0x00007ffe94719000 	C:\Program Files\Android\Android Studio\jre\jre\bin\java.dll
0x00007ffe98210000 - 0x00007ffe98226000 	C:\Program Files\Android\Android Studio\jre\jre\bin\zip.dll
0x00007ffea1370000 - 0x00007ffea28cc000 	C:\WINDOWS\system32\SHELL32.dll
0x00007ffe9ffa0000 - 0x00007ffea05e5000 	C:\WINDOWS\system32\windows.storage.dll
0x00007ffea0e00000 - 0x00007ffea0e52000 	C:\WINDOWS\system32\shlwapi.dll
0x00007ffe9fe90000 - 0x00007ffe9fe9f000 	C:\WINDOWS\system32\kernel.appcore.dll
0x00007ffea0b30000 - 0x00007ffea0be5000 	C:\WINDOWS\system32\shcore.dll
0x00007ffe9fe10000 - 0x00007ffe9fe5b000 	C:\WINDOWS\system32\powrprof.dll
0x00007ffe9fe70000 - 0x00007ffe9fe84000 	C:\WINDOWS\system32\profapi.dll

VM Arguments:
jvm_args: -Djava.awt.headless=true -Xmx1024M -Dfile.encoding=windows-1252 -Duser.country=US -Duser.language=en -Duser.variant 
java_command: com.android.dx.command.Main --dex --force-jumbo --num-threads=4 --multi-dex --output C:\Users\Mohamed-A.Radwan\AndroidStudioProjects\MyApplication\app\build\intermediates\transforms\dex\debug\folders\1000\10\com.android.support-support-v4-23.3.0_eef285e58a1c92c7d43ba2660b6b02ffab623e95 C:\Users\Mohamed-A.Radwan\AndroidStudioProjects\MyApplication\app\build\intermediates\exploded-aar\com.android.support\support-v4\23.3.0\jars\classes.jar
java_class_path (initial): C:\Android\sdk\build-tools\23.0.3\lib\dx.jar
Launcher Type: SUN_STANDARD

Environment Variables:
PATH=C:\WINDOWS\system32;C:\WINDOWS;C:\WINDOWS\System32\Wbem;C:\WINDOWS\System32\WindowsPowerShell\v1.0\;C:\Program Files (x86)\AMD\ATI.ACE\Core-Static;C:\Program Files (x86)\Brackets\command;C:\Program Files (x86)\NVIDIA Corporation\PhysX\Common;C:\Program Files (x86)\Windows Kits\10\Windows Performance Toolkit\
USERNAME=Mohamed-A.Radwan
OS=Windows_NT
PROCESSOR_IDENTIFIER=Intel64 Family 6 Model 69 Stepping 1, GenuineIntel



---------------  S Y S T E M  ---------------

OS: Windows 10.0 , 64 bit Build 10586 (10.0.10586.589)

CPU:total 4 (2 cores per cpu, 2 threads per core) family 6 model 69 stepping 1, cmov, cx8, fxsr, mmx, sse, sse2, sse3, ssse3, sse4.1, sse4.2, popcnt, avx, avx2, aes, clmul, erms, lzcnt, ht, tsc, tscinvbit, bmi1, bmi2

Memory: 4k page, physical 8274284k(1022012k free), swap 13989228k(5168k free)

vm_info: OpenJDK 64-Bit Server VM (25.76-b03) for windows-amd64 JRE (1.8.0_76-release-b03), built on Jun 29 2016 19:09:20 by "ralucas" with MS VC++ 10.0 (VS2010)

time: Wed Sep 21 01:22:21 2016
elapsed time: 1 seconds (0d 0h 0m 1s)

