#
# A fatal error has been detected by the Java Runtime Environment:
#
#  EXCEPTION_STACK_OVERFLOW (0xc00000fd) at pc=0x000000006a5caeb7, pid=5408, tid=0x0000000000001970
#
# JRE version: OpenJDK Runtime Environment (8.0_76-b03) (build 1.8.0_76-release-b03)
# Java VM: OpenJDK 64-Bit Server VM (25.76-b03 mixed mode windows-amd64 compressed oops)
# Problematic frame:
# V  [jvm.dll+0x1eaeb7]
#
# Failed to write core dump. Minidumps are not enabled by default on client versions of Windows
#
# If you would like to submit a bug report, please visit:
#   http://bugreport.java.com/bugreport/crash.jsp
#

---------------  T H R E A D  ---------------

Current thread (0x0000000016eb9800):  JavaThread "pool-2-thread-2" [_thread_in_vm, id=6512, stack(0x0000000017550000,0x0000000017650000)]

siginfo: ExceptionCode=0xc00000fd, ExceptionInformation=0x0000000000000001 0x000000001764e840 

Registers:
RAX=0x000000001764e840, RBX=0x0000000000000002, RCX=0x0000000000001000, RDX=0x0000000000000006
RSP=0x000000001764f840, RBP=0x0000000000000000, RSI=0x000000001764f840, RDI=0x0000000000000002
R8 =0x0000000000000006, R9 =0x0000000016eb5a70, R10=0x0000000014a7d900, R11=0x000000001755a148
R12=0x0000000016eb5a70, R13=0x0000000016eb9800, R14=0x000000001764f908, R15=0x0000000014a7d900
RIP=0x000000006a5caeb7, EFLAGS=0x0000000000010202

Top of Stack: (sp=0x000000001764f840)
0x000000001764f840:   0000000016d6eaa0 000000006a274e7e
0x000000001764f850:   0000000016eb9800 0000000016eb5a70
0x000000001764f860:   00000000ffffffff 000000006a5cbde7
0x000000001764f870:   000000001764f970 0000000014a7d900
0x000000001764f880:   0000000016eb9800 000000006a47aa53
0x000000001764f890:   000000001764f8d0 0000000016eb9800
0x000000001764f8a0:   000000001764f960 0000000016eb9800
0x000000001764f8b0:   0000000014a7d900 0000000016eb9800
0x000000001764f8c0:   0000000002d30e20 0000000016eb9800
0x000000001764f8d0:   0000000014a7d900 0000000016eb9800
0x000000001764f8e0:   0000000014a7d900 0000000016eb9800
0x000000001764f8f0:   0000000000000001 0000000014a7d900
0x000000001764f900:   0000000016eb9800 0000000016d713f0
0x000000001764f910:   0000000016eb9800 000000006a47bf3d
0x000000001764f920:   000000001764fc28 00000001000066b0
0x000000001764f930:   00000001000066b0 0000000000000000 

Instructions: (pc=0x000000006a5caeb7)
0x000000006a5cae97:   48 89 6c 24 30 33 ed 66 90 e8 4b b8 07 00 ff c3
0x000000006a5caea7:   48 63 c8 48 8b c6 48 0f af cf 48 ff c7 48 2b c1
0x000000006a5caeb7:   89 28 48 63 c3 48 3b 05 cd d6 56 00 7e db 48 8b
0x000000006a5caec7:   6c 24 30 48 8b 5c 24 38 48 8b 74 24 40 48 83 c4 


Register to memory mapping:

RAX=0x000000001764e840 is pointing into the stack for thread: 0x0000000016eb9800
RBX=0x0000000000000002 is an unknown value
RCX=0x0000000000001000 is an unknown value
RDX=0x0000000000000006 is an unknown value
RSP=0x000000001764f840 is pointing into the stack for thread: 0x0000000016eb9800
RBP=0x0000000000000000 is an unknown value
RSI=0x000000001764f840 is pointing into the stack for thread: 0x0000000016eb9800
RDI=0x0000000000000002 is an unknown value
R8 =0x0000000000000006 is an unknown value
R9 =0x0000000016eb5a70 is an unknown value
R10={method} {0x0000000014a7d908} 'run' '()V' in 'java/lang/Thread'
R11=0x000000001755a148 is pointing into the stack for thread: 0x0000000016eb9800
R12=0x0000000016eb5a70 is an unknown value
R13=0x0000000016eb9800 is a thread
R14=0x000000001764f908 is pointing into the stack for thread: 0x0000000016eb9800
R15={method} {0x0000000014a7d908} 'run' '()V' in 'java/lang/Thread'


Stack: [0x0000000017550000,0x0000000017650000],  sp=0x000000001764f840,  free space=1022k
