#
# There is insufficient memory for the Java Runtime Environment to continue.
# Native memory allocation (malloc) failed to allocate 32744 bytes for ChunkPool::allocate
# Possible reasons:
#   The system is out of physical RAM or swap space
#   In 32 bit mode, the process size limit was hit
# Possible solutions:
#   Reduce memory load on the system
#   Increase physical memory or swap space
#   Check if swap backing store is full
#   Use 64 bit Java on a 64 bit OS
#   Decrease Java heap size (-Xmx/-Xms)
#   Decrease number of Java threads
#   Decrease Java thread stack sizes (-Xss)
#   Set larger code cache with -XX:ReservedCodeCacheSize=
# This output file may be truncated or incomplete.
#
#  Out of Memory Error (allocation.cpp:273), pid=3208, tid=0x00000000000002ec
#
# JRE version: OpenJDK Runtime Environment (8.0_76-b03) (build 1.8.0_76-release-b03)
# Java VM: OpenJDK 64-Bit Server VM (25.76-b03 mixed mode windows-amd64 compressed oops)
# Failed to write core dump. Minidumps are not enabled by default on client versions of Windows
#

---------------  T H R E A D  ---------------

Current thread (0x0000000014b8a800):  JavaThread "C2 CompilerThread1" daemon [_thread_in_native, id=748, stack(0x00000000162d0000,0x00000000163d0000)]

Stack: [0x00000000162d0000,0x00000000163d0000]
[error occurred during error reporting (printing stack bounds), id 0xc0000005]

Native frames: (J=compiled Java code, j=interpreted, Vv=VM code, C=native code)


Current CompileTask:
C2:   2748 1225   !   4       com.android.dx.cf.code.BytecodeArray::parseInstruction (2764 bytes)


---------------  P R O C E S S  ---------------

Java Threads: ( => current thread )
  0x0000000016782800 JavaThread "pool-2-thread-4" [_thread_blocked, id=3332, stack(0x0000000016ed0000,0x0000000016fd0000)]
  0x0000000016782000 JavaThread "pool-2-thread-3" [_thread_in_Java, id=9356, stack(0x0000000016dd0000,0x0000000016ed0000)]
  0x0000000016780800 JavaThread "pool-2-thread-2" [_thread_in_vm, id=4716, stack(0x0000000016cd0000,0x0000000016dd0000)]
  0x000000001680a800 JavaThread "pool-3-thread-1" [_thread_blocked, id=11568, stack(0x0000000016bd0000,0x0000000016cd0000)]
  0x0000000016805800 JavaThread "pool-2-thread-1" [_thread_blocked, id=11596, stack(0x0000000016ad0000,0x0000000016bd0000)]
  0x0000000014b83000 JavaThread "Service Thread" daemon [_thread_blocked, id=11476, stack(0x00000000168d0000,0x00000000169d0000)]
  0x0000000014b79800 JavaThread "C1 CompilerThread2" daemon [_thread_in_vm, id=6072, stack(0x00000000163d0000,0x00000000164d0000)]
=>0x0000000014b8a800 JavaThread "C2 CompilerThread1" daemon [_thread_in_native, id=748, stack(0x00000000162d0000,0x00000000163d0000)]
  0x0000000014b87800 JavaThread "C2 CompilerThread0" daemon [_thread_in_native, id=2444, stack(0x00000000161d0000,0x00000000162d0000)]
  0x0000000014b86000 JavaThread "Attach Listener" daemon [_thread_blocked, id=6156, stack(0x00000000160d0000,0x00000000161d0000)]
  0x0000000014b85000 JavaThread "Signal Dispatcher" daemon [_thread_blocked, id=3872, stack(0x0000000015fd0000,0x00000000160d0000)]
  0x0000000014b68800 JavaThread "Finalizer" daemon [_thread_blocked, id=9816, stack(0x0000000015df0000,0x0000000015ef0000)]
  0x0000000014b47800 JavaThread "Reference Handler" daemon [_thread_blocked, id=8632, stack(0x0000000015cf0000,0x0000000015df0000)]
  0x00000000023b1000 JavaThread "main" [_thread_blocked, id=11404, stack(0x00000000022b0000,0x00000000023b0000)]

Other Threads:
  0x0000000014b44800 VMThread [stack: 0x0000000015bf0000,0x0000000015cf0000] [id=7496]
  0x0000000014b84000 WatcherThread [stack: 0x00000000169d0000,0x0000000016ad0000] [id=11288]

VM state:not at safepoint (normal execution)

VM Mutex/Monitor currently owned by a thread:  ([mutex/lock_event])
[0x00000000022ab790] CodeCache_lock - owner thread: 0x0000000000000000

Heap:
 PSYoungGen      total 38400K, used 14839K [0x00000000eab00000, 0x00000000ed580000, 0x0000000100000000)
  eden space 33280K, 29% used [0x00000000eab00000,0x00000000eb4800c0,0x00000000ecb80000)
  from space 5120K, 99% used [0x00000000ecb80000,0x00000000ed07dc20,0x00000000ed080000)
  to   space 5120K, 0% used [0x00000000ed080000,0x00000000ed080000,0x00000000ed580000)
 ParOldGen       total 87552K, used 16K [0x00000000c0000000, 0x00000000c5580000, 0x00000000eab00000)
  object space 87552K, 0% used [0x00000000c0000000,0x00000000c0004000,0x00000000c5580000)
 Metaspace       used 5929K, capacity 6896K, committed 7040K, reserved 1056768K
  class space    used 575K, capacity 616K, committed 640K, reserved 1048576K

Card table byte_map: [0x0000000011870000,0x0000000011a80000] byte_map_base: 0x0000000011270000

Marking Bits: (ParMarkBitMap*) 0x000000006ab99d00
 Begin Bits: [0x0000000011fe0000, 0x0000000012fe0000)
 End Bits:   [0x0000000012fe0000, 0x0000000013fe0000)

Polling page: 0x00000000005a0000

CodeCache: size=245760Kb used=4870Kb max_used=4870Kb free=240889Kb
 bounds [0x00000000024b0000, 0x0000000002980000, 0x00000000114b0000]
 total_blobs=1507 nmethods=1240 adapters=180
 compilation: enabled

Compilation events (10 events):
Event: 2.733 Thread 0x0000000014b79800 1237       3       com.android.dx.rop.cst.CstBaseMethodRef::getPrototype (41 bytes)
Event: 2.733 Thread 0x0000000014b79800 nmethod 1237 0x000000000295e5d0 code [0x000000000295e740, 0x000000000295eb48]
Event: 2.733 Thread 0x0000000014b79800 1241       3       com.android.dx.rop.code.DexTranslationAdvice::hasConstantOperation (163 bytes)
Event: 2.734 Thread 0x0000000014b79800 nmethod 1241 0x0000000002972bd0 code [0x0000000002972e20, 0x00000000029746b8]
Event: 2.734 Thread 0x0000000014b79800 1236       3       com.android.dx.rop.code.RegisterSpecList::getType (12 bytes)
Event: 2.735 Thread 0x0000000014b79800 nmethod 1236 0x0000000002960ed0 code [0x0000000002961060, 0x00000000029616b8]
Event: 2.735 Thread 0x0000000014b79800 1235       3       com.android.dx.rop.cst.CstType::equals (29 bytes)
Event: 2.735 Thread 0x0000000014b79800 nmethod 1235 0x0000000002974bd0 code [0x0000000002974d40, 0x0000000002975130]
Event: 2.735 Thread 0x0000000014b79800 1223       3       java.util.concurrent.locks.AbstractQueuedSynchronizer::setState (6 bytes)
Event: 2.735 Thread 0x0000000014b79800 nmethod 1223 0x0000000002968b10 code [0x0000000002968c60, 0x0000000002968db0]

GC Heap History (2 events):
Event: 2.216 GC heap before
{Heap before GC invocations=1 (full 0):
 PSYoungGen      total 38400K, used 33280K [0x00000000eab00000, 0x00000000ed580000, 0x0000000100000000)
  eden space 33280K, 100% used [0x00000000eab00000,0x00000000ecb80000,0x00000000ecb80000)
  from space 5120K, 0% used [0x00000000ed080000,0x00000000ed080000,0x00000000ed580000)
  to   space 5120K, 0% used [0x00000000ecb80000,0x00000000ecb80000,0x00000000ed080000)
 ParOldGen       total 87552K, used 0K [0x00000000c0000000, 0x00000000c5580000, 0x00000000eab00000)
  object space 87552K, 0% used [0x00000000c0000000,0x00000000c0000000,0x00000000c5580000)
 Metaspace       used 5829K, capacity 6832K, committed 7040K, reserved 1056768K
  class space    used 573K, capacity 616K, committed 640K, reserved 1048576K
Event: 2.428 GC heap after
Heap after GC invocations=1 (full 0):
 PSYoungGen      total 38400K, used 5111K [0x00000000eab00000, 0x00000000ed580000, 0x0000000100000000)
  eden space 33280K, 0% used [0x00000000eab00000,0x00000000eab00000,0x00000000ecb80000)
  from space 5120K, 99% used [0x00000000ecb80000,0x00000000ed07dc20,0x00000000ed080000)
  to   space 5120K, 0% used [0x00000000ed080000,0x00000000ed080000,0x00000000ed580000)
 ParOldGen       total 87552K, used 16K [0x00000000c0000000, 0x00000000c5580000, 0x00000000eab00000)
  object space 87552K, 0% used [0x00000000c0000000,0x00000000c0004000,0x00000000c5580000)
 Metaspace       used 5829K, capacity 6832K, committed 7040K, reserved 1056768K
  class space    used 573K, capacity 616K, committed 640K, reserved 1048576K
}

Deoptimization events (10 events):
Event: 1.385 Thread 0x00000000023b1000 Uncommon trap: reason=unstable_if action=reinterpret pc=0x000000000260cdf8 method=java.lang.String.indexOf(II)I @ 49
Event: 1.756 Thread 0x0000000016782800 Uncommon trap: reason=unstable_if action=reinterpret pc=0x00000000026c6644 method=java.util.HashMap.getNode(ILjava/lang/Object;)Ljava/util/HashMap$Node; @ 62
Event: 1.931 Thread 0x0000000016782000 Uncommon trap: reason=unstable_if action=reinterpret pc=0x0000000002711530 method=java.util.HashMap.getNode(ILjava/lang/Object;)Ljava/util/HashMap$Node; @ 62
Event: 2.215 Thread 0x0000000016780800 Uncommon trap: reason=unstable_if action=reinterpret pc=0x00000000026e04f0 method=java.util.BitSet.nextSetBit(I)I @ 87
Event: 2.728 Thread 0x0000000016782000 Uncommon trap: reason=unstable_if action=reinterpret pc=0x00000000028b7e38 method=com.android.dx.cf.code.Ropper.labelToResultIndex(I)I @ 34
Event: 2.728 Thread 0x0000000016782000 Uncommon trap: reason=class_check action=maybe_recompile pc=0x00000000027f6da8 method=com.android.dx.rop.type.Type.equals(Ljava/lang/Object;)Z @ 8
Event: 2.728 Thread 0x0000000016782000 Uncommon trap: reason=class_check action=maybe_recompile pc=0x00000000027f6da8 method=com.android.dx.rop.type.Type.equals(Ljava/lang/Object;)Z @ 8
Event: 2.728 Thread 0x0000000016782000 Uncommon trap: reason=class_check action=maybe_recompile pc=0x00000000027f6da8 method=com.android.dx.rop.type.Type.equals(Ljava/lang/Object;)Z @ 8
Event: 2.730 Thread 0x0000000016782000 Uncommon trap: reason=class_check action=maybe_recompile pc=0x00000000027f6da8 method=com.android.dx.rop.type.Type.equals(Ljava/lang/Object;)Z @ 8
Event: 2.737 Thread 0x0000000016782000 Uncommon trap: reason=class_check action=maybe_recompile pc=0x000000000282d158 method=com.android.dx.rop.type.Type.equals(Ljava/lang/Object;)Z @ 8

Internal exceptions (2 events):
Event: 0.327 Thread 0x00000000023b1000 Exception <a 'java/lang/NoSuchMethodError': Method sun.misc.Unsafe.defineClass(Ljava/lang/String;[BII)Ljava/lang/Class; name or signature does not match> (0x00000000eab07cc0) thrown at [C:\src\android\AOSP-openjdk\external\jetbrains\jdk\hotspot\src\share\v8ô9∑Ù‘?
Event: 0.327 Thread 0x00000000023b1000 Exception <a 'java/lang/NoSuchMethodError': Method sun.misc.Unsafe.prefetchRead(Ljava/lang/Object;J)V name or signature does not match> (0x00000000eab07fa8) thrown at [C:\src\android\AOSP-openjdk\external\jetbrains\jdk\hotspot\src\share\vm\prims\jni.cpp, l

Events (10 events):
Event: 2.728 Thread 0x0000000016782000 DEOPT UNPACKING pc=0x00000000024f556a sp=0x0000000016eced98 mode 2
Event: 2.728 Thread 0x0000000016782000 Uncommon trap: trap_request=0xffffffde fr.pc=0x00000000027f6da8
Event: 2.728 Thread 0x0000000016782000 DEOPT PACKING pc=0x00000000027f6da8 sp=0x0000000016ecee60
Event: 2.728 Thread 0x0000000016782000 DEOPT UNPACKING pc=0x00000000024f556a sp=0x0000000016eced98 mode 2
Event: 2.730 Thread 0x0000000016782000 Uncommon trap: trap_request=0xffffffde fr.pc=0x00000000027f6da8
Event: 2.730 Thread 0x0000000016782000 DEOPT PACKING pc=0x00000000027f6da8 sp=0x0000000016ece9f0
Event: 2.730 Thread 0x0000000016782000 DEOPT UNPACKING pc=0x00000000024f556a sp=0x0000000016ece928 mode 2
Event: 2.737 Thread 0x0000000016782000 Uncommon trap: trap_request=0xffffffde fr.pc=0x000000000282d158
Event: 2.737 Thread 0x0000000016782000 DEOPT PACKING pc=0x000000000282d158 sp=0x0000000016ece310
Event: 2.737 Thread 0x0000000016782000 DEOPT UNPACKING pc=0x00000000024f556a sp=0x0000000016ece038 mode 2


Dynamic libraries:
0x00007ff746610000 - 0x00007ff746641000 	C:\Program Files\Android\Android Studio\jre\bin\java.exe
0x00007ffea37f0000 - 0x00007ffea39b1000 	C:\WINDOWS\SYSTEM32\ntdll.dll
0x00007ffea2a40000 - 0x00007ffea2aed000 	C:\WINDOWS\system32\KERNEL32.DLL
0x00007ffea07e0000 - 0x00007ffea09c8000 	C:\WINDOWS\system32\KERNELBASE.dll
0x00007ffe9e600000 - 0x00007ffe9e679000 	C:\WINDOWS\system32\apphelp.dll
0x00007ffea2af0000 - 0x00007ffea2b97000 	C:\WINDOWS\system32\ADVAPI32.dll
0x00007ffea0bf0000 - 0x00007ffea0c8d000 	C:\WINDOWS\system32\msvcrt.dll
0x00007ffea0da0000 - 0x00007ffea0dfb000 	C:\WINDOWS\system32\sechost.dll
0x00007ffea2d00000 - 0x00007ffea2e1c000 	C:\WINDOWS\system32\RPCRT4.dll
0x00007ffea2ba0000 - 0x00007ffea2cf6000 	C:\WINDOWS\system32\USER32.dll
0x00007ffea3660000 - 0x00007ffea37e6000 	C:\WINDOWS\system32\GDI32.dll
0x00007ffe97940000 - 0x00007ffe97bb4000 	C:\WINDOWS\WinSxS\amd64_microsoft.windows.common-controls_6595b64144ccf1df_6.0.10586.589_none_a2ddb3caa539acce\COMCTL32.dll
0x00007ffea0f90000 - 0x00007ffea120d000 	C:\WINDOWS\system32\combase.dll
0x00007ffea0ac0000 - 0x00007ffea0b2a000 	C:\WINDOWS\system32\bcryptPrimitives.dll
0x00007ffea2940000 - 0x00007ffea297b000 	C:\WINDOWS\system32\IMM32.DLL
0x000000006a220000 - 0x000000006a2f2000 	C:\Program Files\Android\Android Studio\jre\jre\bin\msvcr100.dll
0x000000006a3e0000 - 0x000000006ac14000 	C:\Program Files\Android\Android Studio\jre\jre\bin\server\jvm.dll
0x00007ffea3210000 - 0x00007ffea3218000 	C:\WINDOWS\system32\PSAPI.DLL
0x00007ffe94a10000 - 0x00007ffe94a19000 	C:\WINDOWS\SYSTEM32\WSOCK32.dll
0x00007ffe9e380000 - 0x00007ffe9e3a3000 	C:\WINDOWS\SYSTEM32\WINMM.dll
0x00007ffe93e30000 - 0x00007ffe93e3a000 	C:\WINDOWS\SYSTEM32\VERSION.dll
0x00007ffea0e60000 - 0x00007ffea0ecb000 	C:\WINDOWS\system32\WS2_32.dll
0x00007ffe9e350000 - 0x00007ffe9e37c000 	C:\WINDOWS\SYSTEM32\WINMMBASE.dll
0x00007ffe9ff50000 - 0x00007ffe9ff93000 	C:\WINDOWS\system32\cfgmgr32.dll
0x00007ffe98290000 - 0x00007ffe9829f000 	C:\Program Files\Android\Android Studio\jre\jre\bin\verify.dll
0x00007ffe946f0000 - 0x00007ffe94719000 	C:\Program Files\Android\Android Studio\jre\jre\bin\java.dll
0x00007ffe98210000 - 0x00007ffe98226000 	C:\Program Files\Android\Android Studio\jre\jre\bin\zip.dll
0x00007ffea1370000 - 0x00007ffea28cc000 	C:\WINDOWS\system32\SHELL32.dll
0x00007ffe9ffa0000 - 0x00007ffea05e5000 	C:\WINDOWS\system32\windows.storage.dll
0x00007ffea0e00000 - 0x00007ffea0e52000 	C:\WINDOWS\system32\shlwapi.dll
0x00007ffe9fe90000 - 0x00007ffe9fe9f000 	C:\WINDOWS\system32\kernel.appcore.dll
0x00007ffea0b30000 - 0x00007ffea0be5000 	C:\WINDOWS\system32\shcore.dll
0x00007ffe9fe10000 - 0x00007ffe9fe5b000 	C:\WINDOWS\system32\powrprof.dll
0x00007ffe9fe70000 - 0x00007ffe9fe84000 	C:\WINDOWS\system32\profapi.dll

VM Arguments:
jvm_args: -Djava.awt.headless=true -Xmx1024M -Dfile.encoding=windows-1252 -Duser.country=US -Duser.language=en -Duser.variant 
java_command: com.android.dx.command.Main --dex --force-jumbo --num-threads=4 --multi-dex --output C:\Users\Mohamed-A.Radwan\AndroidStudioProjects\MyApplication\app\build\intermediates\transforms\dex\debug\folders\1000\10\com.android.support-support-v4-23.3.0_eef285e58a1c92c7d43ba2660b6b02ffab623e95 C:\Users\Mohamed-A.Radwan\AndroidStudioProjects\MyApplication\app\build\intermediates\exploded-aar\com.android.support\support-v4\23.3.0\jars\classes.jar
java_class_path (initial): C:\Android\sdk\build-tools\23.0.3\lib\dx.jar
Launcher Type: SUN_STANDARD

Environment Variables:
PATH=C:\WINDOWS\system32;C:\WINDOWS;C:\WINDOWS\System32\Wbem;C:\WINDOWS\System32\WindowsPowerShell\v1.0\;C:\Program Files (x86)\AMD\ATI.ACE\Core-Static;C:\Program Files (x86)\Brackets\command;C:\Program Files (x86)\NVIDIA Corporation\PhysX\Common;C:\Program Files (x86)\Windows Kits\10\Windows Performance Toolkit\
USERNAME=Mohamed-A.Radwan
OS=Windows_NT
PROCESSOR_IDENTIFIER=Intel64 Family 6 Model 69 Stepping 1, GenuineIntel



---------------  S Y S T E M  ---------------

OS: Windows 10.0 , 64 bit Build 10586 (10.0.10586.589)

CPU:total 4 (2 cores per cpu, 2 threads per core) family 6 model 69 stepping 1, cmov, cx8, fxsr, mmx, sse, sse2, sse3, ssse3, sse4.1, sse4.2, popcnt, avx, avx2, aes, clmul, erms, lzcnt, ht, tsc, tscinvbit, bmi1, bmi2

Memory: 4k page, physical 8274284k(1226600k free), swap 13989228k(3428k free)

vm_info: OpenJDK 64-Bit Server VM (25.76-b03) for windows-amd64 JRE (1.8.0_76-release-b03), built on Jun 29 2016 19:09:20 by "ralucas" with MS VC++ 10.0 (VS2010)

time: Wed Sep 21 01:30:38 2016
elapsed time: 2 seconds (0d 0h 0m 2s)

