#
# There is insufficient memory for the Java Runtime Environment to continue.
# Native memory allocation (malloc) failed to allocate 193552 bytes for Chunk::new
# Possible reasons:
#   The system is out of physical RAM or swap space
#   In 32 bit mode, the process size limit was hit
# Possible solutions:
#   Reduce memory load on the system
#   Increase physical memory or swap space
#   Check if swap backing store is full
#   Use 64 bit Java on a 64 bit OS
#   Decrease Java heap size (-Xmx/-Xms)
#   Decrease number of Java threads
#   Decrease Java thread stack sizes (-Xss)
#   Set larger code cache with -XX:ReservedCodeCacheSize=
# This output file may be truncated or incomplete.
#
#  Out of Memory Error (allocation.cpp:390), pid=7512, tid=0x0000000000001378
#
# JRE version: OpenJDK Runtime Environment (8.0_76-b03) (build 1.8.0_76-release-b03)
# Java VM: OpenJDK 64-Bit Server VM (25.76-b03 mixed mode windows-amd64 compressed oops)
# Failed to write core dump. Minidumps are not enabled by default on client versions of Windows
#

---------------  T H R E A D  ---------------

Current thread (0x0000000015079800):  JavaThread "C2 CompilerThread1" daemon [_thread_in_native, id=4984, stack(0x00000000167b0000,0x00000000168b0000)]

Stack: [0x00000000167b0000,0x00000000168b0000]
[error occurred during error reporting (printing stack bounds), id 0xc0000005]

Native frames: (J=compiled Java code, j=interpreted, Vv=VM code, C=native code)


Current CompileTask:
C2:   3610 1269       4       com.android.dx.ssa.SCCP::simulateStmt (481 bytes)


---------------  P R O C E S S  ---------------

Java Threads: ( => current thread )
  0x0000000016c1b000 JavaThread "pool-2-thread-4" [_thread_in_Java, id=5152, stack(0x00000000173b0000,0x00000000174b0000)]
  0x0000000016c1a800 JavaThread "pool-2-thread-3" [_thread_blocked, id=5732, stack(0x00000000172b0000,0x00000000173b0000)]
  0x0000000016c15800 JavaThread "pool-2-thread-2" [_thread_blocked, id=6372, stack(0x00000000171b0000,0x00000000172b0000)]
  0x0000000016c15000 JavaThread "pool-3-thread-1" [_thread_blocked, id=8228, stack(0x00000000170b0000,0x00000000171b0000)]
  0x0000000016c0f800 JavaThread "pool-2-thread-1" [_thread_blocked, id=12084, stack(0x0000000016fb0000,0x00000000170b0000)]
  0x00000000150ce800 JavaThread "Service Thread" daemon [_thread_blocked, id=8776, stack(0x0000000016db0000,0x0000000016eb0000)]
  0x00000000150ca800 JavaThread "C1 CompilerThread2" daemon [_thread_in_native, id=6252, stack(0x00000000168b0000,0x00000000169b0000)]
=>0x0000000015079800 JavaThread "C2 CompilerThread1" daemon [_thread_in_native, id=4984, stack(0x00000000167b0000,0x00000000168b0000)]
  0x0000000015076800 JavaThread "C2 CompilerThread0" daemon [_thread_in_native, id=3208, stack(0x00000000166b0000,0x00000000167b0000)]
  0x0000000015075000 JavaThread "Attach Listener" daemon [_thread_blocked, id=8396, stack(0x00000000165b0000,0x00000000166b0000)]
  0x0000000015074000 JavaThread "Signal Dispatcher" daemon [_thread_blocked, id=4308, stack(0x00000000164b0000,0x00000000165b0000)]
  0x0000000015058800 JavaThread "Finalizer" daemon [_thread_blocked, id=12120, stack(0x00000000162d0000,0x00000000163d0000)]
  0x0000000002990000 JavaThread "Reference Handler" daemon [_thread_blocked, id=11744, stack(0x00000000161d0000,0x00000000162d0000)]
  0x00000000028a1000 JavaThread "main" [_thread_blocked, id=10992, stack(0x00000000027a0000,0x00000000028a0000)]

Other Threads:
  0x0000000015035800 VMThread [stack: 0x00000000160d0000,0x00000000161d0000] [id=12060]
  0x00000000169bc800 WatcherThread [stack: 0x0000000016eb0000,0x0000000016fb0000] [id=6732]

VM state:not at safepoint (normal execution)

VM Mutex/Monitor currently owned by a thread: None

Heap:
 PSYoungGen      total 38400K, used 8103K [0x00000000eab00000, 0x00000000ed580000, 0x0000000100000000)
  eden space 33280K, 9% used [0x00000000eab00000,0x00000000eadf0258,0x00000000ecb80000)
  from space 5120K, 99% used [0x00000000ecb80000,0x00000000ed079c88,0x00000000ed080000)
  to   space 5120K, 0% used [0x00000000ed080000,0x00000000ed080000,0x00000000ed580000)
 ParOldGen       total 87552K, used 1508K [0x00000000c0000000, 0x00000000c5580000, 0x00000000eab00000)
  object space 87552K, 1% used [0x00000000c0000000,0x00000000c0179200,0x00000000c5580000)
 Metaspace       used 5997K, capacity 6960K, committed 7040K, reserved 1056768K
  class space    used 573K, capacity 616K, committed 640K, reserved 1048576K

Card table byte_map: [0x0000000011d60000,0x0000000011f70000] byte_map_base: 0x0000000011760000

Marking Bits: (ParMarkBitMap*) 0x000000006ab99d00
 Begin Bits: [0x00000000124d0000, 0x00000000134d0000)
 End Bits:   [0x00000000134d0000, 0x00000000144d0000)

Polling page: 0x0000000000e90000

CodeCache: size=245760Kb used=5401Kb max_used=5401Kb free=240358Kb
 bounds [0x00000000029a0000, 0x0000000002ef0000, 0x00000000119a0000]
 total_blobs=1581 nmethods=1316 adapters=179
 compilation: enabled

Compilation events (10 events):
Event: 3.555 Thread 0x0000000015076800 1271   !   4       com.android.dx.cf.code.BaseMachine::arg (36 bytes)
Event: 3.555 Thread 0x0000000015076800 nmethod 1271 0x0000000002e9ce90 code [0x0000000002e9cfc0, 0x0000000002e9d078]
Event: 3.556 Thread 0x00000000150ca800 1313       3       java.util.concurrent.locks.ReentrantLock$FairSync::tryAcquire (74 bytes)
Event: 3.557 Thread 0x00000000150ca800 nmethod 1313 0x0000000002ee7a90 code [0x0000000002ee7c40, 0x0000000002ee8478]
Event: 3.557 Thread 0x00000000150ca800 1314       3       java.util.concurrent.locks.AbstractQueuedSynchronizer::hasQueuedPredecessors (40 bytes)
Event: 3.557 Thread 0x00000000150ca800 nmethod 1314 0x0000000002ee7610 code [0x0000000002ee7780, 0x0000000002ee79d0]
Event: 3.559 Thread 0x0000000015076800 1315       4       com.android.dx.ssa.SsaMethod$2::visitNonMoveInsn (6 bytes)
Event: 3.559 Thread 0x00000000150ca800 1316       3       com.android.dx.ssa.SCCP::replaceBranches (142 bytes)
Event: 3.559 Thread 0x0000000015076800 nmethod 1315 0x0000000002ee5e90 code [0x0000000002ee5fe0, 0x0000000002ee6068]
Event: 3.560 Thread 0x00000000150ca800 nmethod 1316 0x0000000002eebed0 code [0x0000000002eec120, 0x0000000002eed0e8]

GC Heap History (2 events):
Event: 3.110 GC heap before
{Heap before GC invocations=1 (full 0):
 PSYoungGen      total 38400K, used 33280K [0x00000000eab00000, 0x00000000ed580000, 0x0000000100000000)
  eden space 33280K, 100% used [0x00000000eab00000,0x00000000ecb80000,0x00000000ecb80000)
  from space 5120K, 0% used [0x00000000ed080000,0x00000000ed080000,0x00000000ed580000)
  to   space 5120K, 0% used [0x00000000ecb80000,0x00000000ecb80000,0x00000000ed080000)
 ParOldGen       total 87552K, used 0K [0x00000000c0000000, 0x00000000c5580000, 0x00000000eab00000)
  object space 87552K, 0% used [0x00000000c0000000,0x00000000c0000000,0x00000000c5580000)
 Metaspace       used 5984K, capacity 6960K, committed 7040K, reserved 1056768K
  class space    used 573K, capacity 616K, committed 640K, reserved 1048576K
Event: 3.503 GC heap after
Heap after GC invocations=1 (full 0):
 PSYoungGen      total 38400K, used 5095K [0x00000000eab00000, 0x00000000ed580000, 0x0000000100000000)
  eden space 33280K, 0% used [0x00000000eab00000,0x00000000eab00000,0x00000000ecb80000)
  from space 5120K, 99% used [0x00000000ecb80000,0x00000000ed079c88,0x00000000ed080000)
  to   space 5120K, 0% used [0x00000000ed080000,0x00000000ed080000,0x00000000ed580000)
 ParOldGen       total 87552K, used 1508K [0x00000000c0000000, 0x00000000c5580000, 0x00000000eab00000)
  object space 87552K, 1% used [0x00000000c0000000,0x00000000c0179200,0x00000000c5580000)
 Metaspace       used 5984K, capacity 6960K, committed 7040K, reserved 1056768K
  class space    used 573K, capacity 616K, committed 640K, reserved 1048576K
}

Deoptimization events (10 events):
Event: 2.176 Thread 0x0000000016c15800 Uncommon trap: reason=unstable_if action=reinterpret pc=0x0000000002cd9ef4 method=java.util.HashMap.getNode(ILjava/lang/Object;)Ljava/util/HashMap$Node; @ 129
Event: 2.176 Thread 0x0000000016c15800 Uncommon trap: reason=unstable_if action=reinterpret pc=0x0000000002c2ca1c method=java.util.HashMap.getNode(ILjava/lang/Object;)Ljava/util/HashMap$Node; @ 129
Event: 2.605 Thread 0x0000000016c1a800 Uncommon trap: reason=unstable_if action=reinterpret pc=0x0000000002da5ddc method=com.android.dx.ssa.SsaMethod.updateOneDefinition(Lcom/android/dx/ssa/SsaInsn;Lcom/android/dx/rop/code/RegisterSpec;)V @ 4
Event: 2.610 Thread 0x0000000016c15800 Uncommon trap: reason=unstable_if action=reinterpret pc=0x0000000002d7c210 method=com.android.dx.rop.code.RegisterSpec.equals(ILcom/android/dx/rop/type/TypeBearer;Lcom/android/dx/rop/code/LocalItem;)Z @ 16
Event: 2.610 Thread 0x0000000016c15800 Uncommon trap: reason=unstable_if action=reinterpret pc=0x0000000002c9bae4 method=com.android.dx.rop.code.RegisterSpec.equals(ILcom/android/dx/rop/type/TypeBearer;Lcom/android/dx/rop/code/LocalItem;)Z @ 16
Event: 2.613 Thread 0x0000000016c15800 Uncommon trap: reason=unstable_if action=reinterpret pc=0x0000000002db01e4 method=com.android.dx.rop.code.RegisterSpec.equals(ILcom/android/dx/rop/type/TypeBearer;Lcom/android/dx/rop/code/LocalItem;)Z @ 16
Event: 2.681 Thread 0x00000000028a1000 Uncommon trap: reason=unstable_if action=reinterpret pc=0x0000000002d19f50 method=java.lang.String.<init>([CII)V @ 18
Event: 2.697 Thread 0x00000000028a1000 Uncommon trap: reason=bimorphic action=maybe_recompile pc=0x0000000002dc2520 method=java.util.HashMap.getNode(ILjava/lang/Object;)Ljava/util/HashMap$Node; @ 126
Event: 3.081 Thread 0x0000000016c0f800 Uncommon trap: reason=uninitialized action=reinterpret pc=0x0000000002ea6cb0 method=com.android.dx.cf.code.BytecodeArray.parseInstruction(ILcom/android/dx/cf/code/BytecodeArray$Visitor;)I @ 999
Event: 3.096 Thread 0x0000000016c1a800 Uncommon trap: reason=bimorphic action=maybe_recompile pc=0x0000000002dc2520 method=java.util.HashMap.getNode(ILjava/lang/Object;)Ljava/util/HashMap$Node; @ 126

Internal exceptions (2 events):
Event: 0.053 Thread 0x00000000028a1000 Exception <a 'java/lang/NoSuchMethodError': Method sun.misc.Unsafe.defineClass(Ljava/lang/String;[BII)Ljava/lang/Class; name or signature does not match> (0x00000000eab07cc0) thrown at [C:\src\android\AOSP-openjdk\external\jetbrains\jdk\hotspot\src\share\v»m‚CZ«?
Event: 0.053 Thread 0x00000000028a1000 Exception <a 'java/lang/NoSuchMethodError': Method sun.misc.Unsafe.prefetchRead(Ljava/lang/Object;J)V name or signature does not match> (0x00000000eab07fa8) thrown at [C:\src\android\AOSP-openjdk\external\jetbrains\jdk\hotspot\src\share\vm\prims\jni.cpp, l

Events (10 events):
Event: 3.079 Executing VM operation: ForceSafepoint
Event: 3.079 Executing VM operation: ForceSafepoint done
Event: 3.081 Thread 0x0000000016c0f800 Uncommon trap: trap_request=0xffffffb5 fr.pc=0x0000000002ea6cb0
Event: 3.081 Thread 0x0000000016c0f800 DEOPT PACKING pc=0x0000000002ea6cb0 sp=0x00000000170ae560
Event: 3.081 Thread 0x0000000016c0f800 DEOPT UNPACKING pc=0x00000000029e556a sp=0x00000000170ae4e0 mode 2
Event: 3.096 Thread 0x0000000016c1a800 Uncommon trap: trap_request=0xffffffc6 fr.pc=0x0000000002dc2520
Event: 3.096 Thread 0x0000000016c1a800 DEOPT PACKING pc=0x0000000002dc2520 sp=0x00000000173ae7b0
Event: 3.096 Thread 0x0000000016c1a800 DEOPT UNPACKING pc=0x00000000029e556a sp=0x00000000173ae6c8 mode 2
Event: 3.104 Executing VM operation: ParallelGCFailedAllocation
Event: 3.503 Executing VM operation: ParallelGCFailedAllocation done


Dynamic libraries:
0x00007ff746610000 - 0x00007ff746641000 	C:\Program Files\Android\Android Studio\jre\bin\java.exe
0x00007ffea37f0000 - 0x00007ffea39b1000 	C:\WINDOWS\SYSTEM32\ntdll.dll
0x00007ffea2a40000 - 0x00007ffea2aed000 	C:\WINDOWS\system32\KERNEL32.DLL
0x00007ffea07e0000 - 0x00007ffea09c8000 	C:\WINDOWS\system32\KERNELBASE.dll
0x00007ffe9e600000 - 0x00007ffe9e679000 	C:\WINDOWS\system32\apphelp.dll
0x00007ffea2af0000 - 0x00007ffea2b97000 	C:\WINDOWS\system32\ADVAPI32.dll
0x00007ffea0bf0000 - 0x00007ffea0c8d000 	C:\WINDOWS\system32\msvcrt.dll
0x00007ffea0da0000 - 0x00007ffea0dfb000 	C:\WINDOWS\system32\sechost.dll
0x00007ffea2d00000 - 0x00007ffea2e1c000 	C:\WINDOWS\system32\RPCRT4.dll
0x00007ffea2ba0000 - 0x00007ffea2cf6000 	C:\WINDOWS\system32\USER32.dll
0x00007ffea3660000 - 0x00007ffea37e6000 	C:\WINDOWS\system32\GDI32.dll
0x00007ffe97940000 - 0x00007ffe97bb4000 	C:\WINDOWS\WinSxS\amd64_microsoft.windows.common-controls_6595b64144ccf1df_6.0.10586.589_none_a2ddb3caa539acce\COMCTL32.dll
0x00007ffea0f90000 - 0x00007ffea120d000 	C:\WINDOWS\system32\combase.dll
0x00007ffea0ac0000 - 0x00007ffea0b2a000 	C:\WINDOWS\system32\bcryptPrimitives.dll
0x00007ffea2940000 - 0x00007ffea297b000 	C:\WINDOWS\system32\IMM32.DLL
0x000000006a220000 - 0x000000006a2f2000 	C:\Program Files\Android\Android Studio\jre\jre\bin\msvcr100.dll
0x000000006a3e0000 - 0x000000006ac14000 	C:\Program Files\Android\Android Studio\jre\jre\bin\server\jvm.dll
0x00007ffea3210000 - 0x00007ffea3218000 	C:\WINDOWS\system32\PSAPI.DLL
0x00007ffe94a10000 - 0x00007ffe94a19000 	C:\WINDOWS\SYSTEM32\WSOCK32.dll
0x00007ffea0e60000 - 0x00007ffea0ecb000 	C:\WINDOWS\system32\WS2_32.dll
0x00007ffe9e380000 - 0x00007ffe9e3a3000 	C:\WINDOWS\SYSTEM32\WINMM.dll
0x00007ffe93e30000 - 0x00007ffe93e3a000 	C:\WINDOWS\SYSTEM32\VERSION.dll
0x00007ffe9e350000 - 0x00007ffe9e37c000 	C:\WINDOWS\SYSTEM32\WINMMBASE.dll
0x00007ffe9ff50000 - 0x00007ffe9ff93000 	C:\WINDOWS\system32\cfgmgr32.dll
0x00007ffe98290000 - 0x00007ffe9829f000 	C:\Program Files\Android\Android Studio\jre\jre\bin\verify.dll
0x00007ffe946f0000 - 0x00007ffe94719000 	C:\Program Files\Android\Android Studio\jre\jre\bin\java.dll
0x00007ffe98210000 - 0x00007ffe98226000 	C:\Program Files\Android\Android Studio\jre\jre\bin\zip.dll
0x00007ffea1370000 - 0x00007ffea28cc000 	C:\WINDOWS\system32\SHELL32.dll
0x00007ffe9ffa0000 - 0x00007ffea05e5000 	C:\WINDOWS\system32\windows.storage.dll
0x00007ffea0e00000 - 0x00007ffea0e52000 	C:\WINDOWS\system32\shlwapi.dll
0x00007ffe9fe90000 - 0x00007ffe9fe9f000 	C:\WINDOWS\system32\kernel.appcore.dll
0x00007ffea0b30000 - 0x00007ffea0be5000 	C:\WINDOWS\system32\shcore.dll
0x00007ffe9fe10000 - 0x00007ffe9fe5b000 	C:\WINDOWS\system32\powrprof.dll
0x00007ffe9fe70000 - 0x00007ffe9fe84000 	C:\WINDOWS\system32\profapi.dll

VM Arguments:
jvm_args: -Djava.awt.headless=true -Xmx1024M -Dfile.encoding=windows-1252 -Duser.country=US -Duser.language=en -Duser.variant 
java_command: com.android.dx.command.Main --dex --force-jumbo --num-threads=4 --multi-dex --output C:\Users\Mohamed-A.Radwan\AndroidStudioProjects\MyApplication\app\build\intermediates\transforms\dex\debug\folders\1000\10\com.google.android.gms-play-services-auth-9.2.1_f0a6970e2bb411018515009a642deff3745d75bd C:\Users\Mohamed-A.Radwan\AndroidStudioProjects\MyApplication\app\build\intermediates\exploded-aar\com.google.android.gms\play-services-auth\9.2.1\jars\classes.jar
java_class_path (initial): C:\Android\sdk\build-tools\23.0.3\lib\dx.jar
Launcher Type: SUN_STANDARD

Environment Variables:
PATH=C:\WINDOWS\system32;C:\WINDOWS;C:\WINDOWS\System32\Wbem;C:\WINDOWS\System32\WindowsPowerShell\v1.0\;C:\Program Files (x86)\AMD\ATI.ACE\Core-Static;C:\Program Files (x86)\Brackets\command;C:\Program Files (x86)\NVIDIA Corporation\PhysX\Common;C:\Program Files (x86)\Windows Kits\10\Windows Performance Toolkit\
USERNAME=Mohamed-A.Radwan
OS=Windows_NT
PROCESSOR_IDENTIFIER=Intel64 Family 6 Model 69 Stepping 1, GenuineIntel



---------------  S Y S T E M  ---------------

OS: Windows 10.0 , 64 bit Build 10586 (10.0.10586.589)

CPU:total 4 (2 cores per cpu, 2 threads per core) family 6 model 69 stepping 1, cmov, cx8, fxsr, mmx, sse, sse2, sse3, ssse3, sse4.1, sse4.2, popcnt, avx, avx2, aes, clmul, erms, lzcnt, ht, tsc, tscinvbit, bmi1, bmi2

Memory: 4k page, physical 8274284k(1217412k free), swap 13989228k(5280k free)

vm_info: OpenJDK 64-Bit Server VM (25.76-b03) for windows-amd64 JRE (1.8.0_76-release-b03), built on Jun 29 2016 19:09:20 by "ralucas" with MS VC++ 10.0 (VS2010)

time: Wed Sep 21 01:25:01 2016
elapsed time: 3 seconds (0d 0h 0m 3s)

