#
# There is insufficient memory for the Java Runtime Environment to continue.
# Native memory allocation (malloc) failed to allocate 289760 bytes for Chunk::new
# Possible reasons:
#   The system is out of physical RAM or swap space
#   In 32 bit mode, the process size limit was hit
# Possible solutions:
#   Reduce memory load on the system
#   Increase physical memory or swap space
#   Check if swap backing store is full
#   Use 64 bit Java on a 64 bit OS
#   Decrease Java heap size (-Xmx/-Xms)
#   Decrease number of Java threads
#   Decrease Java thread stack sizes (-Xss)
#   Set larger code cache with -XX:ReservedCodeCacheSize=
# This output file may be truncated or incomplete.
#
#  Out of Memory Error (allocation.cpp:390), pid=61248, tid=0x000000000000e780
#
# JRE version: OpenJDK Runtime Environment (8.0_112-b06) (build 1.8.0_112-release-b06)
# Java VM: OpenJDK 64-Bit Server VM (25.112-b06 mixed mode windows-amd64 compressed oops)
# Failed to write core dump. Minidumps are not enabled by default on client versions of Windows
#

---------------  T H R E A D  ---------------

Current thread (0x0000000015167800):  JavaThread "C2 CompilerThread1" daemon [_thread_in_native, id=59264, stack(0x00000000168a0000,0x00000000169a0000)]

Stack: [0x00000000168a0000,0x00000000169a0000]
[error occurred during error reporting (printing stack bounds), id 0xc0000005]

Native frames: (J=compiled Java code, j=interpreted, Vv=VM code, C=native code)


Current CompileTask:
C2:   6121  658       4       com.android.dx.ssa.NormalSsaInsn::accept (25 bytes)


---------------  P R O C E S S  ---------------

Java Threads: ( => current thread )
  0x0000000016bda000 JavaThread "pool-2-thread-4" [_thread_blocked, id=36824, stack(0x00000000174a0000,0x00000000175a0000)]
  0x0000000016b1d800 JavaThread "pool-2-thread-3" [_thread_blocked, id=59824, stack(0x00000000173a0000,0x00000000174a0000)]
  0x0000000016b1d000 JavaThread "pool-2-thread-2" [_thread_in_Java, id=60692, stack(0x00000000172a0000,0x00000000173a0000)]
  0x0000000016ae5000 JavaThread "pool-3-thread-1" [_thread_blocked, id=61216, stack(0x00000000171a0000,0x00000000172a0000)]
  0x0000000016ae2000 JavaThread "pool-2-thread-1" [_thread_in_Java, id=61008, stack(0x00000000170a0000,0x00000000171a0000)]
  0x00000000169b4000 JavaThread "Service Thread" daemon [_thread_blocked, id=60516, stack(0x0000000016ea0000,0x0000000016fa0000)]
  0x00000000169ad800 JavaThread "C1 CompilerThread2" daemon [_thread_blocked, id=26356, stack(0x0000000016da0000,0x0000000016ea0000)]
=>0x0000000015167800 JavaThread "C2 CompilerThread1" daemon [_thread_in_native, id=59264, stack(0x00000000168a0000,0x00000000169a0000)]
  0x000000001514c800 JavaThread "C2 CompilerThread0" daemon [_thread_in_native, id=6228, stack(0x00000000167a0000,0x00000000168a0000)]
  0x000000001514a800 JavaThread "Attach Listener" daemon [_thread_blocked, id=61332, stack(0x00000000166a0000,0x00000000167a0000)]
  0x0000000002a7e800 JavaThread "Signal Dispatcher" daemon [_thread_blocked, id=60608, stack(0x00000000165a0000,0x00000000166a0000)]
  0x0000000002a76000 JavaThread "Finalizer" daemon [_thread_blocked, id=48012, stack(0x00000000163b0000,0x00000000164b0000)]
  0x0000000002a71000 JavaThread "Reference Handler" daemon [_thread_blocked, id=60980, stack(0x00000000162b0000,0x00000000163b0000)]
  0x000000000287e000 JavaThread "main" [_thread_blocked, id=4056, stack(0x0000000002880000,0x0000000002980000)]

Other Threads:
  0x0000000015115000 VMThread [stack: 0x00000000161b0000,0x00000000162b0000] [id=61072]
  0x00000000169b5000 WatcherThread [stack: 0x0000000016fa0000,0x00000000170a0000] [id=60596]

VM state:not at safepoint (normal execution)

VM Mutex/Monitor currently owned by a thread: None

Heap:
 PSYoungGen      total 38400K, used 15601K [0x00000000eab00000, 0x00000000ed580000, 0x0000000100000000)
  eden space 33280K, 46% used [0x00000000eab00000,0x00000000eba3c408,0x00000000ecb80000)
  from space 5120K, 0% used [0x00000000ed080000,0x00000000ed080000,0x00000000ed580000)
  to   space 5120K, 0% used [0x00000000ecb80000,0x00000000ecb80000,0x00000000ed080000)
 ParOldGen       total 87552K, used 0K [0x00000000c0000000, 0x00000000c5580000, 0x00000000eab00000)
  object space 87552K, 0% used [0x00000000c0000000,0x00000000c0000000,0x00000000c5580000)
 Metaspace       used 5555K, capacity 6768K, committed 7040K, reserved 1056768K
  class space    used 557K, capacity 616K, committed 640K, reserved 1048576K

Card table byte_map: [0x0000000011e40000,0x0000000012050000] byte_map_base: 0x0000000011840000

Marking Bits: (ParMarkBitMap*) 0x000000006fa418f0
 Begin Bits: [0x00000000125b0000, 0x00000000135b0000)
 End Bits:   [0x00000000135b0000, 0x00000000145b0000)

Polling page: 0x0000000000b90000

CodeCache: size=245760Kb used=3168Kb max_used=3168Kb free=242591Kb
 bounds [0x0000000002a80000, 0x0000000002da0000, 0x0000000011a80000]
 total_blobs=992 nmethods=731 adapters=175
 compilation: enabled

Compilation events (10 events):
Event: 6.115 Thread 0x00000000169ad800  722       1       com.android.dx.rop.code.ThrowingInsn::getCatches (5 bytes)
Event: 6.116 Thread 0x00000000169ad800 nmethod 722 0x0000000002d81810 code [0x0000000002d81960, 0x0000000002d81a70]
Event: 6.116 Thread 0x00000000169ad800  705       1       java.lang.Integer::intValue (5 bytes)
Event: 6.116 Thread 0x00000000169ad800 nmethod 705 0x0000000002d99310 code [0x0000000002d99460, 0x0000000002d99570]
Event: 6.116 Thread 0x00000000169ad800  698       1       com.android.dx.rop.cst.CstLiteral32::getIntBits (5 bytes)
Event: 6.116 Thread 0x00000000169ad800 nmethod 698 0x0000000002d995d0 code [0x0000000002d99720, 0x0000000002d99830]
Event: 6.116 Thread 0x00000000169ad800  683       1       com.android.dx.cf.iface.StdMember::getAttributes (5 bytes)
Event: 6.116 Thread 0x00000000169ad800 nmethod 683 0x0000000002d99890 code [0x0000000002d999e0, 0x0000000002d99af0]
Event: 6.116 Thread 0x00000000169ad800  693       1       com.android.dx.cf.code.RopperMachine::returns (5 bytes)
Event: 6.116 Thread 0x00000000169ad800 nmethod 693 0x0000000002d99b50 code [0x0000000002d99ca0, 0x0000000002d99db0]

GC Heap History (0 events):
No events

Deoptimization events (3 events):
Event: 2.978 Thread 0x000000000287e000 Uncommon trap: reason=unstable_if action=reinterpret pc=0x0000000002bc5194 method=java.lang.String.indexOf(II)I @ 49
Event: 5.473 Thread 0x0000000016b1d000 Uncommon trap: reason=unstable_if action=reinterpret pc=0x0000000002c99138 method=java.util.HashMap.getNode(ILjava/lang/Object;)Ljava/util/HashMap$Node; @ 62
Event: 5.965 Thread 0x0000000016b1d800 Uncommon trap: reason=unstable_if action=reinterpret pc=0x0000000002cd9730 method=java.util.BitSet.ensureCapacity(I)V @ 6

Internal exceptions (2 events):
Event: 0.136 Thread 0x000000000287e000 Exception <a 'java/lang/NoSuchMethodError': Method sun.misc.Unsafe.defineClass(Ljava/lang/String;[BII)Ljava/lang/Class; name or signature does not match> (0x00000000eab07c78) thrown at [C:\src\android\AOSP-openjdk\external\jetbrains\jdk\hotspot\src\share\vð¡'×cÁ?
Event: 0.136 Thread 0x000000000287e000 Exception <a 'java/lang/NoSuchMethodError': Method sun.misc.Unsafe.prefetchRead(Ljava/lang/Object;J)V name or signature does not match> (0x00000000eab07f60) thrown at [C:\src\android\AOSP-openjdk\external\jetbrains\jdk\hotspot\src\share\vm\prims\jni.cpp, l

Events (10 events):
Event: 5.939 loading class com/android/dx/dex/file/AnnotationSetRefItem done
Event: 5.949 loading class com/android/dx/ssa/back/FirstFitLocalCombiningAllocator$Multiset
Event: 5.949 loading class com/android/dx/ssa/back/FirstFitLocalCombiningAllocator$Multiset done
Event: 5.950 loading class java/util/DualPivotQuicksort
Event: 5.951 loading class java/util/DualPivotQuicksort done
Event: 5.965 Thread 0x0000000016b1d800 Uncommon trap: trap_request=0xffffff65 fr.pc=0x0000000002cd9730
Event: 5.965 Thread 0x0000000016b1d800 DEOPT PACKING pc=0x0000000002cd9730 sp=0x000000001749e950
Event: 5.965 Thread 0x0000000016b1d800 DEOPT UNPACKING pc=0x0000000002ac556a sp=0x000000001749e890 mode 2
Event: 6.095 Thread 0x0000000016ae2000 DEOPT PACKING pc=0x0000000002d329c2 sp=0x000000001719e600
Event: 6.095 Thread 0x0000000016ae2000 DEOPT UNPACKING pc=0x0000000002ac75bf sp=0x000000001719e378 mode 0


Dynamic libraries:
0x00007ff7dddb0000 - 0x00007ff7ddde1000 	C:\Program Files\Android\Android Studio\jre\bin\java.exe
0x00007ff920f70000 - 0x00007ff921141000 	C:\WINDOWS\SYSTEM32\ntdll.dll
0x00007ff920e00000 - 0x00007ff920eab000 	C:\WINDOWS\System32\KERNEL32.DLL
0x00007ff91e290000 - 0x00007ff91e4ad000 	C:\WINDOWS\System32\KERNELBASE.dll
0x00007ff91b970000 - 0x00007ff91b9ea000 	C:\WINDOWS\system32\apphelp.dll
0x00007ff91ee90000 - 0x00007ff91ef32000 	C:\WINDOWS\System32\ADVAPI32.dll
0x00007ff920d50000 - 0x00007ff920dee000 	C:\WINDOWS\System32\msvcrt.dll
0x00007ff920eb0000 - 0x00007ff920f09000 	C:\WINDOWS\System32\sechost.dll
0x00007ff920930000 - 0x00007ff920a51000 	C:\WINDOWS\System32\RPCRT4.dll
0x00007ff91ed20000 - 0x00007ff91ee85000 	C:\WINDOWS\System32\USER32.dll
0x00007ff91d4d0000 - 0x00007ff91d4ee000 	C:\WINDOWS\System32\win32u.dll
0x00007ff91e9b0000 - 0x00007ff91e9e4000 	C:\WINDOWS\System32\GDI32.dll
0x00007ff91dde0000 - 0x00007ff91df62000 	C:\WINDOWS\System32\gdi32full.dll
0x00007ff917a60000 - 0x00007ff917cda000 	C:\WINDOWS\WinSxS\amd64_microsoft.windows.common-controls_6595b64144ccf1df_6.0.14393.953_none_42151e83c686086b\COMCTL32.dll
0x00007ff91ea50000 - 0x00007ff91ed18000 	C:\WINDOWS\System32\combase.dll
0x00007ff91dc30000 - 0x00007ff91dd25000 	C:\WINDOWS\System32\ucrtbase.dll
0x00007ff91d460000 - 0x00007ff91d4ca000 	C:\WINDOWS\System32\bcryptPrimitives.dll
0x00007ff920ba0000 - 0x00007ff920bce000 	C:\WINDOWS\System32\IMM32.DLL
0x000000006f1a0000 - 0x000000006f272000 	C:\Program Files\Android\Android Studio\jre\jre\bin\msvcr100.dll
0x000000006f280000 - 0x000000006fabc000 	C:\Program Files\Android\Android Studio\jre\jre\bin\server\jvm.dll
0x00007ff920df0000 - 0x00007ff920df8000 	C:\WINDOWS\System32\PSAPI.DLL
0x00007ff90ac80000 - 0x00007ff90ac89000 	C:\WINDOWS\SYSTEM32\WSOCK32.dll
0x00007ff920a60000 - 0x00007ff920aca000 	C:\WINDOWS\System32\WS2_32.dll
0x00007ff91b100000 - 0x00007ff91b123000 	C:\WINDOWS\SYSTEM32\WINMM.dll
0x00007ff9169d0000 - 0x00007ff9169da000 	C:\WINDOWS\SYSTEM32\VERSION.dll
0x00007ff91b0a0000 - 0x00007ff91b0cb000 	C:\WINDOWS\SYSTEM32\WINMMBASE.dll
0x00007ff91e4b0000 - 0x00007ff91e4f2000 	C:\WINDOWS\System32\cfgmgr32.dll
0x00007ff918490000 - 0x00007ff91849f000 	C:\Program Files\Android\Android Studio\jre\jre\bin\verify.dll
0x00007ff917de0000 - 0x00007ff917e09000 	C:\Program Files\Android\Android Studio\jre\jre\bin\java.dll
0x00007ff912230000 - 0x00007ff912246000 	C:\Program Files\Android\Android Studio\jre\jre\bin\zip.dll
0x00007ff91ef40000 - 0x00007ff920448000 	C:\WINDOWS\System32\SHELL32.dll
0x00007ff91d550000 - 0x00007ff91dc2a000 	C:\WINDOWS\System32\windows.storage.dll
0x00007ff91d400000 - 0x00007ff91d44c000 	C:\WINDOWS\System32\powrprof.dll
0x00007ff91e950000 - 0x00007ff91e9a2000 	C:\WINDOWS\System32\shlwapi.dll
0x00007ff91d3f0000 - 0x00007ff91d3ff000 	C:\WINDOWS\System32\kernel.appcore.dll
0x00007ff91dd30000 - 0x00007ff91ddd9000 	C:\WINDOWS\System32\shcore.dll
0x00007ff91d3d0000 - 0x00007ff91d3e4000 	C:\WINDOWS\System32\profapi.dll

VM Arguments:
jvm_args: -Djava.awt.headless=true -Xmx1024M -Dfile.encoding=windows-1252 -Duser.country=US -Duser.language=en -Duser.variant 
java_command: com.android.dx.command.Main --dex --force-jumbo --num-threads=4 --multi-dex --output C:\Users\Mohamed-A.Radwan\OneDrive - Helwan(Faculty of Computers&Information)\MyApplication\app\build\intermediates\transforms\dex\debug\folders\1000\5\slice_6 C:\Users\Mohamed-A.Radwan\OneDrive - Helwan(Faculty of Computers&Information)\MyApplication\app\build\intermediates\transforms\instantRunSlicer\debug\folders\1\5\slice_6
java_class_path (initial): C:\Android\sdk\build-tools\25.0.0\lib\dx.jar
Launcher Type: SUN_STANDARD

Environment Variables:
PATH=C:\oraclexe\app\oracle\product\11.2.0\server\bin;C:\ProgramData\Oracle\Java\javapath;C:\WINDOWS\system32;C:\WINDOWS;C:\WINDOWS\System32\Wbem;C:\WINDOWS\System32\WindowsPowerShell\v1.0\;C:\Program Files (x86)\AMD\ATI.ACE\Core-Static;C:\Program Files (x86)\NVIDIA Corporation\PhysX\Common;C:\Program Files (x86)\Windows Kits\10\Windows Performance Toolkit\;C:\Program Files\Git\cmd;C:\WINDOWS\system32;C:\WINDOWS;C:\WINDOWS\System32\Wbem;C:\Program Files\Java\jre1.8.0_101\bin;C:\Python27\;C:\Python27\Scripts;C:\Program Files\Intel\WiFi\bin\;C:\Program Files\Common Files\Intel\WirelessCommon\;C:\Program Files (x86)\Microsoft SDKs\TypeScript\1.0\;C:\Program Files (x86)\Calibre2\;C:\Program Files\nodejs\;C:\Program Files (x86)\Brackets\command;C:\Program Files (x86)\Microsoft SQL Server\100\Tools\Binn\;C:\Program Files\Microsoft SQL Server\100\Tools\Binn\;C:\Program Files\Microsoft SQL Server\100\DTS\Binn\;C:\Users\Mohamed-A.Radwan\AppData\Local\Google\Cloud SDK;C:\Users\Mohamed-A.Radwan\AppData\Local\Microsoft\WindowsApps;C:\Users\Mohamed-A.Radwan\AppData\Roaming\npm;C:\Users\Mohamed-A.Radwan\AppData\Local\Google\Cloud SDK\google-cloud-sdk\bin;C:\Program Files (x86)\Google\google_appengine\
USERNAME=Mohamed-A.Radwan
OS=Windows_NT
PROCESSOR_IDENTIFIER=Intel64 Family 6 Model 69 Stepping 1, GenuineIntel



---------------  S Y S T E M  ---------------

OS: Windows 10.0 , 64 bit Build 14393 (10.0.14393.0)

CPU:total 4 (2 cores per cpu, 2 threads per core) family 6 model 69 stepping 1, cmov, cx8, fxsr, mmx, sse, sse2, sse3, ssse3, sse4.1, sse4.2, popcnt, avx, avx2, aes, clmul, erms, lzcnt, ht, tsc, tscinvbit, bmi1, bmi2

Memory: 4k page, physical 8274284k(2199600k free), swap 13989228k(3248k free)

vm_info: OpenJDK 64-Bit Server VM (25.112-b06) for windows-amd64 JRE (1.8.0_112-release-b06), built on Dec  8 2016 00:54:26 by "builder" with MS VC++ 10.0 (VS2010)

time: Sat Apr 15 22:51:44 2017
elapsed time: 6 seconds (0d 0h 0m 6s)

