#
# There is insufficient memory for the Java Runtime Environment to continue.
# Native memory allocation (malloc) failed to allocate 301776 bytes for Chunk::new
# Possible reasons:
#   The system is out of physical RAM or swap space
#   In 32 bit mode, the process size limit was hit
# Possible solutions:
#   Reduce memory load on the system
#   Increase physical memory or swap space
#   Check if swap backing store is full
#   Use 64 bit Java on a 64 bit OS
#   Decrease Java heap size (-Xmx/-Xms)
#   Decrease number of Java threads
#   Decrease Java thread stack sizes (-Xss)
#   Set larger code cache with -XX:ReservedCodeCacheSize=
# This output file may be truncated or incomplete.
#
#  Out of Memory Error (allocation.cpp:390), pid=4212, tid=0x0000000000002514
#
# JRE version: OpenJDK Runtime Environment (8.0_76-b03) (build 1.8.0_76-release-b03)
# Java VM: OpenJDK 64-Bit Server VM (25.76-b03 mixed mode windows-amd64 compressed oops)
# Failed to write core dump. Minidumps are not enabled by default on client versions of Windows
#

---------------  T H R E A D  ---------------

Current thread (0x00000000153e6800):  JavaThread "C2 CompilerThread0" daemon [_thread_in_native, id=9492, stack(0x0000000016a10000,0x0000000016b10000)]

Stack: [0x0000000016a10000,0x0000000016b10000]
[error occurred during error reporting (printing stack bounds), id 0xc0000005]

Native frames: (J=compiled Java code, j=interpreted, Vv=VM code, C=native code)


Current CompileTask:
C2:   5975 1124   !   4       com.android.dx.cf.code.BytecodeArray::parseInstruction (2764 bytes)


---------------  P R O C E S S  ---------------

Java Threads: ( => current thread )
  0x0000000016e74000 JavaThread "pool-2-thread-4" [_thread_in_Java, id=6216, stack(0x0000000017710000,0x0000000017810000)]
  0x0000000016e3b800 JavaThread "pool-2-thread-3" [_thread_in_Java, id=9556, stack(0x0000000017610000,0x0000000017710000)]
  0x0000000016d7b000 JavaThread "pool-2-thread-2" [_thread_in_Java, id=2872, stack(0x0000000017510000,0x0000000017610000)]
  0x0000000016d71800 JavaThread "pool-3-thread-1" [_thread_blocked, id=8228, stack(0x0000000017410000,0x0000000017510000)]
  0x0000000016d78000 JavaThread "pool-2-thread-1" [_thread_in_Java, id=9708, stack(0x0000000017310000,0x0000000017410000)]
  0x0000000016c22000 JavaThread "Service Thread" daemon [_thread_blocked, id=11968, stack(0x0000000017110000,0x0000000017210000)]
  0x0000000016c20800 JavaThread "C1 CompilerThread2" daemon [_thread_blocked, id=7556, stack(0x0000000017010000,0x0000000017110000)]
  0x00000000153e9800 JavaThread "C2 CompilerThread1" daemon [_thread_in_native, id=8396, stack(0x0000000016b10000,0x0000000016c10000)]
=>0x00000000153e6800 JavaThread "C2 CompilerThread0" daemon [_thread_in_native, id=9492, stack(0x0000000016a10000,0x0000000016b10000)]
  0x00000000153e5000 JavaThread "Attach Listener" daemon [_thread_blocked, id=9260, stack(0x0000000016910000,0x0000000016a10000)]
  0x00000000153e4000 JavaThread "Signal Dispatcher" daemon [_thread_blocked, id=11064, stack(0x0000000016810000,0x0000000016910000)]
  0x00000000153c8800 JavaThread "Finalizer" daemon [_thread_blocked, id=9644, stack(0x0000000016630000,0x0000000016730000)]
  0x00000000153a7000 JavaThread "Reference Handler" daemon [_thread_blocked, id=4984, stack(0x0000000016530000,0x0000000016630000)]
  0x0000000002c11000 JavaThread "main" [_thread_blocked, id=11524, stack(0x0000000002b10000,0x0000000002c10000)]

Other Threads:
  0x00000000153a4800 VMThread [stack: 0x0000000016430000,0x0000000016530000] [id=4940]
  0x0000000016c23000 WatcherThread [stack: 0x0000000017210000,0x0000000017310000] [id=9228]

VM state:not at safepoint (normal execution)

VM Mutex/Monitor currently owned by a thread: None

Heap:
 PSYoungGen      total 38400K, used 30229K [0x00000000eab00000, 0x00000000ed580000, 0x0000000100000000)
  eden space 33280K, 90% used [0x00000000eab00000,0x00000000ec885710,0x00000000ecb80000)
  from space 5120K, 0% used [0x00000000ed080000,0x00000000ed080000,0x00000000ed580000)
  to   space 5120K, 0% used [0x00000000ecb80000,0x00000000ecb80000,0x00000000ed080000)
 ParOldGen       total 87552K, used 0K [0x00000000c0000000, 0x00000000c5580000, 0x00000000eab00000)
  object space 87552K, 0% used [0x00000000c0000000,0x00000000c0000000,0x00000000c5580000)
 Metaspace       used 5930K, capacity 6960K, committed 7040K, reserved 1056768K
  class space    used 576K, capacity 616K, committed 640K, reserved 1048576K

Card table byte_map: [0x00000000120d0000,0x00000000122e0000] byte_map_base: 0x0000000011ad0000

Marking Bits: (ParMarkBitMap*) 0x000000006ab99d00
 Begin Bits: [0x0000000012840000, 0x0000000013840000)
 End Bits:   [0x0000000013840000, 0x0000000014840000)

Polling page: 0x0000000000fd0000

CodeCache: size=245760Kb used=4823Kb max_used=4823Kb free=240936Kb
 bounds [0x0000000002d10000, 0x00000000031d0000, 0x0000000011d10000]
 total_blobs=1439 nmethods=1173 adapters=180
 compilation: enabled

Compilation events (10 events):
Event: 5.904 Thread 0x0000000016c20800 1175       3       com.android.dx.cf.code.Ropper::getRopMethod (64 bytes)
Event: 5.905 Thread 0x0000000016c20800 nmethod 1175 0x00000000031c66d0 code [0x00000000031c6920, 0x00000000031c76b8]
Event: 5.907 Thread 0x0000000016c20800 1176       3       com.android.dx.rop.code.RegisterSpec::make (21 bytes)
Event: 5.907 Thread 0x0000000016c20800 nmethod 1176 0x00000000031c24d0 code [0x00000000031c2640, 0x00000000031c2898]
Event: 5.907 Thread 0x0000000016c20800 1177       3       com.android.dx.rop.code.Rops::opMarkLocal (69 bytes)
Event: 5.908 Thread 0x0000000016c20800 nmethod 1177 0x00000000031c7f90 code [0x00000000031c81c0, 0x00000000031c8d98]
Event: 5.910 Thread 0x0000000016c20800 1178       3       java.lang.Integer::bitCount (49 bytes)
Event: 5.910 Thread 0x0000000016c20800 nmethod 1178 0x00000000031c2190 code [0x00000000031c22e0, 0x00000000031c2450]
Event: 5.910 Thread 0x0000000016c20800 1179       3       com.android.dx.ssa.SsaMethod::onInsnsChanged (16 bytes)
Event: 5.910 Thread 0x0000000016c20800 nmethod 1179 0x00000000031c9310 code [0x00000000031c9460, 0x00000000031c95f0]

GC Heap History (0 events):
No events

Deoptimization events (7 events):
Event: 4.034 Thread 0x0000000002c11000 Uncommon trap: reason=unstable_if action=reinterpret pc=0x0000000002f59a7c method=java.util.HashMap.getNode(ILjava/lang/Object;)Ljava/util/HashMap$Node; @ 62
Event: 4.861 Thread 0x0000000002c11000 Uncommon trap: reason=unstable_if action=reinterpret pc=0x0000000002f8ff08 method=java.util.HashMap.getNode(ILjava/lang/Object;)Ljava/util/HashMap$Node; @ 129
Event: 5.316 Thread 0x0000000016e74000 Uncommon trap: reason=unstable_if action=reinterpret pc=0x00000000030864dc method=com.android.dx.rop.cst.Constant.compareTo(Lcom/android/dx/rop/cst/Constant;)I @ 12
Event: 5.854 Thread 0x0000000016d7b000 Uncommon trap: reason=unstable_if action=reinterpret pc=0x00000000030ca6ec method=com.android.dx.rop.code.RegisterSpecSet.put(Lcom/android/dx/rop/code/RegisterSpec;)V @ 77
Event: 5.854 Thread 0x0000000016d7b000 Uncommon trap: reason=unstable_if action=reinterpret pc=0x0000000003100ca8 method=com.android.dx.rop.code.RegisterSpecSet.put(Lcom/android/dx/rop/code/RegisterSpec;)V @ 77
Event: 5.872 Thread 0x0000000016e74000 Uncommon trap: reason=bimorphic action=maybe_recompile pc=0x0000000003084728 method=java.util.HashMap.getNode(ILjava/lang/Object;)Ljava/util/HashMap$Node; @ 126
Event: 5.879 Thread 0x0000000016e74000 Uncommon trap: reason=null_check action=make_not_entrant pc=0x0000000003102728 method=com.android.dx.rop.type.Type.equals(Ljava/lang/Object;)Z @ 8

Internal exceptions (3 events):
Event: 0.169 Thread 0x0000000002c11000 Exception <a 'java/lang/NoSuchMethodError': Method sun.misc.Unsafe.defineClass(Ljava/lang/String;[BII)Ljava/lang/Class; name or signature does not match> (0x00000000eab07cc0) thrown at [C:\src\android\AOSP-openjdk\external\jetbrains\jdk\hotspot\src\share\vbÔÁq9£Å?
Event: 0.169 Thread 0x0000000002c11000 Exception <a 'java/lang/NoSuchMethodError': Method sun.misc.Unsafe.prefetchRead(Ljava/lang/Object;J)V name or signature does not match> (0x00000000eab07fa8) thrown at [C:\src\android\AOSP-openjdk\external\jetbrains\jdk\hotspot\src\share\vm\prims\jni.cpp, lýÄ‹¨2„@
Event: 5.879 Thread 0x0000000016e74000 Implicit null exception at 0x0000000003102622 to 0x000000000310271a

Events (10 events):
Event: 5.854 Thread 0x0000000016d7b000 DEOPT UNPACKING pc=0x0000000002d5556a sp=0x000000001760ebd8 mode 2
Event: 5.854 Thread 0x0000000016d7b000 Uncommon trap: trap_request=0xffffff65 fr.pc=0x0000000003100ca8
Event: 5.854 Thread 0x0000000016d7b000 DEOPT PACKING pc=0x0000000003100ca8 sp=0x000000001760ec40
Event: 5.854 Thread 0x0000000016d7b000 DEOPT UNPACKING pc=0x0000000002d5556a sp=0x000000001760eb60 mode 2
Event: 5.872 Thread 0x0000000016e74000 Uncommon trap: trap_request=0xffffffc6 fr.pc=0x0000000003084728
Event: 5.872 Thread 0x0000000016e74000 DEOPT PACKING pc=0x0000000003084728 sp=0x000000001780e960
Event: 5.872 Thread 0x0000000016e74000 DEOPT UNPACKING pc=0x0000000002d5556a sp=0x000000001780e8e0 mode 2
Event: 5.879 Thread 0x0000000016e74000 Uncommon trap: trap_request=0xfffffff4 fr.pc=0x0000000003102728
Event: 5.879 Thread 0x0000000016e74000 DEOPT PACKING pc=0x0000000003102728 sp=0x000000001780e5e0
Event: 5.879 Thread 0x0000000016e74000 DEOPT UNPACKING pc=0x0000000002d5556a sp=0x000000001780e568 mode 2


Dynamic libraries:
0x00007ff746610000 - 0x00007ff746641000 	C:\Program Files\Android\Android Studio\jre\bin\java.exe
0x00007ffea37f0000 - 0x00007ffea39b1000 	C:\WINDOWS\SYSTEM32\ntdll.dll
0x00007ffea2a40000 - 0x00007ffea2aed000 	C:\WINDOWS\system32\KERNEL32.DLL
0x00007ffea07e0000 - 0x00007ffea09c8000 	C:\WINDOWS\system32\KERNELBASE.dll
0x00007ffe9e600000 - 0x00007ffe9e679000 	C:\WINDOWS\system32\apphelp.dll
0x00007ffea2af0000 - 0x00007ffea2b97000 	C:\WINDOWS\system32\ADVAPI32.dll
0x00007ffea0bf0000 - 0x00007ffea0c8d000 	C:\WINDOWS\system32\msvcrt.dll
0x00007ffea0da0000 - 0x00007ffea0dfb000 	C:\WINDOWS\system32\sechost.dll
0x00007ffea2d00000 - 0x00007ffea2e1c000 	C:\WINDOWS\system32\RPCRT4.dll
0x00007ffea2ba0000 - 0x00007ffea2cf6000 	C:\WINDOWS\system32\USER32.dll
0x00007ffea3660000 - 0x00007ffea37e6000 	C:\WINDOWS\system32\GDI32.dll
0x00007ffe97940000 - 0x00007ffe97bb4000 	C:\WINDOWS\WinSxS\amd64_microsoft.windows.common-controls_6595b64144ccf1df_6.0.10586.589_none_a2ddb3caa539acce\COMCTL32.dll
0x00007ffea0f90000 - 0x00007ffea120d000 	C:\WINDOWS\system32\combase.dll
0x00007ffea0ac0000 - 0x00007ffea0b2a000 	C:\WINDOWS\system32\bcryptPrimitives.dll
0x00007ffea2940000 - 0x00007ffea297b000 	C:\WINDOWS\system32\IMM32.DLL
0x000000006a220000 - 0x000000006a2f2000 	C:\Program Files\Android\Android Studio\jre\jre\bin\msvcr100.dll
0x000000006a3e0000 - 0x000000006ac14000 	C:\Program Files\Android\Android Studio\jre\jre\bin\server\jvm.dll
0x00007ffea3210000 - 0x00007ffea3218000 	C:\WINDOWS\system32\PSAPI.DLL
0x00007ffe94a10000 - 0x00007ffe94a19000 	C:\WINDOWS\SYSTEM32\WSOCK32.dll
0x00007ffea0e60000 - 0x00007ffea0ecb000 	C:\WINDOWS\system32\WS2_32.dll
0x00007ffe9e380000 - 0x00007ffe9e3a3000 	C:\WINDOWS\SYSTEM32\WINMM.dll
0x00007ffe93e30000 - 0x00007ffe93e3a000 	C:\WINDOWS\SYSTEM32\VERSION.dll
0x00007ffe9e350000 - 0x00007ffe9e37c000 	C:\WINDOWS\SYSTEM32\WINMMBASE.dll
0x00007ffe9ff50000 - 0x00007ffe9ff93000 	C:\WINDOWS\system32\cfgmgr32.dll
0x00007ffe98290000 - 0x00007ffe9829f000 	C:\Program Files\Android\Android Studio\jre\jre\bin\verify.dll
0x00007ffe946f0000 - 0x00007ffe94719000 	C:\Program Files\Android\Android Studio\jre\jre\bin\java.dll
0x00007ffe98210000 - 0x00007ffe98226000 	C:\Program Files\Android\Android Studio\jre\jre\bin\zip.dll
0x00007ffea1370000 - 0x00007ffea28cc000 	C:\WINDOWS\system32\SHELL32.dll
0x00007ffe9ffa0000 - 0x00007ffea05e5000 	C:\WINDOWS\system32\windows.storage.dll
0x00007ffea0e00000 - 0x00007ffea0e52000 	C:\WINDOWS\system32\shlwapi.dll
0x00007ffe9fe90000 - 0x00007ffe9fe9f000 	C:\WINDOWS\system32\kernel.appcore.dll
0x00007ffea0b30000 - 0x00007ffea0be5000 	C:\WINDOWS\system32\shcore.dll
0x00007ffe9fe10000 - 0x00007ffe9fe5b000 	C:\WINDOWS\system32\powrprof.dll
0x00007ffe9fe70000 - 0x00007ffe9fe84000 	C:\WINDOWS\system32\profapi.dll

VM Arguments:
jvm_args: -Djava.awt.headless=true -Xmx1024M -Dfile.encoding=windows-1252 -Duser.country=US -Duser.language=en -Duser.variant 
java_command: com.android.dx.command.Main --dex --force-jumbo --num-threads=4 --multi-dex --output C:\Users\Mohamed-A.Radwan\AndroidStudioProjects\MyApplication\app\build\intermediates\transforms\dex\debug\folders\1000\10\com.android.support-support-vector-drawable-23.3.0_5909907dc3a3270bfe54c164faef5f89b2e01636 C:\Users\Mohamed-A.Radwan\AndroidStudioProjects\MyApplication\app\build\intermediates\exploded-aar\com.android.support\support-vector-drawable\23.3.0\jars\classes.jar
java_class_path (initial): C:\Android\sdk\build-tools\23.0.3\lib\dx.jar
Launcher Type: SUN_STANDARD

Environment Variables:
PATH=C:\WINDOWS\system32;C:\WINDOWS;C:\WINDOWS\System32\Wbem;C:\WINDOWS\System32\WindowsPowerShell\v1.0\;C:\Program Files (x86)\AMD\ATI.ACE\Core-Static;C:\Program Files (x86)\Brackets\command;C:\Program Files (x86)\NVIDIA Corporation\PhysX\Common;C:\Program Files (x86)\Windows Kits\10\Windows Performance Toolkit\
USERNAME=Mohamed-A.Radwan
OS=Windows_NT
PROCESSOR_IDENTIFIER=Intel64 Family 6 Model 69 Stepping 1, GenuineIntel



---------------  S Y S T E M  ---------------

OS: Windows 10.0 , 64 bit Build 10586 (10.0.10586.589)

CPU:total 4 (2 cores per cpu, 2 threads per core) family 6 model 69 stepping 1, cmov, cx8, fxsr, mmx, sse, sse2, sse3, ssse3, sse4.1, sse4.2, popcnt, avx, avx2, aes, clmul, erms, lzcnt, ht, tsc, tscinvbit, bmi1, bmi2

Memory: 4k page, physical 8274284k(1335944k free), swap 13989228k(3132k free)

vm_info: OpenJDK 64-Bit Server VM (25.76-b03) for windows-amd64 JRE (1.8.0_76-release-b03), built on Jun 29 2016 19:09:20 by "ralucas" with MS VC++ 10.0 (VS2010)

time: Wed Sep 21 01:30:22 2016
elapsed time: 5 seconds (0d 0h 0m 5s)

