#
# There is insufficient memory for the Java Runtime Environment to continue.
# Native memory allocation (malloc) failed to allocate 515216 bytes for Chunk::new
# Possible reasons:
#   The system is out of physical RAM or swap space
#   In 32 bit mode, the process size limit was hit
# Possible solutions:
#   Reduce memory load on the system
#   Increase physical memory or swap space
#   Check if swap backing store is full
#   Use 64 bit Java on a 64 bit OS
#   Decrease Java heap size (-Xmx/-Xms)
#   Decrease number of Java threads
#   Decrease Java thread stack sizes (-Xss)
#   Set larger code cache with -XX:ReservedCodeCacheSize=
# This output file may be truncated or incomplete.
#
#  Out of Memory Error (allocation.cpp:390), pid=2064, tid=0x00000000000016b4
#
# JRE version: OpenJDK Runtime Environment (8.0_76-b03) (build 1.8.0_76-release-b03)
# Java VM: OpenJDK 64-Bit Server VM (25.76-b03 mixed mode windows-amd64 compressed oops)
# Failed to write core dump. Minidumps are not enabled by default on client versions of Windows
#

---------------  T H R E A D  ---------------

Current thread (0x0000000015439800):  JavaThread "C2 CompilerThread1" daemon [_thread_in_native, id=5812, stack(0x0000000016aa0000,0x0000000016ba0000)]

Stack: [0x0000000016aa0000,0x0000000016ba0000]
[error occurred during error reporting (printing stack bounds), id 0xc0000005]

Native frames: (J=compiled Java code, j=interpreted, Vv=VM code, C=native code)


Current CompileTask:
C2:   3551 1142   !   4       com.android.dx.cf.code.BytecodeArray::parseInstruction (2764 bytes)


---------------  P R O C E S S  ---------------

Java Threads: ( => current thread )
  0x0000000016fe2000 JavaThread "pool-2-thread-4" [_thread_blocked, id=4560, stack(0x00000000176a0000,0x00000000177a0000)]
  0x0000000016fe0800 JavaThread "pool-2-thread-3" [_thread_blocked, id=7912, stack(0x00000000175a0000,0x00000000176a0000)]
  0x0000000016fdd800 JavaThread "pool-2-thread-2" [_thread_blocked, id=10044, stack(0x00000000174a0000,0x00000000175a0000)]
  0x0000000016f01000 JavaThread "pool-3-thread-1" [_thread_blocked, id=3172, stack(0x00000000173a0000,0x00000000174a0000)]
  0x0000000016f00000 JavaThread "pool-2-thread-1" [_thread_blocked, id=6512, stack(0x00000000172a0000,0x00000000173a0000)]
  0x0000000016cbb800 JavaThread "Service Thread" daemon [_thread_blocked, id=7244, stack(0x00000000170a0000,0x00000000171a0000)]
  0x000000001548a800 JavaThread "C1 CompilerThread2" daemon [_thread_blocked, id=3848, stack(0x0000000016ba0000,0x0000000016ca0000)]
=>0x0000000015439800 JavaThread "C2 CompilerThread1" daemon [_thread_in_native, id=5812, stack(0x0000000016aa0000,0x0000000016ba0000)]
  0x0000000015436800 JavaThread "C2 CompilerThread0" daemon [_thread_blocked, id=384, stack(0x00000000169a0000,0x0000000016aa0000)]
  0x0000000015435000 JavaThread "Attach Listener" daemon [_thread_blocked, id=7336, stack(0x00000000168a0000,0x00000000169a0000)]
  0x0000000015434000 JavaThread "Signal Dispatcher" daemon [_thread_blocked, id=7928, stack(0x00000000167a0000,0x00000000168a0000)]
  0x0000000015418800 JavaThread "Finalizer" daemon [_thread_blocked, id=6308, stack(0x00000000166a0000,0x00000000167a0000)]
  0x0000000002d50000 JavaThread "Reference Handler" daemon [_thread_blocked, id=5444, stack(0x00000000165a0000,0x00000000166a0000)]
  0x0000000002c61000 JavaThread "main" [_thread_blocked, id=8448, stack(0x0000000002b60000,0x0000000002c60000)]

Other Threads:
  0x00000000153f5800 VMThread [stack: 0x00000000164a0000,0x00000000165a0000] [id=9332]
  0x0000000016cbc800 WatcherThread [stack: 0x00000000171a0000,0x00000000172a0000] [id=11992]

VM state:at safepoint (normal execution)

VM Mutex/Monitor currently owned by a thread:  ([mutex/lock_event])
[0x0000000002b5c170] Threads_lock - owner thread: 0x00000000153f5800
[0x0000000002b5bc70] Heap_lock - owner thread: 0x0000000016fdd800

Heap:
 PSYoungGen      total 38400K, used 33280K [0x00000000eab00000, 0x00000000ed580000, 0x0000000100000000)
  eden space 33280K, 100% used [0x00000000eab00000,0x00000000ecb80000,0x00000000ecb80000)
  from space 5120K, 0% used [0x00000000ed080000,0x00000000ed080000,0x00000000ed580000)
  to   space 5120K, 90% used [0x00000000ecb80000,0x00000000ed003a00,0x00000000ed080000)
 ParOldGen       total 87552K, used 16K [0x00000000c0000000, 0x00000000c5580000, 0x00000000eab00000)
  object space 87552K, 0% used [0x00000000c0000000,0x00000000c0004000,0x00000000c5580000)
 Metaspace       used 5929K, capacity 6896K, committed 7040K, reserved 1056768K
  class space    used 574K, capacity 616K, committed 640K, reserved 1048576K

Card table byte_map: [0x0000000012120000,0x0000000012330000] byte_map_base: 0x0000000011b20000

Marking Bits: (ParMarkBitMap*) 0x000000006ab99d00
 Begin Bits: [0x0000000012890000, 0x0000000013890000)
 End Bits:   [0x0000000013890000, 0x0000000014890000)

Polling page: 0x0000000000d40000

CodeCache: size=245760Kb used=4958Kb max_used=4958Kb free=240801Kb
 bounds [0x0000000002d60000, 0x0000000003240000, 0x0000000011d60000]
 total_blobs=1493 nmethods=1227 adapters=180
 compilation: enabled

Compilation events (10 events):
Event: 3.532 Thread 0x000000001548a800 nmethod 1230 0x000000000323a010 code [0x000000000323a1a0, 0x000000000323a578]
Event: 3.532 Thread 0x000000001548a800 1227       3       com.android.dx.dex.file.EncodedMember::<init> (10 bytes)
Event: 3.532 Thread 0x000000001548a800 nmethod 1227 0x000000000323a6d0 code [0x000000000323a820, 0x000000000323a9d0]
Event: 3.533 Thread 0x000000001548a800 1231       3       com.android.dx.cf.code.BytecodeArray::processWorkSet (50 bytes)
Event: 3.533 Thread 0x000000001548a800 nmethod 1231 0x000000000323aa90 code [0x000000000323ac40, 0x000000000323b1b8]
Event: 3.533 Thread 0x000000001548a800 1232       3       com.android.dx.cf.code.ByteCatchList::get (9 bytes)
Event: 3.534 Thread 0x000000001548a800 nmethod 1232 0x000000000323b450 code [0x000000000323b5c0, 0x000000000323b8a8]
Event: 3.534 Thread 0x000000001548a800 1234       3       com.android.dx.rop.code.Insn::canThrow (8 bytes)
Event: 3.534 Thread 0x000000001548a800 nmethod 1234 0x000000000323b950 code [0x000000000323bac0, 0x000000000323be28]
Event: 3.534 Thread 0x000000001548a800 1233       3       com.android.dx.ssa.NormalSsaInsn::canThrow (8 bytes)

GC Heap History (1 events):
Event: 3.537 GC heap before
{Heap before GC invocations=1 (full 0):
 PSYoungGen      total 38400K, used 33280K [0x00000000eab00000, 0x00000000ed580000, 0x0000000100000000)
  eden space 33280K, 100% used [0x00000000eab00000,0x00000000ecb80000,0x00000000ecb80000)
  from space 5120K, 0% used [0x00000000ed080000,0x00000000ed080000,0x00000000ed580000)
  to   space 5120K, 0% used [0x00000000ecb80000,0x00000000ecb80000,0x00000000ed080000)
 ParOldGen       total 87552K, used 0K [0x00000000c0000000, 0x00000000c5580000, 0x00000000eab00000)
  object space 87552K, 0% used [0x00000000c0000000,0x00000000c0000000,0x00000000c5580000)
 Metaspace       used 5929K, capacity 6896K, committed 7040K, reserved 1056768K
  class space    used 574K, capacity 616K, committed 640K, reserved 1048576K

Deoptimization events (4 events):
Event: 0.564 Thread 0x0000000002c61000 Uncommon trap: reason=unstable_if action=reinterpret pc=0x0000000002eb1358 method=java.lang.String.indexOf(II)I @ 49
Event: 1.734 Thread 0x0000000002c61000 Uncommon trap: reason=unstable_if action=reinterpret pc=0x0000000002f804a4 method=java.util.HashMap.getNode(ILjava/lang/Object;)Ljava/util/HashMap$Node; @ 129
Event: 1.781 Thread 0x0000000002c61000 Uncommon trap: reason=unstable_if action=reinterpret pc=0x0000000002f14390 method=java.lang.String.<init>([CII)V @ 18
Event: 3.442 Thread 0x0000000016fe0800 Uncommon trap: reason=null_check action=make_not_entrant pc=0x000000000309f568 method=com.android.dx.rop.type.Type.equals(Ljava/lang/Object;)Z @ 8

Internal exceptions (3 events):
Event: 0.045 Thread 0x0000000002c61000 Exception <a 'java/lang/NoSuchMethodError': Method sun.misc.Unsafe.defineClass(Ljava/lang/String;[BII)Ljava/lang/Class; name or signature does not match> (0x00000000eab07cc0) thrown at [C:\src\android\AOSP-openjdk\external\jetbrains\jdk\hotspot\src\share\vÀ]ø2[P§?
Event: 0.046 Thread 0x0000000002c61000 Exception <a 'java/lang/NoSuchMethodError': Method sun.misc.Unsafe.prefetchRead(Ljava/lang/Object;J)V name or signature does not match> (0x00000000eab07fa8) thrown at [C:\src\android\AOSP-openjdk\external\jetbrains\jdk\hotspot\src\share\vm\prims\jni.cpp, lÊ·ð:ˆ@
Event: 3.442 Thread 0x0000000016fe0800 Implicit null exception at 0x000000000309f462 to 0x000000000309f55a

Events (10 events):
Event: 2.339 loading class java/util/TreeMap$EntryIterator
Event: 2.339 loading class java/util/TreeMap$EntryIterator done
Event: 2.339 Executing VM operation: Deoptimize
Event: 2.902 Executing VM operation: Deoptimize done
Event: 3.440 loading class com/android/dx/cf/code/BytecodeArray$ConstantParserVisitor
Event: 3.440 loading class com/android/dx/cf/code/BytecodeArray$ConstantParserVisitor done
Event: 3.442 Thread 0x0000000016fe0800 Uncommon trap: trap_request=0xfffffff4 fr.pc=0x000000000309f568
Event: 3.442 Thread 0x0000000016fe0800 DEOPT PACKING pc=0x000000000309f568 sp=0x000000001769e500
Event: 3.442 Thread 0x0000000016fe0800 DEOPT UNPACKING pc=0x0000000002da556a sp=0x000000001769e488 mode 2
Event: 3.534 Executing VM operation: ParallelGCFailedAllocation


Dynamic libraries:
0x00007ff746610000 - 0x00007ff746641000 	C:\Program Files\Android\Android Studio\jre\bin\java.exe
0x00007ffea37f0000 - 0x00007ffea39b1000 	C:\WINDOWS\SYSTEM32\ntdll.dll
0x00007ffea2a40000 - 0x00007ffea2aed000 	C:\WINDOWS\system32\KERNEL32.DLL
0x00007ffea07e0000 - 0x00007ffea09c8000 	C:\WINDOWS\system32\KERNELBASE.dll
0x00007ffe9e600000 - 0x00007ffe9e679000 	C:\WINDOWS\system32\apphelp.dll
0x00007ffea2af0000 - 0x00007ffea2b97000 	C:\WINDOWS\system32\ADVAPI32.dll
0x00007ffea0bf0000 - 0x00007ffea0c8d000 	C:\WINDOWS\system32\msvcrt.dll
0x00007ffea0da0000 - 0x00007ffea0dfb000 	C:\WINDOWS\system32\sechost.dll
0x00007ffea2d00000 - 0x00007ffea2e1c000 	C:\WINDOWS\system32\RPCRT4.dll
0x00007ffea2ba0000 - 0x00007ffea2cf6000 	C:\WINDOWS\system32\USER32.dll
0x00007ffea3660000 - 0x00007ffea37e6000 	C:\WINDOWS\system32\GDI32.dll
0x00007ffe97940000 - 0x00007ffe97bb4000 	C:\WINDOWS\WinSxS\amd64_microsoft.windows.common-controls_6595b64144ccf1df_6.0.10586.589_none_a2ddb3caa539acce\COMCTL32.dll
0x00007ffea0f90000 - 0x00007ffea120d000 	C:\WINDOWS\system32\combase.dll
0x00007ffea0ac0000 - 0x00007ffea0b2a000 	C:\WINDOWS\system32\bcryptPrimitives.dll
0x00007ffea2940000 - 0x00007ffea297b000 	C:\WINDOWS\system32\IMM32.DLL
0x000000006a220000 - 0x000000006a2f2000 	C:\Program Files\Android\Android Studio\jre\jre\bin\msvcr100.dll
0x000000006a3e0000 - 0x000000006ac14000 	C:\Program Files\Android\Android Studio\jre\jre\bin\server\jvm.dll
0x00007ffea3210000 - 0x00007ffea3218000 	C:\WINDOWS\system32\PSAPI.DLL
0x00007ffe94a10000 - 0x00007ffe94a19000 	C:\WINDOWS\SYSTEM32\WSOCK32.dll
0x00007ffea0e60000 - 0x00007ffea0ecb000 	C:\WINDOWS\system32\WS2_32.dll
0x00007ffe9e380000 - 0x00007ffe9e3a3000 	C:\WINDOWS\SYSTEM32\WINMM.dll
0x00007ffe93e30000 - 0x00007ffe93e3a000 	C:\WINDOWS\SYSTEM32\VERSION.dll
0x00007ffe9e350000 - 0x00007ffe9e37c000 	C:\WINDOWS\SYSTEM32\WINMMBASE.dll
0x00007ffe9ff50000 - 0x00007ffe9ff93000 	C:\WINDOWS\system32\cfgmgr32.dll
0x00007ffe98290000 - 0x00007ffe9829f000 	C:\Program Files\Android\Android Studio\jre\jre\bin\verify.dll
0x00007ffe946f0000 - 0x00007ffe94719000 	C:\Program Files\Android\Android Studio\jre\jre\bin\java.dll
0x00007ffe98210000 - 0x00007ffe98226000 	C:\Program Files\Android\Android Studio\jre\jre\bin\zip.dll
0x00007ffea1370000 - 0x00007ffea28cc000 	C:\WINDOWS\system32\SHELL32.dll
0x00007ffe9ffa0000 - 0x00007ffea05e5000 	C:\WINDOWS\system32\windows.storage.dll
0x00007ffea0e00000 - 0x00007ffea0e52000 	C:\WINDOWS\system32\shlwapi.dll
0x00007ffe9fe90000 - 0x00007ffe9fe9f000 	C:\WINDOWS\system32\kernel.appcore.dll
0x00007ffea0b30000 - 0x00007ffea0be5000 	C:\WINDOWS\system32\shcore.dll
0x00007ffe9fe10000 - 0x00007ffe9fe5b000 	C:\WINDOWS\system32\powrprof.dll
0x00007ffe9fe70000 - 0x00007ffe9fe84000 	C:\WINDOWS\system32\profapi.dll

VM Arguments:
jvm_args: -Djava.awt.headless=true -Xmx1024M -Dfile.encoding=windows-1252 -Duser.country=US -Duser.language=en -Duser.variant 
java_command: com.android.dx.command.Main --dex --force-jumbo --num-threads=4 --multi-dex --output C:\Users\Mohamed-A.Radwan\AndroidStudioProjects\MyApplication\app\build\intermediates\transforms\dex\debug\folders\1000\10\com.facebook.android-facebook-android-sdk-4.2.0_7483d124f72d4af47e53ce1c3837e1517a9677b6 C:\Users\Mohamed-A.Radwan\AndroidStudioProjects\MyApplication\app\build\intermediates\exploded-aar\com.facebook.android\facebook-android-sdk\4.2.0\jars\classes.jar
java_class_path (initial): C:\Android\sdk\build-tools\23.0.3\lib\dx.jar
Launcher Type: SUN_STANDARD

Environment Variables:
PATH=C:\WINDOWS\system32;C:\WINDOWS;C:\WINDOWS\System32\Wbem;C:\WINDOWS\System32\WindowsPowerShell\v1.0\;C:\Program Files (x86)\AMD\ATI.ACE\Core-Static;C:\Program Files (x86)\Brackets\command;C:\Program Files (x86)\NVIDIA Corporation\PhysX\Common;C:\Program Files (x86)\Windows Kits\10\Windows Performance Toolkit\
USERNAME=Mohamed-A.Radwan
OS=Windows_NT
PROCESSOR_IDENTIFIER=Intel64 Family 6 Model 69 Stepping 1, GenuineIntel



---------------  S Y S T E M  ---------------

OS: Windows 10.0 , 64 bit Build 10586 (10.0.10586.589)

CPU:total 4 (2 cores per cpu, 2 threads per core) family 6 model 69 stepping 1, cmov, cx8, fxsr, mmx, sse, sse2, sse3, ssse3, sse4.1, sse4.2, popcnt, avx, avx2, aes, clmul, erms, lzcnt, ht, tsc, tscinvbit, bmi1, bmi2

Memory: 4k page, physical 8274284k(1228932k free), swap 13989228k(5124k free)

vm_info: OpenJDK 64-Bit Server VM (25.76-b03) for windows-amd64 JRE (1.8.0_76-release-b03), built on Jun 29 2016 19:09:20 by "ralucas" with MS VC++ 10.0 (VS2010)

time: Wed Sep 21 01:25:01 2016
elapsed time: 3 seconds (0d 0h 0m 3s)

