#
# There is insufficient memory for the Java Runtime Environment to continue.
# Native memory allocation (malloc) failed to allocate 1011856 bytes for Chunk::new
# Possible reasons:
#   The system is out of physical RAM or swap space
#   In 32 bit mode, the process size limit was hit
# Possible solutions:
#   Reduce memory load on the system
#   Increase physical memory or swap space
#   Check if swap backing store is full
#   Use 64 bit Java on a 64 bit OS
#   Decrease Java heap size (-Xmx/-Xms)
#   Decrease number of Java threads
#   Decrease Java thread stack sizes (-Xss)
#   Set larger code cache with -XX:ReservedCodeCacheSize=
# This output file may be truncated or incomplete.
#
#  Out of Memory Error (allocation.cpp:390), pid=8828, tid=0x0000000000002450
#
# JRE version: OpenJDK Runtime Environment (8.0_76-b03) (build 1.8.0_76-release-b03)
# Java VM: OpenJDK 64-Bit Server VM (25.76-b03 mixed mode windows-amd64 compressed oops)
# Failed to write core dump. Minidumps are not enabled by default on client versions of Windows
#

---------------  T H R E A D  ---------------

Current thread (0x0000000014f47800):  JavaThread "C2 CompilerThread1" daemon [_thread_in_native, id=9296, stack(0x0000000016660000,0x0000000016760000)]

Stack: [0x0000000016660000,0x0000000016760000]
[error occurred during error reporting (printing stack bounds), id 0xc0000005]

Native frames: (J=compiled Java code, j=interpreted, Vv=VM code, C=native code)


Current CompileTask:
C2:   4177 1285       4       com.android.dx.rop.code.Rops::ropFor (771 bytes)


---------------  P R O C E S S  ---------------

Java Threads: ( => current thread )
  0x0000000016af8000 JavaThread "pool-2-thread-4" [_thread_blocked, id=6728, stack(0x0000000017260000,0x0000000017360000)]
  0x0000000016af6800 JavaThread "pool-2-thread-3" [_thread_blocked, id=10076, stack(0x0000000017160000,0x0000000017260000)]
  0x0000000016ac9000 JavaThread "pool-2-thread-2" [_thread_blocked, id=7756, stack(0x0000000017060000,0x0000000017160000)]
  0x0000000016abe000 JavaThread "pool-3-thread-1" [_thread_blocked, id=2408, stack(0x0000000016f60000,0x0000000017060000)]
  0x0000000016aba800 JavaThread "pool-2-thread-1" [_thread_blocked, id=1004, stack(0x0000000016e60000,0x0000000016f60000)]
  0x0000000016863800 JavaThread "Service Thread" daemon [_thread_blocked, id=5028, stack(0x0000000016c60000,0x0000000016d60000)]
  0x0000000014f4c800 JavaThread "C1 CompilerThread2" daemon [_thread_blocked, id=2804, stack(0x0000000016760000,0x0000000016860000)]
=>0x0000000014f47800 JavaThread "C2 CompilerThread1" daemon [_thread_in_native, id=9296, stack(0x0000000016660000,0x0000000016760000)]
  0x0000000014ef6800 JavaThread "C2 CompilerThread0" daemon [_thread_in_native, id=1296, stack(0x0000000016560000,0x0000000016660000)]
  0x0000000014ef5000 JavaThread "Attach Listener" daemon [_thread_blocked, id=6964, stack(0x0000000016460000,0x0000000016560000)]
  0x0000000014ef4000 JavaThread "Signal Dispatcher" daemon [_thread_blocked, id=1564, stack(0x0000000016360000,0x0000000016460000)]
  0x0000000014ed8800 JavaThread "Finalizer" daemon [_thread_blocked, id=7188, stack(0x0000000016170000,0x0000000016270000)]
  0x0000000002810000 JavaThread "Reference Handler" daemon [_thread_blocked, id=6748, stack(0x0000000016070000,0x0000000016170000)]
  0x0000000002721000 JavaThread "main" [_thread_blocked, id=6528, stack(0x0000000002520000,0x0000000002620000)]

Other Threads:
  0x0000000014eb5800 VMThread [stack: 0x0000000015f70000,0x0000000016070000] [id=444]
  0x0000000016864800 WatcherThread [stack: 0x0000000016d60000,0x0000000016e60000] [id=8948]

VM state:not at safepoint (normal execution)

VM Mutex/Monitor currently owned by a thread: None

Heap:
 PSYoungGen      total 38400K, used 22117K [0x00000000eab00000, 0x00000000ef600000, 0x0000000100000000)
  eden space 33280K, 51% used [0x00000000eab00000,0x00000000ebb9b428,0x00000000ecb80000)
  from space 5120K, 99% used [0x00000000ecb80000,0x00000000ed07e0c8,0x00000000ed080000)
  to   space 5120K, 0% used [0x00000000ef100000,0x00000000ef100000,0x00000000ef600000)
 ParOldGen       total 87552K, used 1193K [0x00000000c0000000, 0x00000000c5580000, 0x00000000eab00000)
  object space 87552K, 1% used [0x00000000c0000000,0x00000000c012a510,0x00000000c5580000)
 Metaspace       used 5903K, capacity 7024K, committed 7296K, reserved 1056768K
  class space    used 564K, capacity 616K, committed 640K, reserved 1048576K

Card table byte_map: [0x0000000011be0000,0x0000000011df0000] byte_map_base: 0x00000000115e0000

Marking Bits: (ParMarkBitMap*) 0x0000000069d29d00
 Begin Bits: [0x0000000012350000, 0x0000000013350000)
 End Bits:   [0x0000000013350000, 0x0000000014350000)

Polling page: 0x0000000000a80000

CodeCache: size=245760Kb used=5651Kb max_used=5669Kb free=240108Kb
 bounds [0x0000000002820000, 0x0000000002dc0000, 0x0000000011820000]
 total_blobs=1607 nmethods=1345 adapters=176
 compilation: enabled

Compilation events (10 events):
Event: 4.023 Thread 0x0000000014ef6800 nmethod 1283 0x0000000002d9d650 code [0x0000000002d9dd00, 0x0000000002da3c20]
Event: 4.023 Thread 0x0000000014ef6800 1336 %     4       com.android.dx.rop.code.RegisterSpecSet::mutableCopy @ 17 (57 bytes)
Event: 4.032 Thread 0x0000000014ef6800 nmethod 1336% 0x0000000002d99850 code [0x0000000002d999e0, 0x0000000002d99f18]
Event: 4.032 Thread 0x0000000014ef6800 1319 %     4       com.android.dx.cf.code.Ropper::labelToResultIndex @ 10 (47 bytes)
Event: 4.038 Thread 0x0000000014ef6800 nmethod 1319% 0x0000000002d9cf50 code [0x0000000002d9d0c0, 0x0000000002d9d3f8]
Event: 4.038 Thread 0x0000000014ef6800 1295   !   4       com.android.dx.rop.code.RegisterSpecSet::put (104 bytes)
Event: 4.042 Thread 0x0000000014ef6800 nmethod 1295 0x0000000002d9b290 code [0x0000000002d9b400, 0x0000000002d9b6d8]
Event: 4.043 Thread 0x0000000014ef6800 1298 %     4       com.android.dx.ssa.SsaMethod::deleteInsns @ 8 (239 bytes)
Event: 4.114 Thread 0x0000000014ef6800 nmethod 1298% 0x0000000002daecd0 code [0x0000000002daef00, 0x0000000002db0808]
Event: 4.114 Thread 0x0000000014ef6800 1291       4       com.android.dx.ssa.SsaBasicBlock::newFromRop (183 bytes)

GC Heap History (2 events):
Event: 3.275 GC heap before
{Heap before GC invocations=1 (full 0):
 PSYoungGen      total 38400K, used 33280K [0x00000000eab00000, 0x00000000ed580000, 0x0000000100000000)
  eden space 33280K, 100% used [0x00000000eab00000,0x00000000ecb80000,0x00000000ecb80000)
  from space 5120K, 0% used [0x00000000ed080000,0x00000000ed080000,0x00000000ed580000)
  to   space 5120K, 0% used [0x00000000ecb80000,0x00000000ecb80000,0x00000000ed080000)
 ParOldGen       total 87552K, used 0K [0x00000000c0000000, 0x00000000c5580000, 0x00000000eab00000)
  object space 87552K, 0% used [0x00000000c0000000,0x00000000c0000000,0x00000000c5580000)
 Metaspace       used 5798K, capacity 6896K, committed 7040K, reserved 1056768K
  class space    used 562K, capacity 616K, committed 640K, reserved 1048576K
Event: 3.315 GC heap after
Heap after GC invocations=1 (full 0):
 PSYoungGen      total 38400K, used 5112K [0x00000000eab00000, 0x00000000ef600000, 0x0000000100000000)
  eden space 33280K, 0% used [0x00000000eab00000,0x00000000eab00000,0x00000000ecb80000)
  from space 5120K, 99% used [0x00000000ecb80000,0x00000000ed07e0c8,0x00000000ed080000)
  to   space 5120K, 0% used [0x00000000ef100000,0x00000000ef100000,0x00000000ef600000)
 ParOldGen       total 87552K, used 1193K [0x00000000c0000000, 0x00000000c5580000, 0x00000000eab00000)
  object space 87552K, 1% used [0x00000000c0000000,0x00000000c012a510,0x00000000c5580000)
 Metaspace       used 5798K, capacity 6896K, committed 7040K, reserved 1056768K
  class space    used 562K, capacity 616K, committed 640K, reserved 1048576K
}

Deoptimization events (10 events):
Event: 3.047 Thread 0x0000000016af6800 Uncommon trap: reason=class_check action=maybe_recompile pc=0x0000000002c446a0 method=com.android.dx.rop.type.Type.equals(Ljava/lang/Object;)Z @ 8
Event: 3.055 Thread 0x0000000016af6800 Uncommon trap: reason=null_check action=make_not_entrant pc=0x0000000002b2cfa4 method=com.android.dx.ssa.SsaRenamer.getLocalForNewReg(I)Lcom/android/dx/rop/code/LocalItem; @ 19
Event: 3.332 Thread 0x0000000002721000 Uncommon trap: reason=unstable_if action=reinterpret pc=0x0000000002ba006c method=com.android.dx.rop.code.RegisterSpecSet.put(Lcom/android/dx/rop/code/RegisterSpec;)V @ 77
Event: 3.332 Thread 0x0000000002721000 Uncommon trap: reason=unstable_if action=reinterpret pc=0x0000000002beaf28 method=com.android.dx.rop.code.RegisterSpecSet.put(Lcom/android/dx/rop/code/RegisterSpec;)V @ 77
Event: 3.356 Thread 0x0000000016af6800 Uncommon trap: reason=unstable_if action=reinterpret pc=0x0000000002b8425c method=com.android.dx.rop.cst.Constant.compareTo(Lcom/android/dx/rop/cst/Constant;)I @ 12
Event: 3.369 Thread 0x0000000016af8000 Uncommon trap: reason=uninitialized action=reinterpret pc=0x0000000002ce7df8 method=com.android.dx.cf.code.BytecodeArray.parseInstruction(ILcom/android/dx/cf/code/BytecodeArray$Visitor;)I @ 999
Event: 3.373 Thread 0x0000000016af8000 Uncommon trap: reason=bimorphic action=maybe_recompile pc=0x0000000002cd4fd4 method=java.util.HashMap.getNode(ILjava/lang/Object;)Ljava/util/HashMap$Node; @ 126
Event: 3.377 Thread 0x0000000016af8000 Uncommon trap: reason=bimorphic action=maybe_recompile pc=0x0000000002cd4fd4 method=java.util.HashMap.getNode(ILjava/lang/Object;)Ljava/util/HashMap$Node; @ 126
Event: 3.377 Thread 0x0000000016af8000 Uncommon trap: reason=bimorphic action=maybe_recompile pc=0x0000000002cd4fd4 method=java.util.HashMap.getNode(ILjava/lang/Object;)Ljava/util/HashMap$Node; @ 126
Event: 3.377 Thread 0x0000000016af8000 Uncommon trap: reason=bimorphic action=maybe_recompile pc=0x0000000002cd4fd4 method=java.util.HashMap.getNode(ILjava/lang/Object;)Ljava/util/HashMap$Node; @ 126

Internal exceptions (3 events):
Event: 0.945 Thread 0x0000000002721000 Exception <a 'java/lang/NoSuchMethodError': Method sun.misc.Unsafe.defineClass(Ljava/lang/String;[BII)Ljava/lang/Class; name or signature does not match> (0x00000000eab07cc0) thrown at [C:\src\android\AOSP-openjdk\external\jetbrains\jdk\hotspot\src\share\v;}ß=Ü<î?
Event: 0.945 Thread 0x0000000002721000 Exception <a 'java/lang/NoSuchMethodError': Method sun.misc.Unsafe.prefetchRead(Ljava/lang/Object;J)V name or signature does not match> (0x00000000eab07fa8) thrown at [C:\src\android\AOSP-openjdk\external\jetbrains\jdk\hotspot\src\share\vm\prims\jni.cpp, lšôa./q@
Event: 3.055 Thread 0x0000000016af6800 Implicit null exception at 0x0000000002b2a8f3 to 0x0000000002b2cf59

Events (10 events):
Event: 3.377 Thread 0x0000000016af8000 DEOPT UNPACKING pc=0x000000000286556a sp=0x000000001735eb10 mode 2
Event: 3.377 Thread 0x0000000016af8000 Uncommon trap: trap_request=0xffffffc6 fr.pc=0x0000000002cd4fd4
Event: 3.377 Thread 0x0000000016af8000 DEOPT PACKING pc=0x0000000002cd4fd4 sp=0x000000001735eb90
Event: 3.377 Thread 0x0000000016af8000 DEOPT UNPACKING pc=0x000000000286556a sp=0x000000001735eb10 mode 2
Event: 3.852 loading class com/android/dx/dex/file/ParameterAnnotationStruct
Event: 3.852 loading class com/android/dx/dex/file/ParameterAnnotationStruct done
Event: 3.853 loading class com/android/dx/dex/file/UniformListItem
Event: 3.853 loading class com/android/dx/dex/file/UniformListItem done
Event: 3.853 loading class com/android/dx/dex/file/AnnotationSetRefItem
Event: 3.853 loading class com/android/dx/dex/file/AnnotationSetRefItem done


Dynamic libraries:
0x00007ff624f80000 - 0x00007ff624fb1000 	C:\Program Files\Android\Android Studio\jre\bin\java.exe
0x00007ff8b0200000 - 0x00007ff8b03d1000 	C:\WINDOWS\SYSTEM32\ntdll.dll
0x00007ff8ade10000 - 0x00007ff8adebb000 	C:\WINDOWS\System32\KERNEL32.DLL
0x00007ff8ad160000 - 0x00007ff8ad37d000 	C:\WINDOWS\System32\KERNELBASE.dll
0x00007ff8aabc0000 - 0x00007ff8aac3a000 	C:\WINDOWS\system32\apphelp.dll
0x00007ff8adce0000 - 0x00007ff8add82000 	C:\WINDOWS\System32\ADVAPI32.dll
0x00007ff8afd10000 - 0x00007ff8afdae000 	C:\WINDOWS\System32\msvcrt.dll
0x00007ff8af440000 - 0x00007ff8af499000 	C:\WINDOWS\System32\sechost.dll
0x00007ff8afb90000 - 0x00007ff8afcb1000 	C:\WINDOWS\System32\RPCRT4.dll
0x00007ff8ad7a0000 - 0x00007ff8ad905000 	C:\WINDOWS\System32\USER32.dll
0x00007ff8ad770000 - 0x00007ff8ad78e000 	C:\WINDOWS\System32\win32u.dll
0x00007ff8afcd0000 - 0x00007ff8afd04000 	C:\WINDOWS\System32\GDI32.dll
0x00007ff8ad530000 - 0x00007ff8ad6b2000 	C:\WINDOWS\System32\gdi32full.dll
0x00007ff8a2cf0000 - 0x00007ff8a2f69000 	C:\WINDOWS\WinSxS\amd64_microsoft.windows.common-controls_6595b64144ccf1df_6.0.14393.0_none_2d0f50fcbdb171b8\COMCTL32.dll
0x00007ff8af6c0000 - 0x00007ff8af987000 	C:\WINDOWS\System32\combase.dll
0x00007ff8ad380000 - 0x00007ff8ad475000 	C:\WINDOWS\System32\ucrtbase.dll
0x00007ff8ace70000 - 0x00007ff8aceda000 	C:\WINDOWS\System32\bcryptPrimitives.dll
0x00007ff8ad9d0000 - 0x00007ff8ad9fe000 	C:\WINDOWS\System32\IMM32.DLL
0x00000000692c0000 - 0x0000000069392000 	C:\Program Files\Android\Android Studio\jre\jre\bin\msvcr100.dll
0x0000000069570000 - 0x0000000069da4000 	C:\Program Files\Android\Android Studio\jre\jre\bin\server\jvm.dll
0x00007ff8ad790000 - 0x00007ff8ad798000 	C:\WINDOWS\System32\PSAPI.DLL
0x00007ff8a2140000 - 0x00007ff8a2149000 	C:\WINDOWS\SYSTEM32\WSOCK32.dll
0x00007ff8adec0000 - 0x00007ff8adf2a000 	C:\WINDOWS\System32\WS2_32.dll
0x00007ff8aa2a0000 - 0x00007ff8aa2c3000 	C:\WINDOWS\SYSTEM32\WINMM.dll
0x00007ff8a2380000 - 0x00007ff8a238a000 	C:\WINDOWS\SYSTEM32\VERSION.dll
0x00007ff8aa240000 - 0x00007ff8aa26b000 	C:\WINDOWS\SYSTEM32\WINMMBASE.dll
0x00007ff8acee0000 - 0x00007ff8acf22000 	C:\WINDOWS\System32\cfgmgr32.dll
0x00007ff8aa380000 - 0x00007ff8aa38f000 	C:\Program Files\Android\Android Studio\jre\jre\bin\verify.dll
0x00007ff8aa0a0000 - 0x00007ff8aa0c9000 	C:\Program Files\Android\Android Studio\jre\jre\bin\java.dll
0x00007ff8a74b0000 - 0x00007ff8a74c6000 	C:\Program Files\Android\Android Studio\jre\jre\bin\zip.dll
0x00007ff8adf30000 - 0x00007ff8af438000 	C:\WINDOWS\System32\SHELL32.dll
0x00007ff8ac790000 - 0x00007ff8ace6a000 	C:\WINDOWS\System32\windows.storage.dll
0x00007ff8ac740000 - 0x00007ff8ac78c000 	C:\WINDOWS\System32\powrprof.dll
0x00007ff8af990000 - 0x00007ff8af9e2000 	C:\WINDOWS\System32\shlwapi.dll
0x00007ff8ac730000 - 0x00007ff8ac73f000 	C:\WINDOWS\System32\kernel.appcore.dll
0x00007ff8ad6c0000 - 0x00007ff8ad769000 	C:\WINDOWS\System32\shcore.dll
0x00007ff8ac700000 - 0x00007ff8ac714000 	C:\WINDOWS\System32\profapi.dll

VM Arguments:
jvm_args: -Djava.awt.headless=true -Xmx1024M -Dfile.encoding=windows-1252 -Duser.country=US -Duser.language=en -Duser.variant 
java_command: com.android.dx.command.Main --dex --force-jumbo --num-threads=4 --multi-dex --output C:\Users\Mohamed-A.Radwan\OneDrive\MyApplication\app\build\intermediates\transforms\dex\debug\folders\1000\10\com.android.support-recyclerview-v7-24.2.1_63b6f74c9abf4b57b28d1f0e2dbe73fae9bc3984 C:\Users\Mohamed-A.Radwan\OneDrive\MyApplication\app\build\intermediates\exploded-aar\com.android.support\recyclerview-v7\24.2.1\jars\classes.jar
java_class_path (initial): C:\Android\sdk\build-tools\23.0.3\lib\dx.jar
Launcher Type: SUN_STANDARD

Environment Variables:
PATH=C:\WINDOWS\system32;C:\WINDOWS;C:\WINDOWS\System32\Wbem;C:\WINDOWS\System32\WindowsPowerShell\v1.0\;C:\Program Files (x86)\AMD\ATI.ACE\Core-Static;C:\Program Files (x86)\Brackets\command;C:\Program Files (x86)\NVIDIA Corporation\PhysX\Common;C:\Program Files (x86)\Windows Kits\10\Windows Performance Toolkit\;C:\Program Files\Git\cmd;C:\WINDOWS\system32;C:\WINDOWS;C:\WINDOWS\System32\Wbem;C:\WINDOWS\System32\WindowsPowerShell\v1.0\;C:\Users\Mohamed-A.Radwan\AppData\Local\Microsoft\WindowsApps
USERNAME=Mohamed-A.Radwan
OS=Windows_NT
PROCESSOR_IDENTIFIER=Intel64 Family 6 Model 69 Stepping 1, GenuineIntel



---------------  S Y S T E M  ---------------

OS: Windows 10.0 , 64 bit Build 14393 (10.0.14393.0)

CPU:total 4 (2 cores per cpu, 2 threads per core) family 6 model 69 stepping 1, cmov, cx8, fxsr, mmx, sse, sse2, sse3, ssse3, sse4.1, sse4.2, popcnt, avx, avx2, aes, clmul, erms, lzcnt, ht, tsc, tscinvbit, bmi1, bmi2

Memory: 4k page, physical 8274284k(954324k free), swap 13989228k(7728k free)

vm_info: OpenJDK 64-Bit Server VM (25.76-b03) for windows-amd64 JRE (1.8.0_76-release-b03), built on Jun 29 2016 19:09:20 by "ralucas" with MS VC++ 10.0 (VS2010)

time: Fri Oct 07 18:16:05 2016
elapsed time: 4 seconds (0d 0h 0m 4s)

