#
# There is insufficient memory for the Java Runtime Environment to continue.
# Native memory allocation (malloc) failed to allocate 32744 bytes for ChunkPool::allocate
# Possible reasons:
#   The system is out of physical RAM or swap space
#   In 32 bit mode, the process size limit was hit
# Possible solutions:
#   Reduce memory load on the system
#   Increase physical memory or swap space
#   Check if swap backing store is full
#   Use 64 bit Java on a 64 bit OS
#   Decrease Java heap size (-Xmx/-Xms)
#   Decrease number of Java threads
#   Decrease Java thread stack sizes (-Xss)
#   Set larger code cache with -XX:ReservedCodeCacheSize=
# This output file may be truncated or incomplete.
#
#  Out of Memory Error (allocation.cpp:273), pid=6004, tid=0x00000000000002a8
#
# JRE version: OpenJDK Runtime Environment (8.0_76-b03) (build 1.8.0_76-release-b03)
# Java VM: OpenJDK 64-Bit Server VM (25.76-b03 mixed mode windows-amd64 compressed oops)
# Failed to write core dump. Minidumps are not enabled by default on client versions of Windows
#

---------------  T H R E A D  ---------------

Current thread (0x000000001565c800):  JavaThread "C1 CompilerThread2" daemon [_thread_in_native, id=680, stack(0x0000000016d50000,0x0000000016e50000)]

Stack: [0x0000000016d50000,0x0000000016e50000]
[error occurred during error reporting (printing stack bounds), id 0xc0000005]

Native frames: (J=compiled Java code, j=interpreted, Vv=VM code, C=native code)


Current CompileTask:
C1:   2109 1231       3       com.android.dx.cf.direct.StdAttributeFactory::code (613 bytes)


---------------  P R O C E S S  ---------------

Java Threads: ( => current thread )
  0x000000001709f000 JavaThread "pool-2-thread-4" [_thread_blocked, id=6216, stack(0x0000000017850000,0x0000000017950000)]
  0x000000001709a000 JavaThread "pool-2-thread-3" [_thread_blocked, id=168, stack(0x0000000017750000,0x0000000017850000)]
  0x0000000017099800 JavaThread "pool-2-thread-2" [_thread_blocked, id=8136, stack(0x0000000017650000,0x0000000017750000)]
  0x0000000017094000 JavaThread "pool-3-thread-1" [_thread_blocked, id=12196, stack(0x0000000017550000,0x0000000017650000)]
  0x00000000170cd000 JavaThread "pool-2-thread-1" [_thread_blocked, id=11464, stack(0x0000000017450000,0x0000000017550000)]
  0x0000000016e6d800 JavaThread "Service Thread" daemon [_thread_blocked, id=6192, stack(0x0000000017250000,0x0000000017350000)]
=>0x000000001565c800 JavaThread "C1 CompilerThread2" daemon [_thread_in_native, id=680, stack(0x0000000016d50000,0x0000000016e50000)]
  0x00000000155fa000 JavaThread "C2 CompilerThread1" daemon [_thread_in_native, id=11404, stack(0x0000000016c50000,0x0000000016d50000)]
  0x0000000015608800 JavaThread "C2 CompilerThread0" daemon [_thread_in_native, id=5892, stack(0x0000000016b50000,0x0000000016c50000)]
  0x0000000015607000 JavaThread "Attach Listener" daemon [_thread_blocked, id=8068, stack(0x0000000016a50000,0x0000000016b50000)]
  0x0000000015606000 JavaThread "Signal Dispatcher" daemon [_thread_blocked, id=2572, stack(0x0000000016950000,0x0000000016a50000)]
  0x00000000155e8800 JavaThread "Finalizer" daemon [_thread_blocked, id=9816, stack(0x0000000016850000,0x0000000016950000)]
  0x0000000002f21000 JavaThread "Reference Handler" daemon [_thread_blocked, id=1152, stack(0x0000000016750000,0x0000000016850000)]
  0x0000000002e31000 JavaThread "main" [_thread_blocked, id=3228, stack(0x0000000002d30000,0x0000000002e30000)]

Other Threads:
  0x00000000155c5800 VMThread [stack: 0x0000000016650000,0x0000000016750000] [id=4236]
  0x0000000016e6e800 WatcherThread [stack: 0x0000000017350000,0x0000000017450000] [id=6988]

VM state:not at safepoint (normal execution)

VM Mutex/Monitor currently owned by a thread:  ([mutex/lock_event])
[0x0000000002d2c370] Heap_lock - owner thread: 0x0000000002e31000

Heap:
 PSYoungGen      total 38400K, used 5112K [0x00000000eab00000, 0x00000000ed580000, 0x0000000100000000)
  eden space 33280K, 0% used [0x00000000eab00000,0x00000000eab00088,0x00000000ecb80000)
  from space 5120K, 99% used [0x00000000ecb80000,0x00000000ed07e0d8,0x00000000ed080000)
  to   space 5120K, 0% used [0x00000000ed080000,0x00000000ed080000,0x00000000ed580000)
 ParOldGen       total 87552K, used 1445K [0x00000000c0000000, 0x00000000c5580000, 0x00000000eab00000)
  object space 87552K, 1% used [0x00000000c0000000,0x00000000c01695f8,0x00000000c5580000)
 Metaspace       used 5954K, capacity 6960K, committed 7040K, reserved 1056768K
  class space    used 573K, capacity 616K, committed 640K, reserved 1048576K

Card table byte_map: [0x00000000122f0000,0x0000000012500000] byte_map_base: 0x0000000011cf0000

Marking Bits: (ParMarkBitMap*) 0x000000006ab99d00
 Begin Bits: [0x0000000012a60000, 0x0000000013a60000)
 End Bits:   [0x0000000013a60000, 0x0000000014a60000)

Polling page: 0x0000000001030000

CodeCache: size=245760Kb used=4940Kb max_used=4952Kb free=240819Kb
 bounds [0x0000000002f30000, 0x0000000003410000, 0x0000000011f30000]
 total_blobs=1492 nmethods=1227 adapters=179
 compilation: enabled

Compilation events (10 events):
Event: 2.014 Thread 0x000000001565c800 nmethod 1225 0x0000000003405d90 code [0x0000000003406080, 0x0000000003407698]
Event: 2.014 Thread 0x0000000015608800 nmethod 1215 0x00000000034082d0 code [0x0000000003408420, 0x0000000003408658]
Event: 2.014 Thread 0x000000001565c800 1228       3       com.android.dx.rop.code.RegisterSpecSet::equals (106 bytes)
Event: 2.014 Thread 0x0000000015608800 1227       4       com.android.dx.rop.code.RegisterSpec::equals (51 bytes)
Event: 2.015 Thread 0x000000001565c800 nmethod 1228 0x0000000003405090 code [0x0000000003405260, 0x0000000003405a88]
Event: 2.017 Thread 0x000000001565c800 1230       3       com.android.dx.rop.type.Type::isReference (15 bytes)
Event: 2.017 Thread 0x000000001565c800 nmethod 1230 0x0000000003404d10 code [0x0000000003404e60, 0x0000000003405010]
Event: 2.017 Thread 0x000000001565c800 1231       3       com.android.dx.cf.direct.StdAttributeFactory::code (613 bytes)
Event: 2.017 Thread 0x0000000015608800 nmethod 1227 0x00000000034032d0 code [0x0000000003403420, 0x0000000003403678]
Event: 2.017 Thread 0x0000000015608800 1229   !   4       com.android.dx.rop.code.RegisterSpec::intern (70 bytes)

GC Heap History (0 events):
No events

Deoptimization events (9 events):
Event: 0.337 Thread 0x0000000002e31000 Uncommon trap: reason=unstable_if action=reinterpret pc=0x0000000003072dd8 method=java.lang.String.indexOf(II)I @ 49
Event: 1.326 Thread 0x00000000170cd000 Uncommon trap: reason=unstable_if action=reinterpret pc=0x00000000032976d4 method=java.util.HashMap.getNode(ILjava/lang/Object;)Ljava/util/HashMap$Node; @ 62
Event: 1.366 Thread 0x0000000017099800 Uncommon trap: reason=unstable_if action=reinterpret pc=0x0000000003161d64 method=java.util.HashMap.getNode(ILjava/lang/Object;)Ljava/util/HashMap$Node; @ 62
Event: 1.952 Thread 0x0000000017099800 Uncommon trap: reason=unstable_if action=reinterpret pc=0x00000000033a05c0 method=com.android.dx.rop.code.RegisterSpec.equals(ILcom/android/dx/rop/type/TypeBearer;Lcom/android/dx/rop/code/LocalItem;)Z @ 16
Event: 1.952 Thread 0x0000000017099800 Uncommon trap: reason=unstable_if action=reinterpret pc=0x0000000003241324 method=com.android.dx.rop.code.RegisterSpec.equals(ILcom/android/dx/rop/type/TypeBearer;Lcom/android/dx/rop/code/LocalItem;)Z @ 16
Event: 1.952 Thread 0x0000000017099800 Uncommon trap: reason=unstable_if action=reinterpret pc=0x0000000003318210 method=com.android.dx.rop.code.RegisterSpec.equals(ILcom/android/dx/rop/type/TypeBearer;Lcom/android/dx/rop/code/LocalItem;)Z @ 16
Event: 1.953 Thread 0x0000000017099800 Uncommon trap: reason=unstable_if action=reinterpret pc=0x00000000031c90b0 method=java.util.HashMap.getNode(ILjava/lang/Object;)Ljava/util/HashMap$Node; @ 62
Event: 1.955 Thread 0x000000001709a000 Uncommon trap: reason=unstable_if action=reinterpret pc=0x000000000333161c method=com.android.dx.ssa.SsaMethod.updateOneDefinition(Lcom/android/dx/ssa/SsaInsn;Lcom/android/dx/rop/code/RegisterSpec;)V @ 4
Event: 1.958 Thread 0x0000000017099800 Uncommon trap: reason=unstable_if action=reinterpret pc=0x00000000032f7a10 method=com.android.dx.rop.code.RegisterSpec.equals(ILcom/android/dx/rop/type/TypeBearer;Lcom/android/dx/rop/code/LocalItem;)Z @ 16

Internal exceptions (2 events):
Event: 0.091 Thread 0x0000000002e31000 Exception <a 'java/lang/NoSuchMethodError': Method sun.misc.Unsafe.defineClass(Ljava/lang/String;[BII)Ljava/lang/Class; name or signature does not match> (0x00000000eab07cc0) thrown at [C:\src\android\AOSP-openjdk\external\jetbrains\jdk\hotspot\src\share\vç=Á[∑?
Event: 0.091 Thread 0x0000000002e31000 Exception <a 'java/lang/NoSuchMethodError': Method sun.misc.Unsafe.prefetchRead(Ljava/lang/Object;J)V name or signature does not match> (0x00000000eab07fa8) thrown at [C:\src\android\AOSP-openjdk\external\jetbrains\jdk\hotspot\src\share\vm\prims\jni.cpp, l

Events (10 events):
Event: 1.953 loading class java/util/HashMap$ValueIterator done
Event: 1.954 loading class com/android/dx/rop/code/RegOps
Event: 1.954 loading class com/android/dx/rop/code/RegOps done
Event: 1.955 Thread 0x000000001709a000 Uncommon trap: trap_request=0xffffff65 fr.pc=0x000000000333161c
Event: 1.955 Thread 0x000000001709a000 DEOPT PACKING pc=0x000000000333161c sp=0x000000001784e580
Event: 1.955 Thread 0x000000001709a000 DEOPT UNPACKING pc=0x0000000002f7556a sp=0x000000001784e528 mode 2
Event: 1.958 Thread 0x0000000017099800 Uncommon trap: trap_request=0xffffff65 fr.pc=0x00000000032f7a10
Event: 1.958 Thread 0x0000000017099800 DEOPT PACKING pc=0x00000000032f7a10 sp=0x000000001774ec20
Event: 1.958 Thread 0x0000000017099800 DEOPT UNPACKING pc=0x0000000002f7556a sp=0x000000001774e870 mode 2
Event: 2.024 Thread 0x0000000002e31000 Uncommon trap: trap_request=0xffffff65 fr.pc=0x0000000003274fd0


Dynamic libraries:
0x00007ff746610000 - 0x00007ff746641000 	C:\Program Files\Android\Android Studio\jre\bin\java.exe
0x00007ffea37f0000 - 0x00007ffea39b1000 	C:\WINDOWS\SYSTEM32\ntdll.dll
0x00007ffea2a40000 - 0x00007ffea2aed000 	C:\WINDOWS\system32\KERNEL32.DLL
0x00007ffea07e0000 - 0x00007ffea09c8000 	C:\WINDOWS\system32\KERNELBASE.dll
0x00007ffe9e600000 - 0x00007ffe9e679000 	C:\WINDOWS\system32\apphelp.dll
0x00007ffea2af0000 - 0x00007ffea2b97000 	C:\WINDOWS\system32\ADVAPI32.dll
0x00007ffea0bf0000 - 0x00007ffea0c8d000 	C:\WINDOWS\system32\msvcrt.dll
0x00007ffea0da0000 - 0x00007ffea0dfb000 	C:\WINDOWS\system32\sechost.dll
0x00007ffea2d00000 - 0x00007ffea2e1c000 	C:\WINDOWS\system32\RPCRT4.dll
0x00007ffea2ba0000 - 0x00007ffea2cf6000 	C:\WINDOWS\system32\USER32.dll
0x00007ffea3660000 - 0x00007ffea37e6000 	C:\WINDOWS\system32\GDI32.dll
0x00007ffe97940000 - 0x00007ffe97bb4000 	C:\WINDOWS\WinSxS\amd64_microsoft.windows.common-controls_6595b64144ccf1df_6.0.10586.589_none_a2ddb3caa539acce\COMCTL32.dll
0x00007ffea0f90000 - 0x00007ffea120d000 	C:\WINDOWS\system32\combase.dll
0x00007ffea0ac0000 - 0x00007ffea0b2a000 	C:\WINDOWS\system32\bcryptPrimitives.dll
0x00007ffea2940000 - 0x00007ffea297b000 	C:\WINDOWS\system32\IMM32.DLL
0x000000006a220000 - 0x000000006a2f2000 	C:\Program Files\Android\Android Studio\jre\jre\bin\msvcr100.dll
0x000000006a3e0000 - 0x000000006ac14000 	C:\Program Files\Android\Android Studio\jre\jre\bin\server\jvm.dll
0x00007ffea3210000 - 0x00007ffea3218000 	C:\WINDOWS\system32\PSAPI.DLL
0x00007ffe94a10000 - 0x00007ffe94a19000 	C:\WINDOWS\SYSTEM32\WSOCK32.dll
0x00007ffe9e380000 - 0x00007ffe9e3a3000 	C:\WINDOWS\SYSTEM32\WINMM.dll
0x00007ffe93e30000 - 0x00007ffe93e3a000 	C:\WINDOWS\SYSTEM32\VERSION.dll
0x00007ffea0e60000 - 0x00007ffea0ecb000 	C:\WINDOWS\system32\WS2_32.dll
0x00007ffe9e350000 - 0x00007ffe9e37c000 	C:\WINDOWS\SYSTEM32\WINMMBASE.dll
0x00007ffe9ff50000 - 0x00007ffe9ff93000 	C:\WINDOWS\system32\cfgmgr32.dll
0x00007ffe98290000 - 0x00007ffe9829f000 	C:\Program Files\Android\Android Studio\jre\jre\bin\verify.dll
0x00007ffe946f0000 - 0x00007ffe94719000 	C:\Program Files\Android\Android Studio\jre\jre\bin\java.dll
0x00007ffe98210000 - 0x00007ffe98226000 	C:\Program Files\Android\Android Studio\jre\jre\bin\zip.dll
0x00007ffea1370000 - 0x00007ffea28cc000 	C:\WINDOWS\system32\SHELL32.dll
0x00007ffe9ffa0000 - 0x00007ffea05e5000 	C:\WINDOWS\system32\windows.storage.dll
0x00007ffea0e00000 - 0x00007ffea0e52000 	C:\WINDOWS\system32\shlwapi.dll
0x00007ffe9fe90000 - 0x00007ffe9fe9f000 	C:\WINDOWS\system32\kernel.appcore.dll
0x00007ffea0b30000 - 0x00007ffea0be5000 	C:\WINDOWS\system32\shcore.dll
0x00007ffe9fe10000 - 0x00007ffe9fe5b000 	C:\WINDOWS\system32\powrprof.dll
0x00007ffe9fe70000 - 0x00007ffe9fe84000 	C:\WINDOWS\system32\profapi.dll

VM Arguments:
jvm_args: -Djava.awt.headless=true -Xmx1024M -Dfile.encoding=windows-1252 -Duser.country=US -Duser.language=en -Duser.variant 
java_command: com.android.dx.command.Main --dex --force-jumbo --num-threads=4 --multi-dex --output C:\Users\Mohamed-A.Radwan\AndroidStudioProjects\MyApplication\app\build\intermediates\transforms\dex\debug\folders\1000\10\com.google.android.gms-play-services-auth-9.2.1_f0a6970e2bb411018515009a642deff3745d75bd C:\Users\Mohamed-A.Radwan\AndroidStudioProjects\MyApplication\app\build\intermediates\exploded-aar\com.google.android.gms\play-services-auth\9.2.1\jars\classes.jar
java_class_path (initial): C:\Android\sdk\build-tools\23.0.3\lib\dx.jar
Launcher Type: SUN_STANDARD

Environment Variables:
PATH=C:\WINDOWS\system32;C:\WINDOWS;C:\WINDOWS\System32\Wbem;C:\WINDOWS\System32\WindowsPowerShell\v1.0\;C:\Program Files (x86)\AMD\ATI.ACE\Core-Static;C:\Program Files (x86)\Brackets\command;C:\Program Files (x86)\NVIDIA Corporation\PhysX\Common;C:\Program Files (x86)\Windows Kits\10\Windows Performance Toolkit\
USERNAME=Mohamed-A.Radwan
OS=Windows_NT
PROCESSOR_IDENTIFIER=Intel64 Family 6 Model 69 Stepping 1, GenuineIntel



---------------  S Y S T E M  ---------------

OS: Windows 10.0 , 64 bit Build 10586 (10.0.10586.589)

CPU:total 4 (2 cores per cpu, 2 threads per core) family 6 model 69 stepping 1, cmov, cx8, fxsr, mmx, sse, sse2, sse3, ssse3, sse4.1, sse4.2, popcnt, avx, avx2, aes, clmul, erms, lzcnt, ht, tsc, tscinvbit, bmi1, bmi2

Memory: 4k page, physical 8274284k(964356k free), swap 13989228k(2532k free)

vm_info: OpenJDK 64-Bit Server VM (25.76-b03) for windows-amd64 JRE (1.8.0_76-release-b03), built on Jun 29 2016 19:09:20 by "ralucas" with MS VC++ 10.0 (VS2010)

time: Wed Sep 21 01:22:19 2016
elapsed time: 2 seconds (0d 0h 0m 2s)

