#
# There is insufficient memory for the Java Runtime Environment to continue.
# Native memory allocation (malloc) failed to allocate 639056 bytes for Chunk::new
# Possible reasons:
#   The system is out of physical RAM or swap space
#   In 32 bit mode, the process size limit was hit
# Possible solutions:
#   Reduce memory load on the system
#   Increase physical memory or swap space
#   Check if swap backing store is full
#   Use 64 bit Java on a 64 bit OS
#   Decrease Java heap size (-Xmx/-Xms)
#   Decrease number of Java threads
#   Decrease Java thread stack sizes (-Xss)
#   Set larger code cache with -XX:ReservedCodeCacheSize=
# This output file may be truncated or incomplete.
#
#  Out of Memory Error (allocation.cpp:390), pid=11288, tid=0x0000000000001b98
#
# JRE version: OpenJDK Runtime Environment (8.0_76-b03) (build 1.8.0_76-release-b03)
# Java VM: OpenJDK 64-Bit Server VM (25.76-b03 mixed mode windows-amd64 compressed oops)
# Failed to write core dump. Minidumps are not enabled by default on client versions of Windows
#

---------------  T H R E A D  ---------------

Current thread (0x0000000015537800):  JavaThread "C2 CompilerThread0" daemon [_thread_in_native, id=7064, stack(0x0000000016b80000,0x0000000016c80000)]

Stack: [0x0000000016b80000,0x0000000016c80000]
[error occurred during error reporting (printing stack bounds), id 0xc0000005]

Native frames: (J=compiled Java code, j=interpreted, Vv=VM code, C=native code)


Current CompileTask:
C2:   2210 1141       4       com.android.dx.ssa.SCCP::simulateBranch (666 bytes)


---------------  P R O C E S S  ---------------

Java Threads: ( => current thread )
  0x0000000016fdf000 JavaThread "pool-1-thread-1" [_thread_new, id=8484, stack(0x0000000000000000,0x0000000000000000)]
  0x0000000016e84800 JavaThread "Service Thread" daemon [_thread_blocked, id=9744, stack(0x0000000017280000,0x0000000017380000)]
  0x0000000015588800 JavaThread "C1 CompilerThread2" daemon [_thread_blocked, id=4308, stack(0x0000000016d80000,0x0000000016e80000)]
  0x0000000015532800 JavaThread "C2 CompilerThread1" daemon [_thread_in_native, id=4004, stack(0x0000000016c80000,0x0000000016d80000)]
=>0x0000000015537800 JavaThread "C2 CompilerThread0" daemon [_thread_in_native, id=7064, stack(0x0000000016b80000,0x0000000016c80000)]
  0x0000000015536000 JavaThread "Attach Listener" daemon [_thread_blocked, id=2492, stack(0x0000000016a80000,0x0000000016b80000)]
  0x0000000015535000 JavaThread "Signal Dispatcher" daemon [_thread_blocked, id=12136, stack(0x0000000016980000,0x0000000016a80000)]
  0x0000000015518800 JavaThread "Finalizer" daemon [_thread_blocked, id=8832, stack(0x00000000167a0000,0x00000000168a0000)]
  0x00000000154f7000 JavaThread "Reference Handler" daemon [_thread_blocked, id=5180, stack(0x00000000166a0000,0x00000000167a0000)]
  0x0000000002d61000 JavaThread "main" [_thread_blocked, id=9632, stack(0x0000000002c60000,0x0000000002d60000)]

Other Threads:
  0x00000000154f4800 VMThread [stack: 0x00000000165a0000,0x00000000166a0000] [id=748]
  0x0000000016e85800 WatcherThread [stack: 0x0000000017380000,0x0000000017480000] [id=9440]

VM state:not at safepoint (normal execution)

VM Mutex/Monitor currently owned by a thread: None

Heap:
 PSYoungGen      total 38400K, used 10893K [0x00000000eab00000, 0x00000000ed580000, 0x0000000100000000)
  eden space 33280K, 17% used [0x00000000eab00000,0x00000000eb0a6930,0x00000000ecb80000)
  from space 5120K, 99% used [0x00000000ecb80000,0x00000000ed07cd30,0x00000000ed080000)
  to   space 5120K, 0% used [0x00000000ed080000,0x00000000ed080000,0x00000000ed580000)
 ParOldGen       total 87552K, used 1212K [0x00000000c0000000, 0x00000000c5580000, 0x00000000eab00000)
  object space 87552K, 1% used [0x00000000c0000000,0x00000000c012f358,0x00000000c5580000)
 Metaspace       used 5941K, capacity 6960K, committed 7040K, reserved 1056768K
  class space    used 577K, capacity 616K, committed 640K, reserved 1048576K

Card table byte_map: [0x0000000012220000,0x0000000012430000] byte_map_base: 0x0000000011c20000

Marking Bits: (ParMarkBitMap*) 0x000000006ab99d00
 Begin Bits: [0x0000000012990000, 0x0000000013990000)
 End Bits:   [0x0000000013990000, 0x0000000014990000)

Polling page: 0x0000000001030000

CodeCache: size=245760Kb used=5196Kb max_used=5196Kb free=240563Kb
 bounds [0x0000000002e60000, 0x0000000003380000, 0x0000000011e60000]
 total_blobs=1514 nmethods=1248 adapters=180
 compilation: enabled

Compilation events (10 events):
Event: 2.106 Thread 0x0000000015588800 1200       3       java.util.HashMap::tableSizeFor (59 bytes)
Event: 2.106 Thread 0x0000000015588800 nmethod 1200 0x0000000003356690 code [0x0000000003356800, 0x0000000003356a10]
Event: 2.106 Thread 0x0000000015532800 nmethod 1186 0x00000000033598d0 code [0x0000000003359a20, 0x0000000003359c58]
Event: 2.106 Thread 0x0000000015532800 1152       4       com.android.dx.ssa.NormalSsaInsn::<init> (15 bytes)
Event: 2.107 Thread 0x0000000015532800 nmethod 1152 0x00000000033460d0 code [0x0000000003346200, 0x00000000033462b8]
Event: 2.108 Thread 0x0000000015532800 1213   !   4       com.android.dx.rop.code.RegisterSpecSet::put (104 bytes)
Event: 2.108 Thread 0x0000000015588800 1214       3       com.android.dx.ssa.ConstCollector::updateConstUses (248 bytes)
Event: 2.111 Thread 0x0000000015588800 nmethod 1214 0x0000000003359e50 code [0x000000000335a220, 0x000000000335c838]
Event: 2.111 Thread 0x0000000015588800 1216       3       com.android.dx.rop.cst.TypedConstant::getBasicType (8 bytes)
Event: 2.111 Thread 0x0000000015588800 nmethod 1216 0x0000000003359410 code [0x0000000003359580, 0x0000000003359828]

GC Heap History (2 events):
Event: 1.992 GC heap before
{Heap before GC invocations=1 (full 0):
 PSYoungGen      total 38400K, used 33280K [0x00000000eab00000, 0x00000000ed580000, 0x0000000100000000)
  eden space 33280K, 100% used [0x00000000eab00000,0x00000000ecb80000,0x00000000ecb80000)
  from space 5120K, 0% used [0x00000000ed080000,0x00000000ed080000,0x00000000ed580000)
  to   space 5120K, 0% used [0x00000000ecb80000,0x00000000ecb80000,0x00000000ed080000)
 ParOldGen       total 87552K, used 0K [0x00000000c0000000, 0x00000000c5580000, 0x00000000eab00000)
  object space 87552K, 0% used [0x00000000c0000000,0x00000000c0000000,0x00000000c5580000)
 Metaspace       used 5911K, capacity 6960K, committed 7040K, reserved 1056768K
  class space    used 576K, capacity 616K, committed 640K, reserved 1048576K
Event: 2.098 GC heap after
Heap after GC invocations=1 (full 0):
 PSYoungGen      total 38400K, used 5107K [0x00000000eab00000, 0x00000000ed580000, 0x0000000100000000)
  eden space 33280K, 0% used [0x00000000eab00000,0x00000000eab00000,0x00000000ecb80000)
  from space 5120K, 99% used [0x00000000ecb80000,0x00000000ed07cd30,0x00000000ed080000)
  to   space 5120K, 0% used [0x00000000ed080000,0x00000000ed080000,0x00000000ed580000)
 ParOldGen       total 87552K, used 1212K [0x00000000c0000000, 0x00000000c5580000, 0x00000000eab00000)
  object space 87552K, 1% used [0x00000000c0000000,0x00000000c012f358,0x00000000c5580000)
 Metaspace       used 5911K, capacity 6960K, committed 7040K, reserved 1056768K
  class space    used 576K, capacity 616K, committed 640K, reserved 1048576K
}

Deoptimization events (10 events):
Event: 1.867 Thread 0x0000000017104800 Uncommon trap: reason=bimorphic action=maybe_recompile pc=0x00000000032f6b70 method=com.android.dx.cf.code.BytecodeArray.parseInstruction(ILcom/android/dx/cf/code/BytecodeArray$Visitor;)I @ 1035
Event: 1.867 Thread 0x0000000017104800 Uncommon trap: reason=bimorphic action=maybe_recompile pc=0x00000000032f6bf0 method=com.android.dx.cf.code.BytecodeArray.parseInstruction(ILcom/android/dx/cf/code/BytecodeArray$Visitor;)I @ 1051
Event: 1.867 Thread 0x0000000017104800 Uncommon trap: reason=bimorphic action=maybe_recompile pc=0x00000000032f6bf0 method=com.android.dx.cf.code.BytecodeArray.parseInstruction(ILcom/android/dx/cf/code/BytecodeArray$Visitor;)I @ 1051
Event: 1.867 Thread 0x0000000017104800 Uncommon trap: reason=bimorphic action=maybe_recompile pc=0x00000000032f6b70 method=com.android.dx.cf.code.BytecodeArray.parseInstruction(ILcom/android/dx/cf/code/BytecodeArray$Visitor;)I @ 1035
Event: 1.880 Thread 0x0000000016fe4000 Uncommon trap: reason=unstable_if action=reinterpret pc=0x00000000031934ac method=com.android.dx.rop.code.RegisterSpecSet.put(Lcom/android/dx/rop/code/RegisterSpec;)V @ 77
Event: 1.880 Thread 0x0000000016fe4000 Uncommon trap: reason=unstable_if action=reinterpret pc=0x00000000031a0b28 method=com.android.dx.rop.code.RegisterSpecSet.put(Lcom/android/dx/rop/code/RegisterSpec;)V @ 77
Event: 1.883 Thread 0x0000000016fe4000 Uncommon trap: reason=bimorphic action=maybe_recompile pc=0x00000000030e496c method=java.util.HashMap.getNode(ILjava/lang/Object;)Ljava/util/HashMap$Node; @ 126
Event: 1.883 Thread 0x0000000016fe4000 Uncommon trap: reason=class_check action=maybe_recompile pc=0x00000000032efb90 method=java.util.HashMap.putVal(ILjava/lang/Object;Ljava/lang/Object;ZZ)Ljava/lang/Object; @ 203
Event: 1.895 Thread 0x0000000016feb800 Uncommon trap: reason=bimorphic action=maybe_recompile pc=0x00000000030e496c method=java.util.HashMap.getNode(ILjava/lang/Object;)Ljava/util/HashMap$Node; @ 126
Event: 1.895 Thread 0x0000000016feb800 Uncommon trap: reason=class_check action=maybe_recompile pc=0x00000000032efb90 method=java.util.HashMap.putVal(ILjava/lang/Object;Ljava/lang/Object;ZZ)Ljava/lang/Object; @ 203

Internal exceptions (3 events):
Event: 0.050 Thread 0x0000000002d61000 Exception <a 'java/lang/NoSuchMethodError': Method sun.misc.Unsafe.defineClass(Ljava/lang/String;[BII)Ljava/lang/Class; name or signature does not match> (0x00000000eab07cc0) thrown at [C:\src\android\AOSP-openjdk\external\jetbrains\jdk\hotspot\src\share\vjôÅÔ£ñ©?
Event: 0.050 Thread 0x0000000002d61000 Exception <a 'java/lang/NoSuchMethodError': Method sun.misc.Unsafe.prefetchRead(Ljava/lang/Object;J)V name or signature does not match> (0x00000000eab07fa8) thrown at [C:\src\android\AOSP-openjdk\external\jetbrains\jdk\hotspot\src\share\vm\prims\jni.cpp, l&©∆^˝?
Event: 1.820 Thread 0x0000000017104800 Implicit null exception at 0x0000000003133e22 to 0x0000000003133f1a

Events (10 events):
Event: 1.883 Thread 0x0000000016fe4000 DEOPT UNPACKING pc=0x0000000002ea556a sp=0x000000001777ec18 mode 2
Event: 1.895 Thread 0x0000000016feb800 Uncommon trap: trap_request=0xffffffc6 fr.pc=0x00000000030e496c
Event: 1.895 Thread 0x0000000016feb800 DEOPT PACKING pc=0x00000000030e496c sp=0x000000001757ebf0
Event: 1.895 Thread 0x0000000016feb800 DEOPT UNPACKING pc=0x0000000002ea556a sp=0x000000001757eb18 mode 2
Event: 1.895 Thread 0x0000000016feb800 Uncommon trap: trap_request=0xffffffde fr.pc=0x00000000032efb90
Event: 1.895 Thread 0x0000000016feb800 DEOPT PACKING pc=0x00000000032efb90 sp=0x000000001757eb80
Event: 1.895 Thread 0x0000000016feb800 DEOPT UNPACKING pc=0x0000000002ea556a sp=0x000000001757eb08 mode 2
Event: 1.899 Executing VM operation: ParallelGCFailedAllocation
Event: 2.098 Executing VM operation: ParallelGCFailedAllocation done
Event: 2.100 Thread 0x0000000017105800 Thread exited: 0x0000000017105800


Dynamic libraries:
0x00007ff746610000 - 0x00007ff746641000 	C:\Program Files\Android\Android Studio\jre\bin\java.exe
0x00007ffea37f0000 - 0x00007ffea39b1000 	C:\WINDOWS\SYSTEM32\ntdll.dll
0x00007ffea2a40000 - 0x00007ffea2aed000 	C:\WINDOWS\system32\KERNEL32.DLL
0x00007ffea07e0000 - 0x00007ffea09c8000 	C:\WINDOWS\system32\KERNELBASE.dll
0x00007ffe9e600000 - 0x00007ffe9e679000 	C:\WINDOWS\system32\apphelp.dll
0x00007ffea2af0000 - 0x00007ffea2b97000 	C:\WINDOWS\system32\ADVAPI32.dll
0x00007ffea0bf0000 - 0x00007ffea0c8d000 	C:\WINDOWS\system32\msvcrt.dll
0x00007ffea0da0000 - 0x00007ffea0dfb000 	C:\WINDOWS\system32\sechost.dll
0x00007ffea2d00000 - 0x00007ffea2e1c000 	C:\WINDOWS\system32\RPCRT4.dll
0x00007ffea2ba0000 - 0x00007ffea2cf6000 	C:\WINDOWS\system32\USER32.dll
0x00007ffea3660000 - 0x00007ffea37e6000 	C:\WINDOWS\system32\GDI32.dll
0x00007ffe97940000 - 0x00007ffe97bb4000 	C:\WINDOWS\WinSxS\amd64_microsoft.windows.common-controls_6595b64144ccf1df_6.0.10586.589_none_a2ddb3caa539acce\COMCTL32.dll
0x00007ffea0f90000 - 0x00007ffea120d000 	C:\WINDOWS\system32\combase.dll
0x00007ffea0ac0000 - 0x00007ffea0b2a000 	C:\WINDOWS\system32\bcryptPrimitives.dll
0x00007ffea2940000 - 0x00007ffea297b000 	C:\WINDOWS\system32\IMM32.DLL
0x000000006a220000 - 0x000000006a2f2000 	C:\Program Files\Android\Android Studio\jre\jre\bin\msvcr100.dll
0x000000006a3e0000 - 0x000000006ac14000 	C:\Program Files\Android\Android Studio\jre\jre\bin\server\jvm.dll
0x00007ffea3210000 - 0x00007ffea3218000 	C:\WINDOWS\system32\PSAPI.DLL
0x00007ffe93e30000 - 0x00007ffe93e3a000 	C:\WINDOWS\SYSTEM32\VERSION.dll
0x00007ffe9e380000 - 0x00007ffe9e3a3000 	C:\WINDOWS\SYSTEM32\WINMM.dll
0x00007ffe94a10000 - 0x00007ffe94a19000 	C:\WINDOWS\SYSTEM32\WSOCK32.dll
0x00007ffea0e60000 - 0x00007ffea0ecb000 	C:\WINDOWS\system32\WS2_32.dll
0x0000000001070000 - 0x000000000109c000 	C:\WINDOWS\SYSTEM32\WINMMBASE.dll
0x00007ffe9ff50000 - 0x00007ffe9ff93000 	C:\WINDOWS\system32\cfgmgr32.dll
0x00007ffe98290000 - 0x00007ffe9829f000 	C:\Program Files\Android\Android Studio\jre\jre\bin\verify.dll
0x00007ffe946f0000 - 0x00007ffe94719000 	C:\Program Files\Android\Android Studio\jre\jre\bin\java.dll
0x00007ffe98210000 - 0x00007ffe98226000 	C:\Program Files\Android\Android Studio\jre\jre\bin\zip.dll
0x00007ffea1370000 - 0x00007ffea28cc000 	C:\WINDOWS\system32\SHELL32.dll
0x00007ffe9ffa0000 - 0x00007ffea05e5000 	C:\WINDOWS\system32\windows.storage.dll
0x00007ffea0e00000 - 0x00007ffea0e52000 	C:\WINDOWS\system32\shlwapi.dll
0x00007ffe9fe90000 - 0x00007ffe9fe9f000 	C:\WINDOWS\system32\kernel.appcore.dll
0x00007ffea0b30000 - 0x00007ffea0be5000 	C:\WINDOWS\system32\shcore.dll
0x00007ffe9fe10000 - 0x00007ffe9fe5b000 	C:\WINDOWS\system32\powrprof.dll
0x00007ffe9fe70000 - 0x00007ffe9fe84000 	C:\WINDOWS\system32\profapi.dll

VM Arguments:
jvm_args: -Djava.awt.headless=true -Xmx1024M -Dfile.encoding=windows-1252 -Duser.country=US -Duser.language=en -Duser.variant 
java_command: com.android.dx.command.Main --dex --force-jumbo --num-threads=4 --multi-dex --output C:\Users\Mohamed-A.Radwan\AndroidStudioProjects\MyApplication\app\build\intermediates\transforms\dex\debug\folders\1000\10\com.android.support-support-vector-drawable-23.3.0_5909907dc3a3270bfe54c164faef5f89b2e01636 C:\Users\Mohamed-A.Radwan\AndroidStudioProjects\MyApplication\app\build\intermediates\exploded-aar\com.android.support\support-vector-drawable\23.3.0\jars\classes.jar
java_class_path (initial): C:\Android\sdk\build-tools\23.0.3\lib\dx.jar
Launcher Type: SUN_STANDARD

Environment Variables:
PATH=C:\WINDOWS\system32;C:\WINDOWS;C:\WINDOWS\System32\Wbem;C:\WINDOWS\System32\WindowsPowerShell\v1.0\;C:\Program Files (x86)\AMD\ATI.ACE\Core-Static;C:\Program Files (x86)\Brackets\command;C:\Program Files (x86)\NVIDIA Corporation\PhysX\Common;C:\Program Files (x86)\Windows Kits\10\Windows Performance Toolkit\
USERNAME=Mohamed-A.Radwan
OS=Windows_NT
PROCESSOR_IDENTIFIER=Intel64 Family 6 Model 69 Stepping 1, GenuineIntel



---------------  S Y S T E M  ---------------

OS: Windows 10.0 , 64 bit Build 10586 (10.0.10586.589)

CPU:total 4 (2 cores per cpu, 2 threads per core) family 6 model 69 stepping 1, cmov, cx8, fxsr, mmx, sse, sse2, sse3, ssse3, sse4.1, sse4.2, popcnt, avx, avx2, aes, clmul, erms, lzcnt, ht, tsc, tscinvbit, bmi1, bmi2

Memory: 4k page, physical 8274284k(964356k free), swap 13989228k(2532k free)

vm_info: OpenJDK 64-Bit Server VM (25.76-b03) for windows-amd64 JRE (1.8.0_76-release-b03), built on Jun 29 2016 19:09:20 by "ralucas" with MS VC++ 10.0 (VS2010)

time: Wed Sep 21 01:22:19 2016
elapsed time: 2 seconds (0d 0h 0m 2s)

